2015-10-06 01:32:17,976|1506|SYS_INFO|Initializing RabbitMQMessageService
2015-10-06 01:32:18,122|1652|SYS_INFO|Collecting information about compute nodes
2015-10-06 01:32:19,562|3092|SYS_INFO|Collecting information about services
2015-10-06 01:32:20,957|4487|SYS_INFO|Collecting information about VMs
2015-10-06 01:32:22,262|5792|SYS_INFO|Processing collected data
2015-10-06 01:32:22,263|5793|SYS_INFO|node-3.domain.tld MW: 330.231621349 MWMI: 330.231621349
2015-10-06 01:32:22,263|5793|SYS_INFO|node-2.domain.tld MW: 144.451158107 MWMI: 144.451158107
2015-10-06 01:32:22,263|5793|SYS_INFO|node-4.domain.tld MW: 237.341389728 MWMI: 237.341389728
2015-10-06 01:32:36,917|20447|VM_INFO|Host: node-2 Name: random-1, 1444087220.04 State: active New_task: None
2015-10-06 01:32:36,917|20447|TOTAL_VMS|Total: 6 vms
2015-10-06 01:32:36,918|20448|NODE_INFO|node-3.domain.tld: 0 State: down disabled
2015-10-06 01:32:36,918|20448|NODE_INFO|node-2.domain.tld: 0 State: up enabled
2015-10-06 01:32:36,918|20448|NODE_INFO|node-4.domain.tld: 0 State: up enabled
2015-10-06 01:32:36,918|20448|VM_INFO|Host: node-2 Name: random 01444075822.89 State: active New_task: None
2015-10-06 01:32:36,918|20448|TOTAL_VMS|Total: 6 vms
2015-10-06 01:32:36,918|20448|NODE_INFO|node-3.domain.tld: 0 State: down disabled
2015-10-06 01:32:36,918|20448|NODE_INFO|node-2.domain.tld: 1 State: up enabled
2015-10-06 01:32:36,918|20448|NODE_INFO|node-4.domain.tld: 0 State: up enabled
2015-10-06 01:32:36,920|20450|VM_INFO|Host: node-4 Name: random-0, 1444087211.36 State: active New_task: None
2015-10-06 01:32:36,920|20450|TOTAL_VMS|Total: 6 vms
2015-10-06 01:32:36,920|20450|NODE_INFO|node-3.domain.tld: 0 State: down disabled
2015-10-06 01:32:36,920|20450|NODE_INFO|node-2.domain.tld: 2 State: up enabled
2015-10-06 01:32:36,920|20450|NODE_INFO|node-4.domain.tld: 0 State: up enabled
2015-10-06 01:32:36,921|20450|VM_INFO|Host: node-4 Name: random-2, 1444087226.55 State: active New_task: None
2015-10-06 01:32:36,921|20450|TOTAL_VMS|Total: 6 vms
2015-10-06 01:32:36,921|20450|NODE_INFO|node-3.domain.tld: 0 State: down disabled
2015-10-06 01:32:36,921|20450|NODE_INFO|node-2.domain.tld: 2 State: up enabled
2015-10-06 01:32:36,921|20450|NODE_INFO|node-4.domain.tld: 1 State: up enabled
2015-10-06 01:32:36,921|20450|VM_INFO|Host: node-4 Name: random 11444075826.74 State: active New_task: None
2015-10-06 01:32:36,921|20451|TOTAL_VMS|Total: 6 vms
2015-10-06 01:32:36,921|20451|NODE_INFO|node-3.domain.tld: 0 State: down disabled
2015-10-06 01:32:36,921|20451|NODE_INFO|node-2.domain.tld: 2 State: up enabled
2015-10-06 01:32:36,921|20451|NODE_INFO|node-4.domain.tld: 2 State: up enabled
2015-10-06 01:32:36,921|20451|VM_INFO|Host: node-4 Name: random 01444086873.36 State: active New_task: None
2015-10-06 01:32:36,923|20453|TOTAL_VMS|Total: 6 vms
2015-10-06 01:32:36,923|20453|NODE_INFO|node-3.domain.tld: 0 State: down disabled
2015-10-06 01:32:36,923|20453|NODE_INFO|node-2.domain.tld: 2 State: up enabled
2015-10-06 01:32:36,923|20453|NODE_INFO|node-4.domain.tld: 3 State: up enabled
2015-10-06 01:32:36,923|20453|TOTAL_VMS|Total: 6 vms
2015-10-06 01:32:36,924|20453|NODE_INFO|node-3.domain.tld: 0 State: down disabled
2015-10-06 01:32:36,924|20453|NODE_INFO|node-2.domain.tld: 2 State: up enabled
2015-10-06 01:32:36,924|20453|NODE_INFO|node-4.domain.tld: 4 State: up enabled
2015-10-06 01:32:36,924|20454|SYS_INFO|Sorting hosts overload
2015-10-06 01:32:36,924|20454|SYS_INFO|node-2.domain.tld MW: 144.451158107 MWMI: 144.451158107
2015-10-06 01:32:36,924|20454|SYS_INFO|Searching for the most overloaded host
2015-10-06 01:32:36,924|20454|SYS_INFO|Found host node-4.domain.tld
2015-10-06 01:32:36,924|20454|SYS_INFO|Found instance to migrate random 01444086873.36
2015-10-06 01:32:36,926|20456|SYS_INFO|Found instance to migrate random-0, 1444087211.36
2015-10-06 01:32:36,926|20456|SYS_INFO|Found instance to migrate random-2, 1444087226.55
2015-10-06 01:32:36,926|20456|SYS_INFO|Found instance to migrate random 11444075826.74
2015-10-06 01:32:36,927|20457|SYS_INFO|Scheduled periodic check for 180 sec
2015-10-06 01:33:30,276|73806|SYS_INFO|Connection closed
