2015-10-03 14:17:59,775|1675|SYS_INFO|Initializing RabbitMQMessageService
2015-10-03 14:17:59,894|1794|SYS_INFO|Collecting information about compute nodes
2015-10-03 14:18:08,568|10468|SYS_INFO|Collecting information about services
2015-10-03 14:18:10,660|12560|SYS_INFO|Collecting information about VMs
2015-10-03 14:18:14,862|16763|SYS_INFO|Processing collected data
2015-10-03 14:18:41,763|43663|SYS_INFO|Instance: random-0, 1443784067.18 State: active
2015-10-03 14:18:41,763|43664|SYS_INFO|New task: None Old task: None
2015-10-03 14:18:41,763|43664|VM_INFO|Host: node-4 Name: random-0, 1443784067.18 State: active New_task: None
2015-10-03 14:18:41,765|43665|SYS_INFO|Instance: random-1, 1443784076.13 State: active
2015-10-03 14:18:41,765|43665|SYS_INFO|New task: None Old task: None
2015-10-03 14:18:41,765|43665|VM_INFO|Host: node-4 Name: random-1, 1443784076.13 State: active New_task: None
2015-10-03 14:18:41,765|43665|SYS_INFO|Instance: random 01443771998.4 State: active
2015-10-03 14:18:41,765|43665|SYS_INFO|New task: None Old task: None
2015-10-03 14:18:41,766|43666|VM_INFO|Host: node-2 Name: random 01443771998.4 State: active New_task: None
2015-10-03 14:18:41,766|43666|SYS_INFO|Instance: random 01443772221.06 State: active
2015-10-03 14:18:41,766|43666|SYS_INFO|New task: None Old task: None
2015-10-03 14:18:41,766|43666|VM_INFO|Host: node-4 Name: random 01443772221.06 State: active New_task: None
2015-10-03 14:18:41,766|43666|SYS_INFO|Instance: random-0, 1443783433.09 State: active
2015-10-03 14:18:41,766|43667|SYS_INFO|New task: None Old task: None
2015-10-03 14:18:41,766|43667|VM_INFO|Host: node-2 Name: random-0, 1443783433.09 State: active New_task: None
2015-10-03 14:18:41,766|43667|SYS_INFO|Instance: random-2, 1443782088.4 State: active
2015-10-03 14:18:41,766|43667|SYS_INFO|New task: None Old task: None
2015-10-03 14:18:41,766|43667|VM_INFO|Host: node-2 Name: random-2, 1443782088.4 State: active New_task: None
2015-10-03 14:18:41,767|43667|SYS_INFO|Scheduled periodic check for 180 sec
2015-10-03 14:18:42,180|44080|SYS_INFO|Sorting hosts overload
2015-10-03 14:18:42,180|44080|SYS_INFO|Searching for the most overloaded host
2015-10-03 14:18:42,180|44080|SYS_INFO|Found host node-2.domain.tld
2015-10-03 14:18:42,180|44081|SYS_INFO|Found instance to migrate random 01443771998.4
2015-10-03 14:18:42,180|44081|SYS_INFO|Not available host
2015-10-03 14:18:42,180|44081|SYS_INFO|Found instance to migrate random-0, 1443783433.09
2015-10-03 14:18:42,181|44082|SYS_INFO|Not available host
2015-10-03 14:18:42,181|44082|SYS_INFO|Found instance to migrate random-2, 1443782088.4
2015-10-03 14:18:42,181|44082|SYS_INFO|Not available host
2015-10-03 14:18:42,181|44082|TOTAL_VMS|Total: 6 vms
2015-10-03 14:18:42,183|44083|NODE_INFO|node-3.domain.tld: 0 State: down disabled
2015-10-03 14:18:42,184|44084|NODE_INFO|node-2.domain.tld: 3 State: up enabled
2015-10-03 14:18:42,184|44084|NODE_INFO|node-4.domain.tld: 3 State: up enabled
2015-10-03 14:18:42,184|44085|TOTAL_VMS|Total: 6 vms
2015-10-03 14:18:42,186|44086|NODE_INFO|node-3.domain.tld: 0 State: down disabled
2015-10-03 14:18:42,186|44086|NODE_INFO|node-2.domain.tld: 3 State: up enabled
2015-10-03 14:18:42,187|44087|NODE_INFO|node-4.domain.tld: 3 State: up enabled
2015-10-03 14:18:42,197|44097|TOTAL_VMS|Total: 6 vms
2015-10-03 14:18:42,197|44097|NODE_INFO|node-3.domain.tld: 0 State: down disabled
2015-10-03 14:18:42,197|44097|NODE_INFO|node-2.domain.tld: 3 State: up enabled
2015-10-03 14:18:42,197|44098|NODE_INFO|node-4.domain.tld: 3 State: up enabled
2015-10-03 14:18:44,624|46524|TOTAL_VMS|Total: 6 vms
2015-10-03 14:18:44,625|46525|NODE_INFO|node-3.domain.tld: 0 State: down disabled
2015-10-03 14:18:44,625|46525|NODE_INFO|node-2.domain.tld: 3 State: up enabled
2015-10-03 14:18:44,625|46526|NODE_INFO|node-4.domain.tld: 3 State: up enabled
2015-10-03 14:18:47,575|49476|TOTAL_VMS|Total: 6 vms
2015-10-03 14:18:47,575|49476|NODE_INFO|node-3.domain.tld: 0 State: down disabled
2015-10-03 14:18:47,575|49476|NODE_INFO|node-2.domain.tld: 3 State: up enabled
2015-10-03 14:18:47,576|49476|NODE_INFO|node-4.domain.tld: 3 State: up enabled
2015-10-03 14:18:48,086|49986|TOTAL_VMS|Total: 6 vms
2015-10-03 14:18:48,086|49986|NODE_INFO|node-3.domain.tld: 0 State: down disabled
2015-10-03 14:18:48,086|49986|NODE_INFO|node-2.domain.tld: 3 State: up enabled
2015-10-03 14:18:48,088|49988|NODE_INFO|node-4.domain.tld: 3 State: up enabled
2015-10-03 14:18:54,316|56217|TOTAL_VMS|Total: 6 vms
2015-10-03 14:18:54,316|56217|NODE_INFO|node-3.domain.tld: 0 State: down disabled
2015-10-03 14:18:54,318|56218|NODE_INFO|node-2.domain.tld: 3 State: up enabled
2015-10-03 14:18:54,318|56218|NODE_INFO|node-4.domain.tld: 3 State: up enabled
2015-10-03 14:18:54,437|56337|TOTAL_VMS|Total: 6 vms
2015-10-03 14:18:54,437|56337|NODE_INFO|node-3.domain.tld: 0 State: down disabled
2015-10-03 14:18:54,437|56337|NODE_INFO|node-2.domain.tld: 3 State: up enabled
2015-10-03 14:18:54,437|56338|NODE_INFO|node-4.domain.tld: 3 State: up enabled
2015-10-03 14:18:54,480|56380|TOTAL_VMS|Total: 6 vms
2015-10-03 14:18:54,480|56380|NODE_INFO|node-3.domain.tld: 0 State: down disabled
2015-10-03 14:18:54,480|56381|NODE_INFO|node-2.domain.tld: 3 State: up enabled
2015-10-03 14:18:54,480|56381|NODE_INFO|node-4.domain.tld: 3 State: up enabled
2015-10-03 14:18:54,517|56417|TOTAL_VMS|Total: 6 vms
2015-10-03 14:18:54,517|56417|NODE_INFO|node-3.domain.tld: 0 State: down disabled
2015-10-03 14:18:54,517|56417|NODE_INFO|node-2.domain.tld: 3 State: up enabled
2015-10-03 14:18:54,519|56419|NODE_INFO|node-4.domain.tld: 3 State: up enabled
2015-10-03 14:18:54,562|56462|TOTAL_VMS|Total: 6 vms
2015-10-03 14:18:54,562|56462|NODE_INFO|node-3.domain.tld: 0 State: down disabled
2015-10-03 14:18:54,562|56462|NODE_INFO|node-2.domain.tld: 3 State: up enabled
2015-10-03 14:18:54,562|56462|NODE_INFO|node-4.domain.tld: 3 State: up enabled
2015-10-03 14:18:54,686|56586|TOTAL_VMS|Total: 6 vms
2015-10-03 14:18:54,686|56586|NODE_INFO|node-3.domain.tld: 0 State: down disabled
2015-10-03 14:18:54,687|56587|NODE_INFO|node-2.domain.tld: 3 State: up enabled
2015-10-03 14:18:54,687|56587|NODE_INFO|node-4.domain.tld: 3 State: up enabled
2015-10-03 14:18:54,788|56688|TOTAL_VMS|Total: 6 vms
2015-10-03 14:18:54,788|56688|NODE_INFO|node-3.domain.tld: 0 State: down disabled
2015-10-03 14:18:54,788|56688|NODE_INFO|node-2.domain.tld: 3 State: up enabled
2015-10-03 14:18:54,788|56688|NODE_INFO|node-4.domain.tld: 3 State: up enabled
2015-10-03 14:18:57,801|59701|TOTAL_VMS|Total: 6 vms
2015-10-03 14:18:57,801|59701|NODE_INFO|node-3.domain.tld: 0 State: down disabled
2015-10-03 14:18:57,802|59702|NODE_INFO|node-2.domain.tld: 3 State: up enabled
2015-10-03 14:18:57,802|59702|NODE_INFO|node-4.domain.tld: 3 State: up enabled
2015-10-03 14:18:58,335|60235|TOTAL_VMS|Total: 6 vms
2015-10-03 14:18:58,335|60235|NODE_INFO|node-3.domain.tld: 0 State: down disabled
2015-10-03 14:18:58,335|60236|NODE_INFO|node-2.domain.tld: 3 State: up enabled
2015-10-03 14:18:58,335|60236|NODE_INFO|node-4.domain.tld: 3 State: up enabled
2015-10-03 14:19:04,723|66624|TOTAL_VMS|Total: 6 vms
2015-10-03 14:19:04,723|66624|NODE_INFO|node-3.domain.tld: 0 State: down disabled
2015-10-03 14:19:04,724|66625|NODE_INFO|node-2.domain.tld: 3 State: up enabled
2015-10-03 14:19:04,724|66625|NODE_INFO|node-4.domain.tld: 3 State: up enabled
2015-10-03 14:19:08,055|69955|TOTAL_VMS|Total: 6 vms
2015-10-03 14:19:08,055|69955|NODE_INFO|node-3.domain.tld: 0 State: down disabled
2015-10-03 14:19:08,055|69955|NODE_INFO|node-2.domain.tld: 3 State: up enabled
2015-10-03 14:19:08,055|69955|NODE_INFO|node-4.domain.tld: 3 State: up enabled
2015-10-03 14:19:08,578|70478|TOTAL_VMS|Total: 6 vms
2015-10-03 14:19:08,578|70479|NODE_INFO|node-3.domain.tld: 0 State: down disabled
2015-10-03 14:19:08,578|70479|NODE_INFO|node-2.domain.tld: 3 State: up enabled
2015-10-03 14:19:08,578|70479|NODE_INFO|node-4.domain.tld: 3 State: up enabled
2015-10-03 14:19:18,292|80192|TOTAL_VMS|Total: 6 vms
2015-10-03 14:19:18,292|80192|NODE_INFO|node-3.domain.tld: 0 State: down disabled
2015-10-03 14:19:18,292|80192|NODE_INFO|node-2.domain.tld: 3 State: up enabled
2015-10-03 14:19:18,295|80195|NODE_INFO|node-4.domain.tld: 3 State: up enabled
2015-10-03 14:19:18,821|80721|TOTAL_VMS|Total: 6 vms
2015-10-03 14:19:18,822|80722|NODE_INFO|node-3.domain.tld: 0 State: down disabled
2015-10-03 14:19:18,822|80722|NODE_INFO|node-2.domain.tld: 3 State: up enabled
2015-10-03 14:19:18,822|80722|NODE_INFO|node-4.domain.tld: 3 State: up enabled
2015-10-03 14:19:20,641|82541|TOTAL_VMS|Total: 6 vms
2015-10-03 14:19:20,641|82541|NODE_INFO|node-3.domain.tld: 0 State: down disabled
2015-10-03 14:19:20,641|82542|NODE_INFO|node-2.domain.tld: 3 State: up enabled
2015-10-03 14:19:20,641|82542|NODE_INFO|node-4.domain.tld: 3 State: up enabled
2015-10-03 14:19:20,846|82746|TOTAL_VMS|Total: 6 vms
2015-10-03 14:19:20,846|82746|NODE_INFO|node-3.domain.tld: 0 State: down disabled
2015-10-03 14:19:20,848|82749|NODE_INFO|node-2.domain.tld: 3 State: up enabled
2015-10-03 14:19:20,848|82749|NODE_INFO|node-4.domain.tld: 3 State: up enabled
2015-10-03 14:19:20,915|82815|TOTAL_VMS|Total: 6 vms
2015-10-03 14:19:20,915|82815|NODE_INFO|node-3.domain.tld: 0 State: down disabled
2015-10-03 14:19:20,917|82817|NODE_INFO|node-2.domain.tld: 3 State: up enabled
2015-10-03 14:19:20,917|82817|NODE_INFO|node-4.domain.tld: 3 State: up enabled
2015-10-03 14:19:21,003|82903|TOTAL_VMS|Total: 6 vms
2015-10-03 14:19:21,003|82904|NODE_INFO|node-3.domain.tld: 0 State: down disabled
2015-10-03 14:19:21,003|82904|NODE_INFO|node-2.domain.tld: 3 State: up enabled
2015-10-03 14:19:21,003|82904|NODE_INFO|node-4.domain.tld: 3 State: up enabled
2015-10-03 14:19:21,059|82959|TOTAL_VMS|Total: 6 vms
2015-10-03 14:19:21,059|82960|NODE_INFO|node-3.domain.tld: 0 State: down disabled
2015-10-03 14:19:21,059|82960|NODE_INFO|node-2.domain.tld: 3 State: up enabled
2015-10-03 14:19:21,059|82960|NODE_INFO|node-4.domain.tld: 3 State: up enabled
2015-10-03 14:19:21,148|83049|TOTAL_VMS|Total: 6 vms
2015-10-03 14:19:21,148|83049|NODE_INFO|node-3.domain.tld: 0 State: down disabled
2015-10-03 14:19:21,150|83050|NODE_INFO|node-2.domain.tld: 3 State: up enabled
2015-10-03 14:19:21,150|83050|NODE_INFO|node-4.domain.tld: 3 State: up enabled
2015-10-03 14:19:21,217|83117|TOTAL_VMS|Total: 6 vms
2015-10-03 14:19:21,217|83117|NODE_INFO|node-3.domain.tld: 0 State: down disabled
2015-10-03 14:19:21,217|83118|NODE_INFO|node-2.domain.tld: 3 State: up enabled
2015-10-03 14:19:21,217|83118|NODE_INFO|node-4.domain.tld: 3 State: up enabled
2015-10-03 14:19:25,601|87502|TOTAL_VMS|Total: 6 vms
2015-10-03 14:19:25,601|87502|NODE_INFO|node-3.domain.tld: 0 State: down disabled
2015-10-03 14:19:25,601|87502|NODE_INFO|node-2.domain.tld: 3 State: up enabled
2015-10-03 14:19:25,601|87502|NODE_INFO|node-4.domain.tld: 3 State: up enabled
2015-10-03 14:19:25,766|87666|TOTAL_VMS|Total: 6 vms
2015-10-03 14:19:25,766|87666|NODE_INFO|node-3.domain.tld: 0 State: down disabled
2015-10-03 14:19:25,766|87666|NODE_INFO|node-2.domain.tld: 3 State: up enabled
2015-10-03 14:19:25,766|87667|NODE_INFO|node-4.domain.tld: 3 State: up enabled
2015-10-03 14:19:26,144|88045|TOTAL_VMS|Total: 6 vms
2015-10-03 14:19:26,144|88045|NODE_INFO|node-3.domain.tld: 0 State: down disabled
2015-10-03 14:19:26,144|88045|NODE_INFO|node-2.domain.tld: 3 State: up enabled
2015-10-03 14:19:26,145|88046|NODE_INFO|node-4.domain.tld: 3 State: up enabled
2015-10-03 14:19:27,289|89190|TOTAL_VMS|Total: 6 vms
2015-10-03 14:19:27,289|89190|NODE_INFO|node-3.domain.tld: 0 State: down disabled
2015-10-03 14:19:27,289|89190|NODE_INFO|node-2.domain.tld: 3 State: up enabled
2015-10-03 14:19:27,289|89190|NODE_INFO|node-4.domain.tld: 3 State: up enabled
2015-10-03 14:19:28,530|90430|TOTAL_VMS|Total: 6 vms
2015-10-03 14:19:28,530|90430|NODE_INFO|node-3.domain.tld: 0 State: down disabled
2015-10-03 14:19:28,532|90432|NODE_INFO|node-2.domain.tld: 3 State: up enabled
2015-10-03 14:19:28,532|90432|NODE_INFO|node-4.domain.tld: 3 State: up enabled
2015-10-03 14:19:29,065|90966|TOTAL_VMS|Total: 6 vms
2015-10-03 14:19:29,068|90968|NODE_INFO|node-3.domain.tld: 0 State: down disabled
2015-10-03 14:19:29,069|90969|NODE_INFO|node-2.domain.tld: 3 State: up enabled
2015-10-03 14:19:29,069|90969|NODE_INFO|node-4.domain.tld: 3 State: up enabled
2015-10-03 14:19:35,457|97357|TOTAL_VMS|Total: 6 vms
2015-10-03 14:19:35,457|97358|NODE_INFO|node-3.domain.tld: 0 State: down disabled
2015-10-03 14:19:35,457|97358|NODE_INFO|node-2.domain.tld: 3 State: up enabled
2015-10-03 14:19:35,457|97358|NODE_INFO|node-4.domain.tld: 3 State: up enabled
2015-10-03 14:19:36,697|98598|TOTAL_VMS|Total: 6 vms
2015-10-03 14:19:36,700|98600|NODE_INFO|node-3.domain.tld: 0 State: down disabled
2015-10-03 14:19:36,700|98600|NODE_INFO|node-2.domain.tld: 3 State: up enabled
2015-10-03 14:19:36,700|98601|NODE_INFO|node-4.domain.tld: 3 State: up enabled
2015-10-03 14:19:38,773|100673|TOTAL_VMS|Total: 6 vms
2015-10-03 14:19:38,773|100674|NODE_INFO|node-3.domain.tld: 0 State: down disabled
2015-10-03 14:19:38,773|100674|NODE_INFO|node-2.domain.tld: 3 State: up enabled
2015-10-03 14:19:38,773|100674|NODE_INFO|node-4.domain.tld: 3 State: up enabled
2015-10-03 14:19:39,306|101207|TOTAL_VMS|Total: 6 vms
2015-10-03 14:19:39,306|101207|NODE_INFO|node-3.domain.tld: 0 State: down disabled
2015-10-03 14:19:39,306|101207|NODE_INFO|node-2.domain.tld: 3 State: up enabled
2015-10-03 14:19:39,308|101208|NODE_INFO|node-4.domain.tld: 3 State: up enabled
2015-10-03 14:19:46,086|107986|TOTAL_VMS|Total: 6 vms
2015-10-03 14:19:46,086|107986|NODE_INFO|node-3.domain.tld: 0 State: down disabled
2015-10-03 14:19:46,086|107986|NODE_INFO|node-2.domain.tld: 3 State: up enabled
2015-10-03 14:19:46,086|107986|NODE_INFO|node-4.domain.tld: 3 State: up enabled
2015-10-03 14:19:49,019|110920|TOTAL_VMS|Total: 6 vms
2015-10-03 14:19:49,019|110920|NODE_INFO|node-3.domain.tld: 0 State: down disabled
2015-10-03 14:19:49,019|110920|NODE_INFO|node-2.domain.tld: 3 State: up enabled
2015-10-03 14:19:49,019|110920|NODE_INFO|node-4.domain.tld: 3 State: up enabled
2015-10-03 14:19:49,549|111449|TOTAL_VMS|Total: 6 vms
2015-10-03 14:19:49,549|111450|NODE_INFO|node-3.domain.tld: 0 State: down disabled
2015-10-03 14:19:49,549|111450|NODE_INFO|node-2.domain.tld: 3 State: up enabled
2015-10-03 14:19:49,549|111450|NODE_INFO|node-4.domain.tld: 3 State: up enabled
2015-10-03 14:19:55,757|117657|TOTAL_VMS|Total: 6 vms
2015-10-03 14:19:55,757|117657|NODE_INFO|node-3.domain.tld: 0 State: down disabled
2015-10-03 14:19:55,759|117659|NODE_INFO|node-2.domain.tld: 3 State: up enabled
2015-10-03 14:19:55,759|117659|NODE_INFO|node-4.domain.tld: 3 State: up enabled
2015-10-03 14:19:55,865|117766|TOTAL_VMS|Total: 6 vms
2015-10-03 14:19:55,865|117766|NODE_INFO|node-3.domain.tld: 0 State: down disabled
2015-10-03 14:19:55,867|117767|NODE_INFO|node-2.domain.tld: 3 State: up enabled
2015-10-03 14:19:55,867|117767|NODE_INFO|node-4.domain.tld: 3 State: up enabled
2015-10-03 14:19:55,904|117805|TOTAL_VMS|Total: 6 vms
2015-10-03 14:19:55,904|117805|NODE_INFO|node-3.domain.tld: 0 State: down disabled
2015-10-03 14:19:55,904|117805|NODE_INFO|node-2.domain.tld: 3 State: up enabled
2015-10-03 14:19:55,904|117805|NODE_INFO|node-4.domain.tld: 3 State: up enabled
2015-10-03 14:19:55,943|117843|TOTAL_VMS|Total: 6 vms
2015-10-03 14:19:55,943|117843|NODE_INFO|node-3.domain.tld: 0 State: down disabled
2015-10-03 14:19:55,943|117843|NODE_INFO|node-2.domain.tld: 3 State: up enabled
2015-10-03 14:19:55,943|117843|NODE_INFO|node-4.domain.tld: 3 State: up enabled
2015-10-03 14:19:55,976|117877|TOTAL_VMS|Total: 6 vms
2015-10-03 14:19:55,976|117877|NODE_INFO|node-3.domain.tld: 0 State: down disabled
2015-10-03 14:19:55,977|117878|NODE_INFO|node-2.domain.tld: 3 State: up enabled
2015-10-03 14:19:55,977|117878|NODE_INFO|node-4.domain.tld: 3 State: up enabled
2015-10-03 14:19:56,065|117965|TOTAL_VMS|Total: 6 vms
2015-10-03 14:19:56,065|117965|NODE_INFO|node-3.domain.tld: 0 State: down disabled
2015-10-03 14:19:56,065|117965|NODE_INFO|node-2.domain.tld: 3 State: up enabled
2015-10-03 14:19:56,065|117965|NODE_INFO|node-4.domain.tld: 3 State: up enabled
2015-10-03 14:19:56,135|118036|TOTAL_VMS|Total: 6 vms
2015-10-03 14:19:56,137|118037|NODE_INFO|node-3.domain.tld: 0 State: down disabled
2015-10-03 14:19:56,137|118037|NODE_INFO|node-2.domain.tld: 3 State: up enabled
2015-10-03 14:19:56,137|118037|NODE_INFO|node-4.domain.tld: 3 State: up enabled
2015-10-03 14:19:59,259|121159|TOTAL_VMS|Total: 6 vms
2015-10-03 14:19:59,259|121159|NODE_INFO|node-3.domain.tld: 0 State: down disabled
2015-10-03 14:19:59,259|121159|NODE_INFO|node-2.domain.tld: 3 State: up enabled
2015-10-03 14:19:59,260|121161|NODE_INFO|node-4.domain.tld: 3 State: up enabled
2015-10-03 14:19:59,796|121696|TOTAL_VMS|Total: 6 vms
2015-10-03 14:19:59,796|121697|NODE_INFO|node-3.domain.tld: 0 State: down disabled
2015-10-03 14:19:59,796|121697|NODE_INFO|node-2.domain.tld: 3 State: up enabled
2015-10-03 14:19:59,796|121697|NODE_INFO|node-4.domain.tld: 3 State: up enabled
2015-10-03 14:20:08,233|130134|TOTAL_VMS|Total: 6 vms
2015-10-03 14:20:08,234|130134|NODE_INFO|node-3.domain.tld: 0 State: down disabled
2015-10-03 14:20:08,234|130134|NODE_INFO|node-2.domain.tld: 3 State: up enabled
2015-10-03 14:20:08,234|130134|NODE_INFO|node-4.domain.tld: 3 State: up enabled
2015-10-03 14:20:09,506|131406|TOTAL_VMS|Total: 6 vms
2015-10-03 14:20:09,506|131406|NODE_INFO|node-3.domain.tld: 0 State: down disabled
2015-10-03 14:20:09,506|131406|NODE_INFO|node-2.domain.tld: 3 State: up enabled
2015-10-03 14:20:09,506|131406|NODE_INFO|node-4.domain.tld: 3 State: up enabled
2015-10-03 14:20:10,042|131942|TOTAL_VMS|Total: 6 vms
2015-10-03 14:20:10,042|131942|NODE_INFO|node-3.domain.tld: 0 State: down disabled
2015-10-03 14:20:10,042|131943|NODE_INFO|node-2.domain.tld: 3 State: up enabled
2015-10-03 14:20:10,043|131944|NODE_INFO|node-4.domain.tld: 3 State: up enabled
2015-10-03 14:20:19,749|141649|TOTAL_VMS|Total: 6 vms
2015-10-03 14:20:19,750|141650|NODE_INFO|node-3.domain.tld: 0 State: down disabled
2015-10-03 14:20:19,750|141650|NODE_INFO|node-2.domain.tld: 3 State: up enabled
2015-10-03 14:20:19,750|141650|NODE_INFO|node-4.domain.tld: 3 State: up enabled
2015-10-03 14:20:20,280|142180|TOTAL_VMS|Total: 6 vms
2015-10-03 14:20:20,280|142180|NODE_INFO|node-3.domain.tld: 0 State: down disabled
2015-10-03 14:20:20,282|142182|NODE_INFO|node-2.domain.tld: 3 State: up enabled
2015-10-03 14:20:20,282|142182|NODE_INFO|node-4.domain.tld: 3 State: up enabled
2015-10-03 14:20:24,000|145901|TOTAL_VMS|Total: 6 vms
2015-10-03 14:20:24,002|145902|NODE_INFO|node-3.domain.tld: 0 State: down disabled
2015-10-03 14:20:24,002|145902|NODE_INFO|node-2.domain.tld: 3 State: up enabled
2015-10-03 14:20:24,003|145903|NODE_INFO|node-4.domain.tld: 3 State: up enabled
2015-10-03 14:20:24,138|146038|TOTAL_VMS|Total: 6 vms
2015-10-03 14:20:24,138|146038|NODE_INFO|node-3.domain.tld: 0 State: down disabled
2015-10-03 14:20:24,138|146038|NODE_INFO|node-2.domain.tld: 3 State: up enabled
2015-10-03 14:20:24,138|146038|NODE_INFO|node-4.domain.tld: 3 State: up enabled
2015-10-03 14:20:24,187|146087|TOTAL_VMS|Total: 6 vms
2015-10-03 14:20:24,187|146087|NODE_INFO|node-3.domain.tld: 0 State: down disabled
2015-10-03 14:20:24,187|146088|NODE_INFO|node-2.domain.tld: 3 State: up enabled
2015-10-03 14:20:24,187|146088|NODE_INFO|node-4.domain.tld: 3 State: up enabled
2015-10-03 14:20:24,244|146144|TOTAL_VMS|Total: 6 vms
2015-10-03 14:20:24,244|146144|NODE_INFO|node-3.domain.tld: 0 State: down disabled
2015-10-03 14:20:24,244|146144|NODE_INFO|node-2.domain.tld: 3 State: up enabled
2015-10-03 14:20:24,244|146144|NODE_INFO|node-4.domain.tld: 3 State: up enabled
2015-10-03 14:20:24,308|146208|TOTAL_VMS|Total: 6 vms
2015-10-03 14:20:24,308|146208|NODE_INFO|node-3.domain.tld: 0 State: down disabled
2015-10-03 14:20:24,308|146208|NODE_INFO|node-2.domain.tld: 3 State: up enabled
2015-10-03 14:20:24,308|146208|NODE_INFO|node-4.domain.tld: 3 State: up enabled
2015-10-03 14:20:24,484|146384|TOTAL_VMS|Total: 6 vms
2015-10-03 14:20:24,484|146384|NODE_INFO|node-3.domain.tld: 0 State: down disabled
2015-10-03 14:20:24,484|146384|NODE_INFO|node-2.domain.tld: 3 State: up enabled
2015-10-03 14:20:24,486|146386|NODE_INFO|node-4.domain.tld: 3 State: up enabled
2015-10-03 14:20:24,592|146492|TOTAL_VMS|Total: 6 vms
2015-10-03 14:20:24,592|146493|NODE_INFO|node-3.domain.tld: 0 State: down disabled
2015-10-03 14:20:24,592|146493|NODE_INFO|node-2.domain.tld: 3 State: up enabled
2015-10-03 14:20:24,592|146493|NODE_INFO|node-4.domain.tld: 3 State: up enabled
2015-10-03 14:20:28,085|149985|TOTAL_VMS|Total: 6 vms
2015-10-03 14:20:28,085|149986|NODE_INFO|node-3.domain.tld: 0 State: down disabled
2015-10-03 14:20:28,085|149986|NODE_INFO|node-2.domain.tld: 3 State: up enabled
2015-10-03 14:20:28,085|149986|NODE_INFO|node-4.domain.tld: 3 State: up enabled
2015-10-03 14:20:29,990|151891|TOTAL_VMS|Total: 6 vms
2015-10-03 14:20:29,990|151891|NODE_INFO|node-3.domain.tld: 0 State: down disabled
2015-10-03 14:20:29,990|151891|NODE_INFO|node-2.domain.tld: 3 State: up enabled
2015-10-03 14:20:29,990|151891|NODE_INFO|node-4.domain.tld: 3 State: up enabled
2015-10-03 14:20:30,528|152428|TOTAL_VMS|Total: 6 vms
2015-10-03 14:20:30,529|152429|NODE_INFO|node-3.domain.tld: 0 State: down disabled
2015-10-03 14:20:30,529|152429|NODE_INFO|node-2.domain.tld: 3 State: up enabled
2015-10-03 14:20:30,529|152429|NODE_INFO|node-4.domain.tld: 3 State: up enabled
2015-10-03 14:20:33,322|155222|TOTAL_VMS|Total: 6 vms
2015-10-03 14:20:33,322|155222|NODE_INFO|node-3.domain.tld: 0 State: down disabled
2015-10-03 14:20:33,322|155223|NODE_INFO|node-2.domain.tld: 3 State: up enabled
2015-10-03 14:20:33,322|155223|NODE_INFO|node-4.domain.tld: 3 State: up enabled
2015-10-03 14:20:38,960|160861|TOTAL_VMS|Total: 6 vms
2015-10-03 14:20:38,960|160861|NODE_INFO|node-3.domain.tld: 0 State: down disabled
2015-10-03 14:20:38,961|160861|NODE_INFO|node-2.domain.tld: 3 State: up enabled
2015-10-03 14:20:38,961|160861|NODE_INFO|node-4.domain.tld: 3 State: up enabled
2015-10-03 14:20:39,342|161243|TOTAL_VMS|Total: 6 vms
2015-10-03 14:20:39,342|161243|NODE_INFO|node-3.domain.tld: 0 State: down disabled
2015-10-03 14:20:39,342|161243|NODE_INFO|node-2.domain.tld: 3 State: up enabled
2015-10-03 14:20:39,344|161244|NODE_INFO|node-4.domain.tld: 3 State: up enabled
2015-10-03 14:20:40,250|162150|TOTAL_VMS|Total: 6 vms
2015-10-03 14:20:40,250|162151|NODE_INFO|node-3.domain.tld: 0 State: down disabled
2015-10-03 14:20:40,252|162152|NODE_INFO|node-2.domain.tld: 3 State: up enabled
2015-10-03 14:20:40,253|162154|NODE_INFO|node-4.domain.tld: 3 State: up enabled
2015-10-03 14:20:40,769|162670|TOTAL_VMS|Total: 6 vms
2015-10-03 14:20:40,770|162671|NODE_INFO|node-3.domain.tld: 0 State: down disabled
2015-10-03 14:20:40,770|162671|NODE_INFO|node-2.domain.tld: 3 State: up enabled
2015-10-03 14:20:40,770|162671|NODE_INFO|node-4.domain.tld: 3 State: up enabled
2015-10-03 14:20:43,490|165391|TOTAL_VMS|Total: 6 vms
2015-10-03 14:20:43,490|165391|NODE_INFO|node-3.domain.tld: 0 State: down disabled
2015-10-03 14:20:43,490|165391|NODE_INFO|node-2.domain.tld: 3 State: up enabled
2015-10-03 14:20:43,492|165392|NODE_INFO|node-4.domain.tld: 3 State: up enabled
2015-10-03 14:20:47,533|169434|TOTAL_VMS|Total: 6 vms
2015-10-03 14:20:47,536|169437|NODE_INFO|node-3.domain.tld: 0 State: down disabled
2015-10-03 14:20:47,536|169437|NODE_INFO|node-2.domain.tld: 3 State: up enabled
2015-10-03 14:20:47,536|169437|NODE_INFO|node-4.domain.tld: 3 State: up enabled
2015-10-03 14:20:50,476|172377|TOTAL_VMS|Total: 6 vms
2015-10-03 14:20:50,479|172379|NODE_INFO|node-3.domain.tld: 0 State: down disabled
2015-10-03 14:20:50,479|172379|NODE_INFO|node-2.domain.tld: 3 State: up enabled
2015-10-03 14:20:50,480|172380|NODE_INFO|node-4.domain.tld: 3 State: up enabled
2015-10-03 14:20:51,010|172911|TOTAL_VMS|Total: 6 vms
2015-10-03 14:20:51,012|172912|NODE_INFO|node-3.domain.tld: 0 State: down disabled
2015-10-03 14:20:51,012|172912|NODE_INFO|node-2.domain.tld: 3 State: up enabled
2015-10-03 14:20:51,012|172912|NODE_INFO|node-4.domain.tld: 3 State: up enabled
2015-10-03 14:20:57,164|179065|TOTAL_VMS|Total: 6 vms
2015-10-03 14:20:57,165|179065|NODE_INFO|node-3.domain.tld: 0 State: down disabled
2015-10-03 14:20:57,167|179067|NODE_INFO|node-2.domain.tld: 3 State: up enabled
2015-10-03 14:20:57,167|179067|NODE_INFO|node-4.domain.tld: 3 State: up enabled
2015-10-03 14:20:57,262|179162|TOTAL_VMS|Total: 6 vms
2015-10-03 14:20:57,262|179162|NODE_INFO|node-3.domain.tld: 0 State: down disabled
2015-10-03 14:20:57,263|179163|NODE_INFO|node-2.domain.tld: 3 State: up enabled
2015-10-03 14:20:57,263|179164|NODE_INFO|node-4.domain.tld: 3 State: up enabled
2015-10-03 14:20:57,313|179213|TOTAL_VMS|Total: 6 vms
2015-10-03 14:20:57,315|179215|NODE_INFO|node-3.domain.tld: 0 State: down disabled
2015-10-03 14:20:57,315|179215|NODE_INFO|node-2.domain.tld: 3 State: up enabled
2015-10-03 14:20:57,315|179215|NODE_INFO|node-4.domain.tld: 3 State: up enabled
2015-10-03 14:20:57,398|179298|TOTAL_VMS|Total: 6 vms
2015-10-03 14:20:57,398|179298|NODE_INFO|node-3.domain.tld: 0 State: down disabled
2015-10-03 14:20:57,398|179298|NODE_INFO|node-2.domain.tld: 3 State: up enabled
2015-10-03 14:20:57,398|179299|NODE_INFO|node-4.domain.tld: 3 State: up enabled
2015-10-03 14:20:57,463|179363|TOTAL_VMS|Total: 6 vms
2015-10-03 14:20:57,463|179364|NODE_INFO|node-3.domain.tld: 0 State: down disabled
2015-10-03 14:20:57,464|179365|NODE_INFO|node-2.domain.tld: 3 State: up enabled
2015-10-03 14:20:57,464|179365|NODE_INFO|node-4.domain.tld: 3 State: up enabled
2015-10-03 14:20:57,654|179555|TOTAL_VMS|Total: 6 vms
2015-10-03 14:20:57,655|179555|NODE_INFO|node-3.domain.tld: 0 State: down disabled
2015-10-03 14:20:57,657|179557|NODE_INFO|node-2.domain.tld: 3 State: up enabled
2015-10-03 14:20:57,657|179557|NODE_INFO|node-4.domain.tld: 3 State: up enabled
2015-10-03 14:20:57,788|179688|TOTAL_VMS|Total: 6 vms
2015-10-03 14:20:57,788|179688|NODE_INFO|node-3.domain.tld: 0 State: down disabled
2015-10-03 14:20:57,789|179689|NODE_INFO|node-2.domain.tld: 3 State: up enabled
2015-10-03 14:20:57,789|179689|NODE_INFO|node-4.domain.tld: 3 State: up enabled
2015-10-03 14:21:00,727|182628|TOTAL_VMS|Total: 6 vms
2015-10-03 14:21:00,727|182628|NODE_INFO|node-3.domain.tld: 0 State: down disabled
2015-10-03 14:21:00,727|182628|NODE_INFO|node-2.domain.tld: 3 State: up enabled
2015-10-03 14:21:00,727|182628|NODE_INFO|node-4.domain.tld: 3 State: up enabled
2015-10-03 14:21:01,257|183157|TOTAL_VMS|Total: 6 vms
2015-10-03 14:21:01,257|183157|NODE_INFO|node-3.domain.tld: 0 State: down disabled
2015-10-03 14:21:01,259|183159|NODE_INFO|node-2.domain.tld: 3 State: up enabled
2015-10-03 14:21:01,259|183159|NODE_INFO|node-4.domain.tld: 3 State: up enabled
2015-10-03 14:21:10,967|192868|TOTAL_VMS|Total: 6 vms
2015-10-03 14:21:10,969|192869|NODE_INFO|node-3.domain.tld: 0 State: down disabled
2015-10-03 14:21:10,969|192869|NODE_INFO|node-2.domain.tld: 3 State: up enabled
2015-10-03 14:21:10,969|192869|NODE_INFO|node-4.domain.tld: 3 State: up enabled
2015-10-03 14:21:11,500|193400|TOTAL_VMS|Total: 6 vms
2015-10-03 14:21:11,500|193400|NODE_INFO|node-3.domain.tld: 0 State: down disabled
2015-10-03 14:21:11,500|193400|NODE_INFO|node-2.domain.tld: 3 State: up enabled
2015-10-03 14:21:11,500|193400|NODE_INFO|node-4.domain.tld: 3 State: up enabled
2015-10-03 14:21:11,737|193638|TOTAL_VMS|Total: 6 vms
2015-10-03 14:21:11,739|193639|NODE_INFO|node-3.domain.tld: 0 State: down disabled
2015-10-03 14:21:11,739|193639|NODE_INFO|node-2.domain.tld: 3 State: up enabled
2015-10-03 14:21:11,739|193639|NODE_INFO|node-4.domain.tld: 3 State: up enabled
2015-10-03 14:21:21,214|203115|TOTAL_VMS|Total: 6 vms
2015-10-03 14:21:21,214|203115|NODE_INFO|node-3.domain.tld: 0 State: down disabled
2015-10-03 14:21:21,214|203115|NODE_INFO|node-2.domain.tld: 3 State: up enabled
2015-10-03 14:21:21,217|203117|NODE_INFO|node-4.domain.tld: 3 State: up enabled
2015-10-03 14:21:21,743|203643|TOTAL_VMS|Total: 6 vms
2015-10-03 14:21:21,743|203643|NODE_INFO|node-3.domain.tld: 0 State: down disabled
2015-10-03 14:21:21,743|203644|NODE_INFO|node-2.domain.tld: 3 State: up enabled
2015-10-03 14:21:21,743|203644|NODE_INFO|node-4.domain.tld: 3 State: up enabled
2015-10-03 14:21:25,413|207313|TOTAL_VMS|Total: 6 vms
2015-10-03 14:21:25,413|207313|NODE_INFO|node-3.domain.tld: 0 State: down disabled
2015-10-03 14:21:25,414|207314|NODE_INFO|node-2.domain.tld: 3 State: up enabled
2015-10-03 14:21:25,414|207314|NODE_INFO|node-4.domain.tld: 3 State: up enabled
2015-10-03 14:21:25,549|207450|TOTAL_VMS|Total: 6 vms
2015-10-03 14:21:25,551|207451|NODE_INFO|node-3.domain.tld: 0 State: down disabled
2015-10-03 14:21:25,551|207451|NODE_INFO|node-2.domain.tld: 3 State: up enabled
2015-10-03 14:21:25,551|207451|NODE_INFO|node-4.domain.tld: 3 State: up enabled
2015-10-03 14:21:25,595|207495|TOTAL_VMS|Total: 6 vms
2015-10-03 14:21:25,595|207495|NODE_INFO|node-3.domain.tld: 0 State: down disabled
2015-10-03 14:21:25,595|207495|NODE_INFO|node-2.domain.tld: 3 State: up enabled
2015-10-03 14:21:25,595|207495|NODE_INFO|node-4.domain.tld: 3 State: up enabled
2015-10-03 14:21:25,657|207558|TOTAL_VMS|Total: 6 vms
2015-10-03 14:21:25,657|207558|NODE_INFO|node-3.domain.tld: 0 State: down disabled
2015-10-03 14:21:25,658|207559|NODE_INFO|node-2.domain.tld: 3 State: up enabled
2015-10-03 14:21:25,658|207559|NODE_INFO|node-4.domain.tld: 3 State: up enabled
2015-10-03 14:21:25,707|207608|TOTAL_VMS|Total: 6 vms
2015-10-03 14:21:25,707|207608|NODE_INFO|node-3.domain.tld: 0 State: down disabled
2015-10-03 14:21:25,707|207608|NODE_INFO|node-2.domain.tld: 3 State: up enabled
2015-10-03 14:21:25,707|207608|NODE_INFO|node-4.domain.tld: 3 State: up enabled
2015-10-03 14:21:25,930|207830|TOTAL_VMS|Total: 6 vms
2015-10-03 14:21:25,930|207830|NODE_INFO|node-3.domain.tld: 0 State: down disabled
2015-10-03 14:21:25,930|207830|NODE_INFO|node-2.domain.tld: 3 State: up enabled
2015-10-03 14:21:25,930|207831|NODE_INFO|node-4.domain.tld: 3 State: up enabled
2015-10-03 14:21:26,098|207998|TOTAL_VMS|Total: 6 vms
2015-10-03 14:21:26,098|207998|NODE_INFO|node-3.domain.tld: 0 State: down disabled
2015-10-03 14:21:26,098|207999|NODE_INFO|node-2.domain.tld: 3 State: up enabled
2015-10-03 14:21:26,098|207999|NODE_INFO|node-4.domain.tld: 3 State: up enabled
2015-10-03 14:21:29,542|211442|TOTAL_VMS|Total: 6 vms
2015-10-03 14:21:29,542|211442|NODE_INFO|node-3.domain.tld: 0 State: down disabled
2015-10-03 14:21:29,542|211442|NODE_INFO|node-2.domain.tld: 3 State: up enabled
2015-10-03 14:21:29,542|211442|NODE_INFO|node-4.domain.tld: 3 State: up enabled
2015-10-03 14:21:31,451|213351|TOTAL_VMS|Total: 6 vms
2015-10-03 14:21:31,451|213351|NODE_INFO|node-3.domain.tld: 0 State: down disabled
2015-10-03 14:21:31,451|213351|NODE_INFO|node-2.domain.tld: 3 State: up enabled
2015-10-03 14:21:31,453|213353|NODE_INFO|node-4.domain.tld: 3 State: up enabled
2015-10-03 14:21:31,990|213890|TOTAL_VMS|Total: 6 vms
2015-10-03 14:21:31,990|213890|NODE_INFO|node-3.domain.tld: 0 State: down disabled
2015-10-03 14:21:31,990|213890|NODE_INFO|node-2.domain.tld: 3 State: up enabled
2015-10-03 14:21:31,990|213891|NODE_INFO|node-4.domain.tld: 3 State: up enabled
2015-10-03 14:21:32,006|213906|TOTAL_VMS|Total: 6 vms
2015-10-03 14:21:32,006|213907|NODE_INFO|node-3.domain.tld: 0 State: down disabled
2015-10-03 14:21:32,006|213907|NODE_INFO|node-2.domain.tld: 3 State: up enabled
2015-10-03 14:21:32,006|213907|NODE_INFO|node-4.domain.tld: 3 State: up enabled
2015-10-03 14:21:41,441|223342|TOTAL_VMS|Total: 6 vms
2015-10-03 14:21:41,441|223342|NODE_INFO|node-3.domain.tld: 0 State: down disabled
2015-10-03 14:21:41,443|223343|NODE_INFO|node-2.domain.tld: 3 State: up enabled
2015-10-03 14:21:41,443|223343|NODE_INFO|node-4.domain.tld: 3 State: up enabled
2015-10-03 14:21:41,694|223595|TOTAL_VMS|Total: 6 vms
2015-10-03 14:21:41,696|223596|NODE_INFO|node-3.domain.tld: 0 State: down disabled
2015-10-03 14:21:41,696|223596|NODE_INFO|node-2.domain.tld: 3 State: up enabled
2015-10-03 14:21:41,696|223596|NODE_INFO|node-4.domain.tld: 3 State: up enabled
2015-10-03 14:21:41,736|223637|TOTAL_VMS|Total: 6 vms
2015-10-03 14:21:41,740|223640|NODE_INFO|node-3.domain.tld: 0 State: down disabled
2015-10-03 14:21:41,740|223641|NODE_INFO|node-2.domain.tld: 3 State: up enabled
2015-10-03 14:21:41,740|223641|NODE_INFO|node-4.domain.tld: 3 State: up enabled
2015-10-03 14:21:41,767|223667|SYS_INFO|Initializing RabbitMQMessageService
2015-10-03 14:21:41,782|223683|SYS_INFO|Collecting information about compute nodes
2015-10-03 14:21:49,644|231544|SYS_INFO|Collecting information about services
2015-10-03 14:21:51,588|233488|SYS_INFO|Collecting information about VMs
2015-10-03 14:21:54,257|236157|SYS_INFO|Processing collected data
2015-10-03 14:21:54,262|236162|SYS_INFO|Instance: random-0, 1443784067.18 State: active
2015-10-03 14:21:54,263|236163|SYS_INFO|New task: None Old task: None
2015-10-03 14:21:54,263|236163|VM_INFO|Host: node-4 Name: random-0, 1443784067.18 State: active New_task: None
2015-10-03 14:21:54,263|236163|SYS_INFO|Instance: random-1, 1443784076.13 State: active
2015-10-03 14:21:54,263|236163|SYS_INFO|New task: None Old task: None
2015-10-03 14:21:54,263|236164|VM_INFO|Host: node-4 Name: random-1, 1443784076.13 State: active New_task: None
2015-10-03 14:21:54,263|236164|SYS_INFO|Instance: random 01443771998.4 State: active
2015-10-03 14:21:54,263|236164|SYS_INFO|New task: None Old task: None
2015-10-03 14:21:54,263|236164|VM_INFO|Host: node-2 Name: random 01443771998.4 State: active New_task: None
2015-10-03 14:21:54,263|236164|SYS_INFO|Instance: random 01443772221.06 State: active
2015-10-03 14:21:54,263|236164|SYS_INFO|New task: None Old task: None
2015-10-03 14:21:54,265|236165|VM_INFO|Host: node-4 Name: random 01443772221.06 State: active New_task: None
2015-10-03 14:21:54,265|236165|SYS_INFO|Instance: random-0, 1443783433.09 State: active
2015-10-03 14:21:54,265|236165|SYS_INFO|New task: None Old task: None
2015-10-03 14:21:54,265|236165|VM_INFO|Host: node-2 Name: random-0, 1443783433.09 State: active New_task: None
2015-10-03 14:21:54,266|236166|SYS_INFO|Instance: random-2, 1443782088.4 State: active
2015-10-03 14:21:54,266|236166|SYS_INFO|New task: None Old task: None
2015-10-03 14:21:54,266|236166|VM_INFO|Host: node-2 Name: random-2, 1443782088.4 State: active New_task: None
2015-10-03 14:21:54,266|236167|SYS_INFO|Sorting hosts overload
2015-10-03 14:21:54,269|236170|SYS_INFO|Scheduled periodic check for 180 sec
2015-10-03 14:21:54,269|236170|SYS_INFO|Searching for the most overloaded host
2015-10-03 14:21:54,270|236171|SYS_INFO|Found host node-2.domain.tld
2015-10-03 14:21:54,270|236171|SYS_INFO|Found instance to migrate random 01443771998.4
2015-10-03 14:21:54,270|236171|SYS_INFO|Not available host
2015-10-03 14:21:54,272|236172|SYS_INFO|Found instance to migrate random-0, 1443783433.09
2015-10-03 14:21:54,272|236172|SYS_INFO|Not available host
2015-10-03 14:21:54,272|236172|SYS_INFO|Found instance to migrate random-2, 1443782088.4
2015-10-03 14:21:54,272|236172|SYS_INFO|Not available host
2015-10-03 14:21:54,272|236172|TOTAL_VMS|Total: 6 vms
2015-10-03 14:21:54,273|236173|NODE_INFO|node-3.domain.tld: 0 State: down disabled
2015-10-03 14:21:54,273|236173|NODE_INFO|node-2.domain.tld: 3 State: up enabled
2015-10-03 14:21:54,273|236173|NODE_INFO|node-4.domain.tld: 3 State: up enabled
2015-10-03 14:21:54,273|236174|TOTAL_VMS|Total: 6 vms
2015-10-03 14:21:54,273|236174|NODE_INFO|node-3.domain.tld: 0 State: down disabled
2015-10-03 14:21:54,273|236174|NODE_INFO|node-2.domain.tld: 3 State: up enabled
2015-10-03 14:21:54,273|236174|NODE_INFO|node-4.domain.tld: 3 State: up enabled
2015-10-03 14:21:54,275|236175|TOTAL_VMS|Total: 6 vms
2015-10-03 14:21:54,276|236176|NODE_INFO|node-3.domain.tld: 0 State: down disabled
2015-10-03 14:21:54,278|236178|NODE_INFO|node-2.domain.tld: 3 State: up enabled
2015-10-03 14:21:54,279|236179|NODE_INFO|node-4.domain.tld: 3 State: up enabled
2015-10-03 14:21:54,279|236180|TOTAL_VMS|Total: 6 vms
2015-10-03 14:21:54,279|236180|NODE_INFO|node-3.domain.tld: 0 State: down disabled
2015-10-03 14:21:54,280|236180|NODE_INFO|node-2.domain.tld: 3 State: up enabled
2015-10-03 14:21:54,280|236180|NODE_INFO|node-4.domain.tld: 3 State: up enabled
2015-10-03 14:21:54,282|236182|TOTAL_VMS|Total: 6 vms
2015-10-03 14:21:54,282|236183|NODE_INFO|node-3.domain.tld: 0 State: down disabled
2015-10-03 14:21:54,282|236183|NODE_INFO|node-2.domain.tld: 3 State: up enabled
2015-10-03 14:21:54,282|236183|NODE_INFO|node-4.domain.tld: 3 State: up enabled
2015-10-03 14:21:54,283|236184|TOTAL_VMS|Total: 6 vms
2015-10-03 14:21:54,285|236185|NODE_INFO|node-3.domain.tld: 0 State: down disabled
2015-10-03 14:21:54,285|236185|NODE_INFO|node-2.domain.tld: 3 State: up enabled
2015-10-03 14:21:54,285|236185|NODE_INFO|node-4.domain.tld: 3 State: up enabled
2015-10-03 14:21:59,657|241557|TOTAL_VMS|Total: 6 vms
2015-10-03 14:21:59,657|241557|NODE_INFO|node-3.domain.tld: 0 State: down disabled
2015-10-03 14:21:59,657|241557|NODE_INFO|node-2.domain.tld: 3 State: up enabled
2015-10-03 14:21:59,657|241558|NODE_INFO|node-4.domain.tld: 3 State: up enabled
2015-10-03 14:21:59,852|241753|TOTAL_VMS|Total: 6 vms
2015-10-03 14:21:59,852|241753|NODE_INFO|node-3.domain.tld: 0 State: down disabled
2015-10-03 14:21:59,852|241753|NODE_INFO|node-2.domain.tld: 3 State: up enabled
2015-10-03 14:21:59,854|241754|NODE_INFO|node-4.domain.tld: 3 State: up enabled
2015-10-03 14:21:59,917|241817|TOTAL_VMS|Total: 6 vms
2015-10-03 14:21:59,917|241817|NODE_INFO|node-3.domain.tld: 0 State: down disabled
2015-10-03 14:21:59,917|241817|NODE_INFO|node-2.domain.tld: 3 State: up enabled
2015-10-03 14:21:59,917|241818|NODE_INFO|node-4.domain.tld: 3 State: up enabled
2015-10-03 14:21:59,956|241856|TOTAL_VMS|Total: 6 vms
2015-10-03 14:21:59,956|241856|NODE_INFO|node-3.domain.tld: 0 State: down disabled
2015-10-03 14:21:59,956|241856|NODE_INFO|node-2.domain.tld: 3 State: up enabled
2015-10-03 14:21:59,956|241856|NODE_INFO|node-4.domain.tld: 3 State: up enabled
2015-10-03 14:22:00,046|241947|TOTAL_VMS|Total: 6 vms
2015-10-03 14:22:00,048|241948|NODE_INFO|node-3.domain.tld: 0 State: down disabled
2015-10-03 14:22:00,048|241948|NODE_INFO|node-2.domain.tld: 3 State: up enabled
2015-10-03 14:22:00,049|241949|NODE_INFO|node-4.domain.tld: 3 State: up enabled
2015-10-03 14:22:00,267|242167|TOTAL_VMS|Total: 6 vms
2015-10-03 14:22:00,267|242167|NODE_INFO|node-3.domain.tld: 0 State: down disabled
2015-10-03 14:22:00,269|242169|NODE_INFO|node-2.domain.tld: 3 State: up enabled
2015-10-03 14:22:00,269|242169|NODE_INFO|node-4.domain.tld: 3 State: up enabled
2015-10-03 14:22:00,434|242334|TOTAL_VMS|Total: 6 vms
2015-10-03 14:22:00,434|242334|NODE_INFO|node-3.domain.tld: 0 State: down disabled
2015-10-03 14:22:00,434|242334|NODE_INFO|node-2.domain.tld: 3 State: up enabled
2015-10-03 14:22:00,434|242335|NODE_INFO|node-4.domain.tld: 3 State: up enabled
2015-10-03 14:22:02,190|244091|TOTAL_VMS|Total: 6 vms
2015-10-03 14:22:02,190|244091|NODE_INFO|node-3.domain.tld: 0 State: down disabled
2015-10-03 14:22:02,190|244091|NODE_INFO|node-2.domain.tld: 3 State: up enabled
2015-10-03 14:22:02,190|244091|NODE_INFO|node-4.domain.tld: 3 State: up enabled
2015-10-03 14:22:02,726|244627|TOTAL_VMS|Total: 6 vms
2015-10-03 14:22:02,727|244628|NODE_INFO|node-3.domain.tld: 0 State: down disabled
2015-10-03 14:22:02,727|244628|NODE_INFO|node-2.domain.tld: 3 State: up enabled
2015-10-03 14:22:02,727|244628|NODE_INFO|node-4.domain.tld: 3 State: up enabled
2015-10-03 14:22:12,430|254331|TOTAL_VMS|Total: 6 vms
2015-10-03 14:22:12,430|254331|NODE_INFO|node-3.domain.tld: 0 State: down disabled
2015-10-03 14:22:12,431|254332|NODE_INFO|node-2.domain.tld: 3 State: up enabled
2015-10-03 14:22:12,431|254332|NODE_INFO|node-4.domain.tld: 3 State: up enabled
2015-10-03 14:22:12,986|254887|TOTAL_VMS|Total: 6 vms
2015-10-03 14:22:12,986|254887|NODE_INFO|node-3.domain.tld: 0 State: down disabled
2015-10-03 14:22:12,987|254888|NODE_INFO|node-2.domain.tld: 3 State: up enabled
2015-10-03 14:22:12,987|254888|NODE_INFO|node-4.domain.tld: 3 State: up enabled
2015-10-03 14:22:15,282|257182|TOTAL_VMS|Total: 6 vms
2015-10-03 14:22:15,282|257183|NODE_INFO|node-3.domain.tld: 0 State: down disabled
2015-10-03 14:22:15,282|257183|NODE_INFO|node-2.domain.tld: 3 State: up enabled
2015-10-03 14:22:15,282|257183|NODE_INFO|node-4.domain.tld: 3 State: up enabled
2015-10-03 14:22:15,431|257332|TOTAL_VMS|Total: 6 vms
2015-10-03 14:22:15,431|257332|NODE_INFO|node-3.domain.tld: 0 State: down disabled
2015-10-03 14:22:15,433|257333|NODE_INFO|node-2.domain.tld: 3 State: up enabled
2015-10-03 14:22:15,433|257333|NODE_INFO|node-4.domain.tld: 3 State: up enabled
2015-10-03 14:22:15,790|257690|TOTAL_VMS|Total: 6 vms
2015-10-03 14:22:15,790|257690|NODE_INFO|node-3.domain.tld: 0 State: down disabled
2015-10-03 14:22:15,790|257690|NODE_INFO|node-2.domain.tld: 3 State: up enabled
2015-10-03 14:22:15,790|257690|NODE_INFO|node-4.domain.tld: 3 State: up enabled
2015-10-03 14:22:15,836|257736|TOTAL_VMS|Total: 6 vms
2015-10-03 14:22:15,836|257736|NODE_INFO|node-3.domain.tld: 0 State: down disabled
2015-10-03 14:22:15,836|257736|NODE_INFO|node-2.domain.tld: 3 State: up enabled
2015-10-03 14:22:15,836|257736|NODE_INFO|node-4.domain.tld: 3 State: up enabled
2015-10-03 14:22:15,882|257782|TOTAL_VMS|Total: 6 vms
2015-10-03 14:22:15,882|257782|NODE_INFO|node-3.domain.tld: 0 State: down disabled
2015-10-03 14:22:15,882|257782|NODE_INFO|node-2.domain.tld: 3 State: up enabled
2015-10-03 14:22:15,882|257782|NODE_INFO|node-4.domain.tld: 3 State: up enabled
2015-10-03 14:22:15,918|257819|TOTAL_VMS|Total: 6 vms
2015-10-03 14:22:15,920|257820|NODE_INFO|node-3.domain.tld: 0 State: down disabled
2015-10-03 14:22:15,920|257820|NODE_INFO|node-2.domain.tld: 3 State: up enabled
2015-10-03 14:22:15,920|257820|NODE_INFO|node-4.domain.tld: 3 State: up enabled
2015-10-03 14:22:15,943|257843|TOTAL_VMS|Total: 6 vms
2015-10-03 14:22:15,943|257843|NODE_INFO|node-3.domain.tld: 0 State: down disabled
2015-10-03 14:22:15,943|257843|NODE_INFO|node-2.domain.tld: 3 State: up enabled
2015-10-03 14:22:15,943|257843|NODE_INFO|node-4.domain.tld: 3 State: up enabled
2015-10-03 14:22:15,970|257871|TOTAL_VMS|Total: 6 vms
2015-10-03 14:22:15,971|257871|NODE_INFO|node-3.domain.tld: 0 State: down disabled
2015-10-03 14:22:15,971|257871|NODE_INFO|node-2.domain.tld: 3 State: up enabled
2015-10-03 14:22:15,971|257871|NODE_INFO|node-4.domain.tld: 3 State: up enabled
2015-10-03 14:22:15,996|257896|TOTAL_VMS|Total: 6 vms
2015-10-03 14:22:15,996|257896|NODE_INFO|node-3.domain.tld: 0 State: down disabled
2015-10-03 14:22:15,996|257897|NODE_INFO|node-2.domain.tld: 3 State: up enabled
2015-10-03 14:22:15,996|257897|NODE_INFO|node-4.domain.tld: 3 State: up enabled
2015-10-03 14:22:16,025|257925|TOTAL_VMS|Total: 6 vms
2015-10-03 14:22:16,025|257925|NODE_INFO|node-3.domain.tld: 0 State: down disabled
2015-10-03 14:22:16,026|257926|NODE_INFO|node-2.domain.tld: 3 State: up enabled
2015-10-03 14:22:16,026|257926|NODE_INFO|node-4.domain.tld: 3 State: up enabled
2015-10-03 14:22:16,059|257959|TOTAL_VMS|Total: 6 vms
2015-10-03 14:22:16,059|257959|NODE_INFO|node-3.domain.tld: 0 State: down disabled
2015-10-03 14:22:16,059|257960|NODE_INFO|node-2.domain.tld: 3 State: up enabled
2015-10-03 14:22:16,059|257960|NODE_INFO|node-4.domain.tld: 3 State: up enabled
2015-10-03 14:22:16,085|257986|TOTAL_VMS|Total: 6 vms
2015-10-03 14:22:16,085|257986|NODE_INFO|node-3.domain.tld: 0 State: down disabled
2015-10-03 14:22:16,085|257986|NODE_INFO|node-2.domain.tld: 3 State: up enabled
2015-10-03 14:22:16,086|257986|NODE_INFO|node-4.domain.tld: 3 State: up enabled
2015-10-03 14:22:16,111|258012|TOTAL_VMS|Total: 6 vms
2015-10-03 14:22:16,112|258013|NODE_INFO|node-3.domain.tld: 0 State: down disabled
2015-10-03 14:22:16,112|258013|NODE_INFO|node-2.domain.tld: 3 State: up enabled
2015-10-03 14:22:16,112|258013|NODE_INFO|node-4.domain.tld: 3 State: up enabled
2015-10-03 14:22:16,140|258040|TOTAL_VMS|Total: 6 vms
2015-10-03 14:22:16,140|258040|NODE_INFO|node-3.domain.tld: 0 State: down disabled
2015-10-03 14:22:16,141|258041|NODE_INFO|node-2.domain.tld: 3 State: up enabled
2015-10-03 14:22:16,141|258041|NODE_INFO|node-4.domain.tld: 3 State: up enabled
2015-10-03 14:22:16,168|258069|TOTAL_VMS|Total: 6 vms
2015-10-03 14:22:16,168|258069|NODE_INFO|node-3.domain.tld: 0 State: down disabled
2015-10-03 14:22:16,170|258070|NODE_INFO|node-2.domain.tld: 3 State: up enabled
2015-10-03 14:22:16,170|258070|NODE_INFO|node-4.domain.tld: 3 State: up enabled
2015-10-03 14:22:16,200|258100|TOTAL_VMS|Total: 6 vms
2015-10-03 14:22:16,200|258101|NODE_INFO|node-3.domain.tld: 0 State: down disabled
2015-10-03 14:22:16,200|258101|NODE_INFO|node-2.domain.tld: 3 State: up enabled
2015-10-03 14:22:16,200|258101|NODE_INFO|node-4.domain.tld: 3 State: up enabled
2015-10-03 14:22:16,229|258129|TOTAL_VMS|Total: 6 vms
2015-10-03 14:22:16,230|258130|NODE_INFO|node-3.domain.tld: 0 State: down disabled
2015-10-03 14:22:16,230|258130|NODE_INFO|node-2.domain.tld: 3 State: up enabled
2015-10-03 14:22:16,230|258130|NODE_INFO|node-4.domain.tld: 3 State: up enabled
2015-10-03 14:22:16,253|258154|TOTAL_VMS|Total: 6 vms
2015-10-03 14:22:16,255|258155|NODE_INFO|node-3.domain.tld: 0 State: down disabled
2015-10-03 14:22:16,255|258155|NODE_INFO|node-2.domain.tld: 3 State: up enabled
2015-10-03 14:22:16,255|258155|NODE_INFO|node-4.domain.tld: 3 State: up enabled
2015-10-03 14:22:16,282|258183|TOTAL_VMS|Total: 6 vms
2015-10-03 14:22:16,282|258183|NODE_INFO|node-3.domain.tld: 0 State: down disabled
2015-10-03 14:22:16,282|258183|NODE_INFO|node-2.domain.tld: 3 State: up enabled
2015-10-03 14:22:16,283|258184|NODE_INFO|node-4.domain.tld: 3 State: up enabled
2015-10-03 14:22:16,303|258203|TOTAL_VMS|Total: 6 vms
2015-10-03 14:22:16,305|258205|NODE_INFO|node-3.domain.tld: 0 State: down disabled
2015-10-03 14:22:16,305|258205|NODE_INFO|node-2.domain.tld: 3 State: up enabled
2015-10-03 14:22:16,305|258205|NODE_INFO|node-4.domain.tld: 3 State: up enabled
2015-10-03 14:22:16,332|258233|TOTAL_VMS|Total: 6 vms
2015-10-03 14:22:16,334|258234|NODE_INFO|node-3.domain.tld: 0 State: down disabled
2015-10-03 14:22:16,334|258234|NODE_INFO|node-2.domain.tld: 3 State: up enabled
2015-10-03 14:22:16,334|258234|NODE_INFO|node-4.domain.tld: 3 State: up enabled
2015-10-03 14:22:16,359|258259|TOTAL_VMS|Total: 6 vms
2015-10-03 14:22:16,359|258259|NODE_INFO|node-3.domain.tld: 0 State: down disabled
2015-10-03 14:22:16,359|258259|NODE_INFO|node-2.domain.tld: 3 State: up enabled
2015-10-03 14:22:16,359|258259|NODE_INFO|node-4.domain.tld: 3 State: up enabled
2015-10-03 14:22:16,388|258289|TOTAL_VMS|Total: 6 vms
2015-10-03 14:22:16,390|258290|NODE_INFO|node-3.domain.tld: 0 State: down disabled
2015-10-03 14:22:16,390|258290|NODE_INFO|node-2.domain.tld: 3 State: up enabled
2015-10-03 14:22:16,390|258290|NODE_INFO|node-4.domain.tld: 3 State: up enabled
2015-10-03 14:22:16,411|258312|TOTAL_VMS|Total: 6 vms
2015-10-03 14:22:16,411|258312|NODE_INFO|node-3.domain.tld: 0 State: down disabled
2015-10-03 14:22:16,413|258313|NODE_INFO|node-2.domain.tld: 3 State: up enabled
2015-10-03 14:22:16,413|258313|NODE_INFO|node-4.domain.tld: 3 State: up enabled
2015-10-03 14:22:22,671|264572|TOTAL_VMS|Total: 6 vms
2015-10-03 14:22:22,671|264572|NODE_INFO|node-3.domain.tld: 0 State: down disabled
2015-10-03 14:22:22,673|264573|NODE_INFO|node-2.domain.tld: 3 State: up enabled
2015-10-03 14:22:22,673|264573|NODE_INFO|node-4.domain.tld: 3 State: up enabled
2015-10-03 14:22:23,206|265106|TOTAL_VMS|Total: 6 vms
2015-10-03 14:22:23,206|265106|NODE_INFO|node-3.domain.tld: 0 State: down disabled
2015-10-03 14:22:23,206|265106|NODE_INFO|node-2.domain.tld: 3 State: up enabled
2015-10-03 14:22:23,206|265106|NODE_INFO|node-4.domain.tld: 3 State: up enabled
2015-10-03 14:22:27,914|269815|TOTAL_VMS|Total: 6 vms
2015-10-03 14:22:27,915|269815|NODE_INFO|node-3.domain.tld: 0 State: down disabled
2015-10-03 14:22:27,915|269815|NODE_INFO|node-2.domain.tld: 3 State: up enabled
2015-10-03 14:22:27,915|269815|NODE_INFO|node-4.domain.tld: 3 State: up enabled
2015-10-03 14:22:28,062|269962|TOTAL_VMS|Total: 6 vms
2015-10-03 14:22:28,062|269962|NODE_INFO|node-3.domain.tld: 0 State: down disabled
2015-10-03 14:22:28,062|269963|NODE_INFO|node-2.domain.tld: 3 State: up enabled
2015-10-03 14:22:28,062|269963|NODE_INFO|node-4.domain.tld: 3 State: up enabled
2015-10-03 14:22:28,098|269999|TOTAL_VMS|Total: 6 vms
2015-10-03 14:22:28,098|269999|NODE_INFO|node-3.domain.tld: 0 State: down disabled
2015-10-03 14:22:28,099|270000|NODE_INFO|node-2.domain.tld: 3 State: up enabled
2015-10-03 14:22:28,099|270000|NODE_INFO|node-4.domain.tld: 3 State: up enabled
2015-10-03 14:22:28,138|270038|TOTAL_VMS|Total: 6 vms
2015-10-03 14:22:28,138|270039|NODE_INFO|node-3.domain.tld: 0 State: down disabled
2015-10-03 14:22:28,138|270039|NODE_INFO|node-2.domain.tld: 3 State: up enabled
2015-10-03 14:22:28,138|270039|NODE_INFO|node-4.domain.tld: 3 State: up enabled
2015-10-03 14:22:28,184|270084|TOTAL_VMS|Total: 6 vms
2015-10-03 14:22:28,184|270085|NODE_INFO|node-3.domain.tld: 0 State: down disabled
2015-10-03 14:22:28,184|270085|NODE_INFO|node-2.domain.tld: 3 State: up enabled
2015-10-03 14:22:28,184|270085|NODE_INFO|node-4.domain.tld: 3 State: up enabled
2015-10-03 14:22:28,292|270193|TOTAL_VMS|Total: 6 vms
2015-10-03 14:22:28,293|270194|NODE_INFO|node-3.domain.tld: 0 State: down disabled
2015-10-03 14:22:28,293|270194|NODE_INFO|node-2.domain.tld: 3 State: up enabled
2015-10-03 14:22:28,293|270194|NODE_INFO|node-4.domain.tld: 3 State: up enabled
2015-10-03 14:22:28,378|270278|TOTAL_VMS|Total: 6 vms
2015-10-03 14:22:28,378|270278|NODE_INFO|node-3.domain.tld: 0 State: down disabled
2015-10-03 14:22:28,378|270278|NODE_INFO|node-2.domain.tld: 3 State: up enabled
2015-10-03 14:22:28,378|270278|NODE_INFO|node-4.domain.tld: 3 State: up enabled
2015-10-03 14:22:30,990|272891|TOTAL_VMS|Total: 6 vms
2015-10-03 14:22:30,990|272891|NODE_INFO|node-3.domain.tld: 0 State: down disabled
2015-10-03 14:22:30,992|272892|NODE_INFO|node-2.domain.tld: 3 State: up enabled
2015-10-03 14:22:30,992|272892|NODE_INFO|node-4.domain.tld: 3 State: up enabled
2015-10-03 14:22:31,119|273019|TOTAL_VMS|Total: 6 vms
2015-10-03 14:22:31,119|273019|NODE_INFO|node-3.domain.tld: 0 State: down disabled
2015-10-03 14:22:31,121|273021|NODE_INFO|node-2.domain.tld: 3 State: up enabled
2015-10-03 14:22:31,121|273021|NODE_INFO|node-4.domain.tld: 3 State: up enabled
2015-10-03 14:22:31,964|273865|TOTAL_VMS|Total: 6 vms
2015-10-03 14:22:31,964|273865|NODE_INFO|node-3.domain.tld: 0 State: down disabled
2015-10-03 14:22:31,964|273865|NODE_INFO|node-2.domain.tld: 3 State: up enabled
2015-10-03 14:22:31,966|273866|NODE_INFO|node-4.domain.tld: 3 State: up enabled
2015-10-03 14:22:32,721|274621|TOTAL_VMS|Total: 6 vms
2015-10-03 14:22:32,721|274621|NODE_INFO|node-3.domain.tld: 0 State: down disabled
2015-10-03 14:22:32,721|274621|NODE_INFO|node-2.domain.tld: 3 State: up enabled
2015-10-03 14:22:32,723|274623|NODE_INFO|node-4.domain.tld: 3 State: up enabled
2015-10-03 14:22:32,910|274810|TOTAL_VMS|Total: 6 vms
2015-10-03 14:22:32,911|274811|NODE_INFO|node-3.domain.tld: 0 State: down disabled
2015-10-03 14:22:32,911|274811|NODE_INFO|node-2.domain.tld: 3 State: up enabled
2015-10-03 14:22:32,911|274811|NODE_INFO|node-4.domain.tld: 3 State: up enabled
2015-10-03 14:22:33,450|275351|TOTAL_VMS|Total: 6 vms
2015-10-03 14:22:33,450|275351|NODE_INFO|node-3.domain.tld: 0 State: down disabled
2015-10-03 14:22:33,450|275351|NODE_INFO|node-2.domain.tld: 3 State: up enabled
2015-10-03 14:22:33,451|275351|NODE_INFO|node-4.domain.tld: 3 State: up enabled
2015-10-03 14:22:42,900|284800|TOTAL_VMS|Total: 6 vms
2015-10-03 14:22:42,900|284800|NODE_INFO|node-3.domain.tld: 0 State: down disabled
2015-10-03 14:22:42,901|284801|NODE_INFO|node-2.domain.tld: 3 State: up enabled
2015-10-03 14:22:42,901|284801|NODE_INFO|node-4.domain.tld: 3 State: up enabled
2015-10-03 14:22:43,157|285057|TOTAL_VMS|Total: 6 vms
2015-10-03 14:22:43,157|285057|NODE_INFO|node-3.domain.tld: 0 State: down disabled
2015-10-03 14:22:43,157|285057|NODE_INFO|node-2.domain.tld: 3 State: up enabled
2015-10-03 14:22:43,157|285058|NODE_INFO|node-4.domain.tld: 3 State: up enabled
2015-10-03 14:22:43,696|285596|TOTAL_VMS|Total: 6 vms
2015-10-03 14:22:43,697|285597|NODE_INFO|node-3.domain.tld: 0 State: down disabled
2015-10-03 14:22:43,697|285597|NODE_INFO|node-2.domain.tld: 3 State: up enabled
2015-10-03 14:22:43,697|285597|NODE_INFO|node-4.domain.tld: 3 State: up enabled
2015-10-03 14:22:43,724|285625|TOTAL_VMS|Total: 6 vms
2015-10-03 14:22:43,726|285626|NODE_INFO|node-3.domain.tld: 0 State: down disabled
2015-10-03 14:22:43,726|285626|NODE_INFO|node-2.domain.tld: 3 State: up enabled
2015-10-03 14:22:43,726|285626|NODE_INFO|node-4.domain.tld: 3 State: up enabled
2015-10-03 14:22:52,497|294398|TOTAL_VMS|Total: 6 vms
2015-10-03 14:22:52,497|294398|NODE_INFO|node-3.domain.tld: 0 State: down disabled
2015-10-03 14:22:52,499|294399|NODE_INFO|node-2.domain.tld: 3 State: up enabled
2015-10-03 14:22:52,499|294399|NODE_INFO|node-4.domain.tld: 3 State: up enabled
2015-10-03 14:22:53,408|295309|TOTAL_VMS|Total: 6 vms
2015-10-03 14:22:53,408|295309|NODE_INFO|node-3.domain.tld: 0 State: down disabled
2015-10-03 14:22:53,410|295310|NODE_INFO|node-2.domain.tld: 3 State: up enabled
2015-10-03 14:22:53,410|295310|NODE_INFO|node-4.domain.tld: 3 State: up enabled
2015-10-03 14:22:53,937|295838|TOTAL_VMS|Total: 6 vms
2015-10-03 14:22:53,937|295838|NODE_INFO|node-3.domain.tld: 0 State: down disabled
2015-10-03 14:22:53,938|295838|NODE_INFO|node-2.domain.tld: 3 State: up enabled
2015-10-03 14:22:53,938|295838|NODE_INFO|node-4.domain.tld: 3 State: up enabled
2015-10-03 14:23:03,088|304988|TOTAL_VMS|Total: 6 vms
2015-10-03 14:23:03,088|304988|NODE_INFO|node-3.domain.tld: 0 State: down disabled
2015-10-03 14:23:03,088|304989|NODE_INFO|node-2.domain.tld: 3 State: up enabled
2015-10-03 14:23:03,088|304989|NODE_INFO|node-4.domain.tld: 3 State: up enabled
2015-10-03 14:23:03,168|305069|TOTAL_VMS|Total: 6 vms
2015-10-03 14:23:03,168|305069|NODE_INFO|node-3.domain.tld: 0 State: down disabled
2015-10-03 14:23:03,170|305070|NODE_INFO|node-2.domain.tld: 3 State: up enabled
2015-10-03 14:23:03,170|305070|NODE_INFO|node-4.domain.tld: 3 State: up enabled
2015-10-03 14:23:03,214|305115|TOTAL_VMS|Total: 6 vms
2015-10-03 14:23:03,216|305116|NODE_INFO|node-3.domain.tld: 0 State: down disabled
2015-10-03 14:23:03,216|305116|NODE_INFO|node-2.domain.tld: 3 State: up enabled
2015-10-03 14:23:03,216|305116|NODE_INFO|node-4.domain.tld: 3 State: up enabled
2015-10-03 14:23:03,270|305171|TOTAL_VMS|Total: 6 vms
2015-10-03 14:23:03,270|305171|NODE_INFO|node-3.domain.tld: 0 State: down disabled
2015-10-03 14:23:03,270|305171|NODE_INFO|node-2.domain.tld: 3 State: up enabled
2015-10-03 14:23:03,270|305171|NODE_INFO|node-4.domain.tld: 3 State: up enabled
2015-10-03 14:23:03,309|305210|TOTAL_VMS|Total: 6 vms
2015-10-03 14:23:03,309|305210|NODE_INFO|node-3.domain.tld: 0 State: down disabled
2015-10-03 14:23:03,311|305211|NODE_INFO|node-2.domain.tld: 3 State: up enabled
2015-10-03 14:23:03,311|305211|NODE_INFO|node-4.domain.tld: 3 State: up enabled
2015-10-03 14:23:03,417|305317|TOTAL_VMS|Total: 6 vms
2015-10-03 14:23:03,417|305317|NODE_INFO|node-3.domain.tld: 0 State: down disabled
2015-10-03 14:23:03,417|305317|NODE_INFO|node-2.domain.tld: 3 State: up enabled
2015-10-03 14:23:03,417|305317|NODE_INFO|node-4.domain.tld: 3 State: up enabled
2015-10-03 14:23:03,476|305377|TOTAL_VMS|Total: 6 vms
2015-10-03 14:23:03,477|305378|NODE_INFO|node-3.domain.tld: 0 State: down disabled
2015-10-03 14:23:03,477|305378|NODE_INFO|node-2.domain.tld: 3 State: up enabled
2015-10-03 14:23:03,477|305378|NODE_INFO|node-4.domain.tld: 3 State: up enabled
2015-10-03 14:23:03,640|305540|TOTAL_VMS|Total: 6 vms
2015-10-03 14:23:03,640|305540|NODE_INFO|node-3.domain.tld: 0 State: down disabled
2015-10-03 14:23:03,640|305540|NODE_INFO|node-2.domain.tld: 3 State: up enabled
2015-10-03 14:23:03,641|305541|NODE_INFO|node-4.domain.tld: 3 State: up enabled
2015-10-03 14:23:04,186|306086|TOTAL_VMS|Total: 6 vms
2015-10-03 14:23:04,187|306087|NODE_INFO|node-3.domain.tld: 0 State: down disabled
2015-10-03 14:23:04,187|306087|NODE_INFO|node-2.domain.tld: 3 State: up enabled
2015-10-03 14:23:04,187|306087|NODE_INFO|node-4.domain.tld: 3 State: up enabled
2015-10-03 14:23:13,910|315810|TOTAL_VMS|Total: 6 vms
2015-10-03 14:23:13,911|315811|NODE_INFO|node-3.domain.tld: 0 State: down disabled
2015-10-03 14:23:13,911|315811|NODE_INFO|node-2.domain.tld: 3 State: up enabled
2015-10-03 14:23:13,913|315813|NODE_INFO|node-4.domain.tld: 3 State: up enabled
2015-10-03 14:23:14,424|316324|TOTAL_VMS|Total: 6 vms
2015-10-03 14:23:14,424|316324|NODE_INFO|node-3.domain.tld: 0 State: down disabled
2015-10-03 14:23:14,424|316324|NODE_INFO|node-2.domain.tld: 3 State: up enabled
2015-10-03 14:23:14,424|316324|NODE_INFO|node-4.domain.tld: 3 State: up enabled
2015-10-03 14:23:18,747|320648|TOTAL_VMS|Total: 6 vms
2015-10-03 14:23:18,747|320648|NODE_INFO|node-3.domain.tld: 0 State: down disabled
2015-10-03 14:23:18,747|320648|NODE_INFO|node-2.domain.tld: 3 State: up enabled
2015-10-03 14:23:18,747|320648|NODE_INFO|node-4.domain.tld: 3 State: up enabled
2015-10-03 14:23:24,144|326045|TOTAL_VMS|Total: 6 vms
2015-10-03 14:23:24,144|326045|NODE_INFO|node-3.domain.tld: 0 State: down disabled
2015-10-03 14:23:24,144|326045|NODE_INFO|node-2.domain.tld: 3 State: up enabled
2015-10-03 14:23:24,144|326045|NODE_INFO|node-4.domain.tld: 3 State: up enabled
2015-10-03 14:23:24,667|326568|TOTAL_VMS|Total: 6 vms
2015-10-03 14:23:24,667|326568|NODE_INFO|node-3.domain.tld: 0 State: down disabled
2015-10-03 14:23:24,667|326568|NODE_INFO|node-2.domain.tld: 3 State: up enabled
2015-10-03 14:23:24,667|326568|NODE_INFO|node-4.domain.tld: 3 State: up enabled
2015-10-03 14:23:28,345|330245|TOTAL_VMS|Total: 6 vms
2015-10-03 14:23:28,345|330245|NODE_INFO|node-3.domain.tld: 0 State: down disabled
2015-10-03 14:23:28,345|330245|NODE_INFO|node-2.domain.tld: 3 State: up enabled
2015-10-03 14:23:28,345|330246|NODE_INFO|node-4.domain.tld: 3 State: up enabled
2015-10-03 14:23:29,335|331235|TOTAL_VMS|Total: 6 vms
2015-10-03 14:23:29,335|331236|NODE_INFO|node-3.domain.tld: 0 State: down disabled
2015-10-03 14:23:29,335|331236|NODE_INFO|node-2.domain.tld: 3 State: up enabled
2015-10-03 14:23:29,335|331236|NODE_INFO|node-4.domain.tld: 3 State: up enabled
2015-10-03 14:23:29,506|331407|TOTAL_VMS|Total: 6 vms
2015-10-03 14:23:29,507|331407|NODE_INFO|node-3.domain.tld: 0 State: down disabled
2015-10-03 14:23:29,507|331407|NODE_INFO|node-2.domain.tld: 3 State: up enabled
2015-10-03 14:23:29,507|331407|NODE_INFO|node-4.domain.tld: 3 State: up enabled
2015-10-03 14:23:29,543|331444|TOTAL_VMS|Total: 6 vms
2015-10-03 14:23:29,543|331444|NODE_INFO|node-3.domain.tld: 0 State: down disabled
2015-10-03 14:23:29,543|331444|NODE_INFO|node-2.domain.tld: 3 State: up enabled
2015-10-03 14:23:29,545|331445|NODE_INFO|node-4.domain.tld: 3 State: up enabled
2015-10-03 14:23:29,596|331496|TOTAL_VMS|Total: 6 vms
2015-10-03 14:23:29,596|331496|NODE_INFO|node-3.domain.tld: 0 State: down disabled
2015-10-03 14:23:29,596|331496|NODE_INFO|node-2.domain.tld: 3 State: up enabled
2015-10-03 14:23:29,596|331496|NODE_INFO|node-4.domain.tld: 3 State: up enabled
2015-10-03 14:23:29,630|331530|TOTAL_VMS|Total: 6 vms
2015-10-03 14:23:29,631|331531|NODE_INFO|node-3.domain.tld: 0 State: down disabled
2015-10-03 14:23:29,631|331531|NODE_INFO|node-2.domain.tld: 3 State: up enabled
2015-10-03 14:23:29,631|331531|NODE_INFO|node-4.domain.tld: 3 State: up enabled
2015-10-03 14:23:29,743|331644|TOTAL_VMS|Total: 6 vms
2015-10-03 14:23:29,743|331644|NODE_INFO|node-3.domain.tld: 0 State: down disabled
2015-10-03 14:23:29,743|331644|NODE_INFO|node-2.domain.tld: 3 State: up enabled
2015-10-03 14:23:29,744|331644|NODE_INFO|node-4.domain.tld: 3 State: up enabled
2015-10-03 14:23:29,821|331721|TOTAL_VMS|Total: 6 vms
2015-10-03 14:23:29,822|331722|NODE_INFO|node-3.domain.tld: 0 State: down disabled
2015-10-03 14:23:29,822|331722|NODE_INFO|node-2.domain.tld: 3 State: up enabled
2015-10-03 14:23:29,822|331722|NODE_INFO|node-4.domain.tld: 3 State: up enabled
2015-10-03 14:23:34,388|336289|TOTAL_VMS|Total: 6 vms
2015-10-03 14:23:34,388|336289|NODE_INFO|node-3.domain.tld: 0 State: down disabled
2015-10-03 14:23:34,390|336290|NODE_INFO|node-2.domain.tld: 3 State: up enabled
2015-10-03 14:23:34,390|336290|NODE_INFO|node-4.domain.tld: 3 State: up enabled
2015-10-03 14:23:34,499|336399|TOTAL_VMS|Total: 6 vms
2015-10-03 14:23:34,500|336400|NODE_INFO|node-3.domain.tld: 0 State: down disabled
2015-10-03 14:23:34,500|336400|NODE_INFO|node-2.domain.tld: 3 State: up enabled
2015-10-03 14:23:34,500|336400|NODE_INFO|node-4.domain.tld: 3 State: up enabled
2015-10-03 14:23:34,914|336815|TOTAL_VMS|Total: 6 vms
2015-10-03 14:23:34,914|336815|NODE_INFO|node-3.domain.tld: 0 State: down disabled
2015-10-03 14:23:34,914|336815|NODE_INFO|node-2.domain.tld: 3 State: up enabled
2015-10-03 14:23:34,914|336815|NODE_INFO|node-4.domain.tld: 3 State: up enabled
2015-10-03 14:23:35,469|337369|TOTAL_VMS|Total: 6 vms
2015-10-03 14:23:35,469|337369|NODE_INFO|node-3.domain.tld: 0 State: down disabled
2015-10-03 14:23:35,469|337369|NODE_INFO|node-2.domain.tld: 3 State: up enabled
2015-10-03 14:23:35,470|337370|NODE_INFO|node-4.domain.tld: 3 State: up enabled
2015-10-03 14:23:44,644|346545|TOTAL_VMS|Total: 6 vms
2015-10-03 14:23:44,645|346546|NODE_INFO|node-3.domain.tld: 0 State: down disabled
2015-10-03 14:23:44,645|346546|NODE_INFO|node-2.domain.tld: 3 State: up enabled
2015-10-03 14:23:44,645|346546|NODE_INFO|node-4.domain.tld: 3 State: up enabled
2015-10-03 14:23:45,155|347055|TOTAL_VMS|Total: 6 vms
2015-10-03 14:23:45,157|347057|NODE_INFO|node-3.domain.tld: 0 State: down disabled
2015-10-03 14:23:45,157|347057|NODE_INFO|node-2.domain.tld: 3 State: up enabled
2015-10-03 14:23:45,157|347057|NODE_INFO|node-4.domain.tld: 3 State: up enabled
2015-10-03 14:23:46,404|348304|TOTAL_VMS|Total: 6 vms
2015-10-03 14:23:46,404|348304|NODE_INFO|node-3.domain.tld: 0 State: down disabled
2015-10-03 14:23:46,404|348304|NODE_INFO|node-2.domain.tld: 3 State: up enabled
2015-10-03 14:23:46,404|348304|NODE_INFO|node-4.domain.tld: 3 State: up enabled
2015-10-03 14:23:46,996|348897|TOTAL_VMS|Total: 6 vms
2015-10-03 14:23:46,996|348897|NODE_INFO|node-3.domain.tld: 0 State: down disabled
2015-10-03 14:23:46,997|348898|NODE_INFO|node-2.domain.tld: 3 State: up enabled
2015-10-03 14:23:46,997|348898|NODE_INFO|node-4.domain.tld: 3 State: up enabled
2015-10-03 14:23:54,878|356779|TOTAL_VMS|Total: 6 vms
2015-10-03 14:23:54,878|356779|NODE_INFO|node-3.domain.tld: 0 State: down disabled
2015-10-03 14:23:54,878|356779|NODE_INFO|node-2.domain.tld: 3 State: up enabled
2015-10-03 14:23:54,880|356780|NODE_INFO|node-4.domain.tld: 3 State: up enabled
2015-10-03 14:23:55,395|357296|TOTAL_VMS|Total: 6 vms
2015-10-03 14:23:55,397|357297|NODE_INFO|node-3.domain.tld: 0 State: down disabled
2015-10-03 14:23:55,397|357297|NODE_INFO|node-2.domain.tld: 3 State: up enabled
2015-10-03 14:23:55,397|357297|NODE_INFO|node-4.domain.tld: 3 State: up enabled
2015-10-03 14:23:56,012|357912|TOTAL_VMS|Total: 6 vms
2015-10-03 14:23:56,012|357912|NODE_INFO|node-3.domain.tld: 0 State: down disabled
2015-10-03 14:23:56,012|357912|NODE_INFO|node-2.domain.tld: 3 State: up enabled
2015-10-03 14:23:56,012|357912|NODE_INFO|node-4.domain.tld: 3 State: up enabled
2015-10-03 14:24:05,118|367018|TOTAL_VMS|Total: 6 vms
2015-10-03 14:24:05,118|367018|NODE_INFO|node-3.domain.tld: 0 State: down disabled
2015-10-03 14:24:05,118|367018|NODE_INFO|node-2.domain.tld: 3 State: up enabled
2015-10-03 14:24:05,118|367019|NODE_INFO|node-4.domain.tld: 3 State: up enabled
2015-10-03 14:24:05,476|367377|TOTAL_VMS|Total: 6 vms
2015-10-03 14:24:05,477|367378|NODE_INFO|node-3.domain.tld: 0 State: down disabled
2015-10-03 14:24:05,477|367378|NODE_INFO|node-2.domain.tld: 3 State: up enabled
2015-10-03 14:24:05,479|367379|NODE_INFO|node-4.domain.tld: 3 State: up enabled
2015-10-03 14:24:05,644|367545|TOTAL_VMS|Total: 6 vms
2015-10-03 14:24:05,644|367545|NODE_INFO|node-3.domain.tld: 0 State: down disabled
2015-10-03 14:24:05,644|367545|NODE_INFO|node-2.domain.tld: 3 State: up enabled
2015-10-03 14:24:05,644|367545|NODE_INFO|node-4.domain.tld: 3 State: up enabled
2015-10-03 14:24:05,661|367561|TOTAL_VMS|Total: 6 vms
2015-10-03 14:24:05,661|367561|NODE_INFO|node-3.domain.tld: 0 State: down disabled
2015-10-03 14:24:05,661|367562|NODE_INFO|node-2.domain.tld: 3 State: up enabled
2015-10-03 14:24:05,661|367562|NODE_INFO|node-4.domain.tld: 3 State: up enabled
2015-10-03 14:24:05,931|367832|TOTAL_VMS|Total: 6 vms
2015-10-03 14:24:05,933|367833|NODE_INFO|node-3.domain.tld: 0 State: down disabled
2015-10-03 14:24:05,933|367833|NODE_INFO|node-2.domain.tld: 3 State: up enabled
2015-10-03 14:24:05,933|367833|NODE_INFO|node-4.domain.tld: 3 State: up enabled
2015-10-03 14:24:05,990|367890|TOTAL_VMS|Total: 6 vms
2015-10-03 14:24:05,990|367890|NODE_INFO|node-3.domain.tld: 0 State: down disabled
2015-10-03 14:24:05,990|367891|NODE_INFO|node-2.domain.tld: 3 State: up enabled
2015-10-03 14:24:05,990|367891|NODE_INFO|node-4.domain.tld: 3 State: up enabled
2015-10-03 14:24:06,045|367945|TOTAL_VMS|Total: 6 vms
2015-10-03 14:24:06,046|367946|NODE_INFO|node-3.domain.tld: 0 State: down disabled
2015-10-03 14:24:06,046|367946|NODE_INFO|node-2.domain.tld: 3 State: up enabled
2015-10-03 14:24:06,046|367946|NODE_INFO|node-4.domain.tld: 3 State: up enabled
2015-10-03 14:24:06,121|368021|TOTAL_VMS|Total: 6 vms
2015-10-03 14:24:06,121|368022|NODE_INFO|node-3.domain.tld: 0 State: down disabled
2015-10-03 14:24:06,121|368022|NODE_INFO|node-2.domain.tld: 3 State: up enabled
2015-10-03 14:24:06,121|368022|NODE_INFO|node-4.domain.tld: 3 State: up enabled
2015-10-03 14:24:06,221|368121|TOTAL_VMS|Total: 6 vms
2015-10-03 14:24:06,223|368123|NODE_INFO|node-3.domain.tld: 0 State: down disabled
2015-10-03 14:24:06,223|368123|NODE_INFO|node-2.domain.tld: 3 State: up enabled
2015-10-03 14:24:06,223|368123|NODE_INFO|node-4.domain.tld: 3 State: up enabled
2015-10-03 14:24:06,305|368206|TOTAL_VMS|Total: 6 vms
2015-10-03 14:24:06,306|368207|NODE_INFO|node-3.domain.tld: 0 State: down disabled
2015-10-03 14:24:06,306|368207|NODE_INFO|node-2.domain.tld: 3 State: up enabled
2015-10-03 14:24:06,306|368207|NODE_INFO|node-4.domain.tld: 3 State: up enabled
2015-10-03 14:24:15,358|377258|TOTAL_VMS|Total: 6 vms
2015-10-03 14:24:15,358|377258|NODE_INFO|node-3.domain.tld: 0 State: down disabled
2015-10-03 14:24:15,358|377258|NODE_INFO|node-2.domain.tld: 3 State: up enabled
2015-10-03 14:24:15,358|377258|NODE_INFO|node-4.domain.tld: 3 State: up enabled
2015-10-03 14:24:15,885|377786|TOTAL_VMS|Total: 6 vms
2015-10-03 14:24:15,885|377786|NODE_INFO|node-3.domain.tld: 0 State: down disabled
2015-10-03 14:24:15,885|377786|NODE_INFO|node-2.domain.tld: 3 State: up enabled
2015-10-03 14:24:15,887|377787|NODE_INFO|node-4.domain.tld: 3 State: up enabled
2015-10-03 14:24:22,255|384155|TOTAL_VMS|Total: 6 vms
2015-10-03 14:24:22,255|384155|NODE_INFO|node-3.domain.tld: 0 State: down disabled
2015-10-03 14:24:22,255|384155|NODE_INFO|node-2.domain.tld: 3 State: up enabled
2015-10-03 14:24:22,256|384156|NODE_INFO|node-4.domain.tld: 3 State: up enabled
2015-10-03 14:24:25,598|387498|TOTAL_VMS|Total: 6 vms
2015-10-03 14:24:25,598|387499|NODE_INFO|node-3.domain.tld: 0 State: down disabled
2015-10-03 14:24:25,598|387499|NODE_INFO|node-2.domain.tld: 3 State: up enabled
2015-10-03 14:24:25,598|387499|NODE_INFO|node-4.domain.tld: 3 State: up enabled
2015-10-03 14:24:26,127|388027|TOTAL_VMS|Total: 6 vms
2015-10-03 14:24:26,128|388028|NODE_INFO|node-3.domain.tld: 0 State: down disabled
2015-10-03 14:24:26,128|388028|NODE_INFO|node-2.domain.tld: 3 State: up enabled
2015-10-03 14:24:26,128|388028|NODE_INFO|node-4.domain.tld: 3 State: up enabled
2015-10-03 14:24:32,868|394768|TOTAL_VMS|Total: 6 vms
2015-10-03 14:24:32,868|394768|NODE_INFO|node-3.domain.tld: 0 State: down disabled
2015-10-03 14:24:32,868|394768|NODE_INFO|node-2.domain.tld: 3 State: up enabled
2015-10-03 14:24:32,868|394768|NODE_INFO|node-4.domain.tld: 3 State: up enabled
2015-10-03 14:24:32,990|394890|TOTAL_VMS|Total: 6 vms
2015-10-03 14:24:32,990|394891|NODE_INFO|node-3.domain.tld: 0 State: down disabled
2015-10-03 14:24:32,990|394891|NODE_INFO|node-2.domain.tld: 3 State: up enabled
2015-10-03 14:24:32,990|394891|NODE_INFO|node-4.domain.tld: 3 State: up enabled
2015-10-03 14:24:33,052|394952|TOTAL_VMS|Total: 6 vms
2015-10-03 14:24:33,052|394952|NODE_INFO|node-3.domain.tld: 0 State: down disabled
2015-10-03 14:24:33,052|394952|NODE_INFO|node-2.domain.tld: 3 State: up enabled
2015-10-03 14:24:33,052|394952|NODE_INFO|node-4.domain.tld: 3 State: up enabled
2015-10-03 14:24:33,088|394989|TOTAL_VMS|Total: 6 vms
2015-10-03 14:24:33,088|394989|NODE_INFO|node-3.domain.tld: 0 State: down disabled
2015-10-03 14:24:33,088|394989|NODE_INFO|node-2.domain.tld: 3 State: up enabled
2015-10-03 14:24:33,089|394990|NODE_INFO|node-4.domain.tld: 3 State: up enabled
2015-10-03 14:24:33,121|395022|TOTAL_VMS|Total: 6 vms
2015-10-03 14:24:33,121|395022|NODE_INFO|node-3.domain.tld: 0 State: down disabled
2015-10-03 14:24:33,121|395022|NODE_INFO|node-2.domain.tld: 3 State: up enabled
2015-10-03 14:24:33,122|395023|NODE_INFO|node-4.domain.tld: 3 State: up enabled
2015-10-03 14:24:33,256|395156|TOTAL_VMS|Total: 6 vms
2015-10-03 14:24:33,256|395157|NODE_INFO|node-3.domain.tld: 0 State: down disabled
2015-10-03 14:24:33,256|395157|NODE_INFO|node-2.domain.tld: 3 State: up enabled
2015-10-03 14:24:33,257|395157|NODE_INFO|node-4.domain.tld: 3 State: up enabled
2015-10-03 14:24:33,329|395230|TOTAL_VMS|Total: 6 vms
2015-10-03 14:24:33,329|395230|NODE_INFO|node-3.domain.tld: 0 State: down disabled
2015-10-03 14:24:33,329|395230|NODE_INFO|node-2.domain.tld: 3 State: up enabled
2015-10-03 14:24:33,331|395231|NODE_INFO|node-4.domain.tld: 3 State: up enabled
2015-10-03 14:24:35,846|397746|TOTAL_VMS|Total: 6 vms
2015-10-03 14:24:35,846|397746|NODE_INFO|node-3.domain.tld: 0 State: down disabled
2015-10-03 14:24:35,846|397746|NODE_INFO|node-2.domain.tld: 3 State: up enabled
2015-10-03 14:24:35,846|397746|NODE_INFO|node-4.domain.tld: 3 State: up enabled
2015-10-03 14:24:35,982|397882|TOTAL_VMS|Total: 6 vms
2015-10-03 14:24:35,983|397883|NODE_INFO|node-3.domain.tld: 0 State: down disabled
2015-10-03 14:24:35,983|397883|NODE_INFO|node-2.domain.tld: 3 State: up enabled
2015-10-03 14:24:35,983|397883|NODE_INFO|node-4.domain.tld: 3 State: up enabled
2015-10-03 14:24:36,371|398271|TOTAL_VMS|Total: 6 vms
2015-10-03 14:24:36,371|398271|NODE_INFO|node-3.domain.tld: 0 State: down disabled
2015-10-03 14:24:36,371|398271|NODE_INFO|node-2.domain.tld: 3 State: up enabled
2015-10-03 14:24:36,371|398271|NODE_INFO|node-4.domain.tld: 3 State: up enabled
2015-10-03 14:24:36,796|398696|TOTAL_VMS|Total: 6 vms
2015-10-03 14:24:36,796|398696|NODE_INFO|node-3.domain.tld: 0 State: down disabled
2015-10-03 14:24:36,796|398696|NODE_INFO|node-2.domain.tld: 3 State: up enabled
2015-10-03 14:24:36,796|398697|NODE_INFO|node-4.domain.tld: 3 State: up enabled
2015-10-03 14:24:46,105|408005|TOTAL_VMS|Total: 6 vms
2015-10-03 14:24:46,105|408005|NODE_INFO|node-3.domain.tld: 0 State: down disabled
2015-10-03 14:24:46,105|408005|NODE_INFO|node-2.domain.tld: 3 State: up enabled
2015-10-03 14:24:46,105|408005|NODE_INFO|node-4.domain.tld: 3 State: up enabled
2015-10-03 14:24:46,657|408558|TOTAL_VMS|Total: 6 vms
2015-10-03 14:24:46,658|408559|NODE_INFO|node-3.domain.tld: 0 State: down disabled
2015-10-03 14:24:46,658|408559|NODE_INFO|node-2.domain.tld: 3 State: up enabled
2015-10-03 14:24:46,660|408560|NODE_INFO|node-4.domain.tld: 3 State: up enabled
2015-10-03 14:24:49,917|411818|TOTAL_VMS|Total: 6 vms
2015-10-03 14:24:49,917|411818|NODE_INFO|node-3.domain.tld: 0 State: down disabled
2015-10-03 14:24:49,917|411818|NODE_INFO|node-2.domain.tld: 3 State: up enabled
2015-10-03 14:24:49,917|411818|NODE_INFO|node-4.domain.tld: 3 State: up enabled
2015-10-03 14:24:50,049|411950|TOTAL_VMS|Total: 6 vms
2015-10-03 14:24:50,049|411950|NODE_INFO|node-3.domain.tld: 0 State: down disabled
2015-10-03 14:24:50,049|411950|NODE_INFO|node-2.domain.tld: 3 State: up enabled
2015-10-03 14:24:50,049|411950|NODE_INFO|node-4.domain.tld: 3 State: up enabled
2015-10-03 14:24:50,927|412828|TOTAL_VMS|Total: 6 vms
2015-10-03 14:24:50,927|412828|NODE_INFO|node-3.domain.tld: 0 State: down disabled
2015-10-03 14:24:50,927|412828|NODE_INFO|node-2.domain.tld: 3 State: up enabled
2015-10-03 14:24:50,928|412828|NODE_INFO|node-4.domain.tld: 3 State: up enabled
2015-10-03 14:24:52,407|414307|TOTAL_VMS|Total: 6 vms
2015-10-03 14:24:52,407|414308|NODE_INFO|node-3.domain.tld: 0 State: down disabled
2015-10-03 14:24:52,407|414308|NODE_INFO|node-2.domain.tld: 3 State: up enabled
2015-10-03 14:24:52,407|414308|NODE_INFO|node-4.domain.tld: 3 State: up enabled
2015-10-03 14:24:54,269|416170|SYS_INFO|Initializing RabbitMQMessageService
2015-10-03 14:24:54,276|416177|SYS_INFO|Collecting information about compute nodes
2015-10-03 14:24:55,865|417766|SYS_INFO|Collecting information about services
2015-10-03 14:24:58,382|420282|SYS_INFO|Collecting information about VMs
2015-10-03 14:25:01,740|423641|SYS_INFO|Processing collected data
2015-10-03 14:25:01,746|423646|SYS_INFO|Instance: random-0, 1443784067.18 State: active
2015-10-03 14:25:01,746|423646|SYS_INFO|New task: None Old task: None
2015-10-03 14:25:01,746|423646|VM_INFO|Host: node-4 Name: random-0, 1443784067.18 State: active New_task: None
2015-10-03 14:25:01,746|423647|SYS_INFO|Instance: random-1, 1443784076.13 State: active
2015-10-03 14:25:01,746|423647|SYS_INFO|New task: None Old task: None
2015-10-03 14:25:01,746|423647|VM_INFO|Host: node-4 Name: random-1, 1443784076.13 State: active New_task: None
2015-10-03 14:25:01,746|423647|SYS_INFO|Instance: random 01443771998.4 State: active
2015-10-03 14:25:01,746|423647|SYS_INFO|New task: None Old task: None
2015-10-03 14:25:01,747|423648|VM_INFO|Host: node-2 Name: random 01443771998.4 State: active New_task: None
2015-10-03 14:25:01,747|423648|SYS_INFO|Instance: random 01443772221.06 State: active
2015-10-03 14:25:01,747|423648|SYS_INFO|New task: None Old task: None
2015-10-03 14:25:01,747|423648|VM_INFO|Host: node-4 Name: random 01443772221.06 State: active New_task: None
2015-10-03 14:25:01,749|423649|SYS_INFO|Instance: random-0, 1443783433.09 State: active
2015-10-03 14:25:01,749|423649|SYS_INFO|New task: None Old task: None
2015-10-03 14:25:01,749|423649|VM_INFO|Host: node-2 Name: random-0, 1443783433.09 State: active New_task: None
2015-10-03 14:25:01,750|423650|SYS_INFO|Instance: random-2, 1443782088.4 State: active
2015-10-03 14:25:01,750|423650|SYS_INFO|New task: None Old task: None
2015-10-03 14:25:01,750|423650|VM_INFO|Host: node-2 Name: random-2, 1443782088.4 State: active New_task: None
2015-10-03 14:25:01,750|423651|SYS_INFO|Sorting hosts overload
2015-10-03 14:25:01,752|423652|SYS_INFO|Searching for the most overloaded host
2015-10-03 14:25:01,752|423652|SYS_INFO|Found host node-2.domain.tld
2015-10-03 14:25:01,752|423652|SYS_INFO|Found instance to migrate random 01443771998.4
2015-10-03 14:25:01,753|423653|SYS_INFO|Scheduled periodic check for 180 sec
2015-10-03 14:25:01,753|423654|SYS_INFO|Not available host
2015-10-03 14:25:01,753|423654|SYS_INFO|Found instance to migrate random-0, 1443783433.09
2015-10-03 14:25:01,753|423654|SYS_INFO|Not available host
2015-10-03 14:25:01,755|423655|SYS_INFO|Found instance to migrate random-2, 1443782088.4
2015-10-03 14:25:01,755|423655|SYS_INFO|Not available host
2015-10-03 14:25:01,756|423656|TOTAL_VMS|Total: 6 vms
2015-10-03 14:25:01,756|423656|NODE_INFO|node-3.domain.tld: 0 State: down disabled
2015-10-03 14:25:01,756|423656|NODE_INFO|node-2.domain.tld: 3 State: up enabled
2015-10-03 14:25:01,756|423657|NODE_INFO|node-4.domain.tld: 3 State: up enabled
2015-10-03 14:25:01,757|423657|TOTAL_VMS|Total: 6 vms
2015-10-03 14:25:01,759|423659|NODE_INFO|node-3.domain.tld: 0 State: down disabled
2015-10-03 14:25:01,759|423659|NODE_INFO|node-2.domain.tld: 3 State: up enabled
2015-10-03 14:25:01,759|423660|NODE_INFO|node-4.domain.tld: 3 State: up enabled
2015-10-03 14:25:01,759|423660|TOTAL_VMS|Total: 6 vms
2015-10-03 14:25:01,760|423661|NODE_INFO|node-3.domain.tld: 0 State: down disabled
2015-10-03 14:25:01,760|423661|NODE_INFO|node-2.domain.tld: 3 State: up enabled
2015-10-03 14:25:01,762|423662|NODE_INFO|node-4.domain.tld: 3 State: up enabled
2015-10-03 14:25:06,586|428486|TOTAL_VMS|Total: 6 vms
2015-10-03 14:25:06,588|428488|NODE_INFO|node-3.domain.tld: 0 State: down disabled
2015-10-03 14:25:06,588|428488|NODE_INFO|node-2.domain.tld: 3 State: up enabled
2015-10-03 14:25:06,588|428488|NODE_INFO|node-4.domain.tld: 3 State: up enabled
2015-10-03 14:25:07,107|429007|TOTAL_VMS|Total: 6 vms
2015-10-03 14:25:07,108|429008|NODE_INFO|node-3.domain.tld: 0 State: down disabled
2015-10-03 14:25:07,108|429008|NODE_INFO|node-2.domain.tld: 3 State: up enabled
2015-10-03 14:25:07,108|429008|NODE_INFO|node-4.domain.tld: 3 State: up enabled
2015-10-03 14:25:08,069|429970|TOTAL_VMS|Total: 6 vms
2015-10-03 14:25:08,071|429971|NODE_INFO|node-3.domain.tld: 0 State: down disabled
2015-10-03 14:25:08,071|429971|NODE_INFO|node-2.domain.tld: 3 State: up enabled
2015-10-03 14:25:08,071|429971|NODE_INFO|node-4.domain.tld: 3 State: up enabled
2015-10-03 14:25:08,157|430058|TOTAL_VMS|Total: 6 vms
2015-10-03 14:25:08,157|430058|NODE_INFO|node-3.domain.tld: 0 State: down disabled
2015-10-03 14:25:08,158|430059|NODE_INFO|node-2.domain.tld: 3 State: up enabled
2015-10-03 14:25:08,158|430059|NODE_INFO|node-4.domain.tld: 3 State: up enabled
2015-10-03 14:25:08,200|430100|TOTAL_VMS|Total: 6 vms
2015-10-03 14:25:08,200|430100|NODE_INFO|node-3.domain.tld: 0 State: down disabled
2015-10-03 14:25:08,200|430100|NODE_INFO|node-2.domain.tld: 3 State: up enabled
2015-10-03 14:25:08,200|430101|NODE_INFO|node-4.domain.tld: 3 State: up enabled
2015-10-03 14:25:08,233|430133|TOTAL_VMS|Total: 6 vms
2015-10-03 14:25:08,233|430134|NODE_INFO|node-3.domain.tld: 0 State: down disabled
2015-10-03 14:25:08,233|430134|NODE_INFO|node-2.domain.tld: 3 State: up enabled
2015-10-03 14:25:08,233|430134|NODE_INFO|node-4.domain.tld: 3 State: up enabled
2015-10-03 14:25:08,269|430170|TOTAL_VMS|Total: 6 vms
2015-10-03 14:25:08,270|430171|NODE_INFO|node-3.domain.tld: 0 State: down disabled
2015-10-03 14:25:08,270|430171|NODE_INFO|node-2.domain.tld: 3 State: up enabled
2015-10-03 14:25:08,270|430171|NODE_INFO|node-4.domain.tld: 3 State: up enabled
2015-10-03 14:25:08,387|430287|TOTAL_VMS|Total: 6 vms
2015-10-03 14:25:08,387|430287|NODE_INFO|node-3.domain.tld: 0 State: down disabled
2015-10-03 14:25:08,387|430287|NODE_INFO|node-2.domain.tld: 3 State: up enabled
2015-10-03 14:25:08,387|430287|NODE_INFO|node-4.domain.tld: 3 State: up enabled
2015-10-03 14:25:08,578|430478|TOTAL_VMS|Total: 6 vms
2015-10-03 14:25:08,578|430478|NODE_INFO|node-3.domain.tld: 0 State: down disabled
2015-10-03 14:25:08,578|430479|NODE_INFO|node-2.domain.tld: 3 State: up enabled
2015-10-03 14:25:08,578|430479|NODE_INFO|node-4.domain.tld: 3 State: up enabled
2015-10-03 14:25:16,825|438725|TOTAL_VMS|Total: 6 vms
2015-10-03 14:25:16,825|438725|NODE_INFO|node-3.domain.tld: 0 State: down disabled
2015-10-03 14:25:16,825|438725|NODE_INFO|node-2.domain.tld: 3 State: up enabled
2015-10-03 14:25:16,825|438725|NODE_INFO|node-4.domain.tld: 3 State: up enabled
2015-10-03 14:25:17,345|439245|TOTAL_VMS|Total: 6 vms
2015-10-03 14:25:17,345|439246|NODE_INFO|node-3.domain.tld: 0 State: down disabled
2015-10-03 14:25:17,345|439246|NODE_INFO|node-2.domain.tld: 3 State: up enabled
2015-10-03 14:25:17,345|439246|NODE_INFO|node-4.domain.tld: 3 State: up enabled
2015-10-03 14:25:23,717|445617|TOTAL_VMS|Total: 6 vms
2015-10-03 14:25:23,717|445618|NODE_INFO|node-3.domain.tld: 0 State: down disabled
2015-10-03 14:25:23,717|445618|NODE_INFO|node-2.domain.tld: 3 State: up enabled
2015-10-03 14:25:23,717|445618|NODE_INFO|node-4.domain.tld: 3 State: up enabled
2015-10-03 14:25:27,069|448969|TOTAL_VMS|Total: 6 vms
2015-10-03 14:25:27,069|448970|NODE_INFO|node-3.domain.tld: 0 State: down disabled
2015-10-03 14:25:27,069|448970|NODE_INFO|node-2.domain.tld: 3 State: up enabled
2015-10-03 14:25:27,069|448970|NODE_INFO|node-4.domain.tld: 3 State: up enabled
2015-10-03 14:25:27,588|449489|TOTAL_VMS|Total: 6 vms
2015-10-03 14:25:27,589|449490|NODE_INFO|node-3.domain.tld: 0 State: down disabled
2015-10-03 14:25:27,589|449490|NODE_INFO|node-2.domain.tld: 3 State: up enabled
2015-10-03 14:25:27,589|449490|NODE_INFO|node-4.domain.tld: 3 State: up enabled
2015-10-03 14:25:36,407|458308|TOTAL_VMS|Total: 6 vms
2015-10-03 14:25:36,407|458308|NODE_INFO|node-3.domain.tld: 0 State: down disabled
2015-10-03 14:25:36,407|458308|NODE_INFO|node-2.domain.tld: 3 State: up enabled
2015-10-03 14:25:36,408|458309|NODE_INFO|node-4.domain.tld: 3 State: up enabled
2015-10-03 14:25:36,517|458417|TOTAL_VMS|Total: 6 vms
2015-10-03 14:25:36,517|458417|NODE_INFO|node-3.domain.tld: 0 State: down disabled
2015-10-03 14:25:36,517|458417|NODE_INFO|node-2.domain.tld: 3 State: up enabled
2015-10-03 14:25:36,519|458419|NODE_INFO|node-4.domain.tld: 3 State: up enabled
2015-10-03 14:25:36,565|458466|TOTAL_VMS|Total: 6 vms
2015-10-03 14:25:36,565|458466|NODE_INFO|node-3.domain.tld: 0 State: down disabled
2015-10-03 14:25:36,566|458467|NODE_INFO|node-2.domain.tld: 3 State: up enabled
2015-10-03 14:25:36,566|458467|NODE_INFO|node-4.domain.tld: 3 State: up enabled
2015-10-03 14:25:36,601|458501|TOTAL_VMS|Total: 6 vms
2015-10-03 14:25:36,601|458502|NODE_INFO|node-3.domain.tld: 0 State: down disabled
2015-10-03 14:25:36,601|458502|NODE_INFO|node-2.domain.tld: 3 State: up enabled
2015-10-03 14:25:36,601|458502|NODE_INFO|node-4.domain.tld: 3 State: up enabled
2015-10-03 14:25:36,637|458537|TOTAL_VMS|Total: 6 vms
2015-10-03 14:25:36,637|458537|NODE_INFO|node-3.domain.tld: 0 State: down disabled
2015-10-03 14:25:36,637|458537|NODE_INFO|node-2.domain.tld: 3 State: up enabled
2015-10-03 14:25:36,637|458537|NODE_INFO|node-4.domain.tld: 3 State: up enabled
2015-10-03 14:25:36,717|458617|TOTAL_VMS|Total: 6 vms
2015-10-03 14:25:36,717|458618|NODE_INFO|node-3.domain.tld: 0 State: down disabled
2015-10-03 14:25:36,717|458618|NODE_INFO|node-2.domain.tld: 3 State: up enabled
2015-10-03 14:25:36,717|458618|NODE_INFO|node-4.domain.tld: 3 State: up enabled
2015-10-03 14:25:36,811|458711|TOTAL_VMS|Total: 6 vms
2015-10-03 14:25:36,811|458711|NODE_INFO|node-3.domain.tld: 0 State: down disabled
2015-10-03 14:25:36,811|458711|NODE_INFO|node-2.domain.tld: 3 State: up enabled
2015-10-03 14:25:36,811|458711|NODE_INFO|node-4.domain.tld: 3 State: up enabled
2015-10-03 14:25:37,305|459206|TOTAL_VMS|Total: 6 vms
2015-10-03 14:25:37,306|459207|NODE_INFO|node-3.domain.tld: 0 State: down disabled
2015-10-03 14:25:37,306|459207|NODE_INFO|node-2.domain.tld: 3 State: up enabled
2015-10-03 14:25:37,306|459207|NODE_INFO|node-4.domain.tld: 3 State: up enabled
2015-10-03 14:25:37,835|459735|TOTAL_VMS|Total: 6 vms
2015-10-03 14:25:37,835|459735|NODE_INFO|node-3.domain.tld: 0 State: down disabled
2015-10-03 14:25:37,835|459735|NODE_INFO|node-2.domain.tld: 3 State: up enabled
2015-10-03 14:25:37,835|459735|NODE_INFO|node-4.domain.tld: 3 State: up enabled
2015-10-03 14:25:39,467|461367|TOTAL_VMS|Total: 6 vms
2015-10-03 14:25:39,467|461367|NODE_INFO|node-3.domain.tld: 0 State: down disabled
2015-10-03 14:25:39,467|461368|NODE_INFO|node-2.domain.tld: 3 State: up enabled
2015-10-03 14:25:39,467|461368|NODE_INFO|node-4.domain.tld: 3 State: up enabled
2015-10-03 14:25:39,677|461578|TOTAL_VMS|Total: 6 vms
2015-10-03 14:25:39,678|461578|NODE_INFO|node-3.domain.tld: 0 State: down disabled
2015-10-03 14:25:39,678|461578|NODE_INFO|node-2.domain.tld: 3 State: up enabled
2015-10-03 14:25:39,678|461578|NODE_INFO|node-4.domain.tld: 3 State: up enabled
2015-10-03 14:25:40,336|462236|TOTAL_VMS|Total: 6 vms
2015-10-03 14:25:40,336|462236|NODE_INFO|node-3.domain.tld: 0 State: down disabled
2015-10-03 14:25:40,336|462236|NODE_INFO|node-2.domain.tld: 3 State: up enabled
2015-10-03 14:25:40,336|462236|NODE_INFO|node-4.domain.tld: 3 State: up enabled
2015-10-03 14:25:40,720|462621|TOTAL_VMS|Total: 6 vms
2015-10-03 14:25:40,720|462621|NODE_INFO|node-3.domain.tld: 0 State: down disabled
2015-10-03 14:25:40,720|462621|NODE_INFO|node-2.domain.tld: 3 State: up enabled
2015-10-03 14:25:40,720|462621|NODE_INFO|node-4.domain.tld: 3 State: up enabled
2015-10-03 14:25:47,572|469472|TOTAL_VMS|Total: 6 vms
2015-10-03 14:25:47,572|469472|NODE_INFO|node-3.domain.tld: 0 State: down disabled
2015-10-03 14:25:47,572|469472|NODE_INFO|node-2.domain.tld: 3 State: up enabled
2015-10-03 14:25:47,572|469473|NODE_INFO|node-4.domain.tld: 3 State: up enabled
2015-10-03 14:25:48,072|469973|TOTAL_VMS|Total: 6 vms
2015-10-03 14:25:48,073|469973|NODE_INFO|node-3.domain.tld: 0 State: down disabled
2015-10-03 14:25:48,073|469973|NODE_INFO|node-2.domain.tld: 3 State: up enabled
2015-10-03 14:25:48,073|469973|NODE_INFO|node-4.domain.tld: 3 State: up enabled
2015-10-03 14:25:51,194|473095|SYS_INFO|Connection closed
