2015-10-06 01:26:36,073|1591|SYS_INFO|Initializing RabbitMQMessageService
2015-10-06 01:26:36,246|1764|SYS_INFO|Collecting information about compute nodes
2015-10-06 01:26:37,492|3009|SYS_INFO|Collecting information about services
2015-10-06 01:26:38,989|4506|SYS_INFO|Collecting information about VMs
2015-10-06 01:26:40,924|6442|SYS_INFO|Processing collected data
2015-10-06 01:26:40,926|6444|SYS_INFO|node-3.domain.tld MW: 330.231621349 MWMI: 330.231621349
2015-10-06 01:26:40,926|6444|SYS_INFO|node-2.domain.tld MW: 98.0060422961 MWMI: 98.0060422961
2015-10-06 01:26:40,927|6444|SYS_INFO|node-4.domain.tld MW: 283.786505539 MWMI: 283.786505539
2015-10-06 01:27:14,868|40386|VM_INFO|Host: node-4 Name: random-1, 1444087220.04 State: active New_task: None
2015-10-06 01:27:14,869|40387|TOTAL_VMS|Total: 6 vms
2015-10-06 01:27:14,869|40387|NODE_INFO|node-3.domain.tld: 0 State: down disabled
2015-10-06 01:27:14,869|40387|NODE_INFO|node-2.domain.tld: 0 State: up enabled
2015-10-06 01:27:14,869|40387|NODE_INFO|node-4.domain.tld: 0 State: up enabled
2015-10-06 01:27:14,869|40387|VM_INFO|Host: node-2 Name: random 01444075822.89 State: active New_task: None
2015-10-06 01:27:14,871|40388|TOTAL_VMS|Total: 6 vms
2015-10-06 01:27:14,871|40388|NODE_INFO|node-3.domain.tld: 0 State: down disabled
2015-10-06 01:27:14,871|40388|NODE_INFO|node-2.domain.tld: 0 State: up enabled
2015-10-06 01:27:14,871|40388|NODE_INFO|node-4.domain.tld: 1 State: up enabled
2015-10-06 01:27:14,871|40389|VM_INFO|Host: node-4 Name: random-0, 1444087211.36 State: active New_task: None
2015-10-06 01:27:14,871|40389|TOTAL_VMS|Total: 6 vms
2015-10-06 01:27:14,871|40389|NODE_INFO|node-3.domain.tld: 0 State: down disabled
2015-10-06 01:27:14,871|40389|NODE_INFO|node-2.domain.tld: 1 State: up enabled
2015-10-06 01:27:14,872|40390|NODE_INFO|node-4.domain.tld: 1 State: up enabled
2015-10-06 01:27:14,872|40390|VM_INFO|Host: node-4 Name: random-2, 1444087226.55 State: active New_task: None
2015-10-06 01:27:14,872|40390|TOTAL_VMS|Total: 6 vms
2015-10-06 01:27:14,872|40390|NODE_INFO|node-3.domain.tld: 0 State: down disabled
2015-10-06 01:27:14,872|40390|NODE_INFO|node-2.domain.tld: 1 State: up enabled
2015-10-06 01:27:14,874|40391|NODE_INFO|node-4.domain.tld: 2 State: up enabled
2015-10-06 01:27:14,874|40391|VM_INFO|Host: node-4 Name: random 11444075826.74 State: active New_task: None
2015-10-06 01:27:14,874|40391|TOTAL_VMS|Total: 6 vms
2015-10-06 01:27:14,874|40391|NODE_INFO|node-3.domain.tld: 0 State: down disabled
2015-10-06 01:27:14,874|40391|NODE_INFO|node-2.domain.tld: 1 State: up enabled
2015-10-06 01:27:14,875|40392|NODE_INFO|node-4.domain.tld: 3 State: up enabled
2015-10-06 01:27:14,875|40392|VM_INFO|Host: node-4 Name: random 01444086873.36 State: active New_task: None
2015-10-06 01:27:14,875|40392|TOTAL_VMS|Total: 6 vms
2015-10-06 01:27:14,875|40392|NODE_INFO|node-3.domain.tld: 0 State: down disabled
2015-10-06 01:27:14,875|40392|NODE_INFO|node-2.domain.tld: 1 State: up enabled
2015-10-06 01:27:14,875|40393|NODE_INFO|node-4.domain.tld: 4 State: up enabled
2015-10-06 01:27:14,875|40393|TOTAL_VMS|Total: 6 vms
2015-10-06 01:27:14,875|40393|NODE_INFO|node-3.domain.tld: 0 State: down disabled
2015-10-06 01:27:14,875|40393|NODE_INFO|node-2.domain.tld: 1 State: up enabled
2015-10-06 01:27:14,875|40393|NODE_INFO|node-4.domain.tld: 5 State: up enabled
2015-10-06 01:27:14,877|40394|SYS_INFO|Sorting hosts overload
2015-10-06 01:27:14,877|40394|SYS_INFO|node-2.domain.tld MW: 98.0060422961 MWMI: 98.0060422961
2015-10-06 01:27:14,877|40394|SYS_INFO|Searching for the most overloaded host
2015-10-06 01:27:14,877|40394|SYS_INFO|Found host node-4.domain.tld
2015-10-06 01:27:14,877|40394|SYS_INFO|Found instance to migrate random-1, 1444087220.04
2015-10-06 01:27:14,880|40398|SYS_INFO|Scheduled periodic check for 180 sec
2015-10-06 01:27:36,460|61977|VM_INFO|Host: node-4 Name: random-1, 1444087220.04 State: active New_task: migrating
2015-10-06 01:27:36,460|61977|TOTAL_VMS|Total: 6 vms
2015-10-06 01:27:36,460|61977|NODE_INFO|node-3.domain.tld: 0 State: down disabled
2015-10-06 01:27:36,460|61977|NODE_INFO|node-2.domain.tld: 1 State: up enabled
2015-10-06 01:27:36,460|61977|NODE_INFO|node-4.domain.tld: 5 State: up enabled
2015-10-06 01:27:38,364|63881|SYS_INFO|Scheduled live migration of server random-1, 1444087220.04 ID: d01b4e54-9352-44d7-bd9f-1ffcc77b2b65
2015-10-06 01:27:59,107|84625|VM_INFO|Host: node-4 Name: random-1, 1444087220.04 State: active New_task: migrating
2015-10-06 01:27:59,108|84626|TOTAL_VMS|Total: 6 vms
2015-10-06 01:27:59,108|84626|NODE_INFO|node-3.domain.tld: 0 State: down disabled
2015-10-06 01:27:59,108|84626|NODE_INFO|node-2.domain.tld: 1 State: up enabled
2015-10-06 01:27:59,109|84627|NODE_INFO|node-4.domain.tld: 5 State: up enabled
2015-10-06 01:28:04,476|89994|SYS_INFO|node-4.domain.tld MW: 283.786505539 MWMI: 283.786505539
2015-10-06 01:28:04,476|89994|TOTAL_VMS|Total: 6 vms
2015-10-06 01:28:04,476|89994|NODE_INFO|node-3.domain.tld: 0 State: down disabled
2015-10-06 01:28:04,477|89995|NODE_INFO|node-2.domain.tld: 1 State: up enabled
2015-10-06 01:28:04,477|89995|NODE_INFO|node-4.domain.tld: 5 State: up enabled
2015-10-06 01:28:04,477|89995|SYS_INFO|Sorting hosts overload
2015-10-06 01:28:04,479|89996|SYS_INFO|node-2.domain.tld MW: 98.0060422961 MWMI: 98.0060422961
2015-10-06 01:28:04,479|89996|SYS_INFO|Searching for the most overloaded host
2015-10-06 01:28:04,479|89996|SYS_INFO|Skipping host node-4.domain.tld , it has migrating instances
2015-10-06 01:28:04,479|89996|SYS_INFO|Not available host
2015-10-06 01:28:23,619|109137|VM_INFO|Host: node-2 Name: random-1, 1444087220.04 State: active New_task: None
2015-10-06 01:28:23,621|109138|TOTAL_VMS|Total: 6 vms
2015-10-06 01:28:23,621|109138|NODE_INFO|node-3.domain.tld: 0 State: down disabled
2015-10-06 01:28:23,621|109139|NODE_INFO|node-2.domain.tld: 1 State: up enabled
2015-10-06 01:28:23,621|109139|NODE_INFO|node-4.domain.tld: 5 State: up enabled
