2015-09-29 21:20:10,243|INFO| Initializing RabbitMQMessageService
2015-09-29 21:20:10,265|INFO| Collecting information about compute nodes
2015-09-29 21:20:11,467|INFO| Collecting information about services
2015-09-29 21:20:11,651|INFO| Collecting information about VMs
2015-09-29 21:20:13,242|INFO| Processing collected data
2015-09-29 21:20:14,592|DEBUG| Instance random-1, 1443554389.01 State: building
2015-09-29 21:20:14,592|DEBUG| New task: spawning Old task: None
2015-09-29 21:20:14,592|DEBUG| Instance random-2, 1443554390.89 State: building
2015-09-29 21:20:14,592|DEBUG| New task: spawning Old task: None
2015-09-29 21:20:14,594|DEBUG| Instance random-0, 1443554385.6 State: building
2015-09-29 21:20:14,594|DEBUG| New task: spawning Old task: None
2015-09-29 21:20:14,595|INFO| Scheduled periodic check for 180 min
2015-09-29 21:20:15,197|DEBUG| Instance random-0, 1443554385.6 State: error
2015-09-29 21:20:15,198|DEBUG| New task: spawning Old task: spawning
2015-09-29 21:20:15,198|WARNING| Instance random-0, 1443554385.6 is in error state
2015-09-29 21:20:15,198|DEBUG| Sorting hosts overload
2015-09-29 21:20:15,200|DEBUG| Searching for the most overloaded host
2015-09-29 21:20:15,200|INFO| Not available host
2015-09-29 21:20:15,200|INFO| Total vms: 3
2015-09-29 21:20:15,200|INFO| Node node-5.domain.tld: 3 State: up, enabled
2015-09-29 21:20:15,200|INFO| Node node-4.domain.tld: 0 State: up, enabled
2015-09-29 21:20:15,269|INFO| Total vms: 3
2015-09-29 21:20:15,269|INFO| Node node-5.domain.tld: 3 State: up, enabled
2015-09-29 21:20:15,269|INFO| Node node-4.domain.tld: 0 State: up, enabled
2015-09-29 21:20:15,496|INFO| Total vms: 3
2015-09-29 21:20:15,496|INFO| Node node-5.domain.tld: 3 State: up, enabled
2015-09-29 21:20:15,497|INFO| Node node-4.domain.tld: 0 State: up, enabled
2015-09-29 21:20:15,565|INFO| Total vms: 3
2015-09-29 21:20:15,565|INFO| Node node-5.domain.tld: 3 State: up, enabled
2015-09-29 21:20:15,565|INFO| Node node-4.domain.tld: 0 State: up, enabled
2015-09-29 21:20:15,927|DEBUG| Instance random-1, 1443554389.01 State: building
2015-09-29 21:20:15,927|DEBUG| New task: spawning Old task: spawning
2015-09-29 21:20:15,927|INFO| Total vms: 3
2015-09-29 21:20:15,927|INFO| Node node-5.domain.tld: 3 State: up, enabled
2015-09-29 21:20:15,927|INFO| Node node-4.domain.tld: 0 State: up, enabled
2015-09-29 21:20:15,960|INFO| Total vms: 3
2015-09-29 21:20:15,961|INFO| Node node-5.domain.tld: 3 State: up, enabled
2015-09-29 21:20:15,961|INFO| Node node-4.domain.tld: 0 State: up, enabled
2015-09-29 21:20:16,007|INFO| Total vms: 3
2015-09-29 21:20:16,007|INFO| Node node-5.domain.tld: 3 State: up, enabled
2015-09-29 21:20:16,009|INFO| Node node-4.domain.tld: 0 State: up, enabled
2015-09-29 21:20:16,319|DEBUG| Instance random-1, 1443554389.01 State: error
2015-09-29 21:20:16,319|DEBUG| New task: spawning Old task: spawning
2015-09-29 21:20:16,319|WARNING| Instance random-1, 1443554389.01 is in error state
2015-09-29 21:20:16,319|INFO| Total vms: 3
2015-09-29 21:20:16,319|INFO| Node node-5.domain.tld: 3 State: up, enabled
2015-09-29 21:20:16,319|INFO| Node node-4.domain.tld: 0 State: up, enabled
2015-09-29 21:20:16,358|INFO| Total vms: 3
2015-09-29 21:20:16,358|INFO| Node node-5.domain.tld: 3 State: up, enabled
2015-09-29 21:20:16,358|INFO| Node node-4.domain.tld: 0 State: up, enabled
2015-09-29 21:20:16,529|INFO| Total vms: 3
2015-09-29 21:20:16,529|INFO| Node node-5.domain.tld: 3 State: up, enabled
2015-09-29 21:20:16,529|INFO| Node node-4.domain.tld: 0 State: up, enabled
2015-09-29 21:20:16,578|INFO| Total vms: 3
2015-09-29 21:20:16,578|INFO| Node node-5.domain.tld: 3 State: up, enabled
2015-09-29 21:20:16,578|INFO| Node node-4.domain.tld: 0 State: up, enabled
2015-09-29 21:20:16,767|DEBUG| Instance random-2, 1443554390.89 State: building
2015-09-29 21:20:16,769|DEBUG| New task: spawning Old task: spawning
2015-09-29 21:20:16,769|INFO| Total vms: 3
2015-09-29 21:20:16,769|INFO| Node node-5.domain.tld: 3 State: up, enabled
2015-09-29 21:20:16,769|INFO| Node node-4.domain.tld: 0 State: up, enabled
2015-09-29 21:20:16,786|INFO| Total vms: 3
2015-09-29 21:20:16,786|INFO| Node node-5.domain.tld: 3 State: up, enabled
2015-09-29 21:20:16,786|INFO| Node node-4.domain.tld: 0 State: up, enabled
2015-09-29 21:20:16,841|INFO| Total vms: 3
2015-09-29 21:20:16,842|INFO| Node node-5.domain.tld: 3 State: up, enabled
2015-09-29 21:20:16,842|INFO| Node node-4.domain.tld: 0 State: up, enabled
2015-09-29 21:20:16,992|INFO| Total vms: 3
2015-09-29 21:20:16,993|INFO| Node node-5.domain.tld: 3 State: up, enabled
2015-09-29 21:20:16,993|INFO| Node node-4.domain.tld: 0 State: up, enabled
2015-09-29 21:20:17,884|DEBUG| Instance random-2, 1443554390.89 State: error
2015-09-29 21:20:17,885|DEBUG| New task: spawning Old task: spawning
2015-09-29 21:20:17,885|WARNING| Instance random-2, 1443554390.89 is in error state
2015-09-29 21:20:17,885|INFO| Total vms: 3
2015-09-29 21:20:17,887|INFO| Node node-5.domain.tld: 3 State: up, enabled
2015-09-29 21:20:17,887|INFO| Node node-4.domain.tld: 0 State: up, enabled
2015-09-29 21:20:17,921|INFO| Total vms: 3
2015-09-29 21:20:17,921|INFO| Node node-5.domain.tld: 3 State: up, enabled
2015-09-29 21:20:17,921|INFO| Node node-4.domain.tld: 0 State: up, enabled
2015-09-29 21:20:18,052|INFO| Total vms: 3
2015-09-29 21:20:18,052|INFO| Node node-5.domain.tld: 3 State: up, enabled
2015-09-29 21:20:18,052|INFO| Node node-4.domain.tld: 0 State: up, enabled
2015-09-29 21:20:23,642|INFO| Total vms: 3
2015-09-29 21:20:23,642|INFO| Node node-5.domain.tld: 3 State: up, enabled
2015-09-29 21:20:23,644|INFO| Node node-4.domain.tld: 0 State: up, enabled
2015-09-29 21:20:28,289|INFO| Total vms: 3
2015-09-29 21:20:28,289|INFO| Node node-5.domain.tld: 3 State: up, enabled
2015-09-29 21:20:28,289|INFO| Node node-4.domain.tld: 0 State: up, enabled
2015-09-29 21:20:33,881|INFO| Total vms: 3
2015-09-29 21:20:33,881|INFO| Node node-5.domain.tld: 3 State: up, enabled
2015-09-29 21:20:33,881|INFO| Node node-4.domain.tld: 0 State: up, enabled
2015-09-29 21:20:38,536|INFO| Total vms: 3
2015-09-29 21:20:38,536|INFO| Node node-5.domain.tld: 3 State: up, enabled
2015-09-29 21:20:38,536|INFO| Node node-4.domain.tld: 0 State: up, enabled
2015-09-29 21:20:44,128|INFO| Total vms: 3
2015-09-29 21:20:44,128|INFO| Node node-5.domain.tld: 3 State: up, enabled
2015-09-29 21:20:44,128|INFO| Node node-4.domain.tld: 0 State: up, enabled
2015-09-29 21:20:47,592|INFO| Total vms: 3
2015-09-29 21:20:47,592|INFO| Node node-5.domain.tld: 3 State: up, enabled
2015-09-29 21:20:47,594|INFO| Node node-4.domain.tld: 0 State: up, enabled
2015-09-29 21:20:47,707|INFO| Total vms: 3
2015-09-29 21:20:47,707|INFO| Node node-5.domain.tld: 3 State: up, enabled
2015-09-29 21:20:47,707|INFO| Node node-4.domain.tld: 0 State: up, enabled
2015-09-29 21:20:47,752|INFO| Total vms: 3
2015-09-29 21:20:47,752|INFO| Node node-5.domain.tld: 3 State: up, enabled
2015-09-29 21:20:47,753|INFO| Node node-4.domain.tld: 0 State: up, enabled
2015-09-29 21:20:47,798|INFO| Total vms: 3
2015-09-29 21:20:47,798|INFO| Node node-5.domain.tld: 3 State: up, enabled
2015-09-29 21:20:47,799|INFO| Node node-4.domain.tld: 0 State: up, enabled
2015-09-29 21:20:47,828|INFO| Total vms: 3
2015-09-29 21:20:47,828|INFO| Node node-5.domain.tld: 3 State: up, enabled
2015-09-29 21:20:47,828|INFO| Node node-4.domain.tld: 0 State: up, enabled
2015-09-29 21:20:47,910|DEBUG| Sorting hosts overload
2015-09-29 21:20:47,911|DEBUG| Searching for the most overloaded host
2015-09-29 21:20:47,911|DEBUG| Found host node-5.domain.tld
2015-09-29 21:20:47,911|INFO| Total vms: 3
2015-09-29 21:20:47,911|INFO| Node node-5.domain.tld: 3 State: up, enabled
2015-09-29 21:20:47,911|INFO| Node node-4.domain.tld: 0 State: up, enabled
2015-09-29 21:20:47,960|INFO| Total vms: 3
2015-09-29 21:20:47,960|INFO| Node node-5.domain.tld: 3 State: up, enabled
2015-09-29 21:20:47,960|INFO| Node node-4.domain.tld: 0 State: up, enabled
2015-09-29 21:20:48,026|INFO| Total vms: 3
2015-09-29 21:20:48,026|INFO| Node node-5.domain.tld: 3 State: up, enabled
2015-09-29 21:20:48,026|INFO| Node node-4.domain.tld: 0 State: up, enabled
2015-09-29 21:20:48,786|INFO| Total vms: 3
2015-09-29 21:20:48,786|INFO| Node node-5.domain.tld: 3 State: up, enabled
2015-09-29 21:20:48,786|INFO| Node node-4.domain.tld: 0 State: up, enabled
2015-09-29 21:20:54,368|INFO| Total vms: 3
2015-09-29 21:20:54,368|INFO| Node node-5.domain.tld: 3 State: up, enabled
2015-09-29 21:20:54,368|INFO| Node node-4.domain.tld: 0 State: up, enabled
2015-09-29 21:20:54,663|INFO| Total vms: 3
2015-09-29 21:20:54,663|INFO| Node node-5.domain.tld: 3 State: up, enabled
2015-09-29 21:20:54,664|INFO| Node node-4.domain.tld: 0 State: up, enabled
2015-09-29 21:20:54,854|INFO| Total vms: 3
2015-09-29 21:20:54,854|INFO| Node node-5.domain.tld: 3 State: up, enabled
2015-09-29 21:20:54,855|INFO| Node node-4.domain.tld: 0 State: up, enabled
2015-09-29 21:20:54,894|INFO| Total vms: 3
2015-09-29 21:20:54,894|INFO| Node node-5.domain.tld: 3 State: up, enabled
2015-09-29 21:20:54,894|INFO| Node node-4.domain.tld: 0 State: up, enabled
2015-09-29 21:20:55,312|INFO| Total vms: 3
2015-09-29 21:20:55,313|INFO| Node node-5.domain.tld: 3 State: up, enabled
2015-09-29 21:20:55,313|INFO| Node node-4.domain.tld: 0 State: up, enabled
2015-09-29 21:20:55,782|INFO| Total vms: 3
2015-09-29 21:20:55,782|INFO| Node node-5.domain.tld: 3 State: up, enabled
2015-09-29 21:20:55,782|INFO| Node node-4.domain.tld: 0 State: up, enabled
2015-09-29 21:20:56,903|INFO| Total vms: 3
2015-09-29 21:20:56,903|INFO| Node node-5.domain.tld: 3 State: up, enabled
2015-09-29 21:20:56,903|INFO| Node node-4.domain.tld: 0 State: up, enabled
2015-09-29 21:20:59,025|INFO| Total vms: 3
2015-09-29 21:20:59,025|INFO| Node node-5.domain.tld: 3 State: up, enabled
2015-09-29 21:20:59,026|INFO| Node node-4.domain.tld: 0 State: up, enabled
2015-09-29 21:21:01,494|INFO| Total vms: 3
2015-09-29 21:21:01,494|INFO| Node node-5.domain.tld: 3 State: up, enabled
2015-09-29 21:21:01,494|INFO| Node node-4.domain.tld: 0 State: up, enabled
2015-09-29 21:21:01,548|INFO| Total vms: 3
2015-09-29 21:21:01,548|INFO| Node node-5.domain.tld: 3 State: up, enabled
2015-09-29 21:21:01,548|INFO| Node node-4.domain.tld: 0 State: up, enabled
2015-09-29 21:21:01,645|INFO| Total vms: 3
2015-09-29 21:21:01,647|INFO| Node node-5.domain.tld: 3 State: up, enabled
2015-09-29 21:21:01,647|INFO| Node node-4.domain.tld: 0 State: up, enabled
2015-09-29 21:21:01,756|INFO| Total vms: 3
2015-09-29 21:21:01,756|INFO| Node node-5.domain.tld: 3 State: up, enabled
2015-09-29 21:21:01,757|INFO| Node node-4.domain.tld: 0 State: up, enabled
2015-09-29 21:21:04,611|INFO| Total vms: 3
2015-09-29 21:21:04,611|INFO| Node node-5.domain.tld: 3 State: up, enabled
2015-09-29 21:21:04,611|INFO| Node node-4.domain.tld: 0 State: up, enabled
2015-09-29 21:21:05,563|INFO| Total vms: 3
2015-09-29 21:21:05,563|INFO| Node node-5.domain.tld: 3 State: up, enabled
2015-09-29 21:21:05,565|INFO| Node node-4.domain.tld: 0 State: up, enabled
2015-09-29 21:21:09,273|INFO| Total vms: 3
2015-09-29 21:21:09,273|INFO| Node node-5.domain.tld: 3 State: up, enabled
2015-09-29 21:21:09,273|INFO| Node node-4.domain.tld: 0 State: up, enabled
2015-09-29 21:21:14,865|INFO| Total vms: 3
2015-09-29 21:21:14,867|INFO| Node node-5.domain.tld: 3 State: up, enabled
2015-09-29 21:21:14,867|INFO| Node node-4.domain.tld: 0 State: up, enabled
2015-09-29 21:21:19,513|INFO| Total vms: 3
2015-09-29 21:21:19,513|INFO| Node node-5.domain.tld: 3 State: up, enabled
2015-09-29 21:21:19,513|INFO| Node node-4.domain.tld: 0 State: up, enabled
2015-09-29 21:21:25,102|INFO| Total vms: 3
2015-09-29 21:21:25,104|INFO| Node node-5.domain.tld: 3 State: up, enabled
2015-09-29 21:21:25,104|INFO| Node node-4.domain.tld: 0 State: up, enabled
2015-09-29 21:21:29,753|INFO| Total vms: 3
2015-09-29 21:21:29,753|INFO| Node node-5.domain.tld: 3 State: up, enabled
2015-09-29 21:21:29,753|INFO| Node node-4.domain.tld: 0 State: up, enabled
2015-09-29 21:21:35,342|INFO| Total vms: 3
2015-09-29 21:21:35,342|INFO| Node node-5.domain.tld: 3 State: up, enabled
2015-09-29 21:21:35,344|INFO| Node node-4.domain.tld: 0 State: up, enabled
2015-09-29 21:21:39,996|INFO| Total vms: 3
2015-09-29 21:21:39,996|INFO| Node node-5.domain.tld: 3 State: up, enabled
2015-09-29 21:21:39,996|INFO| Node node-4.domain.tld: 0 State: up, enabled
2015-09-29 21:21:45,592|INFO| Total vms: 3
2015-09-29 21:21:45,594|INFO| Node node-5.domain.tld: 3 State: up, enabled
2015-09-29 21:21:45,594|INFO| Node node-4.domain.tld: 0 State: up, enabled
2015-09-29 21:21:49,039|INFO| Total vms: 3
2015-09-29 21:21:49,039|INFO| Node node-5.domain.tld: 3 State: up, enabled
2015-09-29 21:21:49,039|INFO| Node node-4.domain.tld: 0 State: up, enabled
2015-09-29 21:21:49,157|INFO| Total vms: 3
2015-09-29 21:21:49,157|INFO| Node node-5.domain.tld: 3 State: up, enabled
2015-09-29 21:21:49,157|INFO| Node node-4.domain.tld: 0 State: up, enabled
2015-09-29 21:21:49,198|INFO| Total vms: 3
2015-09-29 21:21:49,200|INFO| Node node-5.domain.tld: 3 State: up, enabled
2015-09-29 21:21:49,200|INFO| Node node-4.domain.tld: 0 State: up, enabled
2015-09-29 21:21:49,243|INFO| Total vms: 3
2015-09-29 21:21:49,243|INFO| Node node-5.domain.tld: 3 State: up, enabled
2015-09-29 21:21:49,243|INFO| Node node-4.domain.tld: 0 State: up, enabled
2015-09-29 21:21:49,308|INFO| Total vms: 3
2015-09-29 21:21:49,308|INFO| Node node-5.domain.tld: 3 State: up, enabled
2015-09-29 21:21:49,309|INFO| Node node-4.domain.tld: 0 State: up, enabled
2015-09-29 21:21:49,378|INFO| Total vms: 3
2015-09-29 21:21:49,378|INFO| Node node-5.domain.tld: 3 State: up, enabled
2015-09-29 21:21:49,378|INFO| Node node-4.domain.tld: 0 State: up, enabled
2015-09-29 21:21:49,438|INFO| Total vms: 3
2015-09-29 21:21:49,438|INFO| Node node-5.domain.tld: 3 State: up, enabled
2015-09-29 21:21:49,438|INFO| Node node-4.domain.tld: 0 State: up, enabled
2015-09-29 21:21:50,240|INFO| Total vms: 3
2015-09-29 21:21:50,242|INFO| Node node-5.domain.tld: 3 State: up, enabled
2015-09-29 21:21:50,242|INFO| Node node-4.domain.tld: 0 State: up, enabled
2015-09-29 21:21:55,832|INFO| Total vms: 3
2015-09-29 21:21:55,832|INFO| Node node-5.domain.tld: 3 State: up, enabled
2015-09-29 21:21:55,834|INFO| Node node-4.domain.tld: 0 State: up, enabled
2015-09-29 21:21:56,128|INFO| Total vms: 3
2015-09-29 21:21:56,130|INFO| Node node-5.domain.tld: 3 State: up, enabled
2015-09-29 21:21:56,130|INFO| Node node-4.domain.tld: 0 State: up, enabled
2015-09-29 21:21:56,361|INFO| Total vms: 3
2015-09-29 21:21:56,362|INFO| Node node-5.domain.tld: 3 State: up, enabled
2015-09-29 21:21:56,362|INFO| Node node-4.domain.tld: 0 State: up, enabled
2015-09-29 21:21:56,648|INFO| Total vms: 3
2015-09-29 21:21:56,648|INFO| Node node-5.domain.tld: 3 State: up, enabled
2015-09-29 21:21:56,648|INFO| Node node-4.domain.tld: 0 State: up, enabled
2015-09-29 21:21:57,726|INFO| Total vms: 3
2015-09-29 21:21:57,726|INFO| Node node-5.domain.tld: 3 State: up, enabled
2015-09-29 21:21:57,726|INFO| Node node-4.domain.tld: 0 State: up, enabled
2015-09-29 21:22:00,483|INFO| Total vms: 3
2015-09-29 21:22:00,483|INFO| Node node-5.domain.tld: 3 State: up, enabled
2015-09-29 21:22:00,483|INFO| Node node-4.domain.tld: 0 State: up, enabled
2015-09-29 21:22:03,592|INFO| Total vms: 3
2015-09-29 21:22:03,592|INFO| Node node-5.domain.tld: 3 State: up, enabled
2015-09-29 21:22:03,592|INFO| Node node-4.domain.tld: 0 State: up, enabled
2015-09-29 21:22:03,621|INFO| Total vms: 3
2015-09-29 21:22:03,621|INFO| Node node-5.domain.tld: 3 State: up, enabled
2015-09-29 21:22:03,622|INFO| Node node-4.domain.tld: 0 State: up, enabled
2015-09-29 21:22:03,727|INFO| Total vms: 3
2015-09-29 21:22:03,727|INFO| Node node-5.domain.tld: 3 State: up, enabled
2015-09-29 21:22:03,729|INFO| Node node-4.domain.tld: 0 State: up, enabled
2015-09-29 21:22:03,786|INFO| Total vms: 3
2015-09-29 21:22:03,786|INFO| Node node-5.domain.tld: 3 State: up, enabled
2015-09-29 21:22:03,786|INFO| Node node-4.domain.tld: 0 State: up, enabled
2015-09-29 21:22:06,076|INFO| Total vms: 3
2015-09-29 21:22:06,076|INFO| Node node-5.domain.tld: 3 State: up, enabled
2015-09-29 21:22:06,076|INFO| Node node-4.domain.tld: 0 State: up, enabled
2015-09-29 21:22:08,642|INFO| Total vms: 3
2015-09-29 21:22:08,644|INFO| Node node-5.domain.tld: 3 State: up, enabled
2015-09-29 21:22:08,644|INFO| Node node-4.domain.tld: 0 State: up, enabled
2015-09-29 21:22:10,726|INFO| Total vms: 3
2015-09-29 21:22:10,726|INFO| Node node-5.domain.tld: 3 State: up, enabled
2015-09-29 21:22:10,726|INFO| Node node-4.domain.tld: 0 State: up, enabled
2015-09-29 21:22:16,315|INFO| Total vms: 3
2015-09-29 21:22:16,315|INFO| Node node-5.domain.tld: 3 State: up, enabled
2015-09-29 21:22:16,315|INFO| Node node-4.domain.tld: 0 State: up, enabled
2015-09-29 21:22:20,979|INFO| Total vms: 3
2015-09-29 21:22:20,979|INFO| Node node-5.domain.tld: 3 State: up, enabled
2015-09-29 21:22:20,979|INFO| Node node-4.domain.tld: 0 State: up, enabled
2015-09-29 21:22:26,562|INFO| Total vms: 3
2015-09-29 21:22:26,562|INFO| Node node-5.domain.tld: 3 State: up, enabled
2015-09-29 21:22:26,563|INFO| Node node-4.domain.tld: 0 State: up, enabled
2015-09-29 21:22:31,217|INFO| Total vms: 3
2015-09-29 21:22:31,217|INFO| Node node-5.domain.tld: 3 State: up, enabled
2015-09-29 21:22:31,217|INFO| Node node-4.domain.tld: 0 State: up, enabled
2015-09-29 21:22:36,812|INFO| Total vms: 3
2015-09-29 21:22:36,812|INFO| Node node-5.domain.tld: 3 State: up, enabled
2015-09-29 21:22:36,812|INFO| Node node-4.domain.tld: 0 State: up, enabled
2015-09-29 21:22:41,460|INFO| Total vms: 3
2015-09-29 21:22:41,460|INFO| Node node-5.domain.tld: 3 State: up, enabled
2015-09-29 21:22:41,460|INFO| Node node-4.domain.tld: 0 State: up, enabled
2015-09-29 21:22:47,055|INFO| Total vms: 3
2015-09-29 21:22:47,055|INFO| Node node-5.domain.tld: 3 State: up, enabled
2015-09-29 21:22:47,055|INFO| Node node-4.domain.tld: 0 State: up, enabled
2015-09-29 21:22:51,543|INFO| Total vms: 3
2015-09-29 21:22:51,543|INFO| Node node-5.domain.tld: 3 State: up, enabled
2015-09-29 21:22:51,545|INFO| Node node-4.domain.tld: 0 State: up, enabled
2015-09-29 21:22:51,638|INFO| Total vms: 3
2015-09-29 21:22:51,638|INFO| Node node-5.domain.tld: 3 State: up, enabled
2015-09-29 21:22:51,638|INFO| Node node-4.domain.tld: 0 State: up, enabled
2015-09-29 21:22:51,668|INFO| Total vms: 3
2015-09-29 21:22:51,670|INFO| Node node-5.domain.tld: 3 State: up, enabled
2015-09-29 21:22:51,670|INFO| Node node-4.domain.tld: 0 State: up, enabled
2015-09-29 21:22:51,703|INFO| Total vms: 3
2015-09-29 21:22:51,703|INFO| Node node-5.domain.tld: 3 State: up, enabled
2015-09-29 21:22:51,703|INFO| Node node-4.domain.tld: 0 State: up, enabled
2015-09-29 21:22:51,706|INFO| Total vms: 3
2015-09-29 21:22:51,707|INFO| Node node-5.domain.tld: 3 State: up, enabled
2015-09-29 21:22:51,707|INFO| Node node-4.domain.tld: 0 State: up, enabled
2015-09-29 21:22:51,783|INFO| Total vms: 3
2015-09-29 21:22:51,785|INFO| Node node-5.domain.tld: 3 State: up, enabled
2015-09-29 21:22:51,785|INFO| Node node-4.domain.tld: 0 State: up, enabled
2015-09-29 21:22:51,859|INFO| Total vms: 3
2015-09-29 21:22:51,861|INFO| Node node-5.domain.tld: 3 State: up, enabled
2015-09-29 21:22:51,861|INFO| Node node-4.domain.tld: 0 State: up, enabled
2015-09-29 21:22:51,948|INFO| Total vms: 3
2015-09-29 21:22:51,948|INFO| Node node-5.domain.tld: 3 State: up, enabled
2015-09-29 21:22:51,948|INFO| Node node-4.domain.tld: 0 State: up, enabled
2015-09-29 21:22:57,295|INFO| Total vms: 3
2015-09-29 21:22:57,296|INFO| Node node-5.domain.tld: 3 State: up, enabled
2015-09-29 21:22:57,296|INFO| Node node-4.domain.tld: 0 State: up, enabled
2015-09-29 21:22:58,828|INFO| Total vms: 3
2015-09-29 21:22:58,828|INFO| Node node-5.domain.tld: 3 State: up, enabled
2015-09-29 21:22:58,828|INFO| Node node-4.domain.tld: 0 State: up, enabled
2015-09-29 21:22:59,631|INFO| Total vms: 3
2015-09-29 21:22:59,631|INFO| Node node-5.domain.tld: 3 State: up, enabled
2015-09-29 21:22:59,631|INFO| Node node-4.domain.tld: 0 State: up, enabled
2015-09-29 21:22:59,940|INFO| Total vms: 3
2015-09-29 21:22:59,940|INFO| Node node-5.domain.tld: 3 State: up, enabled
2015-09-29 21:22:59,940|INFO| Node node-4.domain.tld: 0 State: up, enabled
2015-09-29 21:23:00,983|INFO| Total vms: 3
2015-09-29 21:23:00,983|INFO| Node node-5.domain.tld: 3 State: up, enabled
2015-09-29 21:23:00,983|INFO| Node node-4.domain.tld: 0 State: up, enabled
2015-09-29 21:23:01,950|INFO| Total vms: 3
2015-09-29 21:23:01,950|INFO| Node node-5.domain.tld: 3 State: up, enabled
2015-09-29 21:23:01,950|INFO| Node node-4.domain.tld: 0 State: up, enabled
2015-09-29 21:23:07,153|INFO| Total vms: 3
2015-09-29 21:23:07,153|INFO| Node node-5.domain.tld: 3 State: up, enabled
2015-09-29 21:23:07,153|INFO| Node node-4.domain.tld: 0 State: up, enabled
2015-09-29 21:23:07,196|INFO| Total vms: 3
2015-09-29 21:23:07,196|INFO| Node node-5.domain.tld: 3 State: up, enabled
2015-09-29 21:23:07,196|INFO| Node node-4.domain.tld: 0 State: up, enabled
2015-09-29 21:23:07,318|INFO| Total vms: 3
2015-09-29 21:23:07,318|INFO| Node node-5.domain.tld: 3 State: up, enabled
2015-09-29 21:23:07,319|INFO| Node node-4.domain.tld: 0 State: up, enabled
2015-09-29 21:23:07,382|INFO| Total vms: 3
2015-09-29 21:23:07,382|INFO| Node node-5.domain.tld: 3 State: up, enabled
2015-09-29 21:23:07,382|INFO| Node node-4.domain.tld: 0 State: up, enabled
2015-09-29 21:23:07,532|INFO| Total vms: 3
2015-09-29 21:23:07,532|INFO| Node node-5.domain.tld: 3 State: up, enabled
2015-09-29 21:23:07,532|INFO| Node node-4.domain.tld: 0 State: up, enabled
2015-09-29 21:23:10,101|INFO| Total vms: 3
2015-09-29 21:23:10,101|INFO| Node node-5.domain.tld: 3 State: up, enabled
2015-09-29 21:23:10,101|INFO| Node node-4.domain.tld: 0 State: up, enabled
2015-09-29 21:23:12,186|INFO| Total vms: 3
2015-09-29 21:23:12,187|INFO| Node node-5.domain.tld: 3 State: up, enabled
2015-09-29 21:23:12,187|INFO| Node node-4.domain.tld: 0 State: up, enabled
2015-09-29 21:23:14,595|INFO| Initializing RabbitMQMessageService
2015-09-29 21:23:14,595|INFO| Collecting information about compute nodes
2015-09-29 21:23:15,085|INFO| Collecting information about services
2015-09-29 21:23:15,223|INFO| Collecting information about VMs
2015-09-29 21:23:15,719|INFO| Processing collected data
2015-09-29 21:23:15,721|DEBUG| Instance random-1, 1443554389.01 State: error
2015-09-29 21:23:15,721|DEBUG| New task: spawning Old task: spawning
2015-09-29 21:23:15,721|WARNING| Instance random-1, 1443554389.01 is in error state
2015-09-29 21:23:15,723|DEBUG| Instance random-2, 1443554390.89 State: error
2015-09-29 21:23:15,723|DEBUG| New task: spawning Old task: spawning
2015-09-29 21:23:15,723|WARNING| Instance random-2, 1443554390.89 is in error state
2015-09-29 21:23:15,723|DEBUG| Instance random-0, 1443554385.6 State: error
2015-09-29 21:23:15,723|DEBUG| New task: spawning Old task: spawning
2015-09-29 21:23:15,723|WARNING| Instance random-0, 1443554385.6 is in error state
2015-09-29 21:23:15,723|INFO| Scheduled periodic check for 180 min
2015-09-29 21:23:17,776|DEBUG| Sorting hosts overload
2015-09-29 21:23:17,776|DEBUG| Searching for the most overloaded host
2015-09-29 21:23:17,778|DEBUG| Found host node-5.domain.tld
2015-09-29 21:23:17,778|INFO| Total vms: 3
2015-09-29 21:23:17,778|INFO| Node node-5.domain.tld: 3 State: up, enabled
2015-09-29 21:23:17,778|INFO| Node node-4.domain.tld: 0 State: up, enabled
2015-09-29 21:23:22,434|INFO| Total vms: 3
2015-09-29 21:23:22,434|INFO| Node node-5.domain.tld: 3 State: up, enabled
2015-09-29 21:23:22,434|INFO| Node node-4.domain.tld: 0 State: up, enabled
2015-09-29 21:23:22,743|INFO| Total vms: 3
2015-09-29 21:23:22,743|INFO| Node node-5.domain.tld: 3 State: up, enabled
2015-09-29 21:23:22,743|INFO| Node node-4.domain.tld: 0 State: up, enabled
2015-09-29 21:23:28,030|INFO| Total vms: 3
2015-09-29 21:23:28,030|INFO| Node node-5.domain.tld: 3 State: up, enabled
2015-09-29 21:23:28,030|INFO| Node node-4.domain.tld: 0 State: up, enabled
2015-09-29 21:23:32,006|INFO| Total vms: 3
2015-09-29 21:23:32,006|INFO| Node node-5.domain.tld: 3 State: up, enabled
2015-09-29 21:23:32,006|INFO| Node node-4.domain.tld: 0 State: up, enabled
2015-09-29 21:23:32,423|INFO| Total vms: 3
2015-09-29 21:23:32,423|INFO| Node node-5.domain.tld: 3 State: up, enabled
2015-09-29 21:23:32,423|INFO| Node node-4.domain.tld: 0 State: up, enabled
2015-09-29 21:23:32,444|INFO| Total vms: 3
2015-09-29 21:23:32,444|INFO| Node node-5.domain.tld: 3 State: up, enabled
2015-09-29 21:23:32,444|INFO| Node node-4.domain.tld: 0 State: up, enabled
2015-09-29 21:23:32,658|INFO| Total vms: 3
2015-09-29 21:23:32,660|INFO| Node node-5.domain.tld: 3 State: up, enabled
2015-09-29 21:23:32,660|INFO| Node node-4.domain.tld: 0 State: up, enabled
2015-09-29 21:23:32,673|INFO| Total vms: 3
2015-09-29 21:23:32,673|INFO| Node node-5.domain.tld: 3 State: up, enabled
2015-09-29 21:23:32,673|INFO| Node node-4.domain.tld: 0 State: up, enabled
2015-09-29 21:23:32,678|INFO| Total vms: 3
2015-09-29 21:23:32,678|INFO| Node node-5.domain.tld: 3 State: up, enabled
2015-09-29 21:23:32,678|INFO| Node node-4.domain.tld: 0 State: up, enabled
2015-09-29 21:23:38,265|INFO| Total vms: 3
2015-09-29 21:23:38,265|INFO| Node node-5.domain.tld: 3 State: up, enabled
2015-09-29 21:23:38,265|INFO| Node node-4.domain.tld: 0 State: up, enabled
2015-09-29 21:23:42,923|INFO| Total vms: 3
2015-09-29 21:23:42,923|INFO| Node node-5.domain.tld: 3 State: up, enabled
2015-09-29 21:23:42,923|INFO| Node node-4.domain.tld: 0 State: up, enabled
2015-09-29 21:23:48,513|INFO| Total vms: 3
2015-09-29 21:23:48,513|INFO| Node node-5.domain.tld: 3 State: up, enabled
2015-09-29 21:23:48,513|INFO| Node node-4.domain.tld: 0 State: up, enabled
2015-09-29 21:23:53,163|INFO| Total vms: 3
2015-09-29 21:23:53,163|INFO| Node node-5.domain.tld: 3 State: up, enabled
2015-09-29 21:23:53,163|INFO| Node node-4.domain.tld: 0 State: up, enabled
2015-09-29 21:23:53,993|INFO| Total vms: 3
2015-09-29 21:23:53,993|INFO| Node node-5.domain.tld: 3 State: up, enabled
2015-09-29 21:23:53,993|INFO| Node node-4.domain.tld: 0 State: up, enabled
2015-09-29 21:23:54,148|INFO| Total vms: 3
2015-09-29 21:23:54,148|INFO| Node node-5.domain.tld: 3 State: up, enabled
2015-09-29 21:23:54,148|INFO| Node node-4.domain.tld: 0 State: up, enabled
2015-09-29 21:23:54,198|INFO| Total vms: 3
2015-09-29 21:23:54,198|INFO| Node node-5.domain.tld: 3 State: up, enabled
2015-09-29 21:23:54,200|INFO| Node node-4.domain.tld: 0 State: up, enabled
2015-09-29 21:23:54,267|INFO| Total vms: 3
2015-09-29 21:23:54,267|INFO| Node node-5.domain.tld: 3 State: up, enabled
2015-09-29 21:23:54,267|INFO| Node node-4.domain.tld: 0 State: up, enabled
2015-09-29 21:23:54,365|INFO| Total vms: 3
2015-09-29 21:23:54,365|INFO| Node node-5.domain.tld: 3 State: up, enabled
2015-09-29 21:23:54,365|INFO| Node node-4.domain.tld: 0 State: up, enabled
2015-09-29 21:23:54,530|INFO| Total vms: 3
2015-09-29 21:23:54,532|INFO| Node node-5.domain.tld: 3 State: up, enabled
2015-09-29 21:23:54,532|INFO| Node node-4.domain.tld: 0 State: up, enabled
2015-09-29 21:23:54,683|INFO| Total vms: 3
2015-09-29 21:23:54,683|INFO| Node node-5.domain.tld: 3 State: up, enabled
2015-09-29 21:23:54,684|INFO| Node node-4.domain.tld: 0 State: up, enabled
2015-09-29 21:23:58,753|INFO| Total vms: 3
2015-09-29 21:23:58,753|INFO| Node node-5.domain.tld: 3 State: up, enabled
2015-09-29 21:23:58,755|INFO| Node node-4.domain.tld: 0 State: up, enabled
2015-09-29 21:24:01,088|INFO| Total vms: 3
2015-09-29 21:24:01,088|INFO| Node node-5.domain.tld: 3 State: up, enabled
2015-09-29 21:24:01,088|INFO| Node node-4.domain.tld: 0 State: up, enabled
2015-09-29 21:24:01,148|INFO| Total vms: 3
2015-09-29 21:24:01,150|INFO| Node node-5.domain.tld: 3 State: up, enabled
2015-09-29 21:24:01,150|INFO| Node node-4.domain.tld: 0 State: up, enabled
2015-09-29 21:24:01,308|INFO| Total vms: 3
2015-09-29 21:24:01,308|INFO| Node node-5.domain.tld: 3 State: up, enabled
2015-09-29 21:24:01,309|INFO| Node node-4.domain.tld: 0 State: up, enabled
2015-09-29 21:24:01,515|INFO| Total vms: 3
2015-09-29 21:24:01,516|INFO| Node node-5.domain.tld: 3 State: up, enabled
2015-09-29 21:24:01,516|INFO| Node node-4.domain.tld: 0 State: up, enabled
2015-09-29 21:24:02,338|INFO| Total vms: 3
2015-09-29 21:24:02,338|INFO| Node node-5.domain.tld: 3 State: up, enabled
2015-09-29 21:24:02,338|INFO| Node node-4.domain.tld: 0 State: up, enabled
2015-09-29 21:24:03,135|INFO| Total vms: 3
2015-09-29 21:24:03,137|INFO| Node node-5.domain.tld: 3 State: up, enabled
2015-09-29 21:24:03,137|INFO| Node node-4.domain.tld: 0 State: up, enabled
2015-09-29 21:24:03,404|INFO| Total vms: 3
2015-09-29 21:24:03,404|INFO| Node node-5.domain.tld: 3 State: up, enabled
2015-09-29 21:24:03,404|INFO| Node node-4.domain.tld: 0 State: up, enabled
2015-09-29 21:24:08,994|INFO| Total vms: 3
2015-09-29 21:24:08,994|INFO| Node node-5.domain.tld: 3 State: up, enabled
2015-09-29 21:24:08,994|INFO| Node node-4.domain.tld: 0 State: up, enabled
2015-09-29 21:24:10,627|INFO| Total vms: 3
2015-09-29 21:24:10,627|INFO| Node node-5.domain.tld: 3 State: up, enabled
2015-09-29 21:24:10,627|INFO| Node node-4.domain.tld: 0 State: up, enabled
2015-09-29 21:24:10,654|INFO| Total vms: 3
2015-09-29 21:24:10,654|INFO| Node node-5.domain.tld: 3 State: up, enabled
2015-09-29 21:24:10,654|INFO| Node node-4.domain.tld: 0 State: up, enabled
2015-09-29 21:24:10,721|INFO| Total vms: 3
2015-09-29 21:24:10,723|INFO| Node node-5.domain.tld: 3 State: up, enabled
2015-09-29 21:24:10,723|INFO| Node node-4.domain.tld: 0 State: up, enabled
2015-09-29 21:24:10,793|INFO| Total vms: 3
2015-09-29 21:24:10,793|INFO| Node node-5.domain.tld: 3 State: up, enabled
2015-09-29 21:24:10,793|INFO| Node node-4.domain.tld: 0 State: up, enabled
2015-09-29 21:24:11,926|INFO| Total vms: 3
2015-09-29 21:24:11,927|INFO| Node node-5.domain.tld: 3 State: up, enabled
2015-09-29 21:24:11,927|INFO| Node node-4.domain.tld: 0 State: up, enabled
2015-09-29 21:24:13,651|INFO| Total vms: 3
2015-09-29 21:24:13,651|INFO| Node node-5.domain.tld: 3 State: up, enabled
2015-09-29 21:24:13,651|INFO| Node node-4.domain.tld: 0 State: up, enabled
2015-09-29 21:24:19,243|INFO| Total vms: 3
2015-09-29 21:24:19,244|INFO| Node node-5.domain.tld: 3 State: up, enabled
2015-09-29 21:24:19,244|INFO| Node node-4.domain.tld: 0 State: up, enabled
2015-09-29 21:24:23,892|INFO| Total vms: 3
2015-09-29 21:24:23,894|INFO| Node node-5.domain.tld: 3 State: up, enabled
2015-09-29 21:24:23,894|INFO| Node node-4.domain.tld: 0 State: up, enabled
2015-09-29 21:24:29,484|INFO| Total vms: 3
2015-09-29 21:24:29,484|INFO| Node node-5.domain.tld: 3 State: up, enabled
2015-09-29 21:24:29,484|INFO| Node node-4.domain.tld: 0 State: up, enabled
2015-09-29 21:24:34,144|INFO| Total vms: 3
2015-09-29 21:24:34,145|INFO| Node node-5.domain.tld: 3 State: up, enabled
2015-09-29 21:24:34,145|INFO| Node node-4.domain.tld: 0 State: up, enabled
2015-09-29 21:24:39,726|INFO| Total vms: 3
2015-09-29 21:24:39,726|INFO| Node node-5.domain.tld: 3 State: up, enabled
2015-09-29 21:24:39,727|INFO| Node node-4.domain.tld: 0 State: up, enabled
2015-09-29 21:24:44,387|INFO| Total vms: 3
2015-09-29 21:24:44,388|INFO| Node node-5.domain.tld: 3 State: up, enabled
2015-09-29 21:24:44,388|INFO| Node node-4.domain.tld: 0 State: up, enabled
2015-09-29 21:24:49,973|INFO| Total vms: 3
2015-09-29 21:24:49,973|INFO| Node node-5.domain.tld: 3 State: up, enabled
2015-09-29 21:24:49,973|INFO| Node node-4.domain.tld: 0 State: up, enabled
2015-09-29 21:24:51,280|INFO| Total vms: 3
2015-09-29 21:24:51,280|INFO| Node node-5.domain.tld: 3 State: up, enabled
2015-09-29 21:24:51,280|INFO| Node node-4.domain.tld: 0 State: up, enabled
2015-09-29 21:24:54,621|INFO| Total vms: 3
2015-09-29 21:24:54,621|INFO| Node node-5.domain.tld: 3 State: up, enabled
2015-09-29 21:24:54,621|INFO| Node node-4.domain.tld: 0 State: up, enabled
2015-09-29 21:24:57,513|INFO| Total vms: 3
2015-09-29 21:24:57,513|INFO| Node node-5.domain.tld: 3 State: up, enabled
2015-09-29 21:24:57,513|INFO| Node node-4.domain.tld: 0 State: up, enabled
2015-09-29 21:24:57,707|INFO| Total vms: 3
2015-09-29 21:24:57,707|INFO| Node node-5.domain.tld: 3 State: up, enabled
2015-09-29 21:24:57,707|INFO| Node node-4.domain.tld: 0 State: up, enabled
2015-09-29 21:24:57,743|INFO| Total vms: 3
2015-09-29 21:24:57,743|INFO| Node node-5.domain.tld: 3 State: up, enabled
2015-09-29 21:24:57,743|INFO| Node node-4.domain.tld: 0 State: up, enabled
2015-09-29 21:24:57,795|INFO| Total vms: 3
2015-09-29 21:24:57,795|INFO| Node node-5.domain.tld: 3 State: up, enabled
2015-09-29 21:24:57,796|INFO| Node node-4.domain.tld: 0 State: up, enabled
2015-09-29 21:24:57,864|INFO| Total vms: 3
2015-09-29 21:24:57,865|INFO| Node node-5.domain.tld: 3 State: up, enabled
2015-09-29 21:24:57,865|INFO| Node node-4.domain.tld: 0 State: up, enabled
2015-09-29 21:24:57,973|INFO| Total vms: 3
2015-09-29 21:24:57,973|INFO| Node node-5.domain.tld: 3 State: up, enabled
2015-09-29 21:24:57,974|INFO| Node node-4.domain.tld: 0 State: up, enabled
2015-09-29 21:24:58,056|INFO| Total vms: 3
2015-09-29 21:24:58,056|INFO| Node node-5.domain.tld: 3 State: up, enabled
2015-09-29 21:24:58,058|INFO| Node node-4.domain.tld: 0 State: up, enabled
2015-09-29 21:25:00,216|INFO| Total vms: 3
2015-09-29 21:25:00,216|INFO| Node node-5.domain.tld: 3 State: up, enabled
2015-09-29 21:25:00,216|INFO| Node node-4.domain.tld: 0 State: up, enabled
2015-09-29 21:25:03,572|INFO| Total vms: 3
2015-09-29 21:25:03,572|INFO| Node node-5.domain.tld: 3 State: up, enabled
2015-09-29 21:25:03,572|INFO| Node node-4.domain.tld: 0 State: up, enabled
2015-09-29 21:25:03,954|INFO| Total vms: 3
2015-09-29 21:25:03,956|INFO| Node node-5.domain.tld: 3 State: up, enabled
2015-09-29 21:25:03,956|INFO| Node node-4.domain.tld: 0 State: up, enabled
2015-09-29 21:25:04,825|INFO| Total vms: 3
2015-09-29 21:25:04,826|INFO| Node node-5.domain.tld: 3 State: up, enabled
2015-09-29 21:25:04,826|INFO| Node node-4.domain.tld: 0 State: up, enabled
2015-09-29 21:25:04,861|INFO| Total vms: 3
2015-09-29 21:25:04,861|INFO| Node node-5.domain.tld: 3 State: up, enabled
2015-09-29 21:25:04,861|INFO| Node node-4.domain.tld: 0 State: up, enabled
2015-09-29 21:25:04,993|INFO| Total vms: 3
2015-09-29 21:25:04,993|INFO| Node node-5.domain.tld: 3 State: up, enabled
2015-09-29 21:25:04,994|INFO| Node node-4.domain.tld: 0 State: up, enabled
2015-09-29 21:25:10,459|INFO| Total vms: 3
2015-09-29 21:25:10,459|INFO| Node node-5.domain.tld: 3 State: up, enabled
2015-09-29 21:25:10,459|INFO| Node node-4.domain.tld: 0 State: up, enabled
2015-09-29 21:25:13,325|INFO| Total vms: 3
2015-09-29 21:25:13,325|INFO| Node node-5.domain.tld: 3 State: up, enabled
2015-09-29 21:25:13,326|INFO| Node node-4.domain.tld: 0 State: up, enabled
2015-09-29 21:25:13,381|INFO| Total vms: 3
2015-09-29 21:25:13,381|INFO| Node node-5.domain.tld: 3 State: up, enabled
2015-09-29 21:25:13,381|INFO| Node node-4.domain.tld: 0 State: up, enabled
2015-09-29 21:25:13,585|INFO| Total vms: 3
2015-09-29 21:25:13,585|INFO| Node node-5.domain.tld: 3 State: up, enabled
2015-09-29 21:25:13,585|INFO| Node node-4.domain.tld: 0 State: up, enabled
2015-09-29 21:25:13,766|INFO| Total vms: 3
2015-09-29 21:25:13,767|INFO| Node node-5.domain.tld: 3 State: up, enabled
2015-09-29 21:25:13,767|INFO| Node node-4.domain.tld: 0 State: up, enabled
2015-09-29 21:25:15,111|INFO| Total vms: 3
2015-09-29 21:25:15,111|INFO| Node node-5.domain.tld: 3 State: up, enabled
2015-09-29 21:25:15,111|INFO| Node node-4.domain.tld: 0 State: up, enabled
2015-09-29 21:25:15,938|INFO| Total vms: 3
2015-09-29 21:25:15,938|INFO| Node node-5.domain.tld: 3 State: up, enabled
2015-09-29 21:25:15,938|INFO| Node node-4.domain.tld: 0 State: up, enabled
2015-09-29 21:25:19,079|INFO| Total vms: 3
2015-09-29 21:25:19,081|INFO| Node node-5.domain.tld: 3 State: up, enabled
2015-09-29 21:25:19,081|INFO| Node node-4.domain.tld: 0 State: up, enabled
2015-09-29 21:25:20,701|INFO| Total vms: 3
2015-09-29 21:25:20,701|INFO| Node node-5.domain.tld: 3 State: up, enabled
2015-09-29 21:25:20,701|INFO| Node node-4.domain.tld: 0 State: up, enabled
2015-09-29 21:25:25,358|INFO| Total vms: 3
2015-09-29 21:25:25,358|INFO| Node node-5.domain.tld: 3 State: up, enabled
2015-09-29 21:25:25,358|INFO| Node node-4.domain.tld: 0 State: up, enabled
2015-09-29 21:25:29,118|DEBUG| Instance ost1_test-server-smoke-1217406013 State: building
2015-09-29 21:25:29,119|DEBUG| New task: scheduling Old task: scheduling
2015-09-29 21:25:29,119|INFO| Total vms: 4
2015-09-29 21:25:29,119|INFO| Node node-5.domain.tld: 3 State: up, enabled
2015-09-29 21:25:29,119|INFO| Node node-4.domain.tld: 0 State: up, enabled
2015-09-29 21:25:29,170|INFO| Total vms: 4
2015-09-29 21:25:29,171|INFO| Node node-5.domain.tld: 3 State: up, enabled
2015-09-29 21:25:29,171|INFO| Node node-4.domain.tld: 0 State: up, enabled
2015-09-29 21:25:29,298|INFO| Total vms: 4
2015-09-29 21:25:29,299|INFO| Node node-5.domain.tld: 3 State: up, enabled
2015-09-29 21:25:29,299|INFO| Node node-4.domain.tld: 0 State: up, enabled
2015-09-29 21:25:29,358|INFO| Total vms: 4
2015-09-29 21:25:29,358|INFO| Node node-5.domain.tld: 3 State: up, enabled
2015-09-29 21:25:29,358|INFO| Node node-4.domain.tld: 0 State: up, enabled
2015-09-29 21:25:29,407|INFO| Total vms: 4
2015-09-29 21:25:29,407|INFO| Node node-5.domain.tld: 3 State: up, enabled
2015-09-29 21:25:29,407|INFO| Node node-4.domain.tld: 0 State: up, enabled
2015-09-29 21:25:29,588|INFO| Total vms: 4
2015-09-29 21:25:29,588|INFO| Node node-5.domain.tld: 3 State: up, enabled
2015-09-29 21:25:29,588|INFO| Node node-4.domain.tld: 0 State: up, enabled
2015-09-29 21:25:30,367|INFO| Total vms: 4
2015-09-29 21:25:30,368|INFO| Node node-5.domain.tld: 3 State: up, enabled
2015-09-29 21:25:30,368|INFO| Node node-4.domain.tld: 0 State: up, enabled
2015-09-29 21:25:30,388|INFO| Total vms: 4
2015-09-29 21:25:30,388|INFO| Node node-5.domain.tld: 3 State: up, enabled
2015-09-29 21:25:30,388|INFO| Node node-4.domain.tld: 0 State: up, enabled
2015-09-29 21:25:30,588|INFO| Total vms: 4
2015-09-29 21:25:30,588|INFO| Node node-5.domain.tld: 3 State: up, enabled
2015-09-29 21:25:30,588|INFO| Node node-4.domain.tld: 0 State: up, enabled
2015-09-29 21:25:30,944|INFO| Total vms: 4
2015-09-29 21:25:30,944|INFO| Node node-5.domain.tld: 3 State: up, enabled
2015-09-29 21:25:30,944|INFO| Node node-4.domain.tld: 0 State: up, enabled
2015-09-29 21:25:31,430|DEBUG| Instance ost1_test-server-smoke-1217406013 State: building
2015-09-29 21:25:31,430|DEBUG| New task: None Old task: scheduling
2015-09-29 21:25:31,430|INFO| Total vms: 4
2015-09-29 21:25:31,430|INFO| Node node-5.domain.tld: 3 State: up, enabled
2015-09-29 21:25:31,431|INFO| Node node-4.domain.tld: 0 State: up, enabled
2015-09-29 21:25:31,497|INFO| Total vms: 4
2015-09-29 21:25:31,497|INFO| Node node-5.domain.tld: 3 State: up, enabled
2015-09-29 21:25:31,499|INFO| Node node-4.domain.tld: 0 State: up, enabled
2015-09-29 21:25:31,575|INFO| Total vms: 4
2015-09-29 21:25:31,575|INFO| Node node-5.domain.tld: 3 State: up, enabled
2015-09-29 21:25:31,575|INFO| Node node-4.domain.tld: 0 State: up, enabled
2015-09-29 21:25:31,755|INFO| Total vms: 4
2015-09-29 21:25:31,755|INFO| Node node-5.domain.tld: 3 State: up, enabled
2015-09-29 21:25:31,755|INFO| Node node-4.domain.tld: 0 State: up, enabled
2015-09-29 21:25:32,062|DEBUG| Instance ost1_test-server-smoke-1217406013 State: building
2015-09-29 21:25:32,062|DEBUG| New task: None Old task: None
2015-09-29 21:25:32,062|INFO| Total vms: 4
2015-09-29 21:25:32,062|INFO| Node node-5.domain.tld: 3 State: up, enabled
2015-09-29 21:25:32,063|INFO| Node node-4.domain.tld: 1 State: up, enabled
2015-09-29 21:25:32,186|INFO| Total vms: 4
2015-09-29 21:25:32,187|INFO| Node node-5.domain.tld: 3 State: up, enabled
2015-09-29 21:25:32,187|INFO| Node node-4.domain.tld: 1 State: up, enabled
2015-09-29 21:25:32,319|DEBUG| Sorting hosts overload
2015-09-29 21:25:32,319|DEBUG| Searching for the most overloaded host
2015-09-29 21:25:32,319|DEBUG| Found host node-5.domain.tld
2015-09-29 21:25:32,319|INFO| Total vms: 4
2015-09-29 21:25:32,321|INFO| Node node-5.domain.tld: 3 State: up, enabled
2015-09-29 21:25:32,321|INFO| Node node-4.domain.tld: 1 State: up, enabled
2015-09-29 21:25:32,483|INFO| Total vms: 4
2015-09-29 21:25:32,483|INFO| Node node-5.domain.tld: 3 State: up, enabled
2015-09-29 21:25:32,483|INFO| Node node-4.domain.tld: 1 State: up, enabled
2015-09-29 21:25:34,364|DEBUG| Instance ost1_test-server-smoke-1217406013 State: building
2015-09-29 21:25:34,365|DEBUG| New task: networking Old task: networking
2015-09-29 21:25:34,365|INFO| Total vms: 4
2015-09-29 21:25:34,365|INFO| Node node-5.domain.tld: 3 State: up, enabled
2015-09-29 21:25:34,365|INFO| Node node-4.domain.tld: 1 State: up, enabled
2015-09-29 21:25:34,408|INFO| Total vms: 4
2015-09-29 21:25:34,410|INFO| Node node-5.domain.tld: 3 State: up, enabled
2015-09-29 21:25:34,410|INFO| Node node-4.domain.tld: 1 State: up, enabled
2015-09-29 21:25:34,529|DEBUG| Sorting hosts overload
2015-09-29 21:25:34,529|DEBUG| Searching for the most overloaded host
2015-09-29 21:25:34,529|DEBUG| Found host node-5.domain.tld
2015-09-29 21:25:34,530|INFO| Total vms: 4
2015-09-29 21:25:34,530|INFO| Node node-5.domain.tld: 3 State: up, enabled
2015-09-29 21:25:34,530|INFO| Node node-4.domain.tld: 1 State: up, enabled
2015-09-29 21:25:34,677|INFO| Total vms: 4
2015-09-29 21:25:34,677|INFO| Node node-5.domain.tld: 3 State: up, enabled
2015-09-29 21:25:34,678|INFO| Node node-4.domain.tld: 1 State: up, enabled
2015-09-29 21:25:35,230|DEBUG| Instance ost1_test-server-smoke-1217406013 State: building
2015-09-29 21:25:35,230|DEBUG| New task: networking Old task: networking
2015-09-29 21:25:35,230|INFO| Total vms: 4
2015-09-29 21:25:35,230|INFO| Node node-5.domain.tld: 3 State: up, enabled
2015-09-29 21:25:35,232|INFO| Node node-4.domain.tld: 1 State: up, enabled
2015-09-29 21:25:35,263|INFO| Total vms: 4
2015-09-29 21:25:35,263|INFO| Node node-5.domain.tld: 3 State: up, enabled
2015-09-29 21:25:35,265|INFO| Node node-4.domain.tld: 1 State: up, enabled
2015-09-29 21:25:35,345|INFO| Total vms: 4
2015-09-29 21:25:35,345|INFO| Node node-5.domain.tld: 3 State: up, enabled
2015-09-29 21:25:35,345|INFO| Node node-4.domain.tld: 1 State: up, enabled
2015-09-29 21:25:35,591|INFO| Total vms: 4
2015-09-29 21:25:35,591|INFO| Node node-5.domain.tld: 3 State: up, enabled
2015-09-29 21:25:35,592|INFO| Node node-4.domain.tld: 1 State: up, enabled
2015-09-29 21:25:35,739|DEBUG| Instance ost1_test-server-smoke-1217406013 State: building
2015-09-29 21:25:35,739|DEBUG| New task: block_device_mapping Old task: networking
2015-09-29 21:25:35,739|INFO| Total vms: 4
2015-09-29 21:25:35,740|INFO| Node node-5.domain.tld: 3 State: up, enabled
2015-09-29 21:25:35,740|INFO| Node node-4.domain.tld: 1 State: up, enabled
2015-09-29 21:25:35,769|INFO| Total vms: 4
2015-09-29 21:25:35,769|INFO| Node node-5.domain.tld: 3 State: up, enabled
2015-09-29 21:25:35,770|INFO| Node node-4.domain.tld: 1 State: up, enabled
2015-09-29 21:25:36,157|DEBUG| Instance ost1_test-server-smoke-1217406013 State: building
2015-09-29 21:25:36,157|DEBUG| New task: spawning Old task: block_device_mapping
2015-09-29 21:25:36,157|INFO| Total vms: 4
2015-09-29 21:25:36,157|INFO| Node node-5.domain.tld: 3 State: up, enabled
2015-09-29 21:25:36,157|INFO| Node node-4.domain.tld: 1 State: up, enabled
2015-09-29 21:25:37,191|INFO| Total vms: 4
2015-09-29 21:25:37,193|INFO| Node node-5.domain.tld: 3 State: up, enabled
2015-09-29 21:25:37,193|INFO| Node node-4.domain.tld: 1 State: up, enabled
2015-09-29 21:25:37,255|INFO| Total vms: 4
2015-09-29 21:25:37,255|INFO| Node node-5.domain.tld: 3 State: up, enabled
2015-09-29 21:25:37,255|INFO| Node node-4.domain.tld: 1 State: up, enabled
2015-09-29 21:25:37,516|DEBUG| Instance ost1_test-server-smoke-1217406013 State: building
2015-09-29 21:25:37,516|DEBUG| New task: spawning Old task: spawning
2015-09-29 21:25:37,516|INFO| Total vms: 4
2015-09-29 21:25:37,516|INFO| Node node-5.domain.tld: 3 State: up, enabled
2015-09-29 21:25:37,516|INFO| Node node-4.domain.tld: 1 State: up, enabled
2015-09-29 21:25:37,556|INFO| Total vms: 4
2015-09-29 21:25:37,556|INFO| Node node-5.domain.tld: 3 State: up, enabled
2015-09-29 21:25:37,556|INFO| Node node-4.domain.tld: 1 State: up, enabled
2015-09-29 21:25:37,595|DEBUG| Sorting hosts overload
2015-09-29 21:25:37,595|DEBUG| Searching for the most overloaded host
2015-09-29 21:25:37,595|DEBUG| Found host node-5.domain.tld
2015-09-29 21:25:37,595|INFO| Total vms: 4
2015-09-29 21:25:37,595|INFO| Node node-5.domain.tld: 3 State: up, enabled
2015-09-29 21:25:37,595|INFO| Node node-4.domain.tld: 1 State: up, enabled
2015-09-29 21:25:38,032|INFO| Total vms: 4
2015-09-29 21:25:38,033|INFO| Node node-5.domain.tld: 3 State: up, enabled
2015-09-29 21:25:38,033|INFO| Node node-4.domain.tld: 1 State: up, enabled
2015-09-29 21:25:38,141|INFO| Total vms: 4
2015-09-29 21:25:38,141|INFO| Node node-5.domain.tld: 3 State: up, enabled
2015-09-29 21:25:38,141|INFO| Node node-4.domain.tld: 1 State: up, enabled
2015-09-29 21:25:38,293|INFO| Total vms: 4
2015-09-29 21:25:38,293|INFO| Node node-5.domain.tld: 3 State: up, enabled
2015-09-29 21:25:38,293|INFO| Node node-4.domain.tld: 1 State: up, enabled
2015-09-29 21:25:38,464|INFO| Total vms: 4
2015-09-29 21:25:38,464|INFO| Node node-5.domain.tld: 3 State: up, enabled
2015-09-29 21:25:38,466|INFO| Node node-4.domain.tld: 1 State: up, enabled
2015-09-29 21:25:38,737|DEBUG| Instance ost1_test-server-smoke-1217406013 State: building
2015-09-29 21:25:38,739|DEBUG| New task: spawning Old task: spawning
2015-09-29 21:25:38,739|INFO| Total vms: 4
2015-09-29 21:25:38,739|INFO| Node node-5.domain.tld: 3 State: up, enabled
2015-09-29 21:25:38,739|INFO| Node node-4.domain.tld: 1 State: up, enabled
2015-09-29 21:25:38,782|DEBUG| Sorting hosts overload
2015-09-29 21:25:38,783|DEBUG| Searching for the most overloaded host
2015-09-29 21:25:38,783|INFO| Not available host
2015-09-29 21:25:38,783|INFO| Total vms: 4
2015-09-29 21:25:38,783|INFO| Node node-5.domain.tld: 3 State: up, enabled
2015-09-29 21:25:38,783|INFO| Node node-4.domain.tld: 1 State: up, enabled
2015-09-29 21:25:38,936|INFO| Total vms: 4
2015-09-29 21:25:38,936|INFO| Node node-5.domain.tld: 3 State: up, enabled
2015-09-29 21:25:38,936|INFO| Node node-4.domain.tld: 1 State: up, enabled
2015-09-29 21:25:39,207|DEBUG| Instance ost1_test-server-smoke-1217406013 State: building
2015-09-29 21:25:39,209|DEBUG| New task: scheduling Old task: spawning
2015-09-29 21:25:39,209|INFO| Total vms: 4
2015-09-29 21:25:39,209|INFO| Node node-5.domain.tld: 3 State: up, enabled
2015-09-29 21:25:39,209|INFO| Node node-4.domain.tld: 1 State: up, enabled
2015-09-29 21:25:39,250|INFO| Total vms: 4
2015-09-29 21:25:39,252|INFO| Node node-5.domain.tld: 3 State: up, enabled
2015-09-29 21:25:39,252|INFO| Node node-4.domain.tld: 1 State: up, enabled
2015-09-29 21:25:39,263|INFO| Total vms: 4
2015-09-29 21:25:39,263|INFO| Node node-5.domain.tld: 3 State: up, enabled
2015-09-29 21:25:39,263|INFO| Node node-4.domain.tld: 1 State: up, enabled
2015-09-29 21:25:39,384|INFO| Total vms: 4
2015-09-29 21:25:39,384|INFO| Node node-5.domain.tld: 3 State: up, enabled
2015-09-29 21:25:39,384|INFO| Node node-4.domain.tld: 1 State: up, enabled
2015-09-29 21:25:39,444|INFO| Total vms: 4
2015-09-29 21:25:39,444|INFO| Node node-5.domain.tld: 3 State: up, enabled
2015-09-29 21:25:39,444|INFO| Node node-4.domain.tld: 1 State: up, enabled
2015-09-29 21:25:39,505|INFO| Total vms: 4
2015-09-29 21:25:39,505|INFO| Node node-5.domain.tld: 3 State: up, enabled
2015-09-29 21:25:39,506|INFO| Node node-4.domain.tld: 1 State: up, enabled
2015-09-29 21:25:39,818|INFO| Total vms: 4
2015-09-29 21:25:39,818|INFO| Node node-5.domain.tld: 3 State: up, enabled
2015-09-29 21:25:39,818|INFO| Node node-4.domain.tld: 1 State: up, enabled
2015-09-29 21:25:39,846|INFO| Total vms: 4
2015-09-29 21:25:39,848|INFO| Node node-5.domain.tld: 3 State: up, enabled
2015-09-29 21:25:39,848|INFO| Node node-4.domain.tld: 1 State: up, enabled
2015-09-29 21:25:39,928|INFO| Total vms: 4
2015-09-29 21:25:39,928|INFO| Node node-5.domain.tld: 3 State: up, enabled
2015-09-29 21:25:39,930|INFO| Node node-4.domain.tld: 1 State: up, enabled
2015-09-29 21:25:40,328|DEBUG| Instance ost1_test-server-smoke-1217406013 State: building
2015-09-29 21:25:40,328|DEBUG| New task: None Old task: scheduling
2015-09-29 21:25:40,328|INFO| Total vms: 4
2015-09-29 21:25:40,328|INFO| Node node-5.domain.tld: 3 State: up, enabled
2015-09-29 21:25:40,328|INFO| Node node-4.domain.tld: 1 State: up, enabled
2015-09-29 21:25:40,440|INFO| Total vms: 4
2015-09-29 21:25:40,440|INFO| Node node-5.domain.tld: 3 State: up, enabled
2015-09-29 21:25:40,441|INFO| Node node-4.domain.tld: 1 State: up, enabled
2015-09-29 21:25:40,489|INFO| Total vms: 4
2015-09-29 21:25:40,490|INFO| Node node-5.domain.tld: 3 State: up, enabled
2015-09-29 21:25:40,490|INFO| Node node-4.domain.tld: 1 State: up, enabled
2015-09-29 21:25:40,937|DEBUG| Instance ost1_test-server-smoke-1217406013 State: building
2015-09-29 21:25:40,937|DEBUG| New task: None Old task: None
2015-09-29 21:25:40,938|INFO| Total vms: 4
2015-09-29 21:25:40,938|INFO| Node node-5.domain.tld: 4 State: up, enabled
2015-09-29 21:25:40,938|INFO| Node node-4.domain.tld: 0 State: up, enabled
2015-09-29 21:25:40,993|INFO| Total vms: 4
2015-09-29 21:25:40,993|INFO| Node node-5.domain.tld: 4 State: up, enabled
2015-09-29 21:25:40,993|INFO| Node node-4.domain.tld: 0 State: up, enabled
2015-09-29 21:25:41,068|DEBUG| Sorting hosts overload
2015-09-29 21:25:41,069|DEBUG| Searching for the most overloaded host
2015-09-29 21:25:41,069|DEBUG| Found host node-5.domain.tld
2015-09-29 21:25:41,069|INFO| Total vms: 4
2015-09-29 21:25:41,069|INFO| Node node-5.domain.tld: 4 State: up, enabled
2015-09-29 21:25:41,069|INFO| Node node-4.domain.tld: 0 State: up, enabled
2015-09-29 21:25:41,187|INFO| Total vms: 4
2015-09-29 21:25:41,187|INFO| Node node-5.domain.tld: 4 State: up, enabled
2015-09-29 21:25:41,187|INFO| Node node-4.domain.tld: 0 State: up, enabled
2015-09-29 21:25:41,573|INFO| Total vms: 4
2015-09-29 21:25:41,575|INFO| Node node-5.domain.tld: 4 State: up, enabled
2015-09-29 21:25:41,575|INFO| Node node-4.domain.tld: 0 State: up, enabled
2015-09-29 21:25:41,667|INFO| Total vms: 4
2015-09-29 21:25:41,668|INFO| Node node-5.domain.tld: 4 State: up, enabled
2015-09-29 21:25:41,668|INFO| Node node-4.domain.tld: 0 State: up, enabled
2015-09-29 21:25:42,073|DEBUG| Instance ost1_test-server-smoke-1217406013 State: building
2015-09-29 21:25:42,073|DEBUG| New task: None Old task: None
2015-09-29 21:25:42,073|INFO| Total vms: 4
2015-09-29 21:25:42,075|INFO| Node node-5.domain.tld: 4 State: up, enabled
2015-09-29 21:25:42,075|INFO| Node node-4.domain.tld: 0 State: up, enabled
2015-09-29 21:25:42,140|INFO| Total vms: 4
2015-09-29 21:25:42,141|INFO| Node node-5.domain.tld: 4 State: up, enabled
2015-09-29 21:25:42,141|INFO| Node node-4.domain.tld: 0 State: up, enabled
2015-09-29 21:25:42,486|DEBUG| Instance ost1_test-server-smoke-1217406013 State: building
2015-09-29 21:25:42,486|DEBUG| New task: block_device_mapping Old task: block_device_mapping
2015-09-29 21:25:42,486|INFO| Total vms: 4
2015-09-29 21:25:42,486|INFO| Node node-5.domain.tld: 4 State: up, enabled
2015-09-29 21:25:42,486|INFO| Node node-4.domain.tld: 0 State: up, enabled
2015-09-29 21:25:42,530|INFO| Total vms: 4
2015-09-29 21:25:42,532|INFO| Node node-5.domain.tld: 4 State: up, enabled
2015-09-29 21:25:42,532|INFO| Node node-4.domain.tld: 0 State: up, enabled
2015-09-29 21:25:42,770|DEBUG| Instance ost1_test-server-smoke-1217406013 State: building
2015-09-29 21:25:42,770|DEBUG| New task: spawning Old task: block_device_mapping
2015-09-29 21:25:42,770|INFO| Total vms: 4
2015-09-29 21:25:42,770|INFO| Node node-5.domain.tld: 4 State: up, enabled
2015-09-29 21:25:42,772|INFO| Node node-4.domain.tld: 0 State: up, enabled
2015-09-29 21:25:43,584|INFO| Total vms: 4
2015-09-29 21:25:43,585|INFO| Node node-5.domain.tld: 4 State: up, enabled
2015-09-29 21:25:43,585|INFO| Node node-4.domain.tld: 0 State: up, enabled
2015-09-29 21:25:43,684|INFO| Total vms: 4
2015-09-29 21:25:43,684|INFO| Node node-5.domain.tld: 4 State: up, enabled
2015-09-29 21:25:43,684|INFO| Node node-4.domain.tld: 0 State: up, enabled
2015-09-29 21:25:43,789|INFO| Total vms: 4
2015-09-29 21:25:43,790|INFO| Node node-5.domain.tld: 4 State: up, enabled
2015-09-29 21:25:43,790|INFO| Node node-4.domain.tld: 0 State: up, enabled
2015-09-29 21:25:43,957|INFO| Total vms: 4
2015-09-29 21:25:43,957|INFO| Node node-5.domain.tld: 4 State: up, enabled
2015-09-29 21:25:43,957|INFO| Node node-4.domain.tld: 0 State: up, enabled
2015-09-29 21:25:44,121|DEBUG| Instance ost1_test-server-smoke-1217406013 State: building
2015-09-29 21:25:44,121|DEBUG| New task: spawning Old task: spawning
2015-09-29 21:25:44,121|INFO| Total vms: 4
2015-09-29 21:25:44,121|INFO| Node node-5.domain.tld: 4 State: up, enabled
2015-09-29 21:25:44,121|INFO| Node node-4.domain.tld: 0 State: up, enabled
2015-09-29 21:25:44,168|DEBUG| Sorting hosts overload
2015-09-29 21:25:44,168|DEBUG| Searching for the most overloaded host
2015-09-29 21:25:44,168|INFO| Not available host
2015-09-29 21:25:44,168|INFO| Total vms: 4
2015-09-29 21:25:44,168|INFO| Node node-5.domain.tld: 4 State: up, enabled
2015-09-29 21:25:44,168|INFO| Node node-4.domain.tld: 0 State: up, enabled
2015-09-29 21:25:44,252|INFO| Total vms: 4
2015-09-29 21:25:44,252|INFO| Node node-5.domain.tld: 4 State: up, enabled
2015-09-29 21:25:44,252|INFO| Node node-4.domain.tld: 0 State: up, enabled
2015-09-29 21:25:44,415|DEBUG| Instance ost1_test-server-smoke-1217406013 State: building
2015-09-29 21:25:44,415|DEBUG| New task: scheduling Old task: spawning
2015-09-29 21:25:44,417|INFO| Total vms: 4
2015-09-29 21:25:44,417|INFO| Node node-5.domain.tld: 4 State: up, enabled
2015-09-29 21:25:44,417|INFO| Node node-4.domain.tld: 0 State: up, enabled
2015-09-29 21:25:44,454|INFO| Total vms: 4
2015-09-29 21:25:44,454|INFO| Node node-5.domain.tld: 4 State: up, enabled
2015-09-29 21:25:44,456|INFO| Node node-4.domain.tld: 0 State: up, enabled
2015-09-29 21:25:44,470|INFO| Total vms: 4
2015-09-29 21:25:44,471|INFO| Node node-5.domain.tld: 4 State: up, enabled
2015-09-29 21:25:44,471|INFO| Node node-4.domain.tld: 0 State: up, enabled
2015-09-29 21:25:44,502|INFO| Total vms: 4
2015-09-29 21:25:44,502|INFO| Node node-5.domain.tld: 4 State: up, enabled
2015-09-29 21:25:44,503|INFO| Node node-4.domain.tld: 0 State: up, enabled
2015-09-29 21:25:44,536|INFO| Total vms: 4
2015-09-29 21:25:44,538|INFO| Node node-5.domain.tld: 4 State: up, enabled
2015-09-29 21:25:44,538|INFO| Node node-4.domain.tld: 0 State: up, enabled
2015-09-29 21:25:44,946|DEBUG| Instance ost1_test-server-smoke-1217406013 State: error
2015-09-29 21:25:44,946|DEBUG| New task: None Old task: scheduling
2015-09-29 21:25:44,946|WARNING| Instance ost1_test-server-smoke-1217406013 is in error state
2015-09-29 21:25:44,946|INFO| Total vms: 4
2015-09-29 21:25:44,947|INFO| Node node-5.domain.tld: 4 State: up, enabled
2015-09-29 21:25:44,947|INFO| Node node-4.domain.tld: 0 State: up, enabled
2015-09-29 21:25:44,969|INFO| Total vms: 4
2015-09-29 21:25:44,969|INFO| Node node-5.domain.tld: 4 State: up, enabled
2015-09-29 21:25:44,969|INFO| Node node-4.domain.tld: 0 State: up, enabled
2015-09-29 21:25:45,839|INFO| Total vms: 4
2015-09-29 21:25:45,841|INFO| Node node-5.domain.tld: 4 State: up, enabled
2015-09-29 21:25:45,841|INFO| Node node-4.domain.tld: 0 State: up, enabled
2015-09-29 21:25:51,434|INFO| Total vms: 4
2015-09-29 21:25:51,436|INFO| Node node-5.domain.tld: 4 State: up, enabled
2015-09-29 21:25:51,437|INFO| Node node-4.domain.tld: 0 State: up, enabled
2015-09-29 21:25:53,516|DEBUG| Instance ost1_test-server-smoke-1217406013 State: error
2015-09-29 21:25:53,516|DEBUG| New task: deleting Old task: deleting
2015-09-29 21:25:53,516|WARNING| Instance ost1_test-server-smoke-1217406013 is in error state
2015-09-29 21:25:53,516|INFO| Total vms: 4
2015-09-29 21:25:53,516|INFO| Node node-5.domain.tld: 4 State: up, enabled
2015-09-29 21:25:53,516|INFO| Node node-4.domain.tld: 0 State: up, enabled
2015-09-29 21:25:53,686|INFO| Total vms: 4
2015-09-29 21:25:53,686|INFO| Node node-5.domain.tld: 4 State: up, enabled
2015-09-29 21:25:53,686|INFO| Node node-4.domain.tld: 0 State: up, enabled
2015-09-29 21:25:53,720|INFO| Total vms: 4
2015-09-29 21:25:53,720|INFO| Node node-5.domain.tld: 4 State: up, enabled
2015-09-29 21:25:53,720|INFO| Node node-4.domain.tld: 0 State: up, enabled
2015-09-29 21:25:53,769|INFO| Total vms: 4
2015-09-29 21:25:53,769|INFO| Node node-5.domain.tld: 4 State: up, enabled
2015-09-29 21:25:53,769|INFO| Node node-4.domain.tld: 0 State: up, enabled
2015-09-29 21:25:53,844|INFO| Total vms: 4
2015-09-29 21:25:53,844|INFO| Node node-5.domain.tld: 4 State: up, enabled
2015-09-29 21:25:53,845|INFO| Node node-4.domain.tld: 0 State: up, enabled
2015-09-29 21:25:54,124|INFO| Total vms: 4
2015-09-29 21:25:54,124|INFO| Node node-5.domain.tld: 4 State: up, enabled
2015-09-29 21:25:54,124|INFO| Node node-4.domain.tld: 0 State: up, enabled
2015-09-29 21:25:54,546|INFO| Total vms: 4
2015-09-29 21:25:54,546|INFO| Node node-5.domain.tld: 4 State: up, enabled
2015-09-29 21:25:54,546|INFO| Node node-4.domain.tld: 0 State: up, enabled
2015-09-29 21:25:54,713|DEBUG| Instance ost1_test-server-smoke-1217406013 State: error
2015-09-29 21:25:54,713|DEBUG| New task: deleting Old task: deleting
2015-09-29 21:25:54,713|WARNING| Instance ost1_test-server-smoke-1217406013 is in error state
2015-09-29 21:25:54,713|INFO| Total vms: 4
2015-09-29 21:25:54,713|INFO| Node node-5.domain.tld: 4 State: up, enabled
2015-09-29 21:25:54,713|INFO| Node node-4.domain.tld: 0 State: up, enabled
2015-09-29 21:25:55,400|INFO| Total vms: 4
2015-09-29 21:25:55,401|INFO| Node node-5.domain.tld: 4 State: up, enabled
2015-09-29 21:25:55,401|INFO| Node node-4.domain.tld: 0 State: up, enabled
2015-09-29 21:25:55,450|INFO| Total vms: 4
2015-09-29 21:25:55,450|INFO| Node node-5.domain.tld: 4 State: up, enabled
2015-09-29 21:25:55,450|INFO| Node node-4.domain.tld: 0 State: up, enabled
2015-09-29 21:25:55,747|DEBUG| Instance ost1_test-server-smoke-1217406013 State: deleted
2015-09-29 21:25:55,749|DEBUG| New task: None Old task: deleting
2015-09-29 21:25:55,749|INFO| Total vms: 3
2015-09-29 21:25:55,749|INFO| Node node-5.domain.tld: 3 State: up, enabled
2015-09-29 21:25:55,749|INFO| Node node-4.domain.tld: 0 State: up, enabled
2015-09-29 21:25:55,816|INFO| Total vms: 3
2015-09-29 21:25:55,816|INFO| Node node-5.domain.tld: 3 State: up, enabled
2015-09-29 21:25:55,818|INFO| Node node-4.domain.tld: 0 State: up, enabled
2015-09-29 21:25:56,079|INFO| Total vms: 3
2015-09-29 21:25:56,081|INFO| Node node-5.domain.tld: 3 State: up, enabled
2015-09-29 21:25:56,081|INFO| Node node-4.domain.tld: 0 State: up, enabled
2015-09-29 21:25:56,746|INFO| Total vms: 3
2015-09-29 21:25:56,746|INFO| Node node-5.domain.tld: 3 State: up, enabled
2015-09-29 21:25:56,746|INFO| Node node-4.domain.tld: 0 State: up, enabled
2015-09-29 21:25:56,799|INFO| Total vms: 3
2015-09-29 21:25:56,799|INFO| Node node-5.domain.tld: 3 State: up, enabled
2015-09-29 21:25:56,799|INFO| Node node-4.domain.tld: 0 State: up, enabled
2015-09-29 21:25:56,834|INFO| Total vms: 3
2015-09-29 21:25:56,834|INFO| Node node-5.domain.tld: 3 State: up, enabled
2015-09-29 21:25:56,834|INFO| Node node-4.domain.tld: 0 State: up, enabled
2015-09-29 21:25:56,852|INFO| Total vms: 3
2015-09-29 21:25:56,852|INFO| Node node-5.domain.tld: 3 State: up, enabled
2015-09-29 21:25:56,852|INFO| Node node-4.domain.tld: 0 State: up, enabled
2015-09-29 21:25:58,967|INFO| Total vms: 3
2015-09-29 21:25:58,969|INFO| Node node-5.domain.tld: 3 State: up, enabled
2015-09-29 21:25:58,969|INFO| Node node-4.domain.tld: 0 State: up, enabled
2015-09-29 21:25:59,119|INFO| Total vms: 3
2015-09-29 21:25:59,119|INFO| Node node-5.domain.tld: 3 State: up, enabled
2015-09-29 21:25:59,119|INFO| Node node-4.domain.tld: 0 State: up, enabled
2015-09-29 21:25:59,180|INFO| Total vms: 3
2015-09-29 21:25:59,180|INFO| Node node-5.domain.tld: 3 State: up, enabled
2015-09-29 21:25:59,180|INFO| Node node-4.domain.tld: 0 State: up, enabled
2015-09-29 21:25:59,250|INFO| Total vms: 3
2015-09-29 21:25:59,250|INFO| Node node-5.domain.tld: 3 State: up, enabled
2015-09-29 21:25:59,250|INFO| Node node-4.domain.tld: 0 State: up, enabled
2015-09-29 21:25:59,355|INFO| Total vms: 3
2015-09-29 21:25:59,355|INFO| Node node-5.domain.tld: 3 State: up, enabled
2015-09-29 21:25:59,355|INFO| Node node-4.domain.tld: 0 State: up, enabled
2015-09-29 21:25:59,549|DEBUG| Sorting hosts overload
2015-09-29 21:25:59,549|DEBUG| Searching for the most overloaded host
2015-09-29 21:25:59,549|DEBUG| Found host node-5.domain.tld
2015-09-29 21:25:59,549|INFO| Total vms: 3
2015-09-29 21:25:59,549|INFO| Node node-5.domain.tld: 3 State: up, enabled
2015-09-29 21:25:59,549|INFO| Node node-4.domain.tld: 0 State: up, enabled
2015-09-29 21:25:59,601|INFO| Total vms: 3
2015-09-29 21:25:59,601|INFO| Node node-5.domain.tld: 3 State: up, enabled
2015-09-29 21:25:59,601|INFO| Node node-4.domain.tld: 0 State: up, enabled
2015-09-29 21:25:59,684|INFO| Total vms: 3
2015-09-29 21:25:59,686|INFO| Node node-5.domain.tld: 3 State: up, enabled
2015-09-29 21:25:59,686|INFO| Node node-4.domain.tld: 0 State: up, enabled
2015-09-29 21:26:01,674|INFO| Total vms: 3
2015-09-29 21:26:01,674|INFO| Node node-5.domain.tld: 3 State: up, enabled
2015-09-29 21:26:01,674|INFO| Node node-4.domain.tld: 0 State: up, enabled
2015-09-29 21:26:05,026|INFO| Total vms: 3
2015-09-29 21:26:05,026|INFO| Node node-5.domain.tld: 3 State: up, enabled
2015-09-29 21:26:05,026|INFO| Node node-4.domain.tld: 0 State: up, enabled
2015-09-29 21:26:05,589|INFO| Total vms: 3
2015-09-29 21:26:05,589|INFO| Node node-5.domain.tld: 3 State: up, enabled
2015-09-29 21:26:05,589|INFO| Node node-4.domain.tld: 0 State: up, enabled
2015-09-29 21:26:06,328|INFO| Total vms: 3
2015-09-29 21:26:06,328|INFO| Node node-5.domain.tld: 3 State: up, enabled
2015-09-29 21:26:06,329|INFO| Node node-4.domain.tld: 0 State: up, enabled
2015-09-29 21:26:08,104|INFO| Total vms: 3
2015-09-29 21:26:08,104|INFO| Node node-5.domain.tld: 3 State: up, enabled
2015-09-29 21:26:08,104|INFO| Node node-4.domain.tld: 0 State: up, enabled
2015-09-29 21:26:08,325|INFO| Total vms: 3
2015-09-29 21:26:08,325|INFO| Node node-5.domain.tld: 3 State: up, enabled
2015-09-29 21:26:08,325|INFO| Node node-4.domain.tld: 0 State: up, enabled
2015-09-29 21:26:11,917|INFO| Total vms: 3
2015-09-29 21:26:11,918|INFO| Node node-5.domain.tld: 3 State: up, enabled
2015-09-29 21:26:11,918|INFO| Node node-4.domain.tld: 0 State: up, enabled
2015-09-29 21:26:15,575|INFO| Total vms: 3
2015-09-29 21:26:15,575|INFO| Node node-5.domain.tld: 3 State: up, enabled
2015-09-29 21:26:15,575|INFO| Node node-4.domain.tld: 0 State: up, enabled
2015-09-29 21:26:15,609|INFO| Total vms: 3
2015-09-29 21:26:15,609|INFO| Node node-5.domain.tld: 3 State: up, enabled
2015-09-29 21:26:15,609|INFO| Node node-4.domain.tld: 0 State: up, enabled
2015-09-29 21:26:15,694|DEBUG| Sorting hosts overload
2015-09-29 21:26:15,694|DEBUG| Searching for the most overloaded host
2015-09-29 21:26:15,696|DEBUG| Found host node-5.domain.tld
2015-09-29 21:26:15,696|INFO| Total vms: 3
2015-09-29 21:26:15,696|INFO| Node node-5.domain.tld: 3 State: up, enabled
2015-09-29 21:26:15,696|INFO| Node node-4.domain.tld: 0 State: up, enabled
2015-09-29 21:26:15,747|INFO| Total vms: 3
2015-09-29 21:26:15,747|INFO| Node node-5.domain.tld: 3 State: up, enabled
2015-09-29 21:26:15,747|INFO| Node node-4.domain.tld: 0 State: up, enabled
2015-09-29 21:26:15,805|INFO| Total vms: 3
2015-09-29 21:26:15,805|INFO| Node node-5.domain.tld: 3 State: up, enabled
2015-09-29 21:26:15,805|INFO| Node node-4.domain.tld: 0 State: up, enabled
2015-09-29 21:26:16,575|INFO| Total vms: 3
2015-09-29 21:26:16,575|INFO| Node node-5.domain.tld: 3 State: up, enabled
2015-09-29 21:26:16,575|INFO| Node node-4.domain.tld: 0 State: up, enabled
2015-09-29 21:26:18,970|INFO| Total vms: 3
2015-09-29 21:26:18,970|INFO| Node node-5.domain.tld: 3 State: up, enabled
2015-09-29 21:26:18,970|INFO| Node node-4.domain.tld: 0 State: up, enabled
2015-09-29 21:26:22,164|INFO| Total vms: 3
2015-09-29 21:26:22,164|INFO| Node node-5.domain.tld: 3 State: up, enabled
2015-09-29 21:26:22,164|INFO| Node node-4.domain.tld: 0 State: up, enabled
2015-09-29 21:26:26,811|INFO| Total vms: 3
2015-09-29 21:26:26,811|INFO| Node node-5.domain.tld: 3 State: up, enabled
2015-09-29 21:26:26,811|INFO| Node node-4.domain.tld: 0 State: up, enabled
2015-09-29 21:26:32,408|INFO| Total vms: 3
2015-09-29 21:26:32,408|INFO| Node node-5.domain.tld: 3 State: up, enabled
2015-09-29 21:26:32,408|INFO| Node node-4.domain.tld: 0 State: up, enabled
2015-09-29 21:26:37,058|INFO| Total vms: 3
2015-09-29 21:26:37,058|INFO| Node node-5.domain.tld: 3 State: up, enabled
2015-09-29 21:26:37,059|INFO| Node node-4.domain.tld: 0 State: up, enabled
2015-09-29 21:26:42,648|INFO| Total vms: 3
2015-09-29 21:26:42,648|INFO| Node node-5.domain.tld: 3 State: up, enabled
2015-09-29 21:26:42,648|INFO| Node node-4.domain.tld: 0 State: up, enabled
2015-09-29 21:26:47,305|INFO| Total vms: 3
2015-09-29 21:26:47,305|INFO| Node node-5.domain.tld: 3 State: up, enabled
2015-09-29 21:26:47,305|INFO| Node node-4.domain.tld: 0 State: up, enabled
2015-09-29 21:26:52,895|INFO| Total vms: 3
2015-09-29 21:26:52,897|INFO| Node node-5.domain.tld: 3 State: up, enabled
2015-09-29 21:26:52,897|INFO| Node node-4.domain.tld: 0 State: up, enabled
2015-09-29 21:26:57,546|INFO| Total vms: 3
2015-09-29 21:26:57,548|INFO| Node node-5.domain.tld: 3 State: up, enabled
2015-09-29 21:26:57,548|INFO| Node node-4.domain.tld: 0 State: up, enabled
2015-09-29 21:27:01,444|INFO| Total vms: 3
2015-09-29 21:27:01,446|INFO| Node node-5.domain.tld: 3 State: up, enabled
2015-09-29 21:27:01,446|INFO| Node node-4.domain.tld: 0 State: up, enabled
2015-09-29 21:27:01,515|INFO| Total vms: 3
2015-09-29 21:27:01,516|INFO| Node node-5.domain.tld: 3 State: up, enabled
2015-09-29 21:27:01,516|INFO| Node node-4.domain.tld: 0 State: up, enabled
2015-09-29 21:27:01,539|INFO| Total vms: 3
2015-09-29 21:27:01,539|INFO| Node node-5.domain.tld: 3 State: up, enabled
2015-09-29 21:27:01,539|INFO| Node node-4.domain.tld: 0 State: up, enabled
2015-09-29 21:27:01,569|INFO| Total vms: 3
2015-09-29 21:27:01,571|INFO| Node node-5.domain.tld: 3 State: up, enabled
2015-09-29 21:27:01,571|INFO| Node node-4.domain.tld: 0 State: up, enabled
2015-09-29 21:27:01,595|INFO| Total vms: 3
2015-09-29 21:27:01,595|INFO| Node node-5.domain.tld: 3 State: up, enabled
2015-09-29 21:27:01,595|INFO| Node node-4.domain.tld: 0 State: up, enabled
2015-09-29 21:27:01,664|INFO| Total vms: 3
2015-09-29 21:27:01,664|INFO| Node node-5.domain.tld: 3 State: up, enabled
2015-09-29 21:27:01,665|INFO| Node node-4.domain.tld: 0 State: up, enabled
2015-09-29 21:27:01,732|INFO| Total vms: 3
2015-09-29 21:27:01,732|INFO| Node node-5.domain.tld: 3 State: up, enabled
2015-09-29 21:27:01,732|INFO| Node node-4.domain.tld: 0 State: up, enabled
2015-09-29 21:27:03,135|INFO| Total vms: 3
2015-09-29 21:27:03,135|INFO| Node node-5.domain.tld: 3 State: up, enabled
2015-09-29 21:27:03,135|INFO| Node node-4.domain.tld: 0 State: up, enabled
2015-09-29 21:27:07,509|INFO| Total vms: 3
2015-09-29 21:27:07,509|INFO| Node node-5.domain.tld: 3 State: up, enabled
2015-09-29 21:27:07,510|INFO| Node node-4.domain.tld: 0 State: up, enabled
2015-09-29 21:27:07,582|INFO| Total vms: 3
2015-09-29 21:27:07,584|INFO| Node node-5.domain.tld: 3 State: up, enabled
2015-09-29 21:27:07,584|INFO| Node node-4.domain.tld: 0 State: up, enabled
2015-09-29 21:27:07,730|INFO| Total vms: 3
2015-09-29 21:27:07,730|INFO| Node node-5.domain.tld: 3 State: up, enabled
2015-09-29 21:27:07,730|INFO| Node node-4.domain.tld: 0 State: up, enabled
2015-09-29 21:27:07,785|INFO| Total vms: 3
2015-09-29 21:27:07,786|INFO| Node node-5.domain.tld: 3 State: up, enabled
2015-09-29 21:27:07,786|INFO| Node node-4.domain.tld: 0 State: up, enabled
2015-09-29 21:27:08,198|INFO| Total vms: 3
2015-09-29 21:27:08,198|INFO| Node node-5.domain.tld: 3 State: up, enabled
2015-09-29 21:27:08,200|INFO| Node node-4.domain.tld: 0 State: up, enabled
2015-09-29 21:27:10,276|INFO| Total vms: 3
2015-09-29 21:27:10,276|INFO| Node node-5.domain.tld: 3 State: up, enabled
2015-09-29 21:27:10,276|INFO| Node node-4.domain.tld: 0 State: up, enabled
2015-09-29 21:27:10,809|INFO| Total vms: 3
2015-09-29 21:27:10,811|INFO| Node node-5.domain.tld: 3 State: up, enabled
2015-09-29 21:27:10,811|INFO| Node node-4.domain.tld: 0 State: up, enabled
2015-09-29 21:27:13,381|INFO| Total vms: 3
2015-09-29 21:27:13,381|INFO| Node node-5.domain.tld: 3 State: up, enabled
2015-09-29 21:27:13,381|INFO| Node node-4.domain.tld: 0 State: up, enabled
2015-09-29 21:27:18,035|INFO| Total vms: 3
2015-09-29 21:27:18,035|INFO| Node node-5.domain.tld: 3 State: up, enabled
2015-09-29 21:27:18,036|INFO| Node node-4.domain.tld: 0 State: up, enabled
2015-09-29 21:27:19,092|INFO| Total vms: 3
2015-09-29 21:27:19,092|INFO| Node node-5.domain.tld: 3 State: up, enabled
2015-09-29 21:27:19,092|INFO| Node node-4.domain.tld: 0 State: up, enabled
2015-09-29 21:27:19,121|INFO| Total vms: 3
2015-09-29 21:27:19,122|INFO| Node node-5.domain.tld: 3 State: up, enabled
2015-09-29 21:27:19,122|INFO| Node node-4.domain.tld: 0 State: up, enabled
2015-09-29 21:27:19,232|INFO| Total vms: 3
2015-09-29 21:27:19,232|INFO| Node node-5.domain.tld: 3 State: up, enabled
2015-09-29 21:27:19,232|INFO| Node node-4.domain.tld: 0 State: up, enabled
2015-09-29 21:27:19,292|INFO| Total vms: 3
2015-09-29 21:27:19,292|INFO| Node node-5.domain.tld: 3 State: up, enabled
2015-09-29 21:27:19,292|INFO| Node node-4.domain.tld: 0 State: up, enabled
2015-09-29 21:27:20,374|INFO| Total vms: 3
2015-09-29 21:27:20,374|INFO| Node node-5.domain.tld: 3 State: up, enabled
2015-09-29 21:27:20,374|INFO| Node node-4.domain.tld: 0 State: up, enabled
2015-09-29 21:27:23,618|INFO| Total vms: 3
2015-09-29 21:27:23,618|INFO| Node node-5.domain.tld: 3 State: up, enabled
2015-09-29 21:27:23,618|INFO| Node node-4.domain.tld: 0 State: up, enabled
2015-09-29 21:27:28,282|INFO| Total vms: 3
2015-09-29 21:27:28,283|INFO| Node node-5.domain.tld: 3 State: up, enabled
2015-09-29 21:27:28,283|INFO| Node node-4.domain.tld: 0 State: up, enabled
2015-09-29 21:27:33,862|INFO| Total vms: 3
2015-09-29 21:27:33,864|INFO| Node node-5.domain.tld: 3 State: up, enabled
2015-09-29 21:27:33,864|INFO| Node node-4.domain.tld: 0 State: up, enabled
2015-09-29 21:27:38,529|INFO| Total vms: 3
2015-09-29 21:27:38,529|INFO| Node node-5.domain.tld: 3 State: up, enabled
2015-09-29 21:27:38,529|INFO| Node node-4.domain.tld: 0 State: up, enabled
2015-09-29 21:27:44,108|INFO| Total vms: 3
2015-09-29 21:27:44,108|INFO| Node node-5.domain.tld: 3 State: up, enabled
2015-09-29 21:27:44,109|INFO| Node node-4.domain.tld: 0 State: up, enabled
2015-09-29 21:27:48,766|INFO| Total vms: 3
2015-09-29 21:27:48,766|INFO| Node node-5.domain.tld: 3 State: up, enabled
2015-09-29 21:27:48,766|INFO| Node node-4.domain.tld: 0 State: up, enabled
2015-09-29 21:27:54,351|INFO| Total vms: 3
2015-09-29 21:27:54,351|INFO| Node node-5.domain.tld: 3 State: up, enabled
2015-09-29 21:27:54,351|INFO| Node node-4.domain.tld: 0 State: up, enabled
2015-09-29 21:27:59,012|INFO| Total vms: 3
2015-09-29 21:27:59,012|INFO| Node node-5.domain.tld: 3 State: up, enabled
2015-09-29 21:27:59,012|INFO| Node node-4.domain.tld: 0 State: up, enabled
2015-09-29 21:28:03,915|INFO| Total vms: 3
2015-09-29 21:28:03,915|INFO| Node node-5.domain.tld: 3 State: up, enabled
2015-09-29 21:28:03,915|INFO| Node node-4.domain.tld: 0 State: up, enabled
2015-09-29 21:28:03,984|INFO| Total vms: 3
2015-09-29 21:28:03,984|INFO| Node node-5.domain.tld: 3 State: up, enabled
2015-09-29 21:28:03,986|INFO| Node node-4.domain.tld: 0 State: up, enabled
2015-09-29 21:28:04,035|INFO| Total vms: 3
2015-09-29 21:28:04,035|INFO| Node node-5.domain.tld: 3 State: up, enabled
2015-09-29 21:28:04,035|INFO| Node node-4.domain.tld: 0 State: up, enabled
2015-09-29 21:28:04,076|INFO| Total vms: 3
2015-09-29 21:28:04,076|INFO| Node node-5.domain.tld: 3 State: up, enabled
2015-09-29 21:28:04,078|INFO| Node node-4.domain.tld: 0 State: up, enabled
2015-09-29 21:28:04,131|INFO| Total vms: 3
2015-09-29 21:28:04,131|INFO| Node node-5.domain.tld: 3 State: up, enabled
2015-09-29 21:28:04,131|INFO| Node node-4.domain.tld: 0 State: up, enabled
2015-09-29 21:28:04,303|INFO| Total vms: 3
2015-09-29 21:28:04,305|INFO| Node node-5.domain.tld: 3 State: up, enabled
2015-09-29 21:28:04,305|INFO| Node node-4.domain.tld: 0 State: up, enabled
2015-09-29 21:28:04,428|INFO| Total vms: 3
2015-09-29 21:28:04,428|INFO| Node node-5.domain.tld: 3 State: up, enabled
2015-09-29 21:28:04,430|INFO| Node node-4.domain.tld: 0 State: up, enabled
2015-09-29 21:28:04,592|INFO| Total vms: 3
2015-09-29 21:28:04,592|INFO| Node node-5.domain.tld: 3 State: up, enabled
2015-09-29 21:28:04,592|INFO| Node node-4.domain.tld: 0 State: up, enabled
2015-09-29 21:28:08,966|INFO| Total vms: 3
2015-09-29 21:28:08,966|INFO| Node node-5.domain.tld: 3 State: up, enabled
2015-09-29 21:28:08,966|INFO| Node node-4.domain.tld: 0 State: up, enabled
2015-09-29 21:28:09,214|INFO| Total vms: 3
2015-09-29 21:28:09,214|INFO| Node node-5.domain.tld: 3 State: up, enabled
2015-09-29 21:28:09,214|INFO| Node node-4.domain.tld: 0 State: up, enabled
2015-09-29 21:28:09,246|INFO| Total vms: 3
2015-09-29 21:28:09,246|INFO| Node node-5.domain.tld: 3 State: up, enabled
2015-09-29 21:28:09,246|INFO| Node node-4.domain.tld: 0 State: up, enabled
2015-09-29 21:28:12,272|INFO| Total vms: 3
2015-09-29 21:28:12,273|INFO| Node node-5.domain.tld: 3 State: up, enabled
2015-09-29 21:28:12,273|INFO| Node node-4.domain.tld: 0 State: up, enabled
2015-09-29 21:28:13,065|INFO| Total vms: 3
2015-09-29 21:28:13,065|INFO| Node node-5.domain.tld: 3 State: up, enabled
2015-09-29 21:28:13,065|INFO| Node node-4.domain.tld: 0 State: up, enabled
2015-09-29 21:28:14,842|INFO| Total vms: 3
2015-09-29 21:28:14,842|INFO| Node node-5.domain.tld: 3 State: up, enabled
2015-09-29 21:28:14,842|INFO| Node node-4.domain.tld: 0 State: up, enabled
2015-09-29 21:28:19,494|INFO| Total vms: 3
2015-09-29 21:28:19,494|INFO| Node node-5.domain.tld: 3 State: up, enabled
2015-09-29 21:28:19,494|INFO| Node node-4.domain.tld: 0 State: up, enabled
2015-09-29 21:28:21,483|INFO| Total vms: 3
2015-09-29 21:28:21,483|INFO| Node node-5.domain.tld: 3 State: up, enabled
2015-09-29 21:28:21,483|INFO| Node node-4.domain.tld: 0 State: up, enabled
2015-09-29 21:28:22,625|INFO| Total vms: 3
2015-09-29 21:28:22,625|INFO| Node node-5.domain.tld: 3 State: up, enabled
2015-09-29 21:28:22,625|INFO| Node node-4.domain.tld: 0 State: up, enabled
2015-09-29 21:28:22,664|INFO| Total vms: 3
2015-09-29 21:28:22,664|INFO| Node node-5.domain.tld: 3 State: up, enabled
2015-09-29 21:28:22,665|INFO| Node node-4.domain.tld: 0 State: up, enabled
2015-09-29 21:28:22,789|INFO| Total vms: 3
2015-09-29 21:28:22,789|INFO| Node node-5.domain.tld: 3 State: up, enabled
2015-09-29 21:28:22,789|INFO| Node node-4.domain.tld: 0 State: up, enabled
2015-09-29 21:28:22,849|INFO| Total vms: 3
2015-09-29 21:28:22,849|INFO| Node node-5.domain.tld: 3 State: up, enabled
2015-09-29 21:28:22,849|INFO| Node node-4.domain.tld: 0 State: up, enabled
2015-09-29 21:28:25,082|INFO| Total vms: 3
2015-09-29 21:28:25,084|INFO| Node node-5.domain.tld: 3 State: up, enabled
2015-09-29 21:28:25,084|INFO| Node node-4.domain.tld: 0 State: up, enabled
2015-09-29 21:28:29,743|INFO| Total vms: 3
2015-09-29 21:28:29,743|INFO| Node node-5.domain.tld: 3 State: up, enabled
2015-09-29 21:28:29,743|INFO| Node node-4.domain.tld: 0 State: up, enabled
2015-09-29 21:28:35,326|INFO| Total vms: 3
2015-09-29 21:28:35,326|INFO| Node node-5.domain.tld: 3 State: up, enabled
2015-09-29 21:28:35,328|INFO| Node node-4.domain.tld: 0 State: up, enabled
2015-09-29 21:28:39,983|INFO| Total vms: 3
2015-09-29 21:28:39,984|INFO| Node node-5.domain.tld: 3 State: up, enabled
2015-09-29 21:28:39,984|INFO| Node node-4.domain.tld: 0 State: up, enabled
2015-09-29 21:28:45,576|INFO| Total vms: 3
2015-09-29 21:28:45,578|INFO| Node node-5.domain.tld: 3 State: up, enabled
2015-09-29 21:28:45,578|INFO| Node node-4.domain.tld: 0 State: up, enabled
2015-09-29 21:28:50,229|INFO| Total vms: 3
2015-09-29 21:28:50,229|INFO| Node node-5.domain.tld: 3 State: up, enabled
2015-09-29 21:28:50,229|INFO| Node node-4.domain.tld: 0 State: up, enabled
2015-09-29 21:28:55,812|INFO| Total vms: 3
2015-09-29 21:28:55,813|INFO| Node node-5.domain.tld: 3 State: up, enabled
2015-09-29 21:28:55,813|INFO| Node node-4.domain.tld: 0 State: up, enabled
2015-09-29 21:29:00,467|INFO| Total vms: 3
2015-09-29 21:29:00,467|INFO| Node node-5.domain.tld: 3 State: up, enabled
2015-09-29 21:29:00,467|INFO| Node node-4.domain.tld: 0 State: up, enabled
2015-09-29 21:29:06,058|INFO| Total vms: 3
2015-09-29 21:29:06,059|INFO| Node node-5.domain.tld: 3 State: up, enabled
2015-09-29 21:29:06,059|INFO| Node node-4.domain.tld: 0 State: up, enabled
2015-09-29 21:29:06,437|INFO| Total vms: 3
2015-09-29 21:29:06,437|INFO| Node node-5.domain.tld: 3 State: up, enabled
2015-09-29 21:29:06,437|INFO| Node node-4.domain.tld: 0 State: up, enabled
2015-09-29 21:29:06,543|INFO| Total vms: 3
2015-09-29 21:29:06,545|INFO| Node node-5.domain.tld: 3 State: up, enabled
2015-09-29 21:29:06,545|INFO| Node node-4.domain.tld: 0 State: up, enabled
2015-09-29 21:29:06,592|INFO| Total vms: 3
2015-09-29 21:29:06,592|INFO| Node node-5.domain.tld: 3 State: up, enabled
2015-09-29 21:29:06,592|INFO| Node node-4.domain.tld: 0 State: up, enabled
2015-09-29 21:29:06,630|INFO| Total vms: 3
2015-09-29 21:29:06,630|INFO| Node node-5.domain.tld: 3 State: up, enabled
2015-09-29 21:29:06,631|INFO| Node node-4.domain.tld: 0 State: up, enabled
2015-09-29 21:29:06,671|INFO| Total vms: 3
2015-09-29 21:29:06,671|INFO| Node node-5.domain.tld: 3 State: up, enabled
2015-09-29 21:29:06,671|INFO| Node node-4.domain.tld: 0 State: up, enabled
2015-09-29 21:29:06,815|INFO| Total vms: 3
2015-09-29 21:29:06,815|INFO| Node node-5.domain.tld: 3 State: up, enabled
2015-09-29 21:29:06,815|INFO| Node node-4.domain.tld: 0 State: up, enabled
2015-09-29 21:29:06,940|INFO| Total vms: 3
2015-09-29 21:29:06,940|INFO| Node node-5.domain.tld: 3 State: up, enabled
2015-09-29 21:29:06,940|INFO| Node node-4.domain.tld: 0 State: up, enabled
2015-09-29 21:29:10,421|INFO| Total vms: 3
2015-09-29 21:29:10,421|INFO| Node node-5.domain.tld: 3 State: up, enabled
2015-09-29 21:29:10,421|INFO| Node node-4.domain.tld: 0 State: up, enabled
2015-09-29 21:29:10,693|INFO| Total vms: 3
2015-09-29 21:29:10,694|INFO| Node node-5.domain.tld: 3 State: up, enabled
2015-09-29 21:29:10,694|INFO| Node node-4.domain.tld: 0 State: up, enabled
2015-09-29 21:29:10,709|INFO| Total vms: 3
2015-09-29 21:29:10,709|INFO| Node node-5.domain.tld: 3 State: up, enabled
2015-09-29 21:29:10,710|INFO| Node node-4.domain.tld: 0 State: up, enabled
2015-09-29 21:29:14,964|INFO| Connection closed
