2015-10-06 01:37:45,551|1584|SYS_INFO|Initializing RabbitMQMessageService
2015-10-06 01:37:45,657|1690|SYS_INFO|Collecting information about compute nodes
2015-10-06 01:37:47,029|3062|SYS_INFO|Collecting information about services
2015-10-06 01:37:48,670|4703|SYS_INFO|Collecting information about VMs
2015-10-06 01:37:51,632|7665|SYS_INFO|Processing collected data
2015-10-06 01:37:51,634|7667|SYS_INFO|node-3.domain.tld MW: 330.231621349 MWMI: 330.231621349
2015-10-06 01:37:51,634|7667|SYS_INFO|node-2.domain.tld MW: 144.451158107 MWMI: 144.451158107
2015-10-06 01:37:51,634|7667|SYS_INFO|node-4.domain.tld MW: 237.341389728 MWMI: 237.341389728
2015-10-06 01:38:05,911|21944|VM_INFO|Host: node-2 Name: random-1, 1444087220.04 State: active New_task: None
2015-10-06 01:38:05,911|21944|VM_INFO|Host: node-2 Name: random 01444075822.89 State: active New_task: None
2015-10-06 01:38:05,911|21944|VM_INFO|Host: node-4 Name: random-0, 1444087211.36 State: active New_task: None
2015-10-06 01:38:05,911|21944|VM_INFO|Host: node-4 Name: random-2, 1444087226.55 State: active New_task: None
2015-10-06 01:38:05,913|21946|VM_INFO|Host: node-4 Name: random 11444075826.74 State: active New_task: None
2015-10-06 01:38:05,913|21946|VM_INFO|Host: node-4 Name: random 01444086873.36 State: active New_task: None
2015-10-06 01:38:05,913|21946|TOTAL_VMS|Total: 6 vms
2015-10-06 01:38:05,913|21946|NODE_INFO|node-3.domain.tld: 0 State: down disabled
2015-10-06 01:38:05,913|21946|NODE_INFO|node-2.domain.tld: 2 State: up enabled
2015-10-06 01:38:05,914|21947|NODE_INFO|node-4.domain.tld: 4 State: up enabled
2015-10-06 01:38:05,914|21947|SYS_INFO|Sorting hosts overload
2015-10-06 01:38:05,915|21948|SYS_INFO|node-2.domain.tld MW: 144.451158107 MWMI: 144.451158107
2015-10-06 01:38:05,915|21948|SYS_INFO|Searching for the most overloaded host
2015-10-06 01:38:05,915|21948|SYS_INFO|Found host node-4.domain.tld
2015-10-06 01:38:05,915|21948|SYS_INFO|Found instance to migrate random 01444086873.36
2015-10-06 01:38:05,917|21950|SYS_INFO|WW: 190.896273917 WO: 190.896273917
2015-10-06 01:38:05,917|21950|SYS_INFO|Found instance to migrate random-0, 1444087211.36
2015-10-06 01:38:05,917|21950|SYS_INFO|WW: 190.896273917 WO: 190.896273917
2015-10-06 01:38:05,917|21950|SYS_INFO|Found instance to migrate random-2, 1444087226.55
2015-10-06 01:38:05,917|21950|SYS_INFO|WW: 190.896273917 WO: 190.896273917
2015-10-06 01:38:05,917|21950|SYS_INFO|Found instance to migrate random 11444075826.74
2015-10-06 01:38:05,917|21950|SYS_INFO|WW: 190.896273917 WO: 190.896273917
2015-10-06 01:38:05,918|21951|SYS_INFO|Scheduled periodic check for 180 sec
2015-10-06 01:39:00,473|76506|VM_INFO|Host: node-2 Name: random-1, 1444087220.04 State: active New_task: deleting
2015-10-06 01:39:00,474|76507|TOTAL_VMS|Total: 6 vms
2015-10-06 01:39:00,474|76507|NODE_INFO|node-3.domain.tld: 0 State: down disabled
2015-10-06 01:39:00,474|76507|NODE_INFO|node-2.domain.tld: 2 State: up enabled
2015-10-06 01:39:00,476|76509|NODE_INFO|node-4.domain.tld: 4 State: up enabled
2015-10-06 01:39:03,121|79154|VM_INFO|Host: node-2 Name: random-1, 1444087220.04 State: active New_task: deleting
2015-10-06 01:39:03,121|79154|TOTAL_VMS|Total: 6 vms
2015-10-06 01:39:03,121|79154|NODE_INFO|node-3.domain.tld: 0 State: down disabled
2015-10-06 01:39:03,121|79154|NODE_INFO|node-2.domain.tld: 2 State: up enabled
2015-10-06 01:39:03,122|79155|NODE_INFO|node-4.domain.tld: 4 State: up enabled
2015-10-06 01:39:11,052|87085|VM_INFO|Host: node-2 Name: random-1, 1444087220.04 State: deleted New_task: None
2015-10-06 01:39:11,052|87085|TOTAL_VMS|Total: 5 vms
2015-10-06 01:39:11,052|87085|NODE_INFO|node-3.domain.tld: 0 State: down disabled
2015-10-06 01:39:11,052|87085|NODE_INFO|node-2.domain.tld: 1 State: up enabled
2015-10-06 01:39:11,052|87085|NODE_INFO|node-4.domain.tld: 4 State: up enabled
2015-10-06 01:39:11,295|87328|SYS_INFO|node-2.domain.tld MW: 98.0060422961 MWMI: 98.0060422961
2015-10-06 01:39:11,295|87328|TOTAL_VMS|Total: 5 vms
2015-10-06 01:39:11,296|87328|NODE_INFO|node-3.domain.tld: 0 State: down disabled
2015-10-06 01:39:11,296|87328|NODE_INFO|node-2.domain.tld: 1 State: up enabled
2015-10-06 01:39:11,296|87328|NODE_INFO|node-4.domain.tld: 4 State: up enabled
2015-10-06 01:39:11,296|87328|SYS_INFO|Sorting hosts overload
2015-10-06 01:39:11,296|87329|SYS_INFO|node-2.domain.tld MW: 98.0060422961 MWMI: 98.0060422961
2015-10-06 01:39:11,296|87329|SYS_INFO|Searching for the most overloaded host
2015-10-06 01:39:11,296|87329|SYS_INFO|Found host node-4.domain.tld
2015-10-06 01:39:11,296|87329|SYS_INFO|Found instance to migrate random 01444086873.36
2015-10-06 01:39:11,296|87329|SYS_INFO|WW: 144.451158107 WO: 190.896273917
2015-10-06 01:39:11,315|87348|SYS_INFO|Migrate scheduling passed 
2015-10-06 01:39:23,874|99907|VM_INFO|Host: node-4 Name: random 01444086873.36 State: active New_task: migrating
2015-10-06 01:39:23,874|99907|TOTAL_VMS|Total: 5 vms
2015-10-06 01:39:23,874|99907|NODE_INFO|node-3.domain.tld: 0 State: down disabled
2015-10-06 01:39:23,874|99907|NODE_INFO|node-2.domain.tld: 1 State: up enabled
2015-10-06 01:39:23,875|99907|NODE_INFO|node-4.domain.tld: 4 State: up enabled
2015-10-06 01:39:24,907|100940|SYS_INFO|Scheduled live migration of server random 01444086873.36 ID: dac2ac85-d795-473f-be00-2729275ad91f
2015-10-06 01:39:40,971|117004|SYS_INFO|node-2.domain.tld MW: 98.0060422961 MWMI: 98.0060422961
2015-10-06 01:39:40,971|117004|TOTAL_VMS|Total: 5 vms
2015-10-06 01:39:40,971|117004|NODE_INFO|node-3.domain.tld: 0 State: down disabled
2015-10-06 01:39:40,973|117006|NODE_INFO|node-2.domain.tld: 1 State: up enabled
2015-10-06 01:39:40,973|117006|NODE_INFO|node-4.domain.tld: 4 State: up enabled
2015-10-06 01:39:40,973|117006|SYS_INFO|Sorting hosts overload
2015-10-06 01:39:40,973|117006|SYS_INFO|node-2.domain.tld MW: 98.0060422961 MWMI: 98.0060422961
2015-10-06 01:39:40,973|117006|SYS_INFO|Searching for the most overloaded host
2015-10-06 01:39:40,973|117006|SYS_INFO|Skipping host node-4.domain.tld , it has migrating instances
2015-10-06 01:39:40,973|117006|SYS_INFO|Not available host
2015-10-06 01:39:46,186|122219|VM_INFO|Host: node-4 Name: random 01444086873.36 State: active New_task: migrating
2015-10-06 01:39:46,186|122219|TOTAL_VMS|Total: 5 vms
2015-10-06 01:39:46,186|122219|NODE_INFO|node-3.domain.tld: 0 State: down disabled
2015-10-06 01:39:46,186|122219|NODE_INFO|node-2.domain.tld: 1 State: up enabled
2015-10-06 01:39:46,186|122219|NODE_INFO|node-4.domain.tld: 4 State: up enabled
2015-10-06 01:39:47,645|123678|SYS_INFO|node-4.domain.tld MW: 237.341389728 MWMI: 237.341389728
2015-10-06 01:39:47,645|123678|TOTAL_VMS|Total: 5 vms
2015-10-06 01:39:47,645|123678|NODE_INFO|node-3.domain.tld: 0 State: down disabled
2015-10-06 01:39:47,645|123678|NODE_INFO|node-2.domain.tld: 1 State: up enabled
2015-10-06 01:39:47,645|123678|NODE_INFO|node-4.domain.tld: 4 State: up enabled
2015-10-06 01:39:47,647|123680|SYS_INFO|Sorting hosts overload
2015-10-06 01:39:47,647|123680|SYS_INFO|node-2.domain.tld MW: 98.0060422961 MWMI: 98.0060422961
2015-10-06 01:39:47,647|123680|SYS_INFO|Searching for the most overloaded host
2015-10-06 01:39:47,647|123680|SYS_INFO|Skipping host node-4.domain.tld , it has migrating instances
2015-10-06 01:39:47,647|123680|SYS_INFO|Not available host
2015-10-06 01:40:00,585|136618|VM_INFO|Host: node-2 Name: random 01444086873.36 State: active New_task: None
2015-10-06 01:40:00,586|136619|SYS_INFO|Deleted migrate task ID dac2ac85-d795-473f-be00-2729275ad91f
2015-10-06 01:40:00,586|136619|TOTAL_VMS|Total: 5 vms
2015-10-06 01:40:00,586|136619|NODE_INFO|node-3.domain.tld: 0 State: down disabled
2015-10-06 01:40:00,586|136619|NODE_INFO|node-2.domain.tld: 2 State: up enabled
2015-10-06 01:40:00,586|136619|NODE_INFO|node-4.domain.tld: 3 State: up enabled
2015-10-06 01:40:32,506|168539|SYS_INFO|node-2.domain.tld MW: 144.451158107 MWMI: 144.451158107
2015-10-06 01:40:32,507|168540|TOTAL_VMS|Total: 5 vms
2015-10-06 01:40:32,509|168542|NODE_INFO|node-3.domain.tld: 0 State: down disabled
2015-10-06 01:40:32,509|168542|NODE_INFO|node-2.domain.tld: 2 State: up enabled
2015-10-06 01:40:32,509|168542|NODE_INFO|node-4.domain.tld: 3 State: up enabled
2015-10-06 01:40:32,509|168542|SYS_INFO|Sorting hosts overload
2015-10-06 01:40:32,509|168542|SYS_INFO|node-2.domain.tld MW: 144.451158107 MWMI: 144.451158107
2015-10-06 01:40:32,509|168542|SYS_INFO|Searching for the most overloaded host
2015-10-06 01:40:32,509|168542|SYS_INFO|Not available host
2015-10-06 01:40:34,961|170994|SYS_INFO|node-4.domain.tld MW: 190.896273917 MWMI: 190.896273917
2015-10-06 01:40:34,961|170994|TOTAL_VMS|Total: 5 vms
2015-10-06 01:40:34,961|170994|NODE_INFO|node-3.domain.tld: 0 State: down disabled
2015-10-06 01:40:34,961|170994|NODE_INFO|node-2.domain.tld: 2 State: up enabled
2015-10-06 01:40:34,961|170994|NODE_INFO|node-4.domain.tld: 3 State: up enabled
2015-10-06 01:40:34,961|170994|SYS_INFO|Sorting hosts overload
2015-10-06 01:40:34,961|170994|SYS_INFO|node-2.domain.tld MW: 144.451158107 MWMI: 144.451158107
2015-10-06 01:40:34,963|170996|SYS_INFO|Searching for the most overloaded host
2015-10-06 01:40:34,963|170996|SYS_INFO|Found host node-4.domain.tld
2015-10-06 01:40:34,963|170996|SYS_INFO|Found instance to migrate random-0, 1444087211.36
2015-10-06 01:40:34,963|170996|SYS_INFO|WW: 190.896273917 WO: 144.451158107
2015-10-06 01:40:34,963|170996|SYS_INFO|Found instance to migrate random-2, 1444087226.55
2015-10-06 01:40:34,963|170996|SYS_INFO|WW: 190.896273917 WO: 144.451158107
2015-10-06 01:40:34,963|170996|SYS_INFO|Found instance to migrate random 11444075826.74
2015-10-06 01:40:34,963|170996|SYS_INFO|WW: 190.896273917 WO: 144.451158107
2015-10-06 01:41:05,918|201951|SYS_INFO|Initializing RabbitMQMessageService
2015-10-06 01:41:05,924|201957|SYS_INFO|Collecting information about compute nodes
2015-10-06 01:41:07,315|203348|SYS_INFO|Collecting information about services
2015-10-06 01:41:08,263|204296|SYS_INFO|Collecting information about VMs
2015-10-06 01:41:09,698|205731|SYS_INFO|Processing collected data
2015-10-06 01:41:09,700|205733|SYS_INFO|node-3.domain.tld MW: 330.231621349 MWMI: 330.231621349
2015-10-06 01:41:09,700|205733|SYS_INFO|node-2.domain.tld MW: 144.451158107 MWMI: 144.451158107
2015-10-06 01:41:09,700|205733|SYS_INFO|node-4.domain.tld MW: 190.896273917 MWMI: 190.896273917
2015-10-06 01:41:09,703|205736|VM_INFO|Host: node-2 Name: random 01444086873.36 State: active New_task: None
2015-10-06 01:41:09,703|205736|VM_INFO|Host: node-2 Name: random 01444075822.89 State: active New_task: None
2015-10-06 01:41:09,704|205737|VM_INFO|Host: node-4 Name: random-0, 1444087211.36 State: active New_task: None
2015-10-06 01:41:09,704|205737|VM_INFO|Host: node-4 Name: random-2, 1444087226.55 State: active New_task: None
2015-10-06 01:41:09,704|205737|VM_INFO|Host: node-4 Name: random 11444075826.74 State: active New_task: None
2015-10-06 01:41:09,704|205737|TOTAL_VMS|Total: 5 vms
2015-10-06 01:41:09,704|205737|NODE_INFO|node-3.domain.tld: 0 State: down disabled
2015-10-06 01:41:09,706|205739|NODE_INFO|node-2.domain.tld: 2 State: up enabled
2015-10-06 01:41:09,706|205739|NODE_INFO|node-4.domain.tld: 3 State: up enabled
2015-10-06 01:41:09,706|205739|SYS_INFO|Sorting hosts overload
2015-10-06 01:41:09,707|205740|SYS_INFO|Scheduled periodic check for 180 sec
2015-10-06 01:41:09,707|205740|SYS_INFO|node-2.domain.tld MW: 144.451158107 MWMI: 144.451158107
2015-10-06 01:41:09,707|205740|SYS_INFO|Searching for the most overloaded host
2015-10-06 01:41:09,707|205740|SYS_INFO|Found host node-4.domain.tld
2015-10-06 01:41:09,707|205740|SYS_INFO|Found instance to migrate random-0, 1444087211.36
2015-10-06 01:41:09,709|205742|SYS_INFO|WW: 190.896273917 WO: 144.451158107
2015-10-06 01:41:09,709|205742|SYS_INFO|Found instance to migrate random-2, 1444087226.55
2015-10-06 01:41:09,709|205742|SYS_INFO|WW: 190.896273917 WO: 144.451158107
2015-10-06 01:41:09,709|205742|SYS_INFO|Found instance to migrate random 11444075826.74
2015-10-06 01:41:09,709|205742|SYS_INFO|WW: 190.896273917 WO: 144.451158107
2015-10-06 01:41:25,963|221996|VM_INFO|Host: None Name: random-0, 1444088482.3 State: building New_task: scheduling
2015-10-06 01:41:25,963|221996|TOTAL_VMS|Total: 6 vms
2015-10-06 01:41:25,963|221996|NODE_INFO|node-3.domain.tld: 0 State: down disabled
2015-10-06 01:41:25,963|221996|NODE_INFO|node-2.domain.tld: 2 State: up enabled
2015-10-06 01:41:25,963|221996|NODE_INFO|node-4.domain.tld: 3 State: up enabled
2015-10-06 01:41:28,315|224348|SYS_INFO|Connection closed
