2015-10-06 02:04:26,137|1697|SYS_INFO|Initializing RabbitMQMessageService
2015-10-06 02:04:26,305|1865|SYS_INFO|Collecting information about compute nodes
2015-10-06 02:04:33,861|9421|SYS_INFO|Collecting information about services
2015-10-06 02:04:36,082|11641|SYS_INFO|Collecting information about VMs
2015-10-06 02:04:40,042|15601|SYS_INFO|Processing collected data
2015-10-06 02:04:40,043|15603|SYS_INFO|node-3.domain.tld MW: 330.231621349 MWMI: 330.231621349
2015-10-06 02:04:40,045|15605|SYS_INFO|node-2.domain.tld MW: 144.451158107 MWMI: 144.451158107
2015-10-06 02:04:40,045|15605|SYS_INFO|node-4.domain.tld MW: 237.341389728 MWMI: 237.341389728
2015-10-06 02:05:06,686|42246|VM_INFO|Host: node-2 Name: random 01444075822.89 State: active New_task: None
2015-10-06 02:05:06,686|42246|VM_INFO|Host: node-2 Name: random-0, 1444087211.36 State: active New_task: None
2015-10-06 02:05:06,686|42246|VM_INFO|Host: node-4 Name: random-2, 1444087226.55 State: active New_task: None
2015-10-06 02:05:06,686|42246|VM_INFO|Host: node-4 Name: random 11444075826.74 State: active New_task: None
2015-10-06 02:05:06,687|42246|VM_INFO|Host: node-4 Name: random-0, 1444089689.25 State: active New_task: None
2015-10-06 02:05:06,687|42247|VM_INFO|Host: node-4 Name: random 01444089098.49 State: active New_task: None
2015-10-06 02:05:06,687|42247|TOTAL_VMS|Total: 6 vms
2015-10-06 02:05:06,687|42247|NODE_INFO|node-3.domain.tld: 0 State: down disabled
2015-10-06 02:05:06,687|42247|NODE_INFO|node-2.domain.tld: 2 State: up enabled
2015-10-06 02:05:06,688|42248|NODE_INFO|node-4.domain.tld: 4 State: up enabled
2015-10-06 02:05:06,688|42248|SYS_INFO|Sorting hosts overload
2015-10-06 02:05:06,688|42248|SYS_INFO|node-2.domain.tld MW: 144.451158107 MWMI: 144.451158107
2015-10-06 02:05:06,688|42248|SYS_INFO|Searching for the most overloaded host
2015-10-06 02:05:06,690|42250|SYS_INFO|Found host node-4.domain.tld
2015-10-06 02:05:06,690|42250|SYS_INFO|Found instance to migrate random-0, 1444089689.25
2015-10-06 02:05:06,690|42250|SYS_INFO|AV: 190.9 WW: 190.9 WO: 190.896273917
2015-10-06 02:05:06,690|42250|SYS_INFO|Migrate scheduling passed 
2015-10-06 02:05:06,694|42253|SYS_INFO|Scheduled periodic check for 180 sec
2015-10-06 02:05:25,779|61338|VM_INFO|Host: node-4 Name: random-0, 1444089689.25 State: active New_task: migrating
2015-10-06 02:05:25,779|61339|TOTAL_VMS|Total: 6 vms
2015-10-06 02:05:25,780|61340|NODE_INFO|node-3.domain.tld: 0 State: down disabled
2015-10-06 02:05:25,780|61340|NODE_INFO|node-2.domain.tld: 2 State: up enabled
2015-10-06 02:05:25,780|61340|NODE_INFO|node-4.domain.tld: 4 State: up enabled
2015-10-06 02:05:28,854|64414|SYS_INFO|Scheduled live migration of server random-0, 1444089689.25 ID: 4ebfb36d-c5c3-47ca-8462-828525b9dd6b
2015-10-06 02:05:44,400|79960|SYS_INFO|node-4.domain.tld MW: 237.341389728 MWMI: 237.341389728
2015-10-06 02:05:44,400|79960|TOTAL_VMS|Total: 6 vms
2015-10-06 02:05:44,400|79960|NODE_INFO|node-3.domain.tld: 0 State: down disabled
2015-10-06 02:05:44,400|79960|NODE_INFO|node-2.domain.tld: 2 State: up enabled
2015-10-06 02:05:44,400|79960|NODE_INFO|node-4.domain.tld: 4 State: up enabled
2015-10-06 02:05:44,401|79960|SYS_INFO|Sorting hosts overload
