2015-10-03 20:01:22,664|1440|SYS_INFO|Initializing RabbitMQMessageService
2015-10-03 20:01:22,786|1562|SYS_INFO|Collecting information about compute nodes
2015-10-03 20:01:24,825|3600|SYS_INFO|Collecting information about services
2015-10-03 20:01:26,516|5291|SYS_INFO|Collecting information about VMs
2015-10-03 20:01:29,584|8359|SYS_INFO|Processing collected data
2015-10-03 20:01:53,569|32344|VM_INFO|Host: node-4 Name: random-0, 1443878841.37 State: active New_task: None
2015-10-03 20:01:53,569|32345|TOTAL_VMS|Total: 4 vms
2015-10-03 20:01:53,569|32345|NODE_INFO|node-3.domain.tld: 0 State: down disabled
2015-10-03 20:01:53,569|32345|NODE_INFO|node-2.domain.tld: 0 State: up enabled
2015-10-03 20:01:53,569|32345|NODE_INFO|node-4.domain.tld: 0 State: up enabled
2015-10-03 20:01:53,571|32346|VM_INFO|Host: node-2 Name: random 01443771998.4 State: active New_task: None
2015-10-03 20:01:53,571|32346|TOTAL_VMS|Total: 4 vms
2015-10-03 20:01:53,571|32346|NODE_INFO|node-3.domain.tld: 0 State: down disabled
2015-10-03 20:01:53,571|32346|NODE_INFO|node-2.domain.tld: 0 State: up enabled
2015-10-03 20:01:53,571|32346|NODE_INFO|node-4.domain.tld: 1 State: up enabled
2015-10-03 20:01:53,571|32346|VM_INFO|Host: node-2 Name: random-0, 1443883937.2 State: active New_task: None
2015-10-03 20:01:53,572|32347|TOTAL_VMS|Total: 4 vms
2015-10-03 20:01:53,572|32347|NODE_INFO|node-3.domain.tld: 0 State: down disabled
2015-10-03 20:01:53,572|32347|NODE_INFO|node-2.domain.tld: 1 State: up enabled
2015-10-03 20:01:53,572|32347|NODE_INFO|node-4.domain.tld: 1 State: up enabled
2015-10-03 20:01:53,572|32347|VM_INFO|Host: node-4 Name: random-2, 1443882327.93 State: active New_task: None
2015-10-03 20:01:53,572|32348|TOTAL_VMS|Total: 4 vms
2015-10-03 20:01:53,572|32348|NODE_INFO|node-3.domain.tld: 0 State: down disabled
2015-10-03 20:01:53,572|32348|NODE_INFO|node-2.domain.tld: 2 State: up enabled
2015-10-03 20:01:53,572|32348|NODE_INFO|node-4.domain.tld: 1 State: up enabled
2015-10-03 20:01:53,572|32348|TOTAL_VMS|Total: 4 vms
2015-10-03 20:01:53,572|32348|NODE_INFO|node-3.domain.tld: 0 State: down disabled
2015-10-03 20:01:53,573|32348|NODE_INFO|node-2.domain.tld: 2 State: up enabled
2015-10-03 20:01:53,573|32348|NODE_INFO|node-4.domain.tld: 2 State: up enabled
2015-10-03 20:01:53,573|32348|SYS_INFO|Sorting hosts overload
2015-10-03 20:01:53,575|32350|SYS_INFO|Searching for the most overloaded host
2015-10-03 20:01:53,575|32350|SYS_INFO|Found host node-2.domain.tld
2015-10-03 20:01:53,575|32350|SYS_INFO|Found instance to migrate random 01443771998.4
2015-10-03 20:01:53,575|32350|SYS_INFO|Not available host
2015-10-03 20:01:53,575|32351|SYS_INFO|Found instance to migrate random-0, 1443883937.2
2015-10-03 20:01:53,575|32351|SYS_INFO|Not available host
2015-10-03 20:01:53,585|32360|SYS_INFO|Scheduled periodic check for 180 sec
2015-10-03 20:04:53,589|212365|SYS_INFO|Initializing RabbitMQMessageService
2015-10-03 20:04:53,598|212374|SYS_INFO|Collecting information about compute nodes
2015-10-03 20:04:55,066|213842|SYS_INFO|Collecting information about services
2015-10-03 20:04:56,308|215083|SYS_INFO|Collecting information about VMs
2015-10-03 20:04:59,065|217840|SYS_INFO|Processing collected data
2015-10-03 20:04:59,069|217844|VM_INFO|Host: node-4 Name: random-0, 1443878841.37 State: active New_task: None
2015-10-03 20:04:59,069|217844|TOTAL_VMS|Total: 4 vms
2015-10-03 20:04:59,069|217845|NODE_INFO|node-3.domain.tld: 0 State: down disabled
2015-10-03 20:04:59,069|217845|NODE_INFO|node-2.domain.tld: 0 State: up enabled
2015-10-03 20:04:59,069|217845|NODE_INFO|node-4.domain.tld: 0 State: up enabled
2015-10-03 20:04:59,071|217846|VM_INFO|Host: node-2 Name: random 01443771998.4 State: active New_task: None
2015-10-03 20:04:59,071|217846|TOTAL_VMS|Total: 4 vms
2015-10-03 20:04:59,071|217846|NODE_INFO|node-3.domain.tld: 0 State: down disabled
2015-10-03 20:04:59,072|217847|NODE_INFO|node-2.domain.tld: 0 State: up enabled
2015-10-03 20:04:59,072|217847|NODE_INFO|node-4.domain.tld: 1 State: up enabled
2015-10-03 20:04:59,072|217847|VM_INFO|Host: node-2 Name: random-0, 1443883937.2 State: active New_task: None
2015-10-03 20:04:59,072|217848|TOTAL_VMS|Total: 4 vms
2015-10-03 20:04:59,072|217848|NODE_INFO|node-3.domain.tld: 0 State: down disabled
2015-10-03 20:04:59,072|217848|NODE_INFO|node-2.domain.tld: 1 State: up enabled
2015-10-03 20:04:59,072|217848|NODE_INFO|node-4.domain.tld: 1 State: up enabled
2015-10-03 20:04:59,073|217848|VM_INFO|Host: node-4 Name: random-2, 1443882327.93 State: active New_task: None
2015-10-03 20:04:59,073|217848|TOTAL_VMS|Total: 4 vms
2015-10-03 20:04:59,073|217848|NODE_INFO|node-3.domain.tld: 0 State: down disabled
2015-10-03 20:04:59,073|217848|NODE_INFO|node-2.domain.tld: 2 State: up enabled
2015-10-03 20:04:59,073|217848|NODE_INFO|node-4.domain.tld: 1 State: up enabled
2015-10-03 20:04:59,075|217850|TOTAL_VMS|Total: 4 vms
2015-10-03 20:04:59,075|217850|NODE_INFO|node-3.domain.tld: 0 State: down disabled
2015-10-03 20:04:59,075|217851|NODE_INFO|node-2.domain.tld: 2 State: up enabled
2015-10-03 20:04:59,075|217851|NODE_INFO|node-4.domain.tld: 2 State: up enabled
2015-10-03 20:04:59,076|217851|SYS_INFO|Sorting hosts overload
2015-10-03 20:04:59,079|217855|SYS_INFO|Searching for the most overloaded host
2015-10-03 20:04:59,079|217855|SYS_INFO|Scheduled periodic check for 180 sec
2015-10-03 20:04:59,079|217855|SYS_INFO|Found host node-2.domain.tld
2015-10-03 20:04:59,081|217856|SYS_INFO|Found instance to migrate random 01443771998.4
2015-10-03 20:04:59,081|217856|SYS_INFO|Not available host
2015-10-03 20:04:59,081|217856|SYS_INFO|Found instance to migrate random-0, 1443883937.2
2015-10-03 20:04:59,081|217856|SYS_INFO|Not available host
2015-10-03 20:07:59,079|397855|SYS_INFO|Initializing RabbitMQMessageService
2015-10-03 20:07:59,089|397865|SYS_INFO|Collecting information about compute nodes
2015-10-03 20:08:00,585|399360|SYS_INFO|Collecting information about services
2015-10-03 20:08:01,513|400288|SYS_INFO|Collecting information about VMs
2015-10-03 20:08:03,210|401986|SYS_INFO|Processing collected data
2015-10-03 20:08:03,214|401990|VM_INFO|Host: node-4 Name: random-0, 1443878841.37 State: active New_task: None
2015-10-03 20:08:03,214|401990|TOTAL_VMS|Total: 4 vms
2015-10-03 20:08:03,214|401990|NODE_INFO|node-3.domain.tld: 0 State: down disabled
2015-10-03 20:08:03,216|401991|NODE_INFO|node-2.domain.tld: 0 State: up enabled
2015-10-03 20:08:03,216|401991|NODE_INFO|node-4.domain.tld: 0 State: up enabled
2015-10-03 20:08:03,216|401991|VM_INFO|Host: node-2 Name: random 01443771998.4 State: active New_task: None
2015-10-03 20:08:03,216|401991|TOTAL_VMS|Total: 4 vms
2015-10-03 20:08:03,216|401991|NODE_INFO|node-3.domain.tld: 0 State: down disabled
2015-10-03 20:08:03,217|401992|NODE_INFO|node-2.domain.tld: 0 State: up enabled
2015-10-03 20:08:03,217|401992|NODE_INFO|node-4.domain.tld: 1 State: up enabled
2015-10-03 20:08:03,217|401992|VM_INFO|Host: node-2 Name: random-0, 1443883937.2 State: active New_task: None
2015-10-03 20:08:03,217|401993|TOTAL_VMS|Total: 4 vms
2015-10-03 20:08:03,217|401993|NODE_INFO|node-3.domain.tld: 0 State: down disabled
2015-10-03 20:08:03,217|401993|NODE_INFO|node-2.domain.tld: 1 State: up enabled
2015-10-03 20:08:03,217|401993|NODE_INFO|node-4.domain.tld: 1 State: up enabled
2015-10-03 20:08:03,217|401993|VM_INFO|Host: node-4 Name: random-2, 1443882327.93 State: active New_task: None
2015-10-03 20:08:03,217|401993|TOTAL_VMS|Total: 4 vms
2015-10-03 20:08:03,219|401994|NODE_INFO|node-3.domain.tld: 0 State: down disabled
2015-10-03 20:08:03,219|401994|NODE_INFO|node-2.domain.tld: 2 State: up enabled
2015-10-03 20:08:03,219|401994|NODE_INFO|node-4.domain.tld: 1 State: up enabled
2015-10-03 20:08:03,219|401994|TOTAL_VMS|Total: 4 vms
2015-10-03 20:08:03,220|401995|NODE_INFO|node-3.domain.tld: 0 State: down disabled
2015-10-03 20:08:03,220|401995|NODE_INFO|node-2.domain.tld: 2 State: up enabled
2015-10-03 20:08:03,220|401995|NODE_INFO|node-4.domain.tld: 2 State: up enabled
2015-10-03 20:08:03,220|401996|SYS_INFO|Sorting hosts overload
2015-10-03 20:08:03,220|401996|SYS_INFO|Scheduled periodic check for 180 sec
2015-10-03 20:08:03,223|401999|SYS_INFO|Searching for the most overloaded host
2015-10-03 20:08:03,223|401999|SYS_INFO|Found host node-2.domain.tld
2015-10-03 20:08:03,224|402000|SYS_INFO|Found instance to migrate random 01443771998.4
2015-10-03 20:08:03,224|402000|SYS_INFO|Not available host
2015-10-03 20:08:03,224|402000|SYS_INFO|Found instance to migrate random-0, 1443883937.2
2015-10-03 20:08:03,224|402000|SYS_INFO|Not available host
2015-10-03 20:11:03,220|581996|SYS_INFO|Initializing RabbitMQMessageService
2015-10-03 20:11:03,229|582004|SYS_INFO|Collecting information about compute nodes
2015-10-03 20:11:04,694|583470|SYS_INFO|Collecting information about services
2015-10-03 20:11:05,586|584361|SYS_INFO|Collecting information about VMs
2015-10-03 20:11:07,332|586107|SYS_INFO|Processing collected data
2015-10-03 20:11:07,335|586111|VM_INFO|Host: node-4 Name: random-0, 1443878841.37 State: active New_task: None
2015-10-03 20:11:07,335|586111|TOTAL_VMS|Total: 4 vms
2015-10-03 20:11:07,335|586111|NODE_INFO|node-3.domain.tld: 0 State: down disabled
2015-10-03 20:11:07,336|586111|NODE_INFO|node-2.domain.tld: 0 State: up enabled
2015-10-03 20:11:07,336|586111|NODE_INFO|node-4.domain.tld: 0 State: up enabled
2015-10-03 20:11:07,336|586111|VM_INFO|Host: node-2 Name: random 01443771998.4 State: active New_task: None
2015-10-03 20:11:07,338|586113|TOTAL_VMS|Total: 4 vms
2015-10-03 20:11:07,338|586113|NODE_INFO|node-3.domain.tld: 0 State: down disabled
2015-10-03 20:11:07,338|586113|NODE_INFO|node-2.domain.tld: 0 State: up enabled
2015-10-03 20:11:07,338|586113|NODE_INFO|node-4.domain.tld: 1 State: up enabled
2015-10-03 20:11:07,338|586114|VM_INFO|Host: node-2 Name: random-0, 1443883937.2 State: active New_task: None
2015-10-03 20:11:07,338|586114|TOTAL_VMS|Total: 4 vms
2015-10-03 20:11:07,338|586114|NODE_INFO|node-3.domain.tld: 0 State: down disabled
2015-10-03 20:11:07,339|586115|NODE_INFO|node-2.domain.tld: 1 State: up enabled
2015-10-03 20:11:07,339|586115|NODE_INFO|node-4.domain.tld: 1 State: up enabled
2015-10-03 20:11:07,339|586115|VM_INFO|Host: node-4 Name: random-2, 1443882327.93 State: active New_task: None
2015-10-03 20:11:07,341|586116|TOTAL_VMS|Total: 4 vms
2015-10-03 20:11:07,341|586116|NODE_INFO|node-3.domain.tld: 0 State: down disabled
2015-10-03 20:11:07,341|586116|NODE_INFO|node-2.domain.tld: 2 State: up enabled
2015-10-03 20:11:07,341|586116|NODE_INFO|node-4.domain.tld: 1 State: up enabled
2015-10-03 20:11:07,342|586117|TOTAL_VMS|Total: 4 vms
2015-10-03 20:11:07,342|586117|NODE_INFO|node-3.domain.tld: 0 State: down disabled
2015-10-03 20:11:07,342|586117|NODE_INFO|node-2.domain.tld: 2 State: up enabled
2015-10-03 20:11:07,342|586117|NODE_INFO|node-4.domain.tld: 2 State: up enabled
2015-10-03 20:11:07,342|586118|SYS_INFO|Sorting hosts overload
2015-10-03 20:11:07,345|586121|SYS_INFO|Searching for the most overloaded host
2015-10-03 20:11:07,345|586121|SYS_INFO|Found host node-2.domain.tld
2015-10-03 20:11:07,346|586121|SYS_INFO|Found instance to migrate random 01443771998.4
2015-10-03 20:11:07,346|586121|SYS_INFO|Not available host
2015-10-03 20:11:07,348|586123|SYS_INFO|Found instance to migrate random-0, 1443883937.2
2015-10-03 20:11:07,348|586123|SYS_INFO|Not available host
2015-10-03 20:11:07,351|586126|SYS_INFO|Scheduled periodic check for 180 sec
2015-10-03 20:11:50,960|629735|VM_INFO|Host: None Name: random-0, 1443895906.94 State: building New_task: scheduling
2015-10-03 20:11:50,960|629735|TOTAL_VMS|Total: 5 vms
2015-10-03 20:11:50,960|629736|NODE_INFO|node-3.domain.tld: 0 State: down disabled
2015-10-03 20:11:50,960|629736|NODE_INFO|node-2.domain.tld: 2 State: up enabled
2015-10-03 20:11:50,960|629736|NODE_INFO|node-4.domain.tld: 2 State: up enabled
2015-10-03 20:11:54,953|633729|VM_INFO|Host: None Name: random-0, 1443895906.94 State: building New_task: None
2015-10-03 20:11:54,953|633729|TOTAL_VMS|Total: 5 vms
2015-10-03 20:11:54,954|633730|NODE_INFO|node-3.domain.tld: 0 State: down disabled
2015-10-03 20:11:54,954|633730|NODE_INFO|node-2.domain.tld: 2 State: up enabled
2015-10-03 20:11:54,954|633730|NODE_INFO|node-4.domain.tld: 2 State: up enabled
2015-10-03 20:11:55,309|634084|VM_INFO|Host: None Name: random-1, 1443895911.18 State: building New_task: scheduling
2015-10-03 20:11:55,309|634084|TOTAL_VMS|Total: 6 vms
2015-10-03 20:11:55,309|634084|NODE_INFO|node-3.domain.tld: 0 State: down disabled
2015-10-03 20:11:55,309|634084|NODE_INFO|node-2.domain.tld: 2 State: up enabled
2015-10-03 20:11:55,309|634085|NODE_INFO|node-4.domain.tld: 2 State: up enabled
2015-10-03 20:11:55,805|634581|VM_INFO|Host: node-4 Name: random-0, 1443895906.94 State: building New_task: None
2015-10-03 20:11:55,805|634581|TOTAL_VMS|Total: 6 vms
2015-10-03 20:11:55,805|634581|NODE_INFO|node-3.domain.tld: 0 State: down disabled
2015-10-03 20:11:55,805|634581|NODE_INFO|node-2.domain.tld: 2 State: up enabled
2015-10-03 20:11:55,805|634581|NODE_INFO|node-4.domain.tld: 2 State: up enabled
2015-10-03 20:11:55,966|634741|TOTAL_VMS|Total: 6 vms
2015-10-03 20:11:55,967|634743|NODE_INFO|node-3.domain.tld: 0 State: down disabled
2015-10-03 20:11:55,967|634743|NODE_INFO|node-2.domain.tld: 2 State: up enabled
2015-10-03 20:11:55,969|634744|NODE_INFO|node-4.domain.tld: 3 State: up enabled
2015-10-03 20:11:55,969|634744|SYS_INFO|Sorting hosts overload
2015-10-03 20:11:55,969|634744|SYS_INFO|Searching for the most overloaded host
2015-10-03 20:11:55,970|634745|SYS_INFO|Found host node-4.domain.tld
2015-10-03 20:11:55,970|634745|SYS_INFO|Found instance to migrate random-0, 1443878841.37
2015-10-03 20:11:55,970|634745|SYS_INFO|Migration will have no effect
2015-10-03 20:11:55,970|634745|SYS_INFO|Not available host
2015-10-03 20:11:55,970|634746|SYS_INFO|Found instance to migrate random-2, 1443882327.93
2015-10-03 20:11:55,970|634746|SYS_INFO|Migration will have no effect
2015-10-03 20:11:55,970|634746|SYS_INFO|Not available host
2015-10-03 20:11:56,766|635541|VM_INFO|Host: node-4 Name: random-0, 1443895906.94 State: building New_task: networking
2015-10-03 20:11:56,766|635542|TOTAL_VMS|Total: 6 vms
2015-10-03 20:11:56,766|635542|NODE_INFO|node-3.domain.tld: 0 State: down disabled
2015-10-03 20:11:56,766|635542|NODE_INFO|node-2.domain.tld: 2 State: up enabled
2015-10-03 20:11:56,766|635542|NODE_INFO|node-4.domain.tld: 3 State: up enabled
2015-10-03 20:11:56,921|635696|TOTAL_VMS|Total: 6 vms
2015-10-03 20:11:56,921|635696|NODE_INFO|node-3.domain.tld: 0 State: down disabled
2015-10-03 20:11:56,921|635697|NODE_INFO|node-2.domain.tld: 2 State: up enabled
2015-10-03 20:11:56,921|635697|NODE_INFO|node-4.domain.tld: 3 State: up enabled
2015-10-03 20:11:56,921|635697|SYS_INFO|Sorting hosts overload
2015-10-03 20:11:56,923|635698|SYS_INFO|Searching for the most overloaded host
2015-10-03 20:11:56,923|635698|SYS_INFO|Found host node-4.domain.tld
2015-10-03 20:11:56,923|635698|SYS_INFO|Found instance to migrate random-0, 1443878841.37
2015-10-03 20:11:56,923|635698|SYS_INFO|Migration will have no effect
2015-10-03 20:11:56,923|635698|SYS_INFO|Not available host
2015-10-03 20:11:56,924|635699|SYS_INFO|Found instance to migrate random-2, 1443882327.93
2015-10-03 20:11:56,924|635699|SYS_INFO|Migration will have no effect
2015-10-03 20:11:56,924|635699|SYS_INFO|Not available host
2015-10-03 20:11:57,506|636281|VM_INFO|Host: None Name: random-1, 1443895911.18 State: building New_task: None
2015-10-03 20:11:57,506|636282|TOTAL_VMS|Total: 6 vms
2015-10-03 20:11:57,506|636282|NODE_INFO|node-3.domain.tld: 0 State: down disabled
2015-10-03 20:11:57,507|636282|NODE_INFO|node-2.domain.tld: 2 State: up enabled
2015-10-03 20:11:57,507|636282|NODE_INFO|node-4.domain.tld: 3 State: up enabled
2015-10-03 20:11:58,286|637062|VM_INFO|Host: node-4 Name: random-0, 1443895906.94 State: building New_task: networking
2015-10-03 20:11:58,286|637062|TOTAL_VMS|Total: 6 vms
2015-10-03 20:11:58,286|637062|NODE_INFO|node-3.domain.tld: 0 State: down disabled
2015-10-03 20:11:58,288|637063|NODE_INFO|node-2.domain.tld: 2 State: up enabled
2015-10-03 20:11:58,288|637063|NODE_INFO|node-4.domain.tld: 3 State: up enabled
2015-10-03 20:11:58,957|637732|VM_INFO|Host: node-4 Name: random-1, 1443895911.18 State: building New_task: None
2015-10-03 20:11:58,957|637733|TOTAL_VMS|Total: 6 vms
2015-10-03 20:11:58,957|637733|NODE_INFO|node-3.domain.tld: 0 State: down disabled
2015-10-03 20:11:58,957|637733|NODE_INFO|node-2.domain.tld: 2 State: up enabled
2015-10-03 20:11:58,959|637734|NODE_INFO|node-4.domain.tld: 3 State: up enabled
2015-10-03 20:11:59,579|638355|TOTAL_VMS|Total: 6 vms
2015-10-03 20:11:59,581|638356|NODE_INFO|node-3.domain.tld: 0 State: down disabled
2015-10-03 20:11:59,581|638356|NODE_INFO|node-2.domain.tld: 2 State: up enabled
2015-10-03 20:11:59,581|638356|NODE_INFO|node-4.domain.tld: 4 State: up enabled
2015-10-03 20:11:59,581|638356|SYS_INFO|Sorting hosts overload
2015-10-03 20:11:59,581|638356|SYS_INFO|Searching for the most overloaded host
2015-10-03 20:11:59,582|638357|SYS_INFO|Found host node-4.domain.tld
2015-10-03 20:11:59,582|638357|SYS_INFO|Found instance to migrate random-0, 1443878841.37
2015-10-03 20:11:59,582|638357|SYS_INFO|Weight with: 190.89627391742195 Weight without: 190.89627391742195
2015-10-03 20:11:59,585|638361|SYS_INFO|Scheduled migrate to node-2.domain.tld
2015-10-03 20:12:00,522|639297|VM_INFO|Host: node-4 Name: random-0, 1443895906.94 State: building New_task: block_device_mapping
2015-10-03 20:12:00,522|639297|TOTAL_VMS|Total: 6 vms
2015-10-03 20:12:00,522|639297|NODE_INFO|node-3.domain.tld: 0 State: down disabled
2015-10-03 20:12:00,522|639297|NODE_INFO|node-2.domain.tld: 2 State: up enabled
2015-10-03 20:12:00,522|639297|NODE_INFO|node-4.domain.tld: 4 State: up enabled
2015-10-03 20:12:01,095|639870|VM_INFO|Host: node-4 Name: random-0, 1443895906.94 State: building New_task: spawning
2015-10-03 20:12:01,095|639871|TOTAL_VMS|Total: 6 vms
2015-10-03 20:12:01,098|639873|NODE_INFO|node-3.domain.tld: 0 State: down disabled
2015-10-03 20:12:01,098|639873|NODE_INFO|node-2.domain.tld: 2 State: up enabled
2015-10-03 20:12:01,098|639874|NODE_INFO|node-4.domain.tld: 4 State: up enabled
2015-10-03 20:12:01,855|640631|VM_INFO|Host: node-4 Name: random-1, 1443895911.18 State: building New_task: networking
2015-10-03 20:12:01,855|640631|TOTAL_VMS|Total: 6 vms
2015-10-03 20:12:01,857|640632|NODE_INFO|node-3.domain.tld: 0 State: down disabled
2015-10-03 20:12:01,857|640632|NODE_INFO|node-2.domain.tld: 2 State: up enabled
2015-10-03 20:12:01,857|640632|NODE_INFO|node-4.domain.tld: 4 State: up enabled
2015-10-03 20:12:01,993|640768|TOTAL_VMS|Total: 6 vms
2015-10-03 20:12:01,993|640768|NODE_INFO|node-3.domain.tld: 0 State: down disabled
2015-10-03 20:12:01,993|640768|NODE_INFO|node-2.domain.tld: 2 State: up enabled
2015-10-03 20:12:01,993|640769|NODE_INFO|node-4.domain.tld: 4 State: up enabled
2015-10-03 20:12:01,993|640769|SYS_INFO|Sorting hosts overload
2015-10-03 20:12:01,993|640769|SYS_INFO|Searching for the most overloaded host
2015-10-03 20:12:01,993|640769|SYS_INFO|Found host node-4.domain.tld
2015-10-03 20:12:01,994|640769|SYS_INFO|Found instance to migrate random-0, 1443878841.37
2015-10-03 20:12:01,994|640769|SYS_INFO|Weight with: 190.89627391742195 Weight without: 190.89627391742195
2015-10-03 20:12:01,994|640769|SYS_INFO|Failed to schedule migrate, task already exists
2015-10-03 20:12:02,611|641387|VM_INFO|Host: node-4 Name: random-1, 1443895911.18 State: building New_task: networking
2015-10-03 20:12:02,611|641387|TOTAL_VMS|Total: 6 vms
2015-10-03 20:12:02,611|641387|NODE_INFO|node-3.domain.tld: 0 State: down disabled
2015-10-03 20:12:02,612|641388|NODE_INFO|node-2.domain.tld: 2 State: up enabled
2015-10-03 20:12:02,612|641388|NODE_INFO|node-4.domain.tld: 4 State: up enabled
2015-10-03 20:12:03,345|642120|VM_INFO|Host: node-4 Name: random-1, 1443895911.18 State: building New_task: block_device_mapping
2015-10-03 20:12:03,345|642120|TOTAL_VMS|Total: 6 vms
2015-10-03 20:12:03,345|642120|NODE_INFO|node-3.domain.tld: 0 State: down disabled
2015-10-03 20:12:03,345|642120|NODE_INFO|node-2.domain.tld: 2 State: up enabled
2015-10-03 20:12:03,345|642121|NODE_INFO|node-4.domain.tld: 4 State: up enabled
2015-10-03 20:12:04,586|643361|VM_INFO|Host: node-4 Name: random-1, 1443895911.18 State: building New_task: spawning
2015-10-03 20:12:04,588|643363|TOTAL_VMS|Total: 6 vms
2015-10-03 20:12:04,588|643363|NODE_INFO|node-3.domain.tld: 0 State: down disabled
2015-10-03 20:12:04,588|643363|NODE_INFO|node-2.domain.tld: 2 State: up enabled
2015-10-03 20:12:04,588|643363|NODE_INFO|node-4.domain.tld: 4 State: up enabled
2015-10-03 20:12:11,207|649982|VM_INFO|Host: node-4 Name: random-0, 1443878841.37 State: active New_task: migrating
2015-10-03 20:12:11,207|649982|TOTAL_VMS|Total: 6 vms
2015-10-03 20:12:11,207|649982|NODE_INFO|node-3.domain.tld: 0 State: down disabled
2015-10-03 20:12:11,207|649982|NODE_INFO|node-2.domain.tld: 2 State: up enabled
2015-10-03 20:12:11,207|649982|NODE_INFO|node-4.domain.tld: 4 State: up enabled
2015-10-03 20:12:11,844|650619|VM_INFO|Host: node-4 Name: random-0, 1443895906.94 State: building New_task: spawning
2015-10-03 20:12:11,845|650620|TOTAL_VMS|Total: 6 vms
2015-10-03 20:12:11,845|650620|NODE_INFO|node-3.domain.tld: 0 State: down disabled
2015-10-03 20:12:11,845|650621|NODE_INFO|node-2.domain.tld: 2 State: up enabled
2015-10-03 20:12:11,845|650621|NODE_INFO|node-4.domain.tld: 4 State: up enabled
2015-10-03 20:12:12,829|651605|TOTAL_VMS|Total: 6 vms
2015-10-03 20:12:12,829|651605|NODE_INFO|node-3.domain.tld: 0 State: down disabled
2015-10-03 20:12:12,829|651605|NODE_INFO|node-2.domain.tld: 2 State: up enabled
2015-10-03 20:12:12,831|651606|NODE_INFO|node-4.domain.tld: 4 State: up enabled
2015-10-03 20:12:12,831|651606|SYS_INFO|Sorting hosts overload
2015-10-03 20:12:12,831|651606|SYS_INFO|Searching for the most overloaded host
2015-10-03 20:12:12,831|651606|SYS_INFO|Skipping host node-4.domain.tld , it has migrating instances
2015-10-03 20:12:12,831|651606|SYS_INFO|Found host node-2.domain.tld
2015-10-03 20:12:12,832|651607|SYS_INFO|Found instance to migrate random 01443771998.4
2015-10-03 20:12:12,832|651607|SYS_INFO|Not available host
2015-10-03 20:12:12,832|651607|SYS_INFO|Found instance to migrate random-0, 1443883937.2
2015-10-03 20:12:12,832|651607|SYS_INFO|Not available host
2015-10-03 20:12:17,151|655926|VM_INFO|Host: node-4 Name: random-1, 1443895911.18 State: building New_task: spawning
2015-10-03 20:12:17,151|655927|TOTAL_VMS|Total: 6 vms
2015-10-03 20:12:17,151|655927|NODE_INFO|node-3.domain.tld: 0 State: down disabled
2015-10-03 20:12:17,151|655927|NODE_INFO|node-2.domain.tld: 2 State: up enabled
2015-10-03 20:12:17,151|655927|NODE_INFO|node-4.domain.tld: 4 State: up enabled
2015-10-03 20:12:18,802|657577|SYS_INFO|Scheduled live migration of server random-0, 1443878841.37 ID: 2143ca41-fcef-4703-9b42-141afad52d75
2015-10-03 20:12:18,802|657577|SYS_INFO|Deleted migrate task ID 2143ca41-fcef-4703-9b42-141afad52d75
2015-10-03 20:12:18,851|657627|TOTAL_VMS|Total: 6 vms
2015-10-03 20:12:18,851|657627|NODE_INFO|node-3.domain.tld: 0 State: down disabled
2015-10-03 20:12:18,851|657627|NODE_INFO|node-2.domain.tld: 2 State: up enabled
2015-10-03 20:12:18,852|657628|NODE_INFO|node-4.domain.tld: 4 State: up enabled
2015-10-03 20:12:18,852|657628|SYS_INFO|Sorting hosts overload
2015-10-03 20:12:18,852|657628|SYS_INFO|Searching for the most overloaded host
2015-10-03 20:12:18,852|657628|SYS_INFO|Skipping host node-4.domain.tld , it has migrating instances
2015-10-03 20:12:18,854|657629|SYS_INFO|Found host node-2.domain.tld
2015-10-03 20:12:18,854|657629|SYS_INFO|Found instance to migrate random 01443771998.4
2015-10-03 20:12:18,854|657629|SYS_INFO|Not available host
2015-10-03 20:12:18,855|657630|SYS_INFO|Found instance to migrate random-0, 1443883937.2
2015-10-03 20:12:18,855|657630|SYS_INFO|Not available host
2015-10-03 20:12:42,624|681399|VM_INFO|Host: node-4 Name: random-0, 1443878841.37 State: active New_task: migrating
2015-10-03 20:12:42,625|681400|TOTAL_VMS|Total: 6 vms
2015-10-03 20:12:42,628|681404|NODE_INFO|node-3.domain.tld: 0 State: down disabled
2015-10-03 20:12:42,630|681405|NODE_INFO|node-2.domain.tld: 2 State: up enabled
2015-10-03 20:12:42,630|681405|NODE_INFO|node-4.domain.tld: 4 State: up enabled
2015-10-03 20:12:45,513|684289|TOTAL_VMS|Total: 6 vms
2015-10-03 20:12:45,515|684290|NODE_INFO|node-3.domain.tld: 0 State: down disabled
2015-10-03 20:12:45,515|684290|NODE_INFO|node-2.domain.tld: 2 State: up enabled
2015-10-03 20:12:45,515|684290|NODE_INFO|node-4.domain.tld: 4 State: up enabled
2015-10-03 20:12:45,515|684290|SYS_INFO|Sorting hosts overload
2015-10-03 20:12:45,516|684291|SYS_INFO|Searching for the most overloaded host
2015-10-03 20:12:45,516|684291|SYS_INFO|Skipping host node-4.domain.tld , it has migrating instances
2015-10-03 20:12:45,516|684291|SYS_INFO|Found host node-2.domain.tld
2015-10-03 20:12:45,516|684291|SYS_INFO|Found instance to migrate random 01443771998.4
2015-10-03 20:12:45,516|684291|SYS_INFO|Not available host
2015-10-03 20:12:45,516|684292|SYS_INFO|Found instance to migrate random-0, 1443883937.2
2015-10-03 20:12:45,516|684292|SYS_INFO|Not available host
2015-10-03 20:12:58,818|697593|VM_INFO|Host: node-2 Name: random-0, 1443878841.37 State: active New_task: None
2015-10-03 20:12:58,818|697593|TOTAL_VMS|Total: 6 vms
2015-10-03 20:12:58,818|697593|NODE_INFO|node-3.domain.tld: 0 State: down disabled
2015-10-03 20:12:58,818|697593|NODE_INFO|node-2.domain.tld: 2 State: up enabled
2015-10-03 20:12:58,819|697594|NODE_INFO|node-4.domain.tld: 4 State: up enabled
2015-10-03 20:13:12,236|711012|VM_INFO|Host: node-4 Name: random-1, 1443895911.18 State: active New_task: None
2015-10-03 20:13:12,236|711012|TOTAL_VMS|Total: 6 vms
2015-10-03 20:13:12,236|711012|NODE_INFO|node-3.domain.tld: 0 State: down disabled
2015-10-03 20:13:12,259|711035|NODE_INFO|node-2.domain.tld: 3 State: up enabled
2015-10-03 20:13:12,260|711036|NODE_INFO|node-4.domain.tld: 3 State: up enabled
2015-10-03 20:13:15,190|713965|VM_INFO|Host: node-4 Name: random-0, 1443895906.94 State: active New_task: None
2015-10-03 20:13:15,190|713965|TOTAL_VMS|Total: 6 vms
2015-10-03 20:13:15,190|713966|NODE_INFO|node-3.domain.tld: 0 State: down disabled
2015-10-03 20:13:15,190|713966|NODE_INFO|node-2.domain.tld: 3 State: up enabled
2015-10-03 20:13:15,190|713966|NODE_INFO|node-4.domain.tld: 3 State: up enabled
2015-10-03 20:13:35,293|734069|TOTAL_VMS|Total: 6 vms
2015-10-03 20:13:35,295|734070|NODE_INFO|node-3.domain.tld: 0 State: down disabled
2015-10-03 20:13:35,295|734070|NODE_INFO|node-2.domain.tld: 3 State: up enabled
2015-10-03 20:13:35,295|734070|NODE_INFO|node-4.domain.tld: 3 State: up enabled
2015-10-03 20:13:35,295|734070|SYS_INFO|Sorting hosts overload
2015-10-03 20:13:35,295|734070|SYS_INFO|Searching for the most overloaded host
2015-10-03 20:13:35,295|734070|SYS_INFO|Not available host
2015-10-03 20:13:59,484|758259|TOTAL_VMS|Total: 6 vms
2015-10-03 20:13:59,484|758259|NODE_INFO|node-3.domain.tld: 0 State: down disabled
2015-10-03 20:13:59,484|758259|NODE_INFO|node-2.domain.tld: 3 State: up enabled
2015-10-03 20:13:59,484|758259|NODE_INFO|node-4.domain.tld: 3 State: up enabled
2015-10-03 20:13:59,484|758259|SYS_INFO|Sorting hosts overload
2015-10-03 20:13:59,484|758259|SYS_INFO|Searching for the most overloaded host
2015-10-03 20:13:59,486|758261|SYS_INFO|Found host node-2.domain.tld
2015-10-03 20:13:59,486|758261|SYS_INFO|Found instance to migrate random 01443771998.4
2015-10-03 20:13:59,486|758261|SYS_INFO|Not available host
2015-10-03 20:13:59,486|758261|SYS_INFO|Found instance to migrate random-0, 1443883937.2
2015-10-03 20:13:59,486|758261|SYS_INFO|Not available host
2015-10-03 20:13:59,486|758262|SYS_INFO|Found instance to migrate random-0, 1443878841.37
2015-10-03 20:13:59,486|758262|SYS_INFO|Not available host
2015-10-03 20:14:07,351|766126|SYS_INFO|Initializing RabbitMQMessageService
2015-10-03 20:14:07,358|766134|SYS_INFO|Collecting information about compute nodes
2015-10-03 20:14:19,328|778103|SYS_INFO|Collecting information about services
2015-10-03 20:14:29,980|788755|SYS_INFO|Collecting information about VMs
2015-10-03 20:14:59,344|818119|SYS_INFO|Processing collected data
2015-10-03 20:14:59,351|818126|VM_INFO|Host: node-2 Name: random 01443771998.4 State: active New_task: None
2015-10-03 20:14:59,351|818127|TOTAL_VMS|Total: 6 vms
2015-10-03 20:14:59,351|818127|NODE_INFO|node-3.domain.tld: 0 State: down disabled
2015-10-03 20:14:59,351|818127|NODE_INFO|node-2.domain.tld: 0 State: up enabled
2015-10-03 20:14:59,351|818127|NODE_INFO|node-4.domain.tld: 0 State: up enabled
2015-10-03 20:14:59,352|818128|VM_INFO|Host: node-4 Name: random-2, 1443882327.93 State: active New_task: None
2015-10-03 20:14:59,352|818128|TOTAL_VMS|Total: 6 vms
2015-10-03 20:14:59,352|818128|NODE_INFO|node-3.domain.tld: 0 State: down disabled
2015-10-03 20:14:59,352|818128|NODE_INFO|node-2.domain.tld: 1 State: up enabled
2015-10-03 20:14:59,354|818129|NODE_INFO|node-4.domain.tld: 0 State: up enabled
2015-10-03 20:14:59,354|818129|VM_INFO|Host: node-4 Name: random-0, 1443895906.94 State: active New_task: None
2015-10-03 20:14:59,354|818129|TOTAL_VMS|Total: 6 vms
2015-10-03 20:14:59,355|818130|NODE_INFO|node-3.domain.tld: 0 State: down disabled
2015-10-03 20:14:59,355|818130|NODE_INFO|node-2.domain.tld: 1 State: up enabled
2015-10-03 20:14:59,355|818130|NODE_INFO|node-4.domain.tld: 1 State: up enabled
2015-10-03 20:14:59,355|818131|VM_INFO|Host: node-2 Name: random-0, 1443878841.37 State: active New_task: None
2015-10-03 20:14:59,355|818131|TOTAL_VMS|Total: 6 vms
2015-10-03 20:14:59,355|818131|NODE_INFO|node-3.domain.tld: 0 State: down disabled
2015-10-03 20:14:59,355|818131|NODE_INFO|node-2.domain.tld: 1 State: up enabled
2015-10-03 20:14:59,355|818131|NODE_INFO|node-4.domain.tld: 2 State: up enabled
2015-10-03 20:14:59,357|818132|VM_INFO|Host: node-2 Name: random-0, 1443883937.2 State: active New_task: None
2015-10-03 20:14:59,357|818132|TOTAL_VMS|Total: 6 vms
2015-10-03 20:14:59,357|818132|NODE_INFO|node-3.domain.tld: 0 State: down disabled
2015-10-03 20:14:59,357|818132|NODE_INFO|node-2.domain.tld: 2 State: up enabled
2015-10-03 20:14:59,358|818133|NODE_INFO|node-4.domain.tld: 2 State: up enabled
2015-10-03 20:14:59,358|818133|VM_INFO|Host: node-4 Name: random-1, 1443895911.18 State: active New_task: None
2015-10-03 20:14:59,358|818133|TOTAL_VMS|Total: 6 vms
2015-10-03 20:14:59,358|818133|NODE_INFO|node-3.domain.tld: 0 State: down disabled
2015-10-03 20:14:59,358|818134|NODE_INFO|node-2.domain.tld: 3 State: up enabled
2015-10-03 20:14:59,358|818134|NODE_INFO|node-4.domain.tld: 2 State: up enabled
2015-10-03 20:14:59,359|818134|TOTAL_VMS|Total: 6 vms
2015-10-03 20:14:59,359|818134|NODE_INFO|node-3.domain.tld: 0 State: down disabled
2015-10-03 20:14:59,359|818134|NODE_INFO|node-2.domain.tld: 3 State: up enabled
2015-10-03 20:14:59,359|818134|NODE_INFO|node-4.domain.tld: 3 State: up enabled
2015-10-03 20:14:59,365|818140|SYS_INFO|Sorting hosts overload
2015-10-03 20:14:59,365|818141|SYS_INFO|Scheduled periodic check for 180 sec
2015-10-03 20:14:59,368|818144|SYS_INFO|Searching for the most overloaded host
2015-10-03 20:14:59,369|818144|SYS_INFO|Found host node-2.domain.tld
2015-10-03 20:14:59,369|818144|SYS_INFO|Found instance to migrate random 01443771998.4
2015-10-03 20:14:59,369|818144|SYS_INFO|Not available host
2015-10-03 20:14:59,371|818146|SYS_INFO|Found instance to migrate random-0, 1443878841.37
2015-10-03 20:14:59,371|818146|SYS_INFO|Not available host
2015-10-03 20:14:59,371|818146|SYS_INFO|Found instance to migrate random-0, 1443883937.2
2015-10-03 20:14:59,371|818146|SYS_INFO|Not available host
2015-10-03 20:15:06,696|825471|VM_INFO|Host: node-2 Name: random-0, 1443883937.2 State: active New_task: deleting
2015-10-03 20:15:06,696|825471|TOTAL_VMS|Total: 6 vms
2015-10-03 20:15:06,697|825472|NODE_INFO|node-3.domain.tld: 0 State: down disabled
2015-10-03 20:15:06,697|825472|NODE_INFO|node-2.domain.tld: 3 State: up enabled
2015-10-03 20:15:06,697|825472|NODE_INFO|node-4.domain.tld: 3 State: up enabled
2015-10-03 20:15:17,280|836055|VM_INFO|Host: node-2 Name: random-0, 1443883937.2 State: active New_task: deleting
2015-10-03 20:15:17,280|836055|TOTAL_VMS|Total: 6 vms
2015-10-03 20:15:17,282|836057|NODE_INFO|node-3.domain.tld: 0 State: down disabled
2015-10-03 20:15:17,282|836057|NODE_INFO|node-2.domain.tld: 3 State: up enabled
2015-10-03 20:15:17,282|836057|NODE_INFO|node-4.domain.tld: 3 State: up enabled
2015-10-03 20:15:24,045|842820|TOTAL_VMS|Total: 6 vms
2015-10-03 20:15:24,045|842820|NODE_INFO|node-3.domain.tld: 0 State: down disabled
2015-10-03 20:15:24,045|842820|NODE_INFO|node-2.domain.tld: 3 State: up enabled
2015-10-03 20:15:24,045|842820|NODE_INFO|node-4.domain.tld: 3 State: up enabled
2015-10-03 20:15:24,046|842821|SYS_INFO|Sorting hosts overload
2015-10-03 20:15:24,046|842821|SYS_INFO|Searching for the most overloaded host
2015-10-03 20:15:24,046|842821|SYS_INFO|Found host node-2.domain.tld
2015-10-03 20:15:24,046|842821|SYS_INFO|Found instance to migrate random 01443771998.4
2015-10-03 20:15:24,048|842823|SYS_INFO|Not available host
2015-10-03 20:15:24,048|842823|SYS_INFO|Found instance to migrate random-0, 1443878841.37
2015-10-03 20:15:24,048|842823|SYS_INFO|Not available host
2015-10-03 20:15:24,293|843069|VM_INFO|Host: node-2 Name: random-0, 1443878841.37 State: active New_task: deleting
2015-10-03 20:15:24,293|843069|TOTAL_VMS|Total: 6 vms
2015-10-03 20:15:24,293|843069|NODE_INFO|node-3.domain.tld: 0 State: down disabled
2015-10-03 20:15:24,293|843069|NODE_INFO|node-2.domain.tld: 3 State: up enabled
2015-10-03 20:15:24,293|843069|NODE_INFO|node-4.domain.tld: 3 State: up enabled
2015-10-03 20:15:39,072|857847|VM_INFO|Host: node-2 Name: random-0, 1443878841.37 State: active New_task: deleting
2015-10-03 20:15:39,072|857847|TOTAL_VMS|Total: 6 vms
2015-10-03 20:15:39,072|857847|NODE_INFO|node-3.domain.tld: 0 State: down disabled
2015-10-03 20:15:39,072|857848|NODE_INFO|node-2.domain.tld: 3 State: up enabled
2015-10-03 20:15:39,072|857848|NODE_INFO|node-4.domain.tld: 3 State: up enabled
2015-10-03 20:15:39,336|858111|VM_INFO|Host: node-2 Name: random-0, 1443883937.2 State: deleted New_task: None
2015-10-03 20:15:39,338|858113|TOTAL_VMS|Total: 6 vms
2015-10-03 20:15:39,338|858113|NODE_INFO|node-3.domain.tld: 0 State: down disabled
2015-10-03 20:15:39,338|858113|NODE_INFO|node-2.domain.tld: 3 State: up enabled
2015-10-03 20:15:39,338|858114|NODE_INFO|node-4.domain.tld: 3 State: up enabled
2015-10-03 20:15:39,710|858486|TOTAL_VMS|Total: 5 vms
2015-10-03 20:15:39,720|858496|NODE_INFO|node-3.domain.tld: 0 State: down disabled
2015-10-03 20:15:39,721|858496|NODE_INFO|node-2.domain.tld: 2 State: up enabled
2015-10-03 20:15:39,723|858499|NODE_INFO|node-4.domain.tld: 3 State: up enabled
2015-10-03 20:15:39,724|858500|SYS_INFO|Sorting hosts overload
2015-10-03 20:15:39,724|858500|SYS_INFO|Searching for the most overloaded host
2015-10-03 20:15:39,724|858500|SYS_INFO|Found host node-4.domain.tld
2015-10-03 20:15:39,724|858500|SYS_INFO|Found instance to migrate random-1, 1443895911.18
2015-10-03 20:15:39,726|858501|SYS_INFO|Migration will have no effect
2015-10-03 20:15:39,726|858501|SYS_INFO|Not available host
2015-10-03 20:15:39,726|858501|SYS_INFO|Found instance to migrate random-2, 1443882327.93
2015-10-03 20:15:39,726|858502|SYS_INFO|Migration will have no effect
2015-10-03 20:15:39,726|858502|SYS_INFO|Not available host
2015-10-03 20:15:39,726|858502|SYS_INFO|Found instance to migrate random-0, 1443895906.94
2015-10-03 20:15:39,727|858503|SYS_INFO|Migration will have no effect
2015-10-03 20:15:39,727|858503|SYS_INFO|Not available host
2015-10-03 20:15:55,828|874603|VM_INFO|Host: node-2 Name: random-0, 1443878841.37 State: deleted New_task: None
2015-10-03 20:15:55,828|874604|TOTAL_VMS|Total: 5 vms
2015-10-03 20:15:55,828|874604|NODE_INFO|node-3.domain.tld: 0 State: down disabled
2015-10-03 20:15:55,828|874604|NODE_INFO|node-2.domain.tld: 2 State: up enabled
2015-10-03 20:15:55,828|874604|NODE_INFO|node-4.domain.tld: 3 State: up enabled
2015-10-03 20:15:56,506|875281|TOTAL_VMS|Total: 4 vms
2015-10-03 20:15:56,506|875282|NODE_INFO|node-3.domain.tld: 0 State: down disabled
2015-10-03 20:15:56,506|875282|NODE_INFO|node-2.domain.tld: 1 State: up enabled
2015-10-03 20:15:56,506|875282|NODE_INFO|node-4.domain.tld: 3 State: up enabled
2015-10-03 20:15:56,507|875282|SYS_INFO|Sorting hosts overload
2015-10-03 20:15:56,507|875282|SYS_INFO|Searching for the most overloaded host
2015-10-03 20:15:56,507|875282|SYS_INFO|Found host node-4.domain.tld
2015-10-03 20:15:56,507|875282|SYS_INFO|Found instance to migrate random-1, 1443895911.18
2015-10-03 20:15:56,509|875284|SYS_INFO|Weight with: 144.45115810674724 Weight without: 144.45115810674724
2015-10-03 20:15:56,512|875287|SYS_INFO|Scheduled migrate to node-2.domain.tld
2015-10-03 20:16:11,355|890131|VM_INFO|Host: node-4 Name: random-1, 1443895911.18 State: active New_task: migrating
2015-10-03 20:16:11,357|890132|TOTAL_VMS|Total: 4 vms
2015-10-03 20:16:11,357|890132|NODE_INFO|node-3.domain.tld: 0 State: down disabled
2015-10-03 20:16:11,357|890132|NODE_INFO|node-2.domain.tld: 1 State: up enabled
2015-10-03 20:16:11,357|890132|NODE_INFO|node-4.domain.tld: 3 State: up enabled
2015-10-03 20:16:12,661|891437|SYS_INFO|Scheduled live migration of server random-1, 1443895911.18 ID: 9a0dc3fa-0f20-444f-a068-bedc70ae77f2
2015-10-03 20:16:12,663|891438|SYS_INFO|Deleted migrate task ID 9a0dc3fa-0f20-444f-a068-bedc70ae77f2
2015-10-03 20:16:26,756|905532|TOTAL_VMS|Total: 4 vms
2015-10-03 20:16:26,756|905532|NODE_INFO|node-3.domain.tld: 0 State: down disabled
2015-10-03 20:16:26,757|905532|NODE_INFO|node-2.domain.tld: 1 State: up enabled
2015-10-03 20:16:26,757|905532|NODE_INFO|node-4.domain.tld: 3 State: up enabled
2015-10-03 20:16:26,757|905532|SYS_INFO|Sorting hosts overload
2015-10-03 20:16:26,759|905534|SYS_INFO|Searching for the most overloaded host
2015-10-03 20:16:26,759|905534|SYS_INFO|Skipping host node-4.domain.tld , it has migrating instances
2015-10-03 20:16:26,759|905534|SYS_INFO|Found host node-2.domain.tld
2015-10-03 20:16:26,759|905535|SYS_INFO|Found instance to migrate random 01443771998.4
2015-10-03 20:16:26,759|905535|SYS_INFO|Not available host
2015-10-03 20:16:33,335|912110|VM_INFO|Host: node-4 Name: random-1, 1443895911.18 State: active New_task: migrating
2015-10-03 20:16:33,335|912110|TOTAL_VMS|Total: 4 vms
2015-10-03 20:16:33,335|912111|NODE_INFO|node-3.domain.tld: 0 State: down disabled
2015-10-03 20:16:33,335|912111|NODE_INFO|node-2.domain.tld: 1 State: up enabled
2015-10-03 20:16:33,335|912111|NODE_INFO|node-4.domain.tld: 3 State: up enabled
2015-10-03 20:16:37,553|916328|TOTAL_VMS|Total: 4 vms
2015-10-03 20:16:37,555|916330|NODE_INFO|node-3.domain.tld: 0 State: down disabled
2015-10-03 20:16:37,555|916330|NODE_INFO|node-2.domain.tld: 1 State: up enabled
2015-10-03 20:16:37,555|916330|NODE_INFO|node-4.domain.tld: 3 State: up enabled
2015-10-03 20:16:37,555|916330|SYS_INFO|Sorting hosts overload
2015-10-03 20:16:37,555|916330|SYS_INFO|Searching for the most overloaded host
2015-10-03 20:16:37,555|916331|SYS_INFO|Skipping host node-4.domain.tld , it has migrating instances
2015-10-03 20:16:37,555|916331|SYS_INFO|Found host node-2.domain.tld
2015-10-03 20:16:37,555|916331|SYS_INFO|Found instance to migrate random 01443771998.4
2015-10-03 20:16:37,555|916331|SYS_INFO|Not available host
2015-10-03 20:16:53,176|931951|VM_INFO|Host: node-2 Name: random-1, 1443895911.18 State: active New_task: None
2015-10-03 20:16:53,176|931951|TOTAL_VMS|Total: 4 vms
2015-10-03 20:16:53,177|931952|NODE_INFO|node-3.domain.tld: 0 State: down disabled
2015-10-03 20:16:53,177|931952|NODE_INFO|node-2.domain.tld: 1 State: up enabled
2015-10-03 20:16:53,177|931953|NODE_INFO|node-4.domain.tld: 3 State: up enabled
2015-10-03 20:17:09,430|948205|TOTAL_VMS|Total: 4 vms
2015-10-03 20:17:09,430|948205|NODE_INFO|node-3.domain.tld: 0 State: down disabled
2015-10-03 20:17:09,430|948205|NODE_INFO|node-2.domain.tld: 2 State: up enabled
2015-10-03 20:17:09,431|948207|NODE_INFO|node-4.domain.tld: 2 State: up enabled
2015-10-03 20:17:09,431|948207|SYS_INFO|Sorting hosts overload
2015-10-03 20:17:09,433|948208|SYS_INFO|Searching for the most overloaded host
2015-10-03 20:17:09,433|948208|SYS_INFO|Not available host
2015-10-03 20:17:25,375|964151|TOTAL_VMS|Total: 4 vms
2015-10-03 20:17:25,375|964151|NODE_INFO|node-3.domain.tld: 0 State: down disabled
2015-10-03 20:17:25,375|964151|NODE_INFO|node-2.domain.tld: 2 State: up enabled
2015-10-03 20:17:25,377|964152|NODE_INFO|node-4.domain.tld: 2 State: up enabled
2015-10-03 20:17:25,377|964152|SYS_INFO|Sorting hosts overload
2015-10-03 20:17:25,377|964152|SYS_INFO|Searching for the most overloaded host
2015-10-03 20:17:25,377|964152|SYS_INFO|Found host node-2.domain.tld
2015-10-03 20:17:25,378|964153|SYS_INFO|Found instance to migrate random 01443771998.4
2015-10-03 20:17:25,378|964153|SYS_INFO|Not available host
2015-10-03 20:17:25,378|964153|SYS_INFO|Found instance to migrate random-1, 1443895911.18
2015-10-03 20:17:25,378|964154|SYS_INFO|Not available host
2015-10-03 20:17:59,368|998143|SYS_INFO|Initializing RabbitMQMessageService
2015-10-03 20:17:59,375|998151|SYS_INFO|Collecting information about compute nodes
2015-10-03 20:18:09,355|1008130|SYS_INFO|Collecting information about services
2015-10-03 20:18:11,980|1010755|SYS_INFO|Collecting information about VMs
2015-10-03 20:18:15,638|1014414|SYS_INFO|Processing collected data
2015-10-03 20:18:15,641|1014417|VM_INFO|Host: node-2 Name: random 01443771998.4 State: active New_task: None
2015-10-03 20:18:15,642|1014417|TOTAL_VMS|Total: 4 vms
2015-10-03 20:18:15,642|1014417|NODE_INFO|node-3.domain.tld: 0 State: down disabled
2015-10-03 20:18:15,642|1014417|NODE_INFO|node-2.domain.tld: 0 State: up enabled
2015-10-03 20:18:15,642|1014417|NODE_INFO|node-4.domain.tld: 0 State: up enabled
2015-10-03 20:18:15,644|1014419|VM_INFO|Host: node-4 Name: random-0, 1443895906.94 State: active New_task: None
2015-10-03 20:18:15,644|1014419|TOTAL_VMS|Total: 4 vms
2015-10-03 20:18:15,644|1014419|NODE_INFO|node-3.domain.tld: 0 State: down disabled
2015-10-03 20:18:15,644|1014419|NODE_INFO|node-2.domain.tld: 1 State: up enabled
2015-10-03 20:18:15,644|1014420|NODE_INFO|node-4.domain.tld: 0 State: up enabled
2015-10-03 20:18:15,644|1014420|VM_INFO|Host: node-4 Name: random-2, 1443882327.93 State: active New_task: None
2015-10-03 20:18:15,644|1014420|TOTAL_VMS|Total: 4 vms
2015-10-03 20:18:15,644|1014420|NODE_INFO|node-3.domain.tld: 0 State: down disabled
2015-10-03 20:18:15,645|1014421|NODE_INFO|node-2.domain.tld: 1 State: up enabled
2015-10-03 20:18:15,645|1014421|NODE_INFO|node-4.domain.tld: 1 State: up enabled
2015-10-03 20:18:15,645|1014421|VM_INFO|Host: node-2 Name: random-1, 1443895911.18 State: active New_task: None
2015-10-03 20:18:15,645|1014421|TOTAL_VMS|Total: 4 vms
2015-10-03 20:18:15,645|1014421|NODE_INFO|node-3.domain.tld: 0 State: down disabled
2015-10-03 20:18:15,645|1014421|NODE_INFO|node-2.domain.tld: 1 State: up enabled
2015-10-03 20:18:15,647|1014422|NODE_INFO|node-4.domain.tld: 2 State: up enabled
2015-10-03 20:18:15,647|1014422|TOTAL_VMS|Total: 4 vms
2015-10-03 20:18:15,647|1014422|NODE_INFO|node-3.domain.tld: 0 State: down disabled
2015-10-03 20:18:15,647|1014422|NODE_INFO|node-2.domain.tld: 2 State: up enabled
2015-10-03 20:18:15,647|1014422|NODE_INFO|node-4.domain.tld: 2 State: up enabled
2015-10-03 20:18:15,647|1014422|SYS_INFO|Sorting hosts overload
2015-10-03 20:18:15,648|1014423|SYS_INFO|Scheduled periodic check for 180 sec
2015-10-03 20:18:15,648|1014423|SYS_INFO|Searching for the most overloaded host
2015-10-03 20:18:15,648|1014424|SYS_INFO|Found host node-2.domain.tld
2015-10-03 20:18:15,648|1014424|SYS_INFO|Found instance to migrate random 01443771998.4
2015-10-03 20:18:15,648|1014424|SYS_INFO|Not available host
2015-10-03 20:18:15,648|1014424|SYS_INFO|Found instance to migrate random-1, 1443895911.18
2015-10-03 20:18:15,648|1014424|SYS_INFO|Not available host
2015-10-03 20:21:15,648|1194423|SYS_INFO|Initializing RabbitMQMessageService
2015-10-03 20:21:15,657|1194433|SYS_INFO|Collecting information about compute nodes
2015-10-03 20:21:23,348|1202124|SYS_INFO|Collecting information about services
2015-10-03 20:21:25,615|1204391|SYS_INFO|Collecting information about VMs
2015-10-03 20:21:27,918|1206694|SYS_INFO|Processing collected data
2015-10-03 20:21:27,923|1206698|VM_INFO|Host: node-2 Name: random 01443771998.4 State: active New_task: None
2015-10-03 20:21:27,924|1206699|TOTAL_VMS|Total: 4 vms
2015-10-03 20:21:27,924|1206699|NODE_INFO|node-3.domain.tld: 0 State: down disabled
2015-10-03 20:21:27,924|1206699|NODE_INFO|node-2.domain.tld: 0 State: up enabled
2015-10-03 20:21:27,924|1206699|NODE_INFO|node-4.domain.tld: 0 State: up enabled
2015-10-03 20:21:27,924|1206699|VM_INFO|Host: node-4 Name: random-0, 1443895906.94 State: active New_task: None
2015-10-03 20:21:27,924|1206700|TOTAL_VMS|Total: 4 vms
2015-10-03 20:21:27,924|1206700|NODE_INFO|node-3.domain.tld: 0 State: down disabled
2015-10-03 20:21:27,924|1206700|NODE_INFO|node-2.domain.tld: 1 State: up enabled
2015-10-03 20:21:27,924|1206700|NODE_INFO|node-4.domain.tld: 0 State: up enabled
2015-10-03 20:21:27,924|1206700|VM_INFO|Host: node-4 Name: random-2, 1443882327.93 State: active New_task: None
2015-10-03 20:21:27,924|1206700|TOTAL_VMS|Total: 4 vms
2015-10-03 20:21:27,926|1206701|NODE_INFO|node-3.domain.tld: 0 State: down disabled
2015-10-03 20:21:27,926|1206701|NODE_INFO|node-2.domain.tld: 1 State: up enabled
2015-10-03 20:21:27,926|1206701|NODE_INFO|node-4.domain.tld: 1 State: up enabled
2015-10-03 20:21:27,927|1206702|VM_INFO|Host: node-2 Name: random-1, 1443895911.18 State: active New_task: None
2015-10-03 20:21:27,927|1206702|TOTAL_VMS|Total: 4 vms
2015-10-03 20:21:27,927|1206702|NODE_INFO|node-3.domain.tld: 0 State: down disabled
2015-10-03 20:21:27,927|1206702|NODE_INFO|node-2.domain.tld: 1 State: up enabled
2015-10-03 20:21:27,927|1206702|NODE_INFO|node-4.domain.tld: 2 State: up enabled
2015-10-03 20:21:27,927|1206703|TOTAL_VMS|Total: 4 vms
2015-10-03 20:21:27,927|1206703|NODE_INFO|node-3.domain.tld: 0 State: down disabled
2015-10-03 20:21:27,927|1206703|NODE_INFO|node-2.domain.tld: 2 State: up enabled
2015-10-03 20:21:27,927|1206703|NODE_INFO|node-4.domain.tld: 2 State: up enabled
2015-10-03 20:21:27,930|1206705|SYS_INFO|Sorting hosts overload
2015-10-03 20:21:27,930|1206706|SYS_INFO|Searching for the most overloaded host
2015-10-03 20:21:27,931|1206707|SYS_INFO|Scheduled periodic check for 180 sec
2015-10-03 20:21:27,931|1206707|SYS_INFO|Found host node-2.domain.tld
2015-10-03 20:21:27,933|1206708|SYS_INFO|Found instance to migrate random 01443771998.4
2015-10-03 20:21:27,934|1206709|SYS_INFO|Not available host
2015-10-03 20:21:27,934|1206709|SYS_INFO|Found instance to migrate random-1, 1443895911.18
2015-10-03 20:21:27,934|1206710|SYS_INFO|Not available host
2015-10-03 20:24:15,921|1374696|VM_INFO|Host: None Name: random-0, 1443896648.04 State: building New_task: scheduling
2015-10-03 20:24:15,921|1374696|TOTAL_VMS|Total: 5 vms
2015-10-03 20:24:15,921|1374696|NODE_INFO|node-3.domain.tld: 0 State: down disabled
2015-10-03 20:24:15,921|1374696|NODE_INFO|node-2.domain.tld: 2 State: up enabled
2015-10-03 20:24:15,923|1374698|NODE_INFO|node-4.domain.tld: 2 State: up enabled
2015-10-03 20:24:17,674|1376450|VM_INFO|Host: None Name: random-0, 1443896648.04 State: building New_task: None
2015-10-03 20:24:17,674|1376450|TOTAL_VMS|Total: 5 vms
2015-10-03 20:24:17,674|1376450|NODE_INFO|node-3.domain.tld: 0 State: down disabled
2015-10-03 20:24:17,674|1376450|NODE_INFO|node-2.domain.tld: 2 State: up enabled
2015-10-03 20:24:17,674|1376450|NODE_INFO|node-4.domain.tld: 2 State: up enabled
2015-10-03 20:24:18,309|1377084|VM_INFO|Host: node-4 Name: random-0, 1443896648.04 State: building New_task: None
2015-10-03 20:24:18,309|1377085|TOTAL_VMS|Total: 5 vms
2015-10-03 20:24:18,309|1377085|NODE_INFO|node-3.domain.tld: 0 State: down disabled
2015-10-03 20:24:18,309|1377085|NODE_INFO|node-2.domain.tld: 2 State: up enabled
2015-10-03 20:24:18,309|1377085|NODE_INFO|node-4.domain.tld: 2 State: up enabled
2015-10-03 20:24:18,440|1377216|TOTAL_VMS|Total: 5 vms
2015-10-03 20:24:18,440|1377216|NODE_INFO|node-3.domain.tld: 0 State: down disabled
2015-10-03 20:24:18,441|1377217|NODE_INFO|node-2.domain.tld: 2 State: up enabled
2015-10-03 20:24:18,441|1377217|NODE_INFO|node-4.domain.tld: 3 State: up enabled
2015-10-03 20:24:18,441|1377217|SYS_INFO|Sorting hosts overload
2015-10-03 20:24:18,441|1377217|SYS_INFO|Searching for the most overloaded host
2015-10-03 20:24:18,443|1377218|SYS_INFO|Found host node-4.domain.tld
2015-10-03 20:24:18,443|1377218|SYS_INFO|Found instance to migrate random-2, 1443882327.93
2015-10-03 20:24:18,443|1377218|SYS_INFO|Migration will have no effect
2015-10-03 20:24:18,444|1377219|SYS_INFO|Not available host
2015-10-03 20:24:18,444|1377219|SYS_INFO|Found instance to migrate random-0, 1443895906.94
2015-10-03 20:24:18,444|1377219|SYS_INFO|Migration will have no effect
2015-10-03 20:24:18,444|1377220|SYS_INFO|Not available host
2015-10-03 20:24:18,825|1377601|VM_INFO|Host: node-4 Name: random-0, 1443896648.04 State: building New_task: networking
2015-10-03 20:24:18,825|1377601|TOTAL_VMS|Total: 5 vms
2015-10-03 20:24:18,825|1377601|NODE_INFO|node-3.domain.tld: 0 State: down disabled
2015-10-03 20:24:18,826|1377601|NODE_INFO|node-2.domain.tld: 2 State: up enabled
2015-10-03 20:24:18,826|1377601|NODE_INFO|node-4.domain.tld: 3 State: up enabled
2015-10-03 20:24:18,948|1377723|TOTAL_VMS|Total: 5 vms
2015-10-03 20:24:18,950|1377725|NODE_INFO|node-3.domain.tld: 0 State: down disabled
2015-10-03 20:24:18,950|1377725|NODE_INFO|node-2.domain.tld: 2 State: up enabled
2015-10-03 20:24:18,950|1377725|NODE_INFO|node-4.domain.tld: 3 State: up enabled
2015-10-03 20:24:18,950|1377725|SYS_INFO|Sorting hosts overload
2015-10-03 20:24:18,950|1377725|SYS_INFO|Searching for the most overloaded host
2015-10-03 20:24:18,950|1377725|SYS_INFO|Found host node-4.domain.tld
2015-10-03 20:24:18,950|1377726|SYS_INFO|Found instance to migrate random-2, 1443882327.93
2015-10-03 20:24:18,950|1377726|SYS_INFO|Migration will have no effect
2015-10-03 20:24:18,950|1377726|SYS_INFO|Not available host
2015-10-03 20:24:18,950|1377726|SYS_INFO|Found instance to migrate random-0, 1443895906.94
2015-10-03 20:24:18,950|1377726|SYS_INFO|Migration will have no effect
2015-10-03 20:24:18,950|1377726|SYS_INFO|Not available host
2015-10-03 20:24:19,572|1378347|VM_INFO|Host: node-4 Name: random-0, 1443896648.04 State: building New_task: networking
2015-10-03 20:24:19,572|1378348|TOTAL_VMS|Total: 5 vms
2015-10-03 20:24:19,572|1378348|NODE_INFO|node-3.domain.tld: 0 State: down disabled
2015-10-03 20:24:19,572|1378348|NODE_INFO|node-2.domain.tld: 2 State: up enabled
2015-10-03 20:24:19,572|1378348|NODE_INFO|node-4.domain.tld: 3 State: up enabled
2015-10-03 20:24:20,286|1379062|VM_INFO|Host: node-4 Name: random-0, 1443896648.04 State: building New_task: block_device_mapping
2015-10-03 20:24:20,286|1379062|TOTAL_VMS|Total: 5 vms
2015-10-03 20:24:20,286|1379062|NODE_INFO|node-3.domain.tld: 0 State: down disabled
2015-10-03 20:24:20,288|1379063|NODE_INFO|node-2.domain.tld: 2 State: up enabled
2015-10-03 20:24:20,288|1379063|NODE_INFO|node-4.domain.tld: 3 State: up enabled
2015-10-03 20:24:21,309|1380085|VM_INFO|Host: node-4 Name: random-0, 1443896648.04 State: building New_task: spawning
2015-10-03 20:24:21,309|1380085|TOTAL_VMS|Total: 5 vms
2015-10-03 20:24:21,309|1380085|NODE_INFO|node-3.domain.tld: 0 State: down disabled
2015-10-03 20:24:21,309|1380085|NODE_INFO|node-2.domain.tld: 2 State: up enabled
2015-10-03 20:24:21,311|1380086|NODE_INFO|node-4.domain.tld: 3 State: up enabled
2015-10-03 20:24:27,934|1386709|SYS_INFO|Initializing RabbitMQMessageService
2015-10-03 20:24:27,947|1386722|SYS_INFO|Collecting information about compute nodes
2015-10-03 20:24:32,753|1391529|SYS_INFO|Collecting information about services
2015-10-03 20:24:36,730|1395506|SYS_INFO|Collecting information about VMs
2015-10-03 20:24:44,112|1402888|SYS_INFO|Processing collected data
2015-10-03 20:24:44,118|1402893|VM_INFO|Host: node-4 Name: random-0, 1443896648.04 State: building New_task: spawning
2015-10-03 20:24:44,119|1402894|TOTAL_VMS|Total: 5 vms
2015-10-03 20:24:44,119|1402894|NODE_INFO|node-3.domain.tld: 0 State: down disabled
2015-10-03 20:24:44,119|1402894|NODE_INFO|node-2.domain.tld: 0 State: up enabled
2015-10-03 20:24:44,121|1402896|NODE_INFO|node-4.domain.tld: 0 State: up enabled
2015-10-03 20:24:44,121|1402896|VM_INFO|Host: node-2 Name: random 01443771998.4 State: active New_task: None
2015-10-03 20:24:44,121|1402896|TOTAL_VMS|Total: 5 vms
2015-10-03 20:24:44,121|1402896|NODE_INFO|node-3.domain.tld: 0 State: down disabled
2015-10-03 20:24:44,121|1402897|NODE_INFO|node-2.domain.tld: 0 State: up enabled
2015-10-03 20:24:44,121|1402897|NODE_INFO|node-4.domain.tld: 1 State: up enabled
2015-10-03 20:24:44,121|1402897|VM_INFO|Host: node-4 Name: random-0, 1443895906.94 State: active New_task: None
2015-10-03 20:24:44,121|1402897|TOTAL_VMS|Total: 5 vms
2015-10-03 20:24:44,121|1402897|NODE_INFO|node-3.domain.tld: 0 State: down disabled
2015-10-03 20:24:44,121|1402897|NODE_INFO|node-2.domain.tld: 1 State: up enabled
2015-10-03 20:24:44,122|1402898|NODE_INFO|node-4.domain.tld: 1 State: up enabled
2015-10-03 20:24:44,122|1402898|VM_INFO|Host: node-4 Name: random-2, 1443882327.93 State: active New_task: None
2015-10-03 20:24:44,122|1402898|TOTAL_VMS|Total: 5 vms
2015-10-03 20:24:44,122|1402898|NODE_INFO|node-3.domain.tld: 0 State: down disabled
2015-10-03 20:24:44,122|1402898|NODE_INFO|node-2.domain.tld: 1 State: up enabled
2015-10-03 20:24:44,122|1402898|NODE_INFO|node-4.domain.tld: 2 State: up enabled
2015-10-03 20:24:44,124|1402899|VM_INFO|Host: node-2 Name: random-1, 1443895911.18 State: active New_task: None
2015-10-03 20:24:44,124|1402899|TOTAL_VMS|Total: 5 vms
2015-10-03 20:24:44,124|1402899|NODE_INFO|node-3.domain.tld: 0 State: down disabled
2015-10-03 20:24:44,124|1402899|NODE_INFO|node-2.domain.tld: 1 State: up enabled
2015-10-03 20:24:44,124|1402899|NODE_INFO|node-4.domain.tld: 3 State: up enabled
2015-10-03 20:24:44,124|1402899|TOTAL_VMS|Total: 5 vms
2015-10-03 20:24:44,124|1402899|NODE_INFO|node-3.domain.tld: 0 State: down disabled
2015-10-03 20:24:44,125|1402900|NODE_INFO|node-2.domain.tld: 2 State: up enabled
2015-10-03 20:24:44,125|1402900|NODE_INFO|node-4.domain.tld: 3 State: up enabled
2015-10-03 20:24:44,127|1402902|SYS_INFO|Sorting hosts overload
2015-10-03 20:24:44,128|1402903|SYS_INFO|Scheduled periodic check for 180 sec
2015-10-03 20:24:44,128|1402903|SYS_INFO|Searching for the most overloaded host
2015-10-03 20:24:44,128|1402904|SYS_INFO|Found host node-4.domain.tld
2015-10-03 20:24:44,128|1402904|SYS_INFO|Found instance to migrate random-2, 1443882327.93
2015-10-03 20:24:44,128|1402904|SYS_INFO|Migration will have no effect
2015-10-03 20:24:44,128|1402904|SYS_INFO|Not available host
2015-10-03 20:24:44,130|1402905|SYS_INFO|Found instance to migrate random-0, 1443895906.94
2015-10-03 20:24:44,130|1402905|SYS_INFO|Migration will have no effect
2015-10-03 20:24:44,130|1402905|SYS_INFO|Not available host
2015-10-03 20:24:44,134|1402909|VM_INFO|Host: node-4 Name: random-0, 1443896648.04 State: building New_task: spawning
2015-10-03 20:24:44,134|1402909|TOTAL_VMS|Total: 5 vms
2015-10-03 20:24:44,134|1402909|NODE_INFO|node-3.domain.tld: 0 State: down disabled
2015-10-03 20:24:44,134|1402909|NODE_INFO|node-2.domain.tld: 2 State: up enabled
2015-10-03 20:24:44,134|1402909|NODE_INFO|node-4.domain.tld: 3 State: up enabled
2015-10-03 20:24:44,135|1402911|TOTAL_VMS|Total: 5 vms
2015-10-03 20:24:44,137|1402912|NODE_INFO|node-3.domain.tld: 0 State: down disabled
2015-10-03 20:24:44,137|1402912|NODE_INFO|node-2.domain.tld: 2 State: up enabled
2015-10-03 20:24:44,137|1402912|NODE_INFO|node-4.domain.tld: 3 State: up enabled
2015-10-03 20:24:44,137|1402912|SYS_INFO|Sorting hosts overload
2015-10-03 20:24:44,137|1402912|SYS_INFO|Searching for the most overloaded host
2015-10-03 20:24:44,138|1402913|SYS_INFO|Found host node-4.domain.tld
2015-10-03 20:24:44,138|1402913|SYS_INFO|Found instance to migrate random-2, 1443882327.93
2015-10-03 20:24:44,138|1402913|SYS_INFO|Migration will have no effect
2015-10-03 20:24:44,138|1402913|SYS_INFO|Not available host
2015-10-03 20:24:44,138|1402913|SYS_INFO|Found instance to migrate random-0, 1443895906.94
2015-10-03 20:24:44,138|1402914|SYS_INFO|Migration will have no effect
2015-10-03 20:24:44,138|1402914|SYS_INFO|Not available host
2015-10-03 20:25:08,299|1427075|VM_INFO|Host: node-4 Name: random-0, 1443896648.04 State: active New_task: None
2015-10-03 20:25:08,299|1427075|TOTAL_VMS|Total: 5 vms
2015-10-03 20:25:08,299|1427075|NODE_INFO|node-3.domain.tld: 0 State: down disabled
2015-10-03 20:25:08,299|1427075|NODE_INFO|node-2.domain.tld: 2 State: up enabled
2015-10-03 20:25:08,301|1427076|NODE_INFO|node-4.domain.tld: 3 State: up enabled
2015-10-03 20:25:14,250|1433026|TOTAL_VMS|Total: 5 vms
2015-10-03 20:25:14,250|1433026|NODE_INFO|node-3.domain.tld: 0 State: down disabled
2015-10-03 20:25:14,250|1433026|NODE_INFO|node-2.domain.tld: 2 State: up enabled
2015-10-03 20:25:14,252|1433027|NODE_INFO|node-4.domain.tld: 3 State: up enabled
2015-10-03 20:25:14,252|1433027|SYS_INFO|Sorting hosts overload
2015-10-03 20:25:14,252|1433027|SYS_INFO|Searching for the most overloaded host
2015-10-03 20:25:14,252|1433027|SYS_INFO|Found host node-4.domain.tld
2015-10-03 20:25:14,253|1433028|SYS_INFO|Found instance to migrate random-0, 1443896648.04
2015-10-03 20:25:14,253|1433028|SYS_INFO|Migration will have no effect
2015-10-03 20:25:14,253|1433028|SYS_INFO|Not available host
2015-10-03 20:25:14,253|1433028|SYS_INFO|Found instance to migrate random-2, 1443882327.93
2015-10-03 20:25:14,253|1433028|SYS_INFO|Migration will have no effect
2015-10-03 20:25:14,253|1433029|SYS_INFO|Not available host
2015-10-03 20:25:14,253|1433029|SYS_INFO|Found instance to migrate random-0, 1443895906.94
2015-10-03 20:25:14,253|1433029|SYS_INFO|Migration will have no effect
2015-10-03 20:25:14,253|1433029|SYS_INFO|Not available host
2015-10-03 20:27:44,128|1582903|SYS_INFO|Initializing RabbitMQMessageService
2015-10-03 20:27:44,138|1582914|SYS_INFO|Collecting information about compute nodes
2015-10-03 20:27:59,740|1598516|SYS_INFO|Collecting information about services
2015-10-03 20:28:04,819|1603595|SYS_INFO|Collecting information about VMs
2015-10-03 20:28:11,065|1609841|SYS_INFO|Processing collected data
2015-10-03 20:28:11,069|1609844|VM_INFO|Host: node-4 Name: random-0, 1443896648.04 State: active New_task: None
2015-10-03 20:28:11,069|1609845|TOTAL_VMS|Total: 5 vms
2015-10-03 20:28:11,069|1609845|NODE_INFO|node-3.domain.tld: 0 State: down disabled
2015-10-03 20:28:11,069|1609845|NODE_INFO|node-2.domain.tld: 0 State: up enabled
2015-10-03 20:28:11,069|1609845|NODE_INFO|node-4.domain.tld: 0 State: up enabled
2015-10-03 20:28:11,069|1609845|VM_INFO|Host: node-2 Name: random 01443771998.4 State: active New_task: None
2015-10-03 20:28:11,069|1609845|TOTAL_VMS|Total: 5 vms
2015-10-03 20:28:11,069|1609845|NODE_INFO|node-3.domain.tld: 0 State: down disabled
2015-10-03 20:28:11,069|1609845|NODE_INFO|node-2.domain.tld: 0 State: up enabled
2015-10-03 20:28:11,071|1609846|NODE_INFO|node-4.domain.tld: 1 State: up enabled
2015-10-03 20:28:11,071|1609846|VM_INFO|Host: node-4 Name: random-0, 1443895906.94 State: active New_task: None
2015-10-03 20:28:11,071|1609846|TOTAL_VMS|Total: 5 vms
2015-10-03 20:28:11,071|1609846|NODE_INFO|node-3.domain.tld: 0 State: down disabled
2015-10-03 20:28:11,071|1609846|NODE_INFO|node-2.domain.tld: 1 State: up enabled
2015-10-03 20:28:11,071|1609846|NODE_INFO|node-4.domain.tld: 1 State: up enabled
2015-10-03 20:28:11,071|1609846|VM_INFO|Host: node-4 Name: random-2, 1443882327.93 State: active New_task: None
2015-10-03 20:28:11,071|1609846|TOTAL_VMS|Total: 5 vms
2015-10-03 20:28:11,072|1609847|NODE_INFO|node-3.domain.tld: 0 State: down disabled
2015-10-03 20:28:11,072|1609847|NODE_INFO|node-2.domain.tld: 1 State: up enabled
2015-10-03 20:28:11,072|1609847|NODE_INFO|node-4.domain.tld: 2 State: up enabled
2015-10-03 20:28:11,072|1609848|VM_INFO|Host: node-2 Name: random-1, 1443895911.18 State: active New_task: None
2015-10-03 20:28:11,072|1609848|TOTAL_VMS|Total: 5 vms
2015-10-03 20:28:11,072|1609848|NODE_INFO|node-3.domain.tld: 0 State: down disabled
2015-10-03 20:28:11,072|1609848|NODE_INFO|node-2.domain.tld: 1 State: up enabled
2015-10-03 20:28:11,072|1609848|NODE_INFO|node-4.domain.tld: 3 State: up enabled
2015-10-03 20:28:11,072|1609848|TOTAL_VMS|Total: 5 vms
2015-10-03 20:28:11,073|1609848|NODE_INFO|node-3.domain.tld: 0 State: down disabled
2015-10-03 20:28:11,073|1609848|NODE_INFO|node-2.domain.tld: 2 State: up enabled
2015-10-03 20:28:11,073|1609848|NODE_INFO|node-4.domain.tld: 3 State: up enabled
2015-10-03 20:28:11,082|1609857|SYS_INFO|Sorting hosts overload
2015-10-03 20:28:11,082|1609857|SYS_INFO|Searching for the most overloaded host
2015-10-03 20:28:11,082|1609858|SYS_INFO|Found host node-4.domain.tld
2015-10-03 20:28:11,082|1609858|SYS_INFO|Found instance to migrate random-0, 1443896648.04
2015-10-03 20:28:11,082|1609858|SYS_INFO|Migration will have no effect
2015-10-03 20:28:11,082|1609858|SYS_INFO|Not available host
2015-10-03 20:28:11,084|1609859|SYS_INFO|Found instance to migrate random-2, 1443882327.93
2015-10-03 20:28:11,084|1609859|SYS_INFO|Migration will have no effect
2015-10-03 20:28:11,084|1609859|SYS_INFO|Not available host
2015-10-03 20:28:11,084|1609859|SYS_INFO|Found instance to migrate random-0, 1443895906.94
2015-10-03 20:28:11,085|1609860|SYS_INFO|Migration will have no effect
2015-10-03 20:28:11,085|1609860|SYS_INFO|Not available host
2015-10-03 20:28:11,101|1609876|SYS_INFO|Scheduled periodic check for 180 sec
2015-10-03 20:30:12,154|1730930|VM_INFO|Host: node-2 Name: random-1, 1443895911.18 State: active New_task: deleting
2015-10-03 20:30:12,154|1730930|TOTAL_VMS|Total: 5 vms
2015-10-03 20:30:12,154|1730930|NODE_INFO|node-3.domain.tld: 0 State: down disabled
2015-10-03 20:30:12,154|1730930|NODE_INFO|node-2.domain.tld: 2 State: up enabled
2015-10-03 20:30:12,155|1730930|NODE_INFO|node-4.domain.tld: 3 State: up enabled
2015-10-03 20:30:16,338|1735113|VM_INFO|Host: node-2 Name: random-1, 1443895911.18 State: active New_task: deleting
2015-10-03 20:30:16,338|1735113|TOTAL_VMS|Total: 5 vms
2015-10-03 20:30:16,338|1735113|NODE_INFO|node-3.domain.tld: 0 State: down disabled
2015-10-03 20:30:16,338|1735113|NODE_INFO|node-2.domain.tld: 2 State: up enabled
2015-10-03 20:30:16,338|1735113|NODE_INFO|node-4.domain.tld: 3 State: up enabled
2015-10-03 20:30:26,907|1745682|VM_INFO|Host: node-2 Name: random-1, 1443895911.18 State: deleted New_task: None
2015-10-03 20:30:26,907|1745682|TOTAL_VMS|Total: 5 vms
2015-10-03 20:30:26,907|1745682|NODE_INFO|node-3.domain.tld: 0 State: down disabled
2015-10-03 20:30:26,907|1745683|NODE_INFO|node-2.domain.tld: 2 State: up enabled
2015-10-03 20:30:26,907|1745683|NODE_INFO|node-4.domain.tld: 3 State: up enabled
2015-10-03 20:30:27,790|1746565|TOTAL_VMS|Total: 4 vms
2015-10-03 20:30:27,790|1746565|NODE_INFO|node-3.domain.tld: 0 State: down disabled
2015-10-03 20:30:27,790|1746565|NODE_INFO|node-2.domain.tld: 1 State: up enabled
2015-10-03 20:30:27,792|1746567|NODE_INFO|node-4.domain.tld: 3 State: up enabled
2015-10-03 20:30:27,792|1746567|SYS_INFO|Sorting hosts overload
2015-10-03 20:30:27,792|1746567|SYS_INFO|Searching for the most overloaded host
2015-10-03 20:30:27,792|1746567|SYS_INFO|Found host node-4.domain.tld
2015-10-03 20:30:27,792|1746568|SYS_INFO|Found instance to migrate random-0, 1443896648.04
2015-10-03 20:30:27,792|1746568|SYS_INFO|Weight with: 144.45115810674724 Weight without: 144.45115810674724
2015-10-03 20:30:27,796|1746572|SYS_INFO|Scheduled migrate to node-2.domain.tld
2015-10-03 20:30:46,158|1764934|VM_INFO|Host: node-4 Name: random-0, 1443896648.04 State: active New_task: migrating
2015-10-03 20:30:46,158|1764934|TOTAL_VMS|Total: 4 vms
2015-10-03 20:30:46,160|1764935|NODE_INFO|node-3.domain.tld: 0 State: down disabled
2015-10-03 20:30:46,160|1764935|NODE_INFO|node-2.domain.tld: 1 State: up enabled
2015-10-03 20:30:46,160|1764935|NODE_INFO|node-4.domain.tld: 3 State: up enabled
2015-10-03 20:30:47,112|1765888|SYS_INFO|Scheduled live migration of server random-0, 1443896648.04 ID: 0021deea-c26a-46a2-82b6-f5e65d954c41
2015-10-03 20:30:47,112|1765888|SYS_INFO|Deleted migrate task ID 0021deea-c26a-46a2-82b6-f5e65d954c41
2015-10-03 20:31:05,384|1784160|TOTAL_VMS|Total: 4 vms
2015-10-03 20:31:05,384|1784160|NODE_INFO|node-3.domain.tld: 0 State: down disabled
2015-10-03 20:31:05,384|1784160|NODE_INFO|node-2.domain.tld: 1 State: up enabled
2015-10-03 20:31:05,385|1784161|NODE_INFO|node-4.domain.tld: 3 State: up enabled
2015-10-03 20:31:05,385|1784161|SYS_INFO|Sorting hosts overload
2015-10-03 20:31:05,387|1784162|SYS_INFO|Searching for the most overloaded host
2015-10-03 20:31:05,387|1784162|SYS_INFO|Skipping host node-4.domain.tld , it has migrating instances
2015-10-03 20:31:05,388|1784163|SYS_INFO|Found host node-2.domain.tld
2015-10-03 20:31:05,388|1784163|SYS_INFO|Found instance to migrate random 01443771998.4
2015-10-03 20:31:05,388|1784163|SYS_INFO|Not available host
2015-10-03 20:31:08,611|1787386|VM_INFO|Host: node-4 Name: random-0, 1443896648.04 State: active New_task: migrating
2015-10-03 20:31:08,611|1787387|TOTAL_VMS|Total: 4 vms
2015-10-03 20:31:08,611|1787387|NODE_INFO|node-3.domain.tld: 0 State: down disabled
2015-10-03 20:31:08,611|1787387|NODE_INFO|node-2.domain.tld: 1 State: up enabled
2015-10-03 20:31:08,612|1787388|NODE_INFO|node-4.domain.tld: 3 State: up enabled
2015-10-03 20:31:11,101|1789876|SYS_INFO|Initializing RabbitMQMessageService
2015-10-03 20:31:11,111|1789886|SYS_INFO|Collecting information about compute nodes
2015-10-03 20:31:16,946|1795721|SYS_INFO|Collecting information about services
2015-10-03 20:31:23,101|1801877|SYS_INFO|Collecting information about VMs
2015-10-03 20:31:36,009|1814785|SYS_INFO|Processing collected data
2015-10-03 20:31:36,013|1814789|VM_INFO|Host: node-4 Name: random-0, 1443896648.04 State: active New_task: migrating
2015-10-03 20:31:36,015|1814790|TOTAL_VMS|Total: 4 vms
2015-10-03 20:31:36,015|1814790|NODE_INFO|node-3.domain.tld: 0 State: down disabled
2015-10-03 20:31:36,015|1814790|NODE_INFO|node-2.domain.tld: 0 State: up enabled
2015-10-03 20:31:36,015|1814790|NODE_INFO|node-4.domain.tld: 0 State: up enabled
2015-10-03 20:31:36,016|1814791|VM_INFO|Host: node-2 Name: random 01443771998.4 State: active New_task: None
2015-10-03 20:31:36,016|1814791|TOTAL_VMS|Total: 4 vms
2015-10-03 20:31:36,016|1814791|NODE_INFO|node-3.domain.tld: 0 State: down disabled
2015-10-03 20:31:36,016|1814791|NODE_INFO|node-2.domain.tld: 0 State: up enabled
2015-10-03 20:31:36,016|1814792|NODE_INFO|node-4.domain.tld: 1 State: up enabled
2015-10-03 20:31:36,016|1814792|VM_INFO|Host: node-4 Name: random-2, 1443882327.93 State: active New_task: None
2015-10-03 20:31:36,016|1814792|TOTAL_VMS|Total: 4 vms
2015-10-03 20:31:36,016|1814792|NODE_INFO|node-3.domain.tld: 0 State: down disabled
2015-10-03 20:31:36,017|1814792|NODE_INFO|node-2.domain.tld: 1 State: up enabled
2015-10-03 20:31:36,017|1814792|NODE_INFO|node-4.domain.tld: 1 State: up enabled
2015-10-03 20:31:36,017|1814792|VM_INFO|Host: node-4 Name: random-0, 1443895906.94 State: active New_task: None
2015-10-03 20:31:36,019|1814794|TOTAL_VMS|Total: 4 vms
2015-10-03 20:31:36,019|1814795|NODE_INFO|node-3.domain.tld: 0 State: down disabled
2015-10-03 20:31:36,019|1814795|NODE_INFO|node-2.domain.tld: 1 State: up enabled
2015-10-03 20:31:36,020|1814796|NODE_INFO|node-4.domain.tld: 2 State: up enabled
2015-10-03 20:31:36,020|1814796|TOTAL_VMS|Total: 4 vms
2015-10-03 20:31:36,022|1814797|NODE_INFO|node-3.domain.tld: 0 State: down disabled
2015-10-03 20:31:36,022|1814797|NODE_INFO|node-2.domain.tld: 1 State: up enabled
2015-10-03 20:31:36,022|1814797|NODE_INFO|node-4.domain.tld: 3 State: up enabled
2015-10-03 20:31:36,025|1814800|SYS_INFO|Sorting hosts overload
2015-10-03 20:31:36,026|1814801|SYS_INFO|Scheduled periodic check for 180 sec
2015-10-03 20:31:36,026|1814802|SYS_INFO|Searching for the most overloaded host
2015-10-03 20:31:36,028|1814803|SYS_INFO|Skipping host node-4.domain.tld , it has migrating instances
2015-10-03 20:31:36,028|1814803|SYS_INFO|Found host node-2.domain.tld
2015-10-03 20:31:36,029|1814804|SYS_INFO|Found instance to migrate random 01443771998.4
2015-10-03 20:31:36,029|1814804|SYS_INFO|Not available host
2015-10-03 20:31:36,039|1814814|TOTAL_VMS|Total: 4 vms
2015-10-03 20:31:36,039|1814814|NODE_INFO|node-3.domain.tld: 0 State: down disabled
2015-10-03 20:31:36,039|1814815|NODE_INFO|node-2.domain.tld: 1 State: up enabled
2015-10-03 20:31:36,039|1814815|NODE_INFO|node-4.domain.tld: 3 State: up enabled
2015-10-03 20:31:36,040|1814815|SYS_INFO|Sorting hosts overload
2015-10-03 20:31:36,040|1814815|SYS_INFO|Searching for the most overloaded host
2015-10-03 20:31:36,040|1814815|SYS_INFO|Skipping host node-4.domain.tld , it has migrating instances
2015-10-03 20:31:36,040|1814815|SYS_INFO|Found host node-2.domain.tld
2015-10-03 20:31:36,042|1814817|SYS_INFO|Found instance to migrate random 01443771998.4
2015-10-03 20:31:36,042|1814817|SYS_INFO|Not available host
2015-10-03 20:31:38,989|1817764|VM_INFO|Host: node-2 Name: random-0, 1443896648.04 State: active New_task: None
2015-10-03 20:31:38,989|1817764|TOTAL_VMS|Total: 4 vms
2015-10-03 20:31:38,989|1817764|NODE_INFO|node-3.domain.tld: 0 State: down disabled
2015-10-03 20:31:38,990|1817765|NODE_INFO|node-2.domain.tld: 1 State: up enabled
2015-10-03 20:31:38,990|1817765|NODE_INFO|node-4.domain.tld: 3 State: up enabled
2015-10-03 20:31:45,644|1824420|TOTAL_VMS|Total: 4 vms
2015-10-03 20:31:45,644|1824420|NODE_INFO|node-3.domain.tld: 0 State: down disabled
2015-10-03 20:31:45,644|1824420|NODE_INFO|node-2.domain.tld: 2 State: up enabled
2015-10-03 20:31:45,645|1824421|NODE_INFO|node-4.domain.tld: 2 State: up enabled
2015-10-03 20:31:45,645|1824421|SYS_INFO|Sorting hosts overload
2015-10-03 20:31:45,645|1824421|SYS_INFO|Searching for the most overloaded host
2015-10-03 20:31:45,645|1824421|SYS_INFO|Not available host
2015-10-03 20:32:02,194|1840969|TOTAL_VMS|Total: 4 vms
2015-10-03 20:32:02,194|1840969|NODE_INFO|node-3.domain.tld: 0 State: down disabled
2015-10-03 20:32:02,194|1840969|NODE_INFO|node-2.domain.tld: 2 State: up enabled
2015-10-03 20:32:02,194|1840970|NODE_INFO|node-4.domain.tld: 2 State: up enabled
2015-10-03 20:32:02,194|1840970|SYS_INFO|Sorting hosts overload
2015-10-03 20:32:02,194|1840970|SYS_INFO|Searching for the most overloaded host
2015-10-03 20:32:02,196|1840971|SYS_INFO|Found host node-2.domain.tld
2015-10-03 20:32:02,196|1840971|SYS_INFO|Found instance to migrate random 01443771998.4
2015-10-03 20:32:02,196|1840971|SYS_INFO|Not available host
2015-10-03 20:32:02,196|1840971|SYS_INFO|Found instance to migrate random-0, 1443896648.04
2015-10-03 20:32:02,196|1840971|SYS_INFO|Not available host
2015-10-03 20:33:41,138|1939914|VM_INFO|Host: None Name: random-0, 1443897216.61 State: building New_task: scheduling
2015-10-03 20:33:41,140|1939915|TOTAL_VMS|Total: 5 vms
2015-10-03 20:33:41,141|1939916|NODE_INFO|node-3.domain.tld: 0 State: down disabled
2015-10-03 20:33:41,141|1939916|NODE_INFO|node-2.domain.tld: 2 State: up enabled
2015-10-03 20:33:41,141|1939917|NODE_INFO|node-4.domain.tld: 2 State: up enabled
2015-10-03 20:33:44,457|1943233|VM_INFO|Host: None Name: random-0, 1443897216.61 State: building New_task: None
2015-10-03 20:33:44,459|1943234|TOTAL_VMS|Total: 5 vms
2015-10-03 20:33:44,459|1943234|NODE_INFO|node-3.domain.tld: 0 State: down disabled
2015-10-03 20:33:44,459|1943234|NODE_INFO|node-2.domain.tld: 2 State: up enabled
2015-10-03 20:33:44,459|1943234|NODE_INFO|node-4.domain.tld: 2 State: up enabled
2015-10-03 20:33:44,503|1943279|VM_INFO|Host: None Name: random-1, 1443897221.22 State: building New_task: scheduling
2015-10-03 20:33:44,503|1943279|TOTAL_VMS|Total: 6 vms
2015-10-03 20:33:44,503|1943279|NODE_INFO|node-3.domain.tld: 0 State: down disabled
2015-10-03 20:33:44,503|1943279|NODE_INFO|node-2.domain.tld: 2 State: up enabled
2015-10-03 20:33:44,503|1943279|NODE_INFO|node-4.domain.tld: 2 State: up enabled
2015-10-03 20:33:46,457|1945232|VM_INFO|Host: node-4 Name: random-0, 1443897216.61 State: building New_task: None
2015-10-03 20:33:46,457|1945232|TOTAL_VMS|Total: 6 vms
2015-10-03 20:33:46,457|1945233|NODE_INFO|node-3.domain.tld: 0 State: down disabled
2015-10-03 20:33:46,457|1945233|NODE_INFO|node-2.domain.tld: 2 State: up enabled
2015-10-03 20:33:46,457|1945233|NODE_INFO|node-4.domain.tld: 2 State: up enabled
2015-10-03 20:33:46,846|1945621|TOTAL_VMS|Total: 6 vms
2015-10-03 20:33:46,846|1945621|NODE_INFO|node-3.domain.tld: 0 State: down disabled
2015-10-03 20:33:46,846|1945621|NODE_INFO|node-2.domain.tld: 2 State: up enabled
2015-10-03 20:33:46,848|1945623|NODE_INFO|node-4.domain.tld: 3 State: up enabled
2015-10-03 20:33:46,848|1945623|SYS_INFO|Sorting hosts overload
2015-10-03 20:33:46,848|1945623|SYS_INFO|Searching for the most overloaded host
2015-10-03 20:33:46,848|1945623|SYS_INFO|Found host node-4.domain.tld
2015-10-03 20:33:46,848|1945623|SYS_INFO|Found instance to migrate random-2, 1443882327.93
2015-10-03 20:33:46,848|1945623|SYS_INFO|Migration will have no effect
2015-10-03 20:33:46,848|1945624|SYS_INFO|Not available host
2015-10-03 20:33:46,848|1945624|SYS_INFO|Found instance to migrate random-0, 1443895906.94
2015-10-03 20:33:46,848|1945624|SYS_INFO|Migration will have no effect
2015-10-03 20:33:46,848|1945624|SYS_INFO|Not available host
2015-10-03 20:33:47,911|1946686|VM_INFO|Host: None Name: random-2, 1443897224.62 State: building New_task: scheduling
2015-10-03 20:33:47,911|1946686|TOTAL_VMS|Total: 7 vms
2015-10-03 20:33:47,911|1946686|NODE_INFO|node-3.domain.tld: 0 State: down disabled
2015-10-03 20:33:47,911|1946687|NODE_INFO|node-2.domain.tld: 2 State: up enabled
2015-10-03 20:33:47,911|1946687|NODE_INFO|node-4.domain.tld: 3 State: up enabled
2015-10-03 20:33:48,032|1946807|VM_INFO|Host: None Name: random-1, 1443897221.22 State: building New_task: None
2015-10-03 20:33:48,032|1946807|TOTAL_VMS|Total: 7 vms
2015-10-03 20:33:48,032|1946807|NODE_INFO|node-3.domain.tld: 0 State: down disabled
2015-10-03 20:33:48,032|1946807|NODE_INFO|node-2.domain.tld: 2 State: up enabled
2015-10-03 20:33:48,032|1946808|NODE_INFO|node-4.domain.tld: 3 State: up enabled
2015-10-03 20:33:48,128|1946904|VM_INFO|Host: node-4 Name: random-0, 1443897216.61 State: building New_task: networking
2015-10-03 20:33:48,128|1946904|TOTAL_VMS|Total: 7 vms
2015-10-03 20:33:48,130|1946905|NODE_INFO|node-3.domain.tld: 0 State: down disabled
2015-10-03 20:33:48,130|1946905|NODE_INFO|node-2.domain.tld: 2 State: up enabled
2015-10-03 20:33:48,130|1946905|NODE_INFO|node-4.domain.tld: 3 State: up enabled
2015-10-03 20:33:49,154|1947930|VM_INFO|Host: node-4 Name: random-1, 1443897221.22 State: building New_task: None
2015-10-03 20:33:49,155|1947930|TOTAL_VMS|Total: 7 vms
2015-10-03 20:33:49,155|1947930|NODE_INFO|node-3.domain.tld: 0 State: down disabled
2015-10-03 20:33:49,155|1947930|NODE_INFO|node-2.domain.tld: 2 State: up enabled
2015-10-03 20:33:49,155|1947930|NODE_INFO|node-4.domain.tld: 3 State: up enabled
2015-10-03 20:33:49,316|1948092|TOTAL_VMS|Total: 7 vms
2015-10-03 20:33:49,316|1948092|NODE_INFO|node-3.domain.tld: 0 State: down disabled
2015-10-03 20:33:49,316|1948092|NODE_INFO|node-2.domain.tld: 2 State: up enabled
2015-10-03 20:33:49,316|1948092|NODE_INFO|node-4.domain.tld: 4 State: up enabled
2015-10-03 20:33:49,318|1948093|SYS_INFO|Sorting hosts overload
2015-10-03 20:33:49,318|1948093|SYS_INFO|Searching for the most overloaded host
2015-10-03 20:33:49,318|1948093|SYS_INFO|Found host node-4.domain.tld
2015-10-03 20:33:49,318|1948093|SYS_INFO|Found instance to migrate random-2, 1443882327.93
2015-10-03 20:33:49,318|1948093|SYS_INFO|Weight with: 190.89627391742195 Weight without: 190.89627391742195
2015-10-03 20:33:49,319|1948094|SYS_INFO|Scheduled migrate to node-2.domain.tld
2015-10-03 20:33:50,515|1949290|VM_INFO|Host: None Name: random-2, 1443897224.62 State: building New_task: None
2015-10-03 20:33:50,515|1949290|TOTAL_VMS|Total: 7 vms
2015-10-03 20:33:50,515|1949290|NODE_INFO|node-3.domain.tld: 0 State: down disabled
2015-10-03 20:33:50,515|1949290|NODE_INFO|node-2.domain.tld: 2 State: up enabled
2015-10-03 20:33:50,515|1949290|NODE_INFO|node-4.domain.tld: 4 State: up enabled
2015-10-03 20:33:50,536|1949312|VM_INFO|Host: node-4 Name: random-1, 1443897221.22 State: building New_task: networking
2015-10-03 20:33:50,536|1949312|TOTAL_VMS|Total: 7 vms
2015-10-03 20:33:50,536|1949312|NODE_INFO|node-3.domain.tld: 0 State: down disabled
2015-10-03 20:33:50,536|1949312|NODE_INFO|node-2.domain.tld: 2 State: up enabled
2015-10-03 20:33:50,536|1949312|NODE_INFO|node-4.domain.tld: 4 State: up enabled
2015-10-03 20:33:50,661|1949437|TOTAL_VMS|Total: 7 vms
2015-10-03 20:33:50,663|1949438|NODE_INFO|node-3.domain.tld: 0 State: down disabled
2015-10-03 20:33:50,663|1949438|NODE_INFO|node-2.domain.tld: 2 State: up enabled
2015-10-03 20:33:50,663|1949438|NODE_INFO|node-4.domain.tld: 4 State: up enabled
2015-10-03 20:33:50,663|1949438|SYS_INFO|Sorting hosts overload
2015-10-03 20:33:50,664|1949439|SYS_INFO|Searching for the most overloaded host
2015-10-03 20:33:50,664|1949439|SYS_INFO|Found host node-4.domain.tld
2015-10-03 20:33:50,664|1949439|SYS_INFO|Found instance to migrate random-2, 1443882327.93
2015-10-03 20:33:50,664|1949439|SYS_INFO|Weight with: 190.89627391742195 Weight without: 190.89627391742195
2015-10-03 20:33:50,664|1949439|SYS_INFO|Failed to schedule migrate, task already exists
2015-10-03 20:33:51,059|1949835|TOTAL_VMS|Total: 7 vms
2015-10-03 20:33:51,061|1949836|NODE_INFO|node-3.domain.tld: 0 State: down disabled
2015-10-03 20:33:51,061|1949836|NODE_INFO|node-2.domain.tld: 2 State: up enabled
2015-10-03 20:33:51,061|1949836|NODE_INFO|node-4.domain.tld: 4 State: up enabled
2015-10-03 20:33:51,061|1949836|SYS_INFO|Sorting hosts overload
2015-10-03 20:33:51,062|1949837|SYS_INFO|Searching for the most overloaded host
2015-10-03 20:33:51,062|1949837|SYS_INFO|Found host node-4.domain.tld
2015-10-03 20:33:51,062|1949837|SYS_INFO|Found instance to migrate random-2, 1443882327.93
2015-10-03 20:33:51,062|1949837|SYS_INFO|Weight with: 190.89627391742195 Weight without: 190.89627391742195
2015-10-03 20:33:51,062|1949837|SYS_INFO|Failed to schedule migrate, task already exists
2015-10-03 20:33:52,111|1950887|VM_INFO|Host: node-4 Name: random-0, 1443897216.61 State: building New_task: networking
2015-10-03 20:33:52,112|1950888|TOTAL_VMS|Total: 7 vms
2015-10-03 20:33:52,112|1950888|NODE_INFO|node-3.domain.tld: 0 State: down disabled
2015-10-03 20:33:52,112|1950888|NODE_INFO|node-2.domain.tld: 2 State: up enabled
2015-10-03 20:33:52,112|1950888|NODE_INFO|node-4.domain.tld: 4 State: up enabled
2015-10-03 20:33:54,230|1953006|VM_INFO|Host: node-4 Name: random-1, 1443897221.22 State: building New_task: networking
2015-10-03 20:33:54,230|1953006|TOTAL_VMS|Total: 7 vms
2015-10-03 20:33:54,230|1953006|NODE_INFO|node-3.domain.tld: 0 State: down disabled
2015-10-03 20:33:54,230|1953006|NODE_INFO|node-2.domain.tld: 2 State: up enabled
2015-10-03 20:33:54,232|1953007|NODE_INFO|node-4.domain.tld: 4 State: up enabled
2015-10-03 20:33:55,220|1953995|VM_INFO|Host: node-4 Name: random-0, 1443897216.61 State: building New_task: block_device_mapping
2015-10-03 20:33:55,220|1953995|TOTAL_VMS|Total: 7 vms
2015-10-03 20:33:55,220|1953996|NODE_INFO|node-3.domain.tld: 0 State: down disabled
2015-10-03 20:33:55,220|1953996|NODE_INFO|node-2.domain.tld: 2 State: up enabled
2015-10-03 20:33:55,220|1953996|NODE_INFO|node-4.domain.tld: 4 State: up enabled
2015-10-03 20:33:56,289|1955064|VM_INFO|Host: node-4 Name: random-2, 1443897224.62 State: building New_task: None
2015-10-03 20:33:56,289|1955064|TOTAL_VMS|Total: 7 vms
2015-10-03 20:33:56,289|1955064|NODE_INFO|node-3.domain.tld: 0 State: down disabled
2015-10-03 20:33:56,289|1955064|NODE_INFO|node-2.domain.tld: 2 State: up enabled
2015-10-03 20:33:56,289|1955065|NODE_INFO|node-4.domain.tld: 4 State: up enabled
2015-10-03 20:33:56,848|1955624|VM_INFO|Host: node-4 Name: random-1, 1443897221.22 State: building New_task: block_device_mapping
2015-10-03 20:33:56,848|1955624|TOTAL_VMS|Total: 7 vms
2015-10-03 20:33:56,849|1955625|NODE_INFO|node-3.domain.tld: 0 State: down disabled
2015-10-03 20:33:56,849|1955625|NODE_INFO|node-2.domain.tld: 2 State: up enabled
2015-10-03 20:33:56,849|1955625|NODE_INFO|node-4.domain.tld: 5 State: up enabled
2015-10-03 20:33:57,076|1955851|VM_INFO|Host: node-4 Name: random-0, 1443897216.61 State: building New_task: spawning
2015-10-03 20:33:57,078|1955853|TOTAL_VMS|Total: 7 vms
2015-10-03 20:33:57,078|1955853|NODE_INFO|node-3.domain.tld: 0 State: down disabled
2015-10-03 20:33:57,078|1955853|NODE_INFO|node-2.domain.tld: 2 State: up enabled
2015-10-03 20:33:57,078|1955853|NODE_INFO|node-4.domain.tld: 5 State: up enabled
2015-10-03 20:33:57,160|1955935|TOTAL_VMS|Total: 7 vms
2015-10-03 20:33:57,160|1955935|NODE_INFO|node-3.domain.tld: 0 State: down disabled
2015-10-03 20:33:57,160|1955935|NODE_INFO|node-2.domain.tld: 2 State: up enabled
2015-10-03 20:33:57,161|1955936|NODE_INFO|node-4.domain.tld: 5 State: up enabled
2015-10-03 20:33:57,161|1955936|SYS_INFO|Sorting hosts overload
2015-10-03 20:33:57,161|1955936|SYS_INFO|Searching for the most overloaded host
2015-10-03 20:33:57,161|1955936|SYS_INFO|Found host node-4.domain.tld
2015-10-03 20:33:57,161|1955937|SYS_INFO|Found instance to migrate random-2, 1443882327.93
2015-10-03 20:33:57,161|1955937|SYS_INFO|Weight with: 190.89627391742195 Weight without: 237.34138972809666
2015-10-03 20:33:57,161|1955937|SYS_INFO|Failed to schedule migrate, task already exists
2015-10-03 20:33:57,815|1956591|VM_INFO|Host: node-4 Name: random-1, 1443897221.22 State: building New_task: spawning
2015-10-03 20:33:57,816|1956592|TOTAL_VMS|Total: 7 vms
2015-10-03 20:33:57,816|1956592|NODE_INFO|node-3.domain.tld: 0 State: down disabled
2015-10-03 20:33:57,816|1956592|NODE_INFO|node-2.domain.tld: 2 State: up enabled
2015-10-03 20:33:57,816|1956592|NODE_INFO|node-4.domain.tld: 5 State: up enabled
2015-10-03 20:33:58,322|1957098|VM_INFO|Host: node-4 Name: random-2, 1443897224.62 State: building New_task: networking
2015-10-03 20:33:58,322|1957098|TOTAL_VMS|Total: 7 vms
2015-10-03 20:33:58,322|1957098|NODE_INFO|node-3.domain.tld: 0 State: down disabled
2015-10-03 20:33:58,322|1957098|NODE_INFO|node-2.domain.tld: 2 State: up enabled
2015-10-03 20:33:58,323|1957098|NODE_INFO|node-4.domain.tld: 5 State: up enabled
2015-10-03 20:33:58,505|1957280|TOTAL_VMS|Total: 7 vms
2015-10-03 20:33:58,505|1957280|NODE_INFO|node-3.domain.tld: 0 State: down disabled
2015-10-03 20:33:58,505|1957280|NODE_INFO|node-2.domain.tld: 2 State: up enabled
2015-10-03 20:33:58,506|1957281|NODE_INFO|node-4.domain.tld: 5 State: up enabled
2015-10-03 20:33:58,506|1957281|SYS_INFO|Sorting hosts overload
2015-10-03 20:33:58,506|1957281|SYS_INFO|Searching for the most overloaded host
2015-10-03 20:33:58,506|1957281|SYS_INFO|Found host node-4.domain.tld
2015-10-03 20:33:58,506|1957282|SYS_INFO|Found instance to migrate random-2, 1443882327.93
2015-10-03 20:33:58,506|1957282|SYS_INFO|Weight with: 190.89627391742195 Weight without: 237.34138972809666
2015-10-03 20:33:58,506|1957282|SYS_INFO|Failed to schedule migrate, task already exists
2015-10-03 20:33:59,943|1958718|VM_INFO|Host: node-4 Name: random-2, 1443897224.62 State: building New_task: networking
2015-10-03 20:33:59,944|1958719|TOTAL_VMS|Total: 7 vms
2015-10-03 20:33:59,944|1958719|NODE_INFO|node-3.domain.tld: 0 State: down disabled
2015-10-03 20:33:59,944|1958719|NODE_INFO|node-2.domain.tld: 2 State: up enabled
2015-10-03 20:33:59,944|1958719|NODE_INFO|node-4.domain.tld: 5 State: up enabled
2015-10-03 20:34:00,562|1959338|VM_INFO|Host: node-4 Name: random-2, 1443882327.93 State: active New_task: migrating
2015-10-03 20:34:00,562|1959338|TOTAL_VMS|Total: 7 vms
2015-10-03 20:34:00,563|1959338|NODE_INFO|node-3.domain.tld: 0 State: down disabled
2015-10-03 20:34:00,563|1959338|NODE_INFO|node-2.domain.tld: 2 State: up enabled
2015-10-03 20:34:00,563|1959338|NODE_INFO|node-4.domain.tld: 5 State: up enabled
2015-10-03 20:34:01,220|1959995|VM_INFO|Host: node-4 Name: random-2, 1443897224.62 State: building New_task: block_device_mapping
2015-10-03 20:34:01,220|1959995|TOTAL_VMS|Total: 7 vms
2015-10-03 20:34:01,220|1959996|NODE_INFO|node-3.domain.tld: 0 State: down disabled
2015-10-03 20:34:01,220|1959996|NODE_INFO|node-2.domain.tld: 2 State: up enabled
2015-10-03 20:34:01,220|1959996|NODE_INFO|node-4.domain.tld: 5 State: up enabled
2015-10-03 20:34:02,664|1961439|VM_INFO|Host: node-4 Name: random-2, 1443897224.62 State: building New_task: spawning
2015-10-03 20:34:02,664|1961439|TOTAL_VMS|Total: 7 vms
2015-10-03 20:34:02,664|1961439|NODE_INFO|node-3.domain.tld: 0 State: down disabled
2015-10-03 20:34:02,664|1961440|NODE_INFO|node-2.domain.tld: 2 State: up enabled
2015-10-03 20:34:02,664|1961440|NODE_INFO|node-4.domain.tld: 5 State: up enabled
2015-10-03 20:34:04,174|1962949|SYS_INFO|Scheduled live migration of server random-2, 1443882327.93 ID: 42980091-c059-47b8-a7ac-6659159f8f38
2015-10-03 20:34:04,174|1962950|SYS_INFO|Deleted migrate task ID 42980091-c059-47b8-a7ac-6659159f8f38
2015-10-03 20:34:09,612|1968388|VM_INFO|Host: node-4 Name: random-0, 1443897216.61 State: building New_task: spawning
2015-10-03 20:34:09,612|1968388|TOTAL_VMS|Total: 7 vms
2015-10-03 20:34:09,614|1968389|NODE_INFO|node-3.domain.tld: 0 State: down disabled
2015-10-03 20:34:09,614|1968389|NODE_INFO|node-2.domain.tld: 2 State: up enabled
2015-10-03 20:34:09,614|1968389|NODE_INFO|node-4.domain.tld: 5 State: up enabled
2015-10-03 20:34:09,819|1968594|TOTAL_VMS|Total: 7 vms
2015-10-03 20:34:09,819|1968594|NODE_INFO|node-3.domain.tld: 0 State: down disabled
2015-10-03 20:34:09,819|1968594|NODE_INFO|node-2.domain.tld: 2 State: up enabled
2015-10-03 20:34:09,819|1968594|NODE_INFO|node-4.domain.tld: 5 State: up enabled
2015-10-03 20:34:09,819|1968595|SYS_INFO|Sorting hosts overload
2015-10-03 20:34:09,819|1968595|SYS_INFO|Searching for the most overloaded host
2015-10-03 20:34:09,819|1968595|SYS_INFO|Skipping host node-4.domain.tld , it has migrating instances
2015-10-03 20:34:09,819|1968595|SYS_INFO|Found host node-2.domain.tld
2015-10-03 20:34:09,821|1968596|SYS_INFO|Found instance to migrate random 01443771998.4
2015-10-03 20:34:09,821|1968596|SYS_INFO|Not available host
2015-10-03 20:34:09,821|1968596|SYS_INFO|Found instance to migrate random-0, 1443896648.04
2015-10-03 20:34:09,821|1968596|SYS_INFO|Not available host
2015-10-03 20:34:19,793|1978569|VM_INFO|Host: node-4 Name: random-1, 1443897221.22 State: building New_task: spawning
2015-10-03 20:34:19,793|1978569|TOTAL_VMS|Total: 7 vms
2015-10-03 20:34:19,793|1978569|NODE_INFO|node-3.domain.tld: 0 State: down disabled
2015-10-03 20:34:19,795|1978570|NODE_INFO|node-2.domain.tld: 2 State: up enabled
2015-10-03 20:34:19,795|1978570|NODE_INFO|node-4.domain.tld: 5 State: up enabled
2015-10-03 20:34:25,009|1983784|VM_INFO|Host: node-4 Name: random-2, 1443897224.62 State: building New_task: spawning
2015-10-03 20:34:25,009|1983785|TOTAL_VMS|Total: 7 vms
2015-10-03 20:34:25,009|1983785|NODE_INFO|node-3.domain.tld: 0 State: down disabled
2015-10-03 20:34:25,009|1983785|NODE_INFO|node-2.domain.tld: 2 State: up enabled
2015-10-03 20:34:25,009|1983785|NODE_INFO|node-4.domain.tld: 5 State: up enabled
2015-10-03 20:34:27,053|1985828|TOTAL_VMS|Total: 7 vms
2015-10-03 20:34:27,062|1985838|NODE_INFO|node-3.domain.tld: 0 State: down disabled
2015-10-03 20:34:27,062|1985838|NODE_INFO|node-2.domain.tld: 2 State: up enabled
2015-10-03 20:34:27,063|1985838|NODE_INFO|node-4.domain.tld: 5 State: up enabled
2015-10-03 20:34:27,063|1985838|SYS_INFO|Sorting hosts overload
2015-10-03 20:34:27,063|1985838|SYS_INFO|Searching for the most overloaded host
2015-10-03 20:34:27,063|1985838|SYS_INFO|Skipping host node-4.domain.tld , it has migrating instances
2015-10-03 20:34:27,065|1985840|SYS_INFO|Found host node-2.domain.tld
2015-10-03 20:34:27,065|1985840|SYS_INFO|Found instance to migrate random 01443771998.4
2015-10-03 20:34:27,065|1985840|SYS_INFO|Not available host
2015-10-03 20:34:27,065|1985840|SYS_INFO|Found instance to migrate random-0, 1443896648.04
2015-10-03 20:34:27,065|1985840|SYS_INFO|Not available host
2015-10-03 20:34:31,536|1990312|TOTAL_VMS|Total: 7 vms
2015-10-03 20:34:31,538|1990313|NODE_INFO|node-3.domain.tld: 0 State: down disabled
2015-10-03 20:34:31,538|1990313|NODE_INFO|node-2.domain.tld: 2 State: up enabled
2015-10-03 20:34:31,538|1990313|NODE_INFO|node-4.domain.tld: 5 State: up enabled
2015-10-03 20:34:31,538|1990313|SYS_INFO|Sorting hosts overload
2015-10-03 20:34:31,539|1990314|SYS_INFO|Searching for the most overloaded host
2015-10-03 20:34:31,539|1990314|SYS_INFO|Skipping host node-4.domain.tld , it has migrating instances
2015-10-03 20:34:31,539|1990314|SYS_INFO|Found host node-2.domain.tld
2015-10-03 20:34:31,539|1990315|SYS_INFO|Found instance to migrate random 01443771998.4
2015-10-03 20:34:31,539|1990315|SYS_INFO|Not available host
2015-10-03 20:34:31,539|1990315|SYS_INFO|Found instance to migrate random-0, 1443896648.04
2015-10-03 20:34:31,540|1990315|SYS_INFO|Not available host
2015-10-03 20:34:32,431|1991207|VM_INFO|Host: node-4 Name: random-2, 1443882327.93 State: active New_task: migrating
2015-10-03 20:34:32,431|1991207|TOTAL_VMS|Total: 7 vms
2015-10-03 20:34:32,433|1991208|NODE_INFO|node-3.domain.tld: 0 State: down disabled
2015-10-03 20:34:32,433|1991208|NODE_INFO|node-2.domain.tld: 2 State: up enabled
2015-10-03 20:34:32,433|1991208|NODE_INFO|node-4.domain.tld: 5 State: up enabled
2015-10-03 20:34:36,026|1994802|SYS_INFO|Initializing RabbitMQMessageService
2015-10-03 20:34:36,035|1994810|SYS_INFO|Collecting information about compute nodes
2015-10-03 20:34:41,615|2000390|SYS_INFO|Collecting information about services
2015-10-03 20:34:45,180|2003955|SYS_INFO|Collecting information about VMs
2015-10-03 20:34:54,608|2013383|SYS_INFO|Processing collected data
2015-10-03 20:34:54,614|2013389|VM_INFO|Host: node-2 Name: random 01443771998.4 State: active New_task: None
2015-10-03 20:34:54,615|2013390|TOTAL_VMS|Total: 7 vms
2015-10-03 20:34:54,615|2013390|NODE_INFO|node-3.domain.tld: 0 State: down disabled
2015-10-03 20:34:54,615|2013390|NODE_INFO|node-2.domain.tld: 0 State: up enabled
2015-10-03 20:34:54,615|2013391|NODE_INFO|node-4.domain.tld: 0 State: up enabled
2015-10-03 20:34:54,615|2013391|VM_INFO|Host: node-4 Name: random-2, 1443897224.62 State: building New_task: spawning
2015-10-03 20:34:54,615|2013391|TOTAL_VMS|Total: 7 vms
2015-10-03 20:34:54,615|2013391|NODE_INFO|node-3.domain.tld: 0 State: down disabled
2015-10-03 20:34:54,617|2013392|NODE_INFO|node-2.domain.tld: 1 State: up enabled
2015-10-03 20:34:54,617|2013392|NODE_INFO|node-4.domain.tld: 0 State: up enabled
2015-10-03 20:34:54,617|2013392|VM_INFO|Host: node-4 Name: random-1, 1443897221.22 State: building New_task: spawning
2015-10-03 20:34:54,617|2013392|TOTAL_VMS|Total: 7 vms
2015-10-03 20:34:54,617|2013392|NODE_INFO|node-3.domain.tld: 0 State: down disabled
2015-10-03 20:34:54,617|2013392|NODE_INFO|node-2.domain.tld: 1 State: up enabled
2015-10-03 20:34:54,618|2013393|NODE_INFO|node-4.domain.tld: 1 State: up enabled
2015-10-03 20:34:54,618|2013393|VM_INFO|Host: node-4 Name: random-2, 1443882327.93 State: active New_task: migrating
2015-10-03 20:34:54,618|2013393|TOTAL_VMS|Total: 7 vms
2015-10-03 20:34:54,618|2013393|NODE_INFO|node-3.domain.tld: 0 State: down disabled
2015-10-03 20:34:54,618|2013393|NODE_INFO|node-2.domain.tld: 1 State: up enabled
2015-10-03 20:34:54,618|2013394|NODE_INFO|node-4.domain.tld: 2 State: up enabled
2015-10-03 20:34:54,618|2013394|VM_INFO|Host: node-4 Name: random-0, 1443895906.94 State: active New_task: None
2015-10-03 20:34:54,618|2013394|TOTAL_VMS|Total: 7 vms
2015-10-03 20:34:54,618|2013394|NODE_INFO|node-3.domain.tld: 0 State: down disabled
2015-10-03 20:34:54,619|2013394|NODE_INFO|node-2.domain.tld: 1 State: up enabled
2015-10-03 20:34:54,619|2013394|NODE_INFO|node-4.domain.tld: 3 State: up enabled
2015-10-03 20:34:54,619|2013394|VM_INFO|Host: node-4 Name: random-0, 1443897216.61 State: building New_task: spawning
2015-10-03 20:34:54,619|2013394|TOTAL_VMS|Total: 7 vms
2015-10-03 20:34:54,619|2013394|NODE_INFO|node-3.domain.tld: 0 State: down disabled
2015-10-03 20:34:54,621|2013396|NODE_INFO|node-2.domain.tld: 1 State: up enabled
2015-10-03 20:34:54,621|2013396|NODE_INFO|node-4.domain.tld: 4 State: up enabled
2015-10-03 20:34:54,621|2013397|VM_INFO|Host: node-2 Name: random-0, 1443896648.04 State: active New_task: None
2015-10-03 20:34:54,621|2013397|TOTAL_VMS|Total: 7 vms
2015-10-03 20:34:54,621|2013397|NODE_INFO|node-3.domain.tld: 0 State: down disabled
2015-10-03 20:34:54,622|2013398|NODE_INFO|node-2.domain.tld: 1 State: up enabled
2015-10-03 20:34:54,622|2013398|NODE_INFO|node-4.domain.tld: 5 State: up enabled
2015-10-03 20:34:54,622|2013398|TOTAL_VMS|Total: 7 vms
2015-10-03 20:34:54,622|2013398|NODE_INFO|node-3.domain.tld: 0 State: down disabled
2015-10-03 20:34:54,622|2013398|NODE_INFO|node-2.domain.tld: 2 State: up enabled
2015-10-03 20:34:54,622|2013398|NODE_INFO|node-4.domain.tld: 5 State: up enabled
2015-10-03 20:34:54,625|2013400|SYS_INFO|Sorting hosts overload
2015-10-03 20:34:54,625|2013400|SYS_INFO|Searching for the most overloaded host
2015-10-03 20:34:54,625|2013400|SYS_INFO|Skipping host node-4.domain.tld , it has migrating instances
2015-10-03 20:34:54,625|2013401|SYS_INFO|Found host node-2.domain.tld
2015-10-03 20:34:54,625|2013401|SYS_INFO|Found instance to migrate random 01443771998.4
2015-10-03 20:34:54,625|2013401|SYS_INFO|Not available host
2015-10-03 20:34:54,625|2013401|SYS_INFO|Found instance to migrate random-0, 1443896648.04
2015-10-03 20:34:54,625|2013401|SYS_INFO|Not available host
2015-10-03 20:34:54,631|2013407|SYS_INFO|Scheduled periodic check for 180 sec
2015-10-03 20:34:54,651|2013427|TOTAL_VMS|Total: 7 vms
2015-10-03 20:34:54,651|2013427|NODE_INFO|node-3.domain.tld: 0 State: down disabled
2015-10-03 20:34:54,651|2013427|NODE_INFO|node-2.domain.tld: 2 State: up enabled
2015-10-03 20:34:54,653|2013428|NODE_INFO|node-4.domain.tld: 5 State: up enabled
2015-10-03 20:34:54,653|2013428|SYS_INFO|Sorting hosts overload
2015-10-03 20:34:54,653|2013428|SYS_INFO|Searching for the most overloaded host
2015-10-03 20:34:54,653|2013428|SYS_INFO|Skipping host node-4.domain.tld , it has migrating instances
2015-10-03 20:34:54,654|2013429|SYS_INFO|Found host node-2.domain.tld
2015-10-03 20:34:54,654|2013429|SYS_INFO|Found instance to migrate random 01443771998.4
2015-10-03 20:34:54,654|2013430|SYS_INFO|Not available host
2015-10-03 20:34:54,654|2013430|SYS_INFO|Found instance to migrate random-0, 1443896648.04
2015-10-03 20:34:54,654|2013430|SYS_INFO|Not available host
2015-10-03 20:34:54,661|2013437|VM_INFO|Host: node-2 Name: random-2, 1443882327.93 State: active New_task: None
2015-10-03 20:34:54,661|2013437|TOTAL_VMS|Total: 7 vms
2015-10-03 20:34:54,661|2013437|NODE_INFO|node-3.domain.tld: 0 State: down disabled
2015-10-03 20:34:54,663|2013438|NODE_INFO|node-2.domain.tld: 2 State: up enabled
2015-10-03 20:34:54,663|2013438|NODE_INFO|node-4.domain.tld: 5 State: up enabled
2015-10-03 20:34:54,667|2013442|TOTAL_VMS|Total: 7 vms
2015-10-03 20:34:54,667|2013442|NODE_INFO|node-3.domain.tld: 0 State: down disabled
2015-10-03 20:34:54,667|2013442|NODE_INFO|node-2.domain.tld: 3 State: up enabled
2015-10-03 20:34:54,667|2013443|NODE_INFO|node-4.domain.tld: 4 State: up enabled
2015-10-03 20:34:54,667|2013443|SYS_INFO|Sorting hosts overload
2015-10-03 20:34:54,667|2013443|SYS_INFO|Searching for the most overloaded host
2015-10-03 20:34:54,667|2013443|SYS_INFO|Not available host
2015-10-03 20:35:01,447|2020223|VM_INFO|Host: node-4 Name: random-0, 1443897216.61 State: active New_task: None
2015-10-03 20:35:01,448|2020223|TOTAL_VMS|Total: 7 vms
2015-10-03 20:35:01,448|2020223|NODE_INFO|node-3.domain.tld: 0 State: down disabled
2015-10-03 20:35:01,448|2020223|NODE_INFO|node-2.domain.tld: 3 State: up enabled
2015-10-03 20:35:01,448|2020223|NODE_INFO|node-4.domain.tld: 4 State: up enabled
2015-10-03 20:35:10,819|2029594|TOTAL_VMS|Total: 7 vms
2015-10-03 20:35:10,819|2029595|NODE_INFO|node-3.domain.tld: 0 State: down disabled
2015-10-03 20:35:10,819|2029595|NODE_INFO|node-2.domain.tld: 3 State: up enabled
2015-10-03 20:35:10,819|2029595|NODE_INFO|node-4.domain.tld: 4 State: up enabled
2015-10-03 20:35:10,819|2029595|SYS_INFO|Sorting hosts overload
2015-10-03 20:35:10,819|2029595|SYS_INFO|Searching for the most overloaded host
2015-10-03 20:35:10,821|2029596|SYS_INFO|Found host node-4.domain.tld
2015-10-03 20:35:10,821|2029596|SYS_INFO|Found instance to migrate random-0, 1443897216.61
2015-10-03 20:35:10,821|2029596|SYS_INFO|Host node-2.domain.tld doesn't have enough VCPU-s. Required 1 VCPU, available 0 VCPU
2015-10-03 20:35:10,822|2029597|SYS_INFO|Migration will have no effect
2015-10-03 20:35:10,822|2029597|SYS_INFO|Not available host
2015-10-03 20:35:10,822|2029597|SYS_INFO|Found instance to migrate random-0, 1443895906.94
2015-10-03 20:35:10,822|2029598|SYS_INFO|Host node-2.domain.tld doesn't have enough VCPU-s. Required 1 VCPU, available 0 VCPU
2015-10-03 20:35:10,822|2029598|SYS_INFO|Migration will have no effect
2015-10-03 20:35:10,822|2029598|SYS_INFO|Not available host
2015-10-03 20:35:19,085|2037861|VM_INFO|Host: node-4 Name: random-1, 1443897221.22 State: active New_task: None
2015-10-03 20:35:19,085|2037861|TOTAL_VMS|Total: 7 vms
2015-10-03 20:35:19,086|2037861|NODE_INFO|node-3.domain.tld: 0 State: down disabled
2015-10-03 20:35:19,086|2037861|NODE_INFO|node-2.domain.tld: 3 State: up enabled
2015-10-03 20:35:19,086|2037861|NODE_INFO|node-4.domain.tld: 4 State: up enabled
2015-10-03 20:35:19,746|2038521|VM_INFO|Host: node-4 Name: random-2, 1443897224.62 State: active New_task: None
2015-10-03 20:35:19,746|2038521|TOTAL_VMS|Total: 7 vms
2015-10-03 20:35:19,746|2038521|NODE_INFO|node-3.domain.tld: 0 State: down disabled
2015-10-03 20:35:19,746|2038522|NODE_INFO|node-2.domain.tld: 3 State: up enabled
2015-10-03 20:35:19,746|2038522|NODE_INFO|node-4.domain.tld: 4 State: up enabled
2015-10-03 20:35:43,676|2062451|SYS_INFO|Connection closed
