2015-10-06 01:58:18,308|2486|SYS_INFO|Initializing RabbitMQMessageService
2015-10-06 01:58:18,551|2729|SYS_INFO|Collecting information about compute nodes
2015-10-06 01:58:25,736|9914|SYS_INFO|Collecting information about services
2015-10-06 01:58:27,506|11684|SYS_INFO|Collecting information about VMs
2015-10-06 01:58:34,469|18647|SYS_INFO|Processing collected data
2015-10-06 01:58:34,470|18648|SYS_INFO|node-3.domain.tld MW: 330.231621349 MWMI: 330.231621349
2015-10-06 01:58:34,470|18648|SYS_INFO|node-2.domain.tld MW: 144.451158107 MWMI: 144.451158107
2015-10-06 01:58:34,471|18649|SYS_INFO|node-4.domain.tld MW: 190.896273917 MWMI: 190.896273917
2015-10-06 01:58:48,788|32966|VM_INFO|Host: node-2 Name: random 01444075822.89 State: active New_task: None
2015-10-06 01:58:48,788|32966|VM_INFO|Host: node-2 Name: random-0, 1444087211.36 State: active New_task: None
2015-10-06 01:58:48,788|32966|VM_INFO|Host: node-4 Name: random-2, 1444087226.55 State: active New_task: None
2015-10-06 01:58:48,788|32966|VM_INFO|Host: node-4 Name: random 01444089098.49 State: active New_task: None
2015-10-06 01:58:48,789|32967|VM_INFO|Host: node-4 Name: random 11444075826.74 State: active New_task: None
2015-10-06 01:58:48,789|32967|TOTAL_VMS|Total: 5 vms
2015-10-06 01:58:48,789|32967|NODE_INFO|node-3.domain.tld: 0 State: down disabled
2015-10-06 01:58:48,789|32967|NODE_INFO|node-2.domain.tld: 2 State: up enabled
2015-10-06 01:58:48,789|32967|NODE_INFO|node-4.domain.tld: 3 State: up enabled
2015-10-06 01:58:48,789|32967|SYS_INFO|Sorting hosts overload
2015-10-06 01:58:48,789|32967|SYS_INFO|node-2.domain.tld MW: 144.451158107 MWMI: 144.451158107
2015-10-06 01:58:48,789|32967|SYS_INFO|Searching for the most overloaded host
2015-10-06 01:58:48,789|32967|SYS_INFO|Found host node-4.domain.tld
2015-10-06 01:58:48,789|32967|SYS_INFO|Found instance to migrate random-2, 1444087226.55
2015-10-06 01:58:48,790|32968|SYS_INFO|AV: 167.673716012 WW: 190.896273917 WO: 144.451158107
2015-10-06 01:58:48,790|32968|SYS_INFO|Found instance to migrate random 01444089098.49
2015-10-06 01:58:48,790|32968|SYS_INFO|AV: 167.673716012 WW: 190.896273917 WO: 144.451158107
2015-10-06 01:58:48,790|32968|SYS_INFO|Found instance to migrate random 11444075826.74
2015-10-06 01:58:48,790|32968|SYS_INFO|AV: 167.673716012 WW: 190.896273917 WO: 144.451158107
2015-10-06 01:58:48,792|32970|SYS_INFO|Scheduled periodic check for 180 sec
2015-10-06 02:01:31,782|195960|VM_INFO|Host: None Name: random-0, 1444089689.25 State: building New_task: scheduling
2015-10-06 02:01:31,782|195960|TOTAL_VMS|Total: 6 vms
2015-10-06 02:01:31,783|195961|NODE_INFO|node-3.domain.tld: 0 State: down disabled
2015-10-06 02:01:31,783|195961|NODE_INFO|node-2.domain.tld: 2 State: up enabled
2015-10-06 02:01:31,783|195961|NODE_INFO|node-4.domain.tld: 3 State: up enabled
2015-10-06 02:01:35,535|199713|VM_INFO|Host: None Name: random-0, 1444089689.25 State: building New_task: None
2015-10-06 02:01:35,536|199713|TOTAL_VMS|Total: 6 vms
2015-10-06 02:01:35,536|199713|NODE_INFO|node-3.domain.tld: 0 State: down disabled
2015-10-06 02:01:35,536|199713|NODE_INFO|node-2.domain.tld: 2 State: up enabled
2015-10-06 02:01:35,536|199713|NODE_INFO|node-4.domain.tld: 3 State: up enabled
2015-10-06 02:01:36,342|200520|VM_INFO|Host: node-4 Name: random-0, 1444089689.25 State: building New_task: None
2015-10-06 02:01:36,344|200522|TOTAL_VMS|Total: 6 vms
2015-10-06 02:01:36,344|200522|NODE_INFO|node-3.domain.tld: 0 State: down disabled
2015-10-06 02:01:36,344|200522|NODE_INFO|node-2.domain.tld: 2 State: up enabled
2015-10-06 02:01:36,344|200522|NODE_INFO|node-4.domain.tld: 4 State: up enabled
2015-10-06 02:01:36,525|200703|SYS_INFO|node-4.domain.tld MW: 237.341389728 MWMI: 237.341389728
2015-10-06 02:01:36,525|200703|TOTAL_VMS|Total: 6 vms
2015-10-06 02:01:36,525|200703|NODE_INFO|node-3.domain.tld: 0 State: down disabled
2015-10-06 02:01:36,525|200703|NODE_INFO|node-2.domain.tld: 2 State: up enabled
2015-10-06 02:01:36,525|200703|NODE_INFO|node-4.domain.tld: 4 State: up enabled
2015-10-06 02:01:36,526|200703|SYS_INFO|Sorting hosts overload
2015-10-06 02:01:36,526|200704|SYS_INFO|node-2.domain.tld MW: 144.451158107 MWMI: 144.451158107
2015-10-06 02:01:36,526|200704|SYS_INFO|Searching for the most overloaded host
2015-10-06 02:01:36,526|200704|SYS_INFO|Found host node-4.domain.tld
2015-10-06 02:01:36,526|200704|SYS_INFO|Found instance to migrate random-2, 1444087226.55
2015-10-06 02:01:36,528|200706|SYS_INFO|AV: 190.896273917 WW: 190.896273917 WO: 190.896273917
2015-10-06 02:01:36,528|200706|SYS_INFO|Found instance to migrate random 01444089098.49
2015-10-06 02:01:36,528|200706|SYS_INFO|AV: 190.896273917 WW: 190.896273917 WO: 190.896273917
2015-10-06 02:01:36,529|200707|SYS_INFO|Found instance to migrate random 11444075826.74
2015-10-06 02:01:36,530|200708|SYS_INFO|AV: 190.896273917 WW: 190.896273917 WO: 190.896273917
2015-10-06 02:01:37,065|201243|VM_INFO|Host: node-4 Name: random-0, 1444089689.25 State: building New_task: networking
2015-10-06 02:01:37,065|201243|TOTAL_VMS|Total: 6 vms
2015-10-06 02:01:37,066|201244|NODE_INFO|node-3.domain.tld: 0 State: down disabled
2015-10-06 02:01:37,066|201244|NODE_INFO|node-2.domain.tld: 2 State: up enabled
2015-10-06 02:01:37,066|201244|NODE_INFO|node-4.domain.tld: 4 State: up enabled
2015-10-06 02:01:37,161|201338|SYS_INFO|node-4.domain.tld MW: 237.341389728 MWMI: 237.341389728
2015-10-06 02:01:37,161|201338|TOTAL_VMS|Total: 6 vms
2015-10-06 02:01:37,161|201338|NODE_INFO|node-3.domain.tld: 0 State: down disabled
2015-10-06 02:01:37,161|201339|NODE_INFO|node-2.domain.tld: 2 State: up enabled
2015-10-06 02:01:37,161|201339|NODE_INFO|node-4.domain.tld: 4 State: up enabled
2015-10-06 02:01:37,161|201339|SYS_INFO|Sorting hosts overload
2015-10-06 02:01:37,161|201339|SYS_INFO|node-2.domain.tld MW: 144.451158107 MWMI: 144.451158107
2015-10-06 02:01:37,161|201339|SYS_INFO|Searching for the most overloaded host
2015-10-06 02:01:37,161|201339|SYS_INFO|Found host node-4.domain.tld
2015-10-06 02:01:37,163|201341|SYS_INFO|Found instance to migrate random-2, 1444087226.55
2015-10-06 02:01:37,163|201341|SYS_INFO|AV: 190.896273917 WW: 190.896273917 WO: 190.896273917
2015-10-06 02:01:37,163|201341|SYS_INFO|Found instance to migrate random 01444089098.49
2015-10-06 02:01:37,163|201341|SYS_INFO|AV: 190.896273917 WW: 190.896273917 WO: 190.896273917
2015-10-06 02:01:37,163|201341|SYS_INFO|Found instance to migrate random 11444075826.74
2015-10-06 02:01:37,164|201342|SYS_INFO|AV: 190.896273917 WW: 190.896273917 WO: 190.896273917
2015-10-06 02:01:37,746|201924|VM_INFO|Host: node-4 Name: random-0, 1444089689.25 State: building New_task: networking
2015-10-06 02:01:37,746|201924|TOTAL_VMS|Total: 6 vms
2015-10-06 02:01:37,746|201924|NODE_INFO|node-3.domain.tld: 0 State: down disabled
2015-10-06 02:01:37,747|201925|NODE_INFO|node-2.domain.tld: 2 State: up enabled
2015-10-06 02:01:37,747|201925|NODE_INFO|node-4.domain.tld: 4 State: up enabled
2015-10-06 02:01:39,645|203823|VM_INFO|Host: node-4 Name: random-0, 1444089689.25 State: building New_task: block_device_mapping
2015-10-06 02:01:39,645|203823|TOTAL_VMS|Total: 6 vms
2015-10-06 02:01:39,647|203825|NODE_INFO|node-3.domain.tld: 0 State: down disabled
2015-10-06 02:01:39,647|203825|NODE_INFO|node-2.domain.tld: 2 State: up enabled
2015-10-06 02:01:39,647|203825|NODE_INFO|node-4.domain.tld: 4 State: up enabled
2015-10-06 02:01:40,223|204401|VM_INFO|Host: node-4 Name: random-0, 1444089689.25 State: building New_task: spawning
2015-10-06 02:01:40,224|204402|TOTAL_VMS|Total: 6 vms
2015-10-06 02:01:40,224|204402|NODE_INFO|node-3.domain.tld: 0 State: down disabled
2015-10-06 02:01:40,224|204402|NODE_INFO|node-2.domain.tld: 2 State: up enabled
2015-10-06 02:01:40,224|204402|NODE_INFO|node-4.domain.tld: 4 State: up enabled
2015-10-06 02:01:48,798|212976|SYS_INFO|Initializing RabbitMQMessageService
2015-10-06 02:01:48,812|212990|SYS_INFO|Collecting information about compute nodes
2015-10-06 02:01:53,990|218167|SYS_INFO|Collecting information about services
2015-10-06 02:01:57,872|222050|SYS_INFO|Collecting information about VMs
2015-10-06 02:02:04,677|228855|SYS_INFO|Processing collected data
2015-10-06 02:02:04,680|228858|SYS_INFO|node-3.domain.tld MW: 330.231621349 MWMI: 330.231621349
2015-10-06 02:02:04,680|228858|SYS_INFO|node-2.domain.tld MW: 144.451158107 MWMI: 144.451158107
2015-10-06 02:02:04,680|228858|SYS_INFO|node-4.domain.tld MW: 237.341389728 MWMI: 237.341389728
2015-10-06 02:02:04,686|228864|VM_INFO|Host: node-2 Name: random 01444075822.89 State: active New_task: None
2015-10-06 02:02:04,686|228864|VM_INFO|Host: node-2 Name: random-0, 1444087211.36 State: active New_task: None
2015-10-06 02:02:04,687|228865|VM_INFO|Host: node-4 Name: random-2, 1444087226.55 State: active New_task: None
2015-10-06 02:02:04,687|228865|VM_INFO|Host: node-4 Name: random 11444075826.74 State: active New_task: None
2015-10-06 02:02:04,687|228865|VM_INFO|Host: node-4 Name: random-0, 1444089689.25 State: building New_task: spawning
2015-10-06 02:02:04,687|228865|VM_INFO|Host: node-4 Name: random 01444089098.49 State: active New_task: None
2015-10-06 02:02:04,687|228865|TOTAL_VMS|Total: 6 vms
2015-10-06 02:02:04,687|228865|NODE_INFO|node-3.domain.tld: 0 State: down disabled
2015-10-06 02:02:04,688|228866|NODE_INFO|node-2.domain.tld: 2 State: up enabled
2015-10-06 02:02:04,688|228866|NODE_INFO|node-4.domain.tld: 4 State: up enabled
2015-10-06 02:02:04,691|228869|SYS_INFO|Scheduled periodic check for 180 sec
2015-10-06 02:02:04,693|228871|SYS_INFO|Sorting hosts overload
2015-10-06 02:02:04,694|228871|SYS_INFO|node-2.domain.tld MW: 144.451158107 MWMI: 144.451158107
2015-10-06 02:02:04,694|228871|SYS_INFO|Searching for the most overloaded host
2015-10-06 02:02:04,694|228872|SYS_INFO|Found host node-4.domain.tld
2015-10-06 02:02:04,696|228874|SYS_INFO|Found instance to migrate random-2, 1444087226.55
2015-10-06 02:02:04,696|228874|SYS_INFO|AV: 190.896273917 WW: 190.896273917 WO: 190.896273917
2015-10-06 02:02:04,697|228875|SYS_INFO|Found instance to migrate random 01444089098.49
2015-10-06 02:02:04,697|228875|SYS_INFO|AV: 190.896273917 WW: 190.896273917 WO: 190.896273917
2015-10-06 02:02:04,697|228875|SYS_INFO|Found instance to migrate random 11444075826.74
2015-10-06 02:02:04,697|228875|SYS_INFO|AV: 190.896273917 WW: 190.896273917 WO: 190.896273917
2015-10-06 02:02:04,701|228879|VM_INFO|Host: node-4 Name: random-0, 1444089689.25 State: building New_task: spawning
2015-10-06 02:02:04,701|228879|TOTAL_VMS|Total: 6 vms
2015-10-06 02:02:04,701|228879|NODE_INFO|node-3.domain.tld: 0 State: down disabled
2015-10-06 02:02:04,701|228879|NODE_INFO|node-2.domain.tld: 2 State: up enabled
2015-10-06 02:02:04,703|228881|NODE_INFO|node-4.domain.tld: 4 State: up enabled
2015-10-06 02:02:04,706|228884|SYS_INFO|node-4.domain.tld MW: 237.341389728 MWMI: 237.341389728
2015-10-06 02:02:04,706|228884|TOTAL_VMS|Total: 6 vms
2015-10-06 02:02:04,707|228884|NODE_INFO|node-3.domain.tld: 0 State: down disabled
2015-10-06 02:02:04,707|228884|NODE_INFO|node-2.domain.tld: 2 State: up enabled
2015-10-06 02:02:04,707|228884|NODE_INFO|node-4.domain.tld: 4 State: up enabled
2015-10-06 02:02:04,707|228885|SYS_INFO|Sorting hosts overload
2015-10-06 02:02:04,707|228885|SYS_INFO|node-2.domain.tld MW: 144.451158107 MWMI: 144.451158107
2015-10-06 02:02:04,707|228885|SYS_INFO|Searching for the most overloaded host
2015-10-06 02:02:04,707|228885|SYS_INFO|Found host node-4.domain.tld
2015-10-06 02:02:04,707|228885|SYS_INFO|Found instance to migrate random-2, 1444087226.55
2015-10-06 02:02:04,709|228887|SYS_INFO|AV: 190.896273917 WW: 190.896273917 WO: 190.896273917
2015-10-06 02:02:04,709|228887|SYS_INFO|Found instance to migrate random 01444089098.49
2015-10-06 02:02:04,709|228887|SYS_INFO|AV: 190.896273917 WW: 190.896273917 WO: 190.896273917
2015-10-06 02:02:04,709|228887|SYS_INFO|Found instance to migrate random 11444075826.74
2015-10-06 02:02:04,710|228888|SYS_INFO|AV: 190.896273917 WW: 190.896273917 WO: 190.896273917
2015-10-06 02:02:22,154|246332|VM_INFO|Host: node-4 Name: random-0, 1444089689.25 State: active New_task: None
2015-10-06 02:02:22,154|246332|TOTAL_VMS|Total: 6 vms
2015-10-06 02:02:22,154|246332|NODE_INFO|node-3.domain.tld: 0 State: down disabled
2015-10-06 02:02:22,154|246332|NODE_INFO|node-2.domain.tld: 2 State: up enabled
2015-10-06 02:02:22,154|246332|NODE_INFO|node-4.domain.tld: 4 State: up enabled
2015-10-06 02:02:31,585|255763|SYS_INFO|node-4.domain.tld MW: 237.341389728 MWMI: 237.341389728
2015-10-06 02:02:31,585|255763|TOTAL_VMS|Total: 6 vms
2015-10-06 02:02:31,585|255763|NODE_INFO|node-3.domain.tld: 0 State: down disabled
2015-10-06 02:02:31,585|255763|NODE_INFO|node-2.domain.tld: 2 State: up enabled
2015-10-06 02:02:31,586|255764|NODE_INFO|node-4.domain.tld: 4 State: up enabled
2015-10-06 02:02:31,586|255764|SYS_INFO|Sorting hosts overload
2015-10-06 02:02:31,586|255764|SYS_INFO|node-2.domain.tld MW: 144.451158107 MWMI: 144.451158107
2015-10-06 02:02:31,586|255764|SYS_INFO|Searching for the most overloaded host
2015-10-06 02:02:31,586|255764|SYS_INFO|Found host node-4.domain.tld
2015-10-06 02:02:31,588|255766|SYS_INFO|Found instance to migrate random-0, 1444089689.25
2015-10-06 02:02:31,588|255766|SYS_INFO|AV: 190.896273917 WW: 190.896273917 WO: 190.896273917
2015-10-06 02:02:31,588|255766|SYS_INFO|Found instance to migrate random-2, 1444087226.55
2015-10-06 02:02:31,588|255766|SYS_INFO|AV: 190.896273917 WW: 190.896273917 WO: 190.896273917
2015-10-06 02:02:31,588|255766|SYS_INFO|Found instance to migrate random 01444089098.49
2015-10-06 02:02:31,588|255766|SYS_INFO|AV: 190.896273917 WW: 190.896273917 WO: 190.896273917
2015-10-06 02:02:31,588|255766|SYS_INFO|Found instance to migrate random 11444075826.74
2015-10-06 02:02:31,588|255766|SYS_INFO|AV: 190.896273917 WW: 190.896273917 WO: 190.896273917
2015-10-06 02:04:23,230|367408|SYS_INFO|Connection closed
