2015-10-04 17:38:19,624|1396|SYS_INFO|Initializing RabbitMQMessageService
2015-10-04 17:38:19,720|1492|SYS_INFO|Collecting information about compute nodes
2015-10-04 17:38:33,441|15213|SYS_INFO|Collecting information about services
2015-10-04 17:38:38,362|20134|SYS_INFO|Collecting information about VMs
2015-10-04 17:38:48,085|29858|SYS_INFO|Processing collected data
2015-10-04 17:38:48,086|29858|TOTAL_VMS|Total: 0 vms
2015-10-04 17:38:48,088|29860|NODE_INFO|node-3.domain.tld: 0 State: down disabled
2015-10-04 17:38:48,088|29860|NODE_INFO|node-2.domain.tld: 0 State: up enabled
2015-10-04 17:38:48,088|29860|NODE_INFO|node-4.domain.tld: 0 State: up enabled
2015-10-04 17:38:48,088|29861|SYS_INFO|Sorting hosts overload
2015-10-04 17:38:48,088|29861|SYS_INFO|Searching for the most overloaded host
2015-10-04 17:38:48,088|29861|SYS_INFO|Found host node-2.domain.tld
2015-10-04 17:38:48,089|29861|SYS_INFO|Scheduled periodic check for 180 sec
2015-10-04 17:41:48,089|209861|SYS_INFO|Initializing RabbitMQMessageService
2015-10-04 17:41:48,098|209871|SYS_INFO|Collecting information about compute nodes
2015-10-04 17:41:48,951|210723|SYS_INFO|Collecting information about services
2015-10-04 17:41:49,871|211644|SYS_INFO|Collecting information about VMs
2015-10-04 17:41:50,779|212552|SYS_INFO|Processing collected data
2015-10-04 17:41:50,780|212552|TOTAL_VMS|Total: 0 vms
2015-10-04 17:41:50,780|212552|NODE_INFO|node-3.domain.tld: 0 State: down disabled
2015-10-04 17:41:50,780|212552|NODE_INFO|node-2.domain.tld: 0 State: up enabled
2015-10-04 17:41:50,782|212554|NODE_INFO|node-4.domain.tld: 0 State: up enabled
2015-10-04 17:41:50,782|212554|SYS_INFO|Sorting hosts overload
2015-10-04 17:41:50,782|212555|SYS_INFO|Scheduled periodic check for 180 sec
2015-10-04 17:41:50,783|212555|SYS_INFO|Searching for the most overloaded host
2015-10-04 17:41:50,783|212555|SYS_INFO|Found host node-2.domain.tld
2015-10-04 17:44:50,782|392555|SYS_INFO|Initializing RabbitMQMessageService
2015-10-04 17:44:50,786|392559|SYS_INFO|Collecting information about compute nodes
2015-10-04 17:44:59,920|401692|SYS_INFO|Collecting information about services
2015-10-04 17:45:02,688|404460|SYS_INFO|Collecting information about VMs
2015-10-04 17:45:11,895|413667|SYS_INFO|Processing collected data
2015-10-04 17:45:20,438|422210|VM_INFO|Host: None Name: random 11443973503.35 State: building New_task: scheduling
2015-10-04 17:45:20,438|422210|TOTAL_VMS|Total: 2 vms
2015-10-04 17:45:20,438|422210|NODE_INFO|node-3.domain.tld: 0 State: down disabled
2015-10-04 17:45:20,438|422210|NODE_INFO|node-2.domain.tld: 0 State: up enabled
2015-10-04 17:45:20,438|422210|NODE_INFO|node-4.domain.tld: 0 State: up enabled
2015-10-04 17:45:20,440|422212|VM_INFO|Host: node-2 Name: random 01443973497.31 State: building New_task: None
2015-10-04 17:45:20,440|422212|TOTAL_VMS|Total: 2 vms
2015-10-04 17:45:20,440|422212|NODE_INFO|node-3.domain.tld: 0 State: down disabled
2015-10-04 17:45:20,440|422212|NODE_INFO|node-2.domain.tld: 0 State: up enabled
2015-10-04 17:45:20,440|422212|NODE_INFO|node-4.domain.tld: 0 State: up enabled
2015-10-04 17:45:20,440|422212|TOTAL_VMS|Total: 2 vms
2015-10-04 17:45:20,440|422212|NODE_INFO|node-3.domain.tld: 0 State: down disabled
2015-10-04 17:45:20,440|422212|NODE_INFO|node-2.domain.tld: 1 State: up enabled
2015-10-04 17:45:20,440|422213|NODE_INFO|node-4.domain.tld: 0 State: up enabled
2015-10-04 17:45:20,441|422213|SYS_INFO|Sorting hosts overload
2015-10-04 17:45:20,441|422213|SYS_INFO|Searching for the most overloaded host
2015-10-04 17:45:20,441|422213|SYS_INFO|Not available host
2015-10-04 17:45:20,444|422217|VM_INFO|Host: None Name: random 01443973497.31 State: building New_task: scheduling
2015-10-04 17:45:20,444|422217|TOTAL_VMS|Total: 2 vms
2015-10-04 17:45:20,444|422217|NODE_INFO|node-3.domain.tld: 0 State: down disabled
2015-10-04 17:45:20,444|422217|NODE_INFO|node-2.domain.tld: 1 State: up enabled
2015-10-04 17:45:20,446|422218|NODE_INFO|node-4.domain.tld: 0 State: up enabled
2015-10-04 17:45:20,454|422226|VM_INFO|Host: None Name: random 11443973503.35 State: building New_task: scheduling
2015-10-04 17:45:20,454|422226|TOTAL_VMS|Total: 2 vms
2015-10-04 17:45:20,456|422228|NODE_INFO|node-3.domain.tld: 0 State: down disabled
2015-10-04 17:45:20,456|422228|NODE_INFO|node-2.domain.tld: 0 State: up enabled
2015-10-04 17:45:20,456|422228|NODE_INFO|node-4.domain.tld: 0 State: up enabled
2015-10-04 17:45:20,457|422230|VM_INFO|Host: None Name: random 01443973497.31 State: building New_task: None
2015-10-04 17:45:20,457|422230|TOTAL_VMS|Total: 2 vms
2015-10-04 17:45:20,457|422230|NODE_INFO|node-3.domain.tld: 0 State: down disabled
2015-10-04 17:45:20,457|422230|NODE_INFO|node-2.domain.tld: 0 State: up enabled
2015-10-04 17:45:20,459|422231|NODE_INFO|node-4.domain.tld: 0 State: up enabled
2015-10-04 17:45:20,463|422235|VM_INFO|Host: node-2 Name: random 01443973497.31 State: building New_task: None
2015-10-04 17:45:20,463|422235|TOTAL_VMS|Total: 2 vms
2015-10-04 17:45:20,463|422235|NODE_INFO|node-3.domain.tld: 0 State: down disabled
2015-10-04 17:45:20,463|422236|NODE_INFO|node-2.domain.tld: 0 State: up enabled
2015-10-04 17:45:20,463|422236|NODE_INFO|node-4.domain.tld: 0 State: up enabled
2015-10-04 17:45:20,469|422241|SYS_INFO|Scheduled periodic check for 180 sec
2015-10-04 17:45:20,470|422243|TOTAL_VMS|Total: 2 vms
2015-10-04 17:45:20,470|422243|NODE_INFO|node-3.domain.tld: 0 State: down disabled
2015-10-04 17:45:20,470|422243|NODE_INFO|node-2.domain.tld: 1 State: up enabled
2015-10-04 17:45:20,470|422243|NODE_INFO|node-4.domain.tld: 0 State: up enabled
2015-10-04 17:45:20,470|422243|SYS_INFO|Sorting hosts overload
2015-10-04 17:45:20,471|422243|SYS_INFO|Searching for the most overloaded host
2015-10-04 17:45:20,471|422243|SYS_INFO|Found host node-2.domain.tld
2015-10-04 17:45:20,473|422246|VM_INFO|Host: None Name: random 11443973503.35 State: building New_task: None
2015-10-04 17:45:20,473|422246|TOTAL_VMS|Total: 2 vms
2015-10-04 17:45:20,474|422246|NODE_INFO|node-3.domain.tld: 0 State: down disabled
2015-10-04 17:45:20,474|422246|NODE_INFO|node-2.domain.tld: 1 State: up enabled
2015-10-04 17:45:20,474|422246|NODE_INFO|node-4.domain.tld: 0 State: up enabled
2015-10-04 17:45:20,476|422248|VM_INFO|Host: node-2 Name: random 01443973497.31 State: building New_task: networking
2015-10-04 17:45:20,476|422248|TOTAL_VMS|Total: 2 vms
2015-10-04 17:45:20,476|422248|NODE_INFO|node-3.domain.tld: 0 State: down disabled
2015-10-04 17:45:20,476|422248|NODE_INFO|node-2.domain.tld: 1 State: up enabled
2015-10-04 17:45:20,476|422249|NODE_INFO|node-4.domain.tld: 0 State: up enabled
2015-10-04 17:45:20,477|422250|VM_INFO|Host: node-2 Name: random 11443973503.35 State: building New_task: None
2015-10-04 17:45:20,477|422250|TOTAL_VMS|Total: 2 vms
2015-10-04 17:45:20,477|422250|NODE_INFO|node-3.domain.tld: 0 State: down disabled
2015-10-04 17:45:20,477|422250|NODE_INFO|node-2.domain.tld: 1 State: up enabled
2015-10-04 17:45:20,479|422251|NODE_INFO|node-4.domain.tld: 0 State: up enabled
2015-10-04 17:45:20,480|422252|TOTAL_VMS|Total: 2 vms
2015-10-04 17:45:20,480|422252|NODE_INFO|node-3.domain.tld: 0 State: down disabled
2015-10-04 17:45:20,480|422252|NODE_INFO|node-2.domain.tld: 2 State: up enabled
2015-10-04 17:45:20,480|422252|NODE_INFO|node-4.domain.tld: 0 State: up enabled
2015-10-04 17:45:20,480|422253|SYS_INFO|Sorting hosts overload
2015-10-04 17:45:20,480|422253|SYS_INFO|Searching for the most overloaded host
2015-10-04 17:45:20,480|422253|SYS_INFO|Found host node-2.domain.tld
2015-10-04 17:45:20,483|422256|TOTAL_VMS|Total: 2 vms
2015-10-04 17:45:20,484|422256|NODE_INFO|node-3.domain.tld: 0 State: down disabled
2015-10-04 17:45:20,484|422256|NODE_INFO|node-2.domain.tld: 2 State: up enabled
2015-10-04 17:45:20,484|422256|NODE_INFO|node-4.domain.tld: 0 State: up enabled
2015-10-04 17:45:20,484|422256|SYS_INFO|Sorting hosts overload
2015-10-04 17:45:20,486|422258|SYS_INFO|Searching for the most overloaded host
2015-10-04 17:45:20,486|422258|SYS_INFO|Found host node-2.domain.tld
2015-10-04 17:45:20,486|422259|VM_INFO|Host: node-2 Name: random 11443973503.35 State: building New_task: networking
2015-10-04 17:45:20,486|422259|TOTAL_VMS|Total: 2 vms
2015-10-04 17:45:20,487|422259|NODE_INFO|node-3.domain.tld: 0 State: down disabled
2015-10-04 17:45:20,487|422259|NODE_INFO|node-2.domain.tld: 2 State: up enabled
2015-10-04 17:45:20,487|422259|NODE_INFO|node-4.domain.tld: 0 State: up enabled
2015-10-04 17:45:21,395|423167|TOTAL_VMS|Total: 2 vms
2015-10-04 17:45:21,395|423167|NODE_INFO|node-3.domain.tld: 0 State: down disabled
2015-10-04 17:45:21,395|423167|NODE_INFO|node-2.domain.tld: 2 State: up enabled
2015-10-04 17:45:21,397|423169|NODE_INFO|node-4.domain.tld: 0 State: up enabled
2015-10-04 17:45:21,397|423169|SYS_INFO|Sorting hosts overload
2015-10-04 17:45:21,397|423169|SYS_INFO|Searching for the most overloaded host
2015-10-04 17:45:21,397|423169|SYS_INFO|Found host node-2.domain.tld
2015-10-04 17:45:21,542|423314|VM_INFO|Host: node-2 Name: random 01443973497.31 State: building New_task: networking
2015-10-04 17:45:21,542|423315|TOTAL_VMS|Total: 2 vms
2015-10-04 17:45:21,542|423315|NODE_INFO|node-3.domain.tld: 0 State: down disabled
2015-10-04 17:45:21,542|423315|NODE_INFO|node-2.domain.tld: 2 State: up enabled
2015-10-04 17:45:21,542|423315|NODE_INFO|node-4.domain.tld: 0 State: up enabled
2015-10-04 17:45:21,910|423682|VM_INFO|Host: node-2 Name: random 11443973503.35 State: building New_task: networking
2015-10-04 17:45:21,911|423683|TOTAL_VMS|Total: 2 vms
2015-10-04 17:45:21,911|423683|NODE_INFO|node-3.domain.tld: 0 State: down disabled
2015-10-04 17:45:21,911|423683|NODE_INFO|node-2.domain.tld: 2 State: up enabled
2015-10-04 17:45:21,911|423683|NODE_INFO|node-4.domain.tld: 0 State: up enabled
2015-10-04 17:45:22,736|424508|VM_INFO|Host: node-2 Name: random 01443973497.31 State: building New_task: block_device_mapping
2015-10-04 17:45:22,736|424509|TOTAL_VMS|Total: 2 vms
2015-10-04 17:45:22,736|424509|NODE_INFO|node-3.domain.tld: 0 State: down disabled
2015-10-04 17:45:22,736|424509|NODE_INFO|node-2.domain.tld: 2 State: up enabled
2015-10-04 17:45:22,736|424509|NODE_INFO|node-4.domain.tld: 0 State: up enabled
2015-10-04 17:45:23,138|424910|VM_INFO|Host: node-2 Name: random 11443973503.35 State: building New_task: block_device_mapping
2015-10-04 17:45:23,138|424910|TOTAL_VMS|Total: 2 vms
2015-10-04 17:45:23,138|424911|NODE_INFO|node-3.domain.tld: 0 State: down disabled
2015-10-04 17:45:23,138|424911|NODE_INFO|node-2.domain.tld: 2 State: up enabled
2015-10-04 17:45:23,138|424911|NODE_INFO|node-4.domain.tld: 0 State: up enabled
2015-10-04 17:45:23,897|425669|VM_INFO|Host: node-2 Name: random 01443973497.31 State: building New_task: spawning
2015-10-04 17:45:23,897|425669|TOTAL_VMS|Total: 2 vms
2015-10-04 17:45:23,897|425669|NODE_INFO|node-3.domain.tld: 0 State: down disabled
2015-10-04 17:45:23,897|425669|NODE_INFO|node-2.domain.tld: 2 State: up enabled
2015-10-04 17:45:23,897|425669|NODE_INFO|node-4.domain.tld: 0 State: up enabled
2015-10-04 17:45:24,084|425856|VM_INFO|Host: node-2 Name: random 11443973503.35 State: building New_task: spawning
2015-10-04 17:45:24,085|425857|TOTAL_VMS|Total: 2 vms
2015-10-04 17:45:24,085|425857|NODE_INFO|node-3.domain.tld: 0 State: down disabled
2015-10-04 17:45:24,085|425857|NODE_INFO|node-2.domain.tld: 2 State: up enabled
2015-10-04 17:45:24,085|425857|NODE_INFO|node-4.domain.tld: 0 State: up enabled
2015-10-04 17:45:29,875|431648|VM_INFO|Host: node-2 Name: random 01443973497.31 State: building New_task: spawning
2015-10-04 17:45:29,877|431649|TOTAL_VMS|Total: 2 vms
2015-10-04 17:45:29,877|431649|NODE_INFO|node-3.domain.tld: 0 State: down disabled
2015-10-04 17:45:29,877|431649|NODE_INFO|node-2.domain.tld: 2 State: up enabled
2015-10-04 17:45:29,877|431649|NODE_INFO|node-4.domain.tld: 0 State: up enabled
2015-10-04 17:45:30,107|431879|TOTAL_VMS|Total: 2 vms
2015-10-04 17:45:30,108|431880|NODE_INFO|node-3.domain.tld: 0 State: down disabled
2015-10-04 17:45:30,108|431880|NODE_INFO|node-2.domain.tld: 2 State: up enabled
2015-10-04 17:45:30,108|431880|NODE_INFO|node-4.domain.tld: 0 State: up enabled
2015-10-04 17:45:30,108|431880|SYS_INFO|Sorting hosts overload
2015-10-04 17:45:30,108|431881|SYS_INFO|Searching for the most overloaded host
2015-10-04 17:45:30,108|431881|SYS_INFO|Found host node-2.domain.tld
2015-10-04 17:45:33,061|434833|VM_INFO|Host: node-2 Name: random 11443973503.35 State: building New_task: spawning
2015-10-04 17:45:33,062|434834|TOTAL_VMS|Total: 2 vms
2015-10-04 17:45:33,062|434834|NODE_INFO|node-3.domain.tld: 0 State: down disabled
2015-10-04 17:45:33,062|434834|NODE_INFO|node-2.domain.tld: 2 State: up enabled
2015-10-04 17:45:33,062|434834|NODE_INFO|node-4.domain.tld: 0 State: up enabled
2015-10-04 17:45:33,167|434940|TOTAL_VMS|Total: 2 vms
2015-10-04 17:45:33,168|434940|NODE_INFO|node-3.domain.tld: 0 State: down disabled
2015-10-04 17:45:33,168|434940|NODE_INFO|node-2.domain.tld: 2 State: up enabled
2015-10-04 17:45:33,168|434940|NODE_INFO|node-4.domain.tld: 0 State: up enabled
2015-10-04 17:45:33,168|434940|SYS_INFO|Sorting hosts overload
2015-10-04 17:45:33,168|434940|SYS_INFO|Searching for the most overloaded host
2015-10-04 17:45:33,170|434942|SYS_INFO|Found host node-2.domain.tld
2015-10-04 17:45:42,092|443865|TOTAL_VMS|Total: 2 vms
2015-10-04 17:45:42,092|443865|NODE_INFO|node-3.domain.tld: 0 State: down disabled
2015-10-04 17:45:42,092|443865|NODE_INFO|node-2.domain.tld: 2 State: up enabled
2015-10-04 17:45:42,094|443866|NODE_INFO|node-4.domain.tld: 0 State: up enabled
2015-10-04 17:45:42,094|443866|SYS_INFO|Sorting hosts overload
2015-10-04 17:45:42,094|443866|SYS_INFO|Searching for the most overloaded host
2015-10-04 17:45:42,094|443866|SYS_INFO|Found host node-2.domain.tld
2015-10-04 17:45:57,239|459011|VM_INFO|Host: node-2 Name: random 11443973503.35 State: active New_task: None
2015-10-04 17:45:57,240|459012|TOTAL_VMS|Total: 2 vms
2015-10-04 17:45:57,240|459012|NODE_INFO|node-3.domain.tld: 0 State: down disabled
2015-10-04 17:45:57,240|459012|NODE_INFO|node-2.domain.tld: 2 State: up enabled
2015-10-04 17:45:57,240|459012|NODE_INFO|node-4.domain.tld: 0 State: up enabled
2015-10-04 17:45:57,336|459108|VM_INFO|Host: node-2 Name: random 01443973497.31 State: active New_task: None
2015-10-04 17:45:57,336|459108|TOTAL_VMS|Total: 2 vms
2015-10-04 17:45:57,336|459108|NODE_INFO|node-3.domain.tld: 0 State: down disabled
2015-10-04 17:45:57,338|459110|NODE_INFO|node-2.domain.tld: 2 State: up enabled
2015-10-04 17:45:57,338|459110|NODE_INFO|node-4.domain.tld: 0 State: up enabled
2015-10-04 17:46:43,582|505354|TOTAL_VMS|Total: 2 vms
2015-10-04 17:46:43,582|505354|NODE_INFO|node-3.domain.tld: 0 State: down disabled
2015-10-04 17:46:43,582|505354|NODE_INFO|node-2.domain.tld: 2 State: up enabled
2015-10-04 17:46:43,582|505354|NODE_INFO|node-4.domain.tld: 0 State: up enabled
2015-10-04 17:46:43,582|505355|SYS_INFO|Sorting hosts overload
2015-10-04 17:46:43,582|505355|SYS_INFO|Searching for the most overloaded host
2015-10-04 17:46:43,582|505355|SYS_INFO|Found host node-2.domain.tld
2015-10-04 17:46:43,584|505356|SYS_INFO|Found instance to migrate random 11443973503.35
2015-10-04 17:46:43,584|505356|SYS_INFO|Weight with: 98.00604229607251 Weight without: 98.00604229607251
2015-10-04 17:46:43,605|505378|SYS_INFO|Scheduled migrate to node-4.domain.tld
2015-10-04 17:46:56,404|518176|VM_INFO|Host: node-2 Name: random 11443973503.35 State: active New_task: migrating
2015-10-04 17:46:56,404|518176|TOTAL_VMS|Total: 2 vms
2015-10-04 17:46:56,404|518176|NODE_INFO|node-3.domain.tld: 0 State: down disabled
2015-10-04 17:46:56,405|518177|NODE_INFO|node-2.domain.tld: 2 State: up enabled
2015-10-04 17:46:56,407|518179|NODE_INFO|node-4.domain.tld: 0 State: up enabled
2015-10-04 17:46:57,415|519187|SYS_INFO|Scheduled live migration of server random 11443973503.35 ID: 71f1b8df-2324-4524-851f-d770b065bdf2
2015-10-04 17:46:57,417|519189|SYS_INFO|Deleted migrate task ID 71f1b8df-2324-4524-851f-d770b065bdf2
2015-10-04 17:47:11,986|533759|VM_INFO|Host: node-2 Name: random 11443973503.35 State: active New_task: migrating
2015-10-04 17:47:11,987|533759|TOTAL_VMS|Total: 2 vms
2015-10-04 17:47:11,987|533759|NODE_INFO|node-3.domain.tld: 0 State: down disabled
2015-10-04 17:47:11,987|533759|NODE_INFO|node-2.domain.tld: 2 State: up enabled
2015-10-04 17:47:11,987|533759|NODE_INFO|node-4.domain.tld: 0 State: up enabled
2015-10-04 17:47:13,611|535383|TOTAL_VMS|Total: 2 vms
2015-10-04 17:47:13,611|535384|NODE_INFO|node-3.domain.tld: 0 State: down disabled
2015-10-04 17:47:13,611|535384|NODE_INFO|node-2.domain.tld: 2 State: up enabled
2015-10-04 17:47:13,615|535387|NODE_INFO|node-4.domain.tld: 0 State: up enabled
2015-10-04 17:47:13,615|535388|SYS_INFO|Sorting hosts overload
2015-10-04 17:47:13,615|535388|SYS_INFO|Searching for the most overloaded host
2015-10-04 17:47:13,615|535388|SYS_INFO|Skipping host node-2.domain.tld , it has migrating instances
2015-10-04 17:47:13,617|535389|SYS_INFO|Found host node-4.domain.tld
2015-10-04 17:47:25,447|547220|VM_INFO|Host: node-4 Name: random 11443973503.35 State: active New_task: None
2015-10-04 17:47:25,447|547220|TOTAL_VMS|Total: 2 vms
2015-10-04 17:47:25,447|547220|NODE_INFO|node-3.domain.tld: 0 State: down disabled
2015-10-04 17:47:25,447|547220|NODE_INFO|node-2.domain.tld: 2 State: up enabled
2015-10-04 17:47:25,447|547220|NODE_INFO|node-4.domain.tld: 0 State: up enabled
2015-10-04 17:47:28,463|550236|VM_INFO|Host: None Name: random-0, 1443973644.75 State: building New_task: scheduling
2015-10-04 17:47:28,463|550236|TOTAL_VMS|Total: 3 vms
2015-10-04 17:47:28,463|550236|NODE_INFO|node-3.domain.tld: 0 State: down disabled
2015-10-04 17:47:28,464|550236|NODE_INFO|node-2.domain.tld: 1 State: up enabled
2015-10-04 17:47:28,464|550236|NODE_INFO|node-4.domain.tld: 1 State: up enabled
2015-10-04 17:47:30,808|552580|VM_INFO|Host: None Name: random-0, 1443973644.75 State: building New_task: None
2015-10-04 17:47:30,808|552580|TOTAL_VMS|Total: 3 vms
2015-10-04 17:47:30,808|552580|NODE_INFO|node-3.domain.tld: 0 State: down disabled
2015-10-04 17:47:30,808|552580|NODE_INFO|node-2.domain.tld: 1 State: up enabled
2015-10-04 17:47:30,809|552581|NODE_INFO|node-4.domain.tld: 1 State: up enabled
2015-10-04 17:47:31,477|553250|VM_INFO|Host: node-4 Name: random-0, 1443973644.75 State: building New_task: None
2015-10-04 17:47:31,479|553251|TOTAL_VMS|Total: 3 vms
2015-10-04 17:47:31,479|553251|NODE_INFO|node-3.domain.tld: 0 State: down disabled
2015-10-04 17:47:31,479|553251|NODE_INFO|node-2.domain.tld: 1 State: up enabled
2015-10-04 17:47:31,479|553251|NODE_INFO|node-4.domain.tld: 1 State: up enabled
2015-10-04 17:47:31,630|553402|TOTAL_VMS|Total: 3 vms
2015-10-04 17:47:31,631|553403|NODE_INFO|node-3.domain.tld: 0 State: down disabled
2015-10-04 17:47:31,631|553403|NODE_INFO|node-2.domain.tld: 1 State: up enabled
2015-10-04 17:47:31,631|553403|NODE_INFO|node-4.domain.tld: 2 State: up enabled
2015-10-04 17:47:31,631|553403|SYS_INFO|Sorting hosts overload
2015-10-04 17:47:31,631|553403|SYS_INFO|Searching for the most overloaded host
2015-10-04 17:47:31,631|553404|SYS_INFO|Not available host
2015-10-04 17:47:32,065|553837|VM_INFO|Host: None Name: random-1, 1443973648.53 State: building New_task: scheduling
2015-10-04 17:47:32,065|553837|TOTAL_VMS|Total: 4 vms
2015-10-04 17:47:32,065|553837|NODE_INFO|node-3.domain.tld: 0 State: down disabled
2015-10-04 17:47:32,065|553837|NODE_INFO|node-2.domain.tld: 1 State: up enabled
2015-10-04 17:47:32,065|553838|NODE_INFO|node-4.domain.tld: 2 State: up enabled
2015-10-04 17:47:32,434|554207|VM_INFO|Host: node-4 Name: random-0, 1443973644.75 State: building New_task: networking
2015-10-04 17:47:32,434|554207|TOTAL_VMS|Total: 4 vms
2015-10-04 17:47:32,434|554207|NODE_INFO|node-3.domain.tld: 0 State: down disabled
2015-10-04 17:47:32,434|554207|NODE_INFO|node-2.domain.tld: 1 State: up enabled
2015-10-04 17:47:32,434|554207|NODE_INFO|node-4.domain.tld: 2 State: up enabled
2015-10-04 17:47:32,881|554654|TOTAL_VMS|Total: 4 vms
2015-10-04 17:47:32,882|554654|NODE_INFO|node-3.domain.tld: 0 State: down disabled
2015-10-04 17:47:32,882|554654|NODE_INFO|node-2.domain.tld: 1 State: up enabled
2015-10-04 17:47:32,882|554654|NODE_INFO|node-4.domain.tld: 2 State: up enabled
2015-10-04 17:47:32,882|554654|SYS_INFO|Sorting hosts overload
2015-10-04 17:47:32,884|554656|SYS_INFO|Searching for the most overloaded host
2015-10-04 17:47:32,884|554656|SYS_INFO|Not available host
2015-10-04 17:47:35,576|557348|VM_INFO|Host: None Name: random-2, 1443973652.14 State: building New_task: scheduling
2015-10-04 17:47:35,576|557348|TOTAL_VMS|Total: 5 vms
2015-10-04 17:47:35,576|557348|NODE_INFO|node-3.domain.tld: 0 State: down disabled
2015-10-04 17:47:35,576|557348|NODE_INFO|node-2.domain.tld: 1 State: up enabled
2015-10-04 17:47:35,578|557350|NODE_INFO|node-4.domain.tld: 2 State: up enabled
2015-10-04 17:47:38,101|559873|VM_INFO|Host: node-4 Name: random-0, 1443973644.75 State: building New_task: networking
2015-10-04 17:47:38,101|559874|TOTAL_VMS|Total: 5 vms
2015-10-04 17:47:38,101|559874|NODE_INFO|node-3.domain.tld: 0 State: down disabled
2015-10-04 17:47:38,101|559874|NODE_INFO|node-2.domain.tld: 1 State: up enabled
2015-10-04 17:47:38,101|559874|NODE_INFO|node-4.domain.tld: 2 State: up enabled
2015-10-04 17:47:39,364|561136|VM_INFO|Host: None Name: random-1, 1443973648.53 State: building New_task: None
2015-10-04 17:47:39,364|561136|TOTAL_VMS|Total: 5 vms
2015-10-04 17:47:39,364|561136|NODE_INFO|node-3.domain.tld: 0 State: down disabled
2015-10-04 17:47:39,364|561136|NODE_INFO|node-2.domain.tld: 1 State: up enabled
2015-10-04 17:47:39,364|561136|NODE_INFO|node-4.domain.tld: 2 State: up enabled
2015-10-04 17:47:39,619|561391|VM_INFO|Host: None Name: random-2, 1443973652.14 State: building New_task: None
2015-10-04 17:47:39,619|561391|TOTAL_VMS|Total: 5 vms
2015-10-04 17:47:39,619|561391|NODE_INFO|node-3.domain.tld: 0 State: down disabled
2015-10-04 17:47:39,621|561393|NODE_INFO|node-2.domain.tld: 1 State: up enabled
2015-10-04 17:47:39,621|561393|NODE_INFO|node-4.domain.tld: 2 State: up enabled
2015-10-04 17:47:39,716|561488|VM_INFO|Host: node-4 Name: random-0, 1443973644.75 State: building New_task: block_device_mapping
2015-10-04 17:47:39,717|561489|TOTAL_VMS|Total: 5 vms
2015-10-04 17:47:39,717|561489|NODE_INFO|node-3.domain.tld: 0 State: down disabled
2015-10-04 17:47:39,717|561489|NODE_INFO|node-2.domain.tld: 1 State: up enabled
2015-10-04 17:47:39,717|561489|NODE_INFO|node-4.domain.tld: 2 State: up enabled
2015-10-04 17:47:40,891|562663|VM_INFO|Host: node-4 Name: random-1, 1443973648.53 State: building New_task: None
2015-10-04 17:47:40,891|562664|TOTAL_VMS|Total: 5 vms
2015-10-04 17:47:40,891|562664|NODE_INFO|node-3.domain.tld: 0 State: down disabled
2015-10-04 17:47:40,891|562664|NODE_INFO|node-2.domain.tld: 1 State: up enabled
2015-10-04 17:47:40,891|562664|NODE_INFO|node-4.domain.tld: 2 State: up enabled
2015-10-04 17:47:41,015|562787|VM_INFO|Host: node-4 Name: random-0, 1443973644.75 State: building New_task: spawning
2015-10-04 17:47:41,015|562787|TOTAL_VMS|Total: 5 vms
2015-10-04 17:47:41,015|562787|NODE_INFO|node-3.domain.tld: 0 State: down disabled
2015-10-04 17:47:41,015|562787|NODE_INFO|node-2.domain.tld: 1 State: up enabled
2015-10-04 17:47:41,015|562787|NODE_INFO|node-4.domain.tld: 3 State: up enabled
2015-10-04 17:47:41,259|563032|TOTAL_VMS|Total: 5 vms
2015-10-04 17:47:41,259|563032|NODE_INFO|node-3.domain.tld: 0 State: down disabled
2015-10-04 17:47:41,260|563032|NODE_INFO|node-2.domain.tld: 1 State: up enabled
2015-10-04 17:47:41,260|563032|NODE_INFO|node-4.domain.tld: 3 State: up enabled
2015-10-04 17:47:41,260|563032|SYS_INFO|Sorting hosts overload
2015-10-04 17:47:41,262|563034|SYS_INFO|Searching for the most overloaded host
2015-10-04 17:47:41,262|563034|SYS_INFO|Not available host
2015-10-04 17:47:42,428|564200|VM_INFO|Host: node-4 Name: random-1, 1443973648.53 State: building New_task: networking
2015-10-04 17:47:42,428|564200|TOTAL_VMS|Total: 5 vms
2015-10-04 17:47:42,428|564200|NODE_INFO|node-3.domain.tld: 0 State: down disabled
2015-10-04 17:47:42,428|564200|NODE_INFO|node-2.domain.tld: 1 State: up enabled
2015-10-04 17:47:42,430|564202|NODE_INFO|node-4.domain.tld: 3 State: up enabled
2015-10-04 17:47:43,753|565526|VM_INFO|Host: node-4 Name: random-2, 1443973652.14 State: building New_task: None
2015-10-04 17:47:43,755|565527|TOTAL_VMS|Total: 5 vms
2015-10-04 17:47:43,755|565527|NODE_INFO|node-3.domain.tld: 0 State: down disabled
2015-10-04 17:47:43,755|565527|NODE_INFO|node-2.domain.tld: 1 State: up enabled
2015-10-04 17:47:43,755|565527|NODE_INFO|node-4.domain.tld: 3 State: up enabled
2015-10-04 17:47:44,062|565834|TOTAL_VMS|Total: 5 vms
2015-10-04 17:47:44,062|565834|NODE_INFO|node-3.domain.tld: 0 State: down disabled
2015-10-04 17:47:44,062|565834|NODE_INFO|node-2.domain.tld: 1 State: up enabled
2015-10-04 17:47:44,062|565834|NODE_INFO|node-4.domain.tld: 4 State: up enabled
2015-10-04 17:47:44,062|565834|SYS_INFO|Sorting hosts overload
2015-10-04 17:47:44,062|565835|SYS_INFO|Searching for the most overloaded host
2015-10-04 17:47:44,062|565835|SYS_INFO|Not available host
2015-10-04 17:47:44,966|566738|VM_INFO|Host: node-4 Name: random-2, 1443973652.14 State: building New_task: networking
2015-10-04 17:47:44,967|566739|TOTAL_VMS|Total: 5 vms
2015-10-04 17:47:44,967|566739|NODE_INFO|node-3.domain.tld: 0 State: down disabled
2015-10-04 17:47:44,967|566739|NODE_INFO|node-2.domain.tld: 1 State: up enabled
2015-10-04 17:47:44,967|566739|NODE_INFO|node-4.domain.tld: 4 State: up enabled
2015-10-04 17:47:45,043|566815|TOTAL_VMS|Total: 5 vms
2015-10-04 17:47:45,045|566817|NODE_INFO|node-3.domain.tld: 0 State: down disabled
2015-10-04 17:47:45,045|566817|NODE_INFO|node-2.domain.tld: 1 State: up enabled
2015-10-04 17:47:45,045|566817|NODE_INFO|node-4.domain.tld: 4 State: up enabled
2015-10-04 17:47:45,045|566817|SYS_INFO|Sorting hosts overload
2015-10-04 17:47:45,046|566818|SYS_INFO|Searching for the most overloaded host
2015-10-04 17:47:45,046|566818|SYS_INFO|Not available host
2015-10-04 17:47:46,111|567883|TOTAL_VMS|Total: 5 vms
2015-10-04 17:47:46,111|567883|NODE_INFO|node-3.domain.tld: 0 State: down disabled
2015-10-04 17:47:46,111|567883|NODE_INFO|node-2.domain.tld: 1 State: up enabled
2015-10-04 17:47:46,111|567883|NODE_INFO|node-4.domain.tld: 4 State: up enabled
2015-10-04 17:47:46,111|567883|SYS_INFO|Sorting hosts overload
2015-10-04 17:47:46,111|567884|SYS_INFO|Searching for the most overloaded host
2015-10-04 17:47:46,111|567884|SYS_INFO|Not available host
2015-10-04 17:47:46,415|568187|VM_INFO|Host: node-4 Name: random-1, 1443973648.53 State: building New_task: networking
2015-10-04 17:47:46,415|568187|TOTAL_VMS|Total: 5 vms
2015-10-04 17:47:46,417|568189|NODE_INFO|node-3.domain.tld: 0 State: down disabled
2015-10-04 17:47:46,417|568189|NODE_INFO|node-2.domain.tld: 1 State: up enabled
2015-10-04 17:47:46,417|568189|NODE_INFO|node-4.domain.tld: 4 State: up enabled
2015-10-04 17:47:46,515|568287|TOTAL_VMS|Total: 5 vms
2015-10-04 17:47:46,515|568287|NODE_INFO|node-3.domain.tld: 0 State: down disabled
2015-10-04 17:47:46,515|568287|NODE_INFO|node-2.domain.tld: 1 State: up enabled
2015-10-04 17:47:46,516|568288|NODE_INFO|node-4.domain.tld: 4 State: up enabled
2015-10-04 17:47:46,516|568288|SYS_INFO|Sorting hosts overload
2015-10-04 17:47:46,516|568289|SYS_INFO|Searching for the most overloaded host
2015-10-04 17:47:46,516|568289|SYS_INFO|Not available host
2015-10-04 17:47:47,914|569687|VM_INFO|Host: node-4 Name: random-2, 1443973652.14 State: building New_task: networking
2015-10-04 17:47:47,914|569687|TOTAL_VMS|Total: 5 vms
2015-10-04 17:47:47,914|569687|NODE_INFO|node-3.domain.tld: 0 State: down disabled
2015-10-04 17:47:47,914|569687|NODE_INFO|node-2.domain.tld: 1 State: up enabled
2015-10-04 17:47:47,914|569687|NODE_INFO|node-4.domain.tld: 4 State: up enabled
2015-10-04 17:47:48,773|570545|VM_INFO|Host: node-4 Name: random-1, 1443973648.53 State: building New_task: block_device_mapping
2015-10-04 17:47:48,773|570545|TOTAL_VMS|Total: 5 vms
2015-10-04 17:47:48,773|570545|NODE_INFO|node-3.domain.tld: 0 State: down disabled
2015-10-04 17:47:48,773|570546|NODE_INFO|node-2.domain.tld: 1 State: up enabled
2015-10-04 17:47:48,773|570546|NODE_INFO|node-4.domain.tld: 4 State: up enabled
2015-10-04 17:47:50,006|571778|VM_INFO|Host: node-4 Name: random-1, 1443973648.53 State: building New_task: spawning
2015-10-04 17:47:50,006|571778|TOTAL_VMS|Total: 5 vms
2015-10-04 17:47:50,006|571778|NODE_INFO|node-3.domain.tld: 0 State: down disabled
2015-10-04 17:47:50,006|571778|NODE_INFO|node-2.domain.tld: 1 State: up enabled
2015-10-04 17:47:50,006|571779|NODE_INFO|node-4.domain.tld: 4 State: up enabled
2015-10-04 17:47:50,875|572648|VM_INFO|Host: node-4 Name: random-2, 1443973652.14 State: building New_task: block_device_mapping
2015-10-04 17:47:50,875|572648|TOTAL_VMS|Total: 5 vms
2015-10-04 17:47:50,875|572648|NODE_INFO|node-3.domain.tld: 0 State: down disabled
2015-10-04 17:47:50,875|572648|NODE_INFO|node-2.domain.tld: 1 State: up enabled
2015-10-04 17:47:50,877|572649|NODE_INFO|node-4.domain.tld: 4 State: up enabled
2015-10-04 17:47:51,023|572795|VM_INFO|Host: node-4 Name: random-0, 1443973644.75 State: building New_task: spawning
2015-10-04 17:47:51,023|572796|TOTAL_VMS|Total: 5 vms
2015-10-04 17:47:51,023|572796|NODE_INFO|node-3.domain.tld: 0 State: down disabled
2015-10-04 17:47:51,023|572796|NODE_INFO|node-2.domain.tld: 1 State: up enabled
2015-10-04 17:47:51,025|572797|NODE_INFO|node-4.domain.tld: 4 State: up enabled
2015-10-04 17:47:52,042|573815|VM_INFO|Host: node-4 Name: random-2, 1443973652.14 State: building New_task: spawning
2015-10-04 17:47:52,043|573815|TOTAL_VMS|Total: 5 vms
2015-10-04 17:47:52,043|573815|NODE_INFO|node-3.domain.tld: 0 State: down disabled
2015-10-04 17:47:52,043|573815|NODE_INFO|node-2.domain.tld: 1 State: up enabled
2015-10-04 17:47:52,043|573815|NODE_INFO|node-4.domain.tld: 4 State: up enabled
2015-10-04 17:47:52,305|574077|TOTAL_VMS|Total: 5 vms
2015-10-04 17:47:52,305|574077|NODE_INFO|node-3.domain.tld: 0 State: down disabled
2015-10-04 17:47:52,305|574077|NODE_INFO|node-2.domain.tld: 1 State: up enabled
2015-10-04 17:47:52,305|574078|NODE_INFO|node-4.domain.tld: 4 State: up enabled
2015-10-04 17:47:52,305|574078|SYS_INFO|Sorting hosts overload
2015-10-04 17:47:52,306|574078|SYS_INFO|Searching for the most overloaded host
2015-10-04 17:47:52,306|574078|SYS_INFO|Not available host
2015-10-04 17:47:59,631|581403|VM_INFO|Host: node-4 Name: random-1, 1443973648.53 State: building New_task: spawning
2015-10-04 17:47:59,631|581404|TOTAL_VMS|Total: 5 vms
2015-10-04 17:47:59,631|581404|NODE_INFO|node-3.domain.tld: 0 State: down disabled
2015-10-04 17:47:59,631|581404|NODE_INFO|node-2.domain.tld: 1 State: up enabled
2015-10-04 17:47:59,631|581404|NODE_INFO|node-4.domain.tld: 4 State: up enabled
2015-10-04 17:47:59,894|581666|VM_INFO|Host: node-4 Name: random-2, 1443973652.14 State: building New_task: spawning
2015-10-04 17:47:59,894|581667|TOTAL_VMS|Total: 5 vms
2015-10-04 17:47:59,894|581667|NODE_INFO|node-3.domain.tld: 0 State: down disabled
2015-10-04 17:47:59,894|581667|NODE_INFO|node-2.domain.tld: 1 State: up enabled
2015-10-04 17:47:59,894|581667|NODE_INFO|node-4.domain.tld: 4 State: up enabled
2015-10-04 17:48:00,799|582572|TOTAL_VMS|Total: 5 vms
2015-10-04 17:48:00,801|582573|NODE_INFO|node-3.domain.tld: 0 State: down disabled
2015-10-04 17:48:00,801|582573|NODE_INFO|node-2.domain.tld: 1 State: up enabled
2015-10-04 17:48:00,801|582573|NODE_INFO|node-4.domain.tld: 4 State: up enabled
2015-10-04 17:48:00,801|582573|SYS_INFO|Sorting hosts overload
2015-10-04 17:48:00,802|582574|SYS_INFO|Searching for the most overloaded host
2015-10-04 17:48:00,802|582574|SYS_INFO|Found host node-4.domain.tld
2015-10-04 17:48:00,802|582574|SYS_INFO|Found instance to migrate random 11443973503.35
2015-10-04 17:48:00,802|582574|SYS_INFO|Weight with: 144.45115810674724 Weight without: 190.89627391742195
2015-10-04 17:48:00,802|582575|SYS_INFO|Scheduled migrate to node-2.domain.tld
2015-10-04 17:48:01,907|583680|TOTAL_VMS|Total: 5 vms
2015-10-04 17:48:01,908|583680|NODE_INFO|node-3.domain.tld: 0 State: down disabled
2015-10-04 17:48:01,908|583680|NODE_INFO|node-2.domain.tld: 1 State: up enabled
2015-10-04 17:48:01,908|583680|NODE_INFO|node-4.domain.tld: 4 State: up enabled
2015-10-04 17:48:01,908|583680|SYS_INFO|Sorting hosts overload
2015-10-04 17:48:01,908|583680|SYS_INFO|Searching for the most overloaded host
2015-10-04 17:48:01,908|583680|SYS_INFO|Found host node-4.domain.tld
2015-10-04 17:48:01,910|583682|SYS_INFO|Found instance to migrate random 11443973503.35
2015-10-04 17:48:01,910|583682|SYS_INFO|Weight with: 144.45115810674724 Weight without: 190.89627391742195
2015-10-04 17:48:01,910|583682|SYS_INFO|Failed to schedule migrate, task already exists
2015-10-04 17:48:17,450|599222|VM_INFO|Host: node-4 Name: random-0, 1443973644.75 State: active New_task: None
2015-10-04 17:48:17,450|599222|TOTAL_VMS|Total: 5 vms
2015-10-04 17:48:17,450|599223|NODE_INFO|node-3.domain.tld: 0 State: down disabled
2015-10-04 17:48:17,451|599223|NODE_INFO|node-2.domain.tld: 1 State: up enabled
2015-10-04 17:48:17,451|599223|NODE_INFO|node-4.domain.tld: 4 State: up enabled
2015-10-04 17:48:20,469|602241|SYS_INFO|Initializing RabbitMQMessageService
2015-10-04 17:48:20,476|602249|SYS_INFO|Collecting information about compute nodes
2015-10-04 17:48:24,930|606702|SYS_INFO|Scheduled live migration of server random 11443973503.35 ID: 71f1b8df-2324-4524-851f-d770b065bdf2
2015-10-04 17:48:24,930|606703|SYS_INFO|Deleted migrate task ID 71f1b8df-2324-4524-851f-d770b065bdf2
2015-10-04 17:48:26,171|607944|SYS_INFO|Collecting information about services
2015-10-04 17:48:28,733|610506|SYS_INFO|Collecting information about VMs
2015-10-04 17:49:30,150|671922|SYS_INFO|Processing collected data
2015-10-04 17:49:30,154|671926|VM_INFO|Host: node-4 Name: random 11443973503.35 State: active New_task: migrating
2015-10-04 17:49:30,154|671927|TOTAL_VMS|Total: 5 vms
2015-10-04 17:49:30,154|671927|NODE_INFO|node-3.domain.tld: 0 State: down disabled
2015-10-04 17:49:30,154|671927|NODE_INFO|node-2.domain.tld: 0 State: up enabled
2015-10-04 17:49:30,154|671927|NODE_INFO|node-4.domain.tld: 0 State: up enabled
2015-10-04 17:49:30,155|671927|VM_INFO|Host: node-2 Name: random 01443973497.31 State: active New_task: None
2015-10-04 17:49:30,155|671927|TOTAL_VMS|Total: 5 vms
2015-10-04 17:49:30,155|671927|NODE_INFO|node-3.domain.tld: 0 State: down disabled
2015-10-04 17:49:30,155|671927|NODE_INFO|node-2.domain.tld: 0 State: up enabled
2015-10-04 17:49:30,155|671927|NODE_INFO|node-4.domain.tld: 1 State: up enabled
2015-10-04 17:49:30,157|671929|VM_INFO|Host: node-4 Name: random-2, 1443973652.14 State: active New_task: None
2015-10-04 17:49:30,157|671929|TOTAL_VMS|Total: 5 vms
2015-10-04 17:49:30,157|671929|NODE_INFO|node-3.domain.tld: 0 State: down disabled
2015-10-04 17:49:30,157|671929|NODE_INFO|node-2.domain.tld: 1 State: up enabled
2015-10-04 17:49:30,157|671929|NODE_INFO|node-4.domain.tld: 1 State: up enabled
2015-10-04 17:49:30,157|671930|VM_INFO|Host: node-4 Name: random-1, 1443973648.53 State: active New_task: None
2015-10-04 17:49:30,157|671930|TOTAL_VMS|Total: 5 vms
2015-10-04 17:49:30,157|671930|NODE_INFO|node-3.domain.tld: 0 State: down disabled
2015-10-04 17:49:30,157|671930|NODE_INFO|node-2.domain.tld: 1 State: up enabled
2015-10-04 17:49:30,157|671930|NODE_INFO|node-4.domain.tld: 2 State: up enabled
2015-10-04 17:49:30,158|671930|VM_INFO|Host: node-4 Name: random-0, 1443973644.75 State: active New_task: None
2015-10-04 17:49:30,158|671930|TOTAL_VMS|Total: 5 vms
2015-10-04 17:49:30,158|671930|NODE_INFO|node-3.domain.tld: 0 State: down disabled
2015-10-04 17:49:30,158|671930|NODE_INFO|node-2.domain.tld: 1 State: up enabled
2015-10-04 17:49:30,158|671930|NODE_INFO|node-4.domain.tld: 3 State: up enabled
2015-10-04 17:49:30,160|671932|TOTAL_VMS|Total: 5 vms
2015-10-04 17:49:30,160|671932|NODE_INFO|node-3.domain.tld: 0 State: down disabled
2015-10-04 17:49:30,160|671932|NODE_INFO|node-2.domain.tld: 1 State: up enabled
2015-10-04 17:49:30,160|671932|NODE_INFO|node-4.domain.tld: 4 State: up enabled
2015-10-04 17:49:30,161|671933|VM_INFO|Host: node-4 Name: random 11443973503.35 State: active New_task: migrating
2015-10-04 17:49:30,161|671934|TOTAL_VMS|Total: 5 vms
2015-10-04 17:49:30,161|671934|NODE_INFO|node-3.domain.tld: 0 State: down disabled
2015-10-04 17:49:30,164|671936|SYS_INFO|Scheduled periodic check for 180 sec
2015-10-04 17:49:30,164|671936|NODE_INFO|node-2.domain.tld: 1 State: up enabled
2015-10-04 17:49:30,164|671937|NODE_INFO|node-4.domain.tld: 4 State: up enabled
2015-10-04 17:49:30,164|671937|SYS_INFO|Sorting hosts overload
2015-10-04 17:49:30,164|671937|SYS_INFO|Searching for the most overloaded host
2015-10-04 17:49:30,164|671937|SYS_INFO|Skipping host node-4.domain.tld , it has migrating instances
2015-10-04 17:49:30,165|671937|SYS_INFO|Found host node-2.domain.tld
2015-10-04 17:49:30,165|671937|SYS_INFO|Found instance to migrate random 01443973497.31
2015-10-04 17:49:30,165|671937|SYS_INFO|Not available host
2015-10-04 17:49:30,194|671967|VM_INFO|Host: node-4 Name: random-1, 1443973648.53 State: active New_task: None
2015-10-04 17:49:30,196|671968|TOTAL_VMS|Total: 5 vms
2015-10-04 17:49:30,196|671968|NODE_INFO|node-3.domain.tld: 0 State: down disabled
2015-10-04 17:49:30,196|671968|NODE_INFO|node-2.domain.tld: 1 State: up enabled
2015-10-04 17:49:30,197|671969|NODE_INFO|node-4.domain.tld: 4 State: up enabled
2015-10-04 17:49:30,197|671969|VM_INFO|Host: node-4 Name: random-2, 1443973652.14 State: active New_task: None
2015-10-04 17:49:30,197|671970|TOTAL_VMS|Total: 5 vms
2015-10-04 17:49:30,197|671970|NODE_INFO|node-3.domain.tld: 0 State: down disabled
2015-10-04 17:49:30,197|671970|NODE_INFO|node-2.domain.tld: 1 State: up enabled
2015-10-04 17:49:30,198|671970|NODE_INFO|node-4.domain.tld: 4 State: up enabled
2015-10-04 17:49:30,302|672074|VM_INFO|Host: node-4 Name: random 11443973503.35 State: active New_task: migrating
2015-10-04 17:49:30,302|672075|TOTAL_VMS|Total: 5 vms
2015-10-04 17:49:30,302|672075|NODE_INFO|node-3.domain.tld: 0 State: down disabled
2015-10-04 17:49:30,302|672075|NODE_INFO|node-2.domain.tld: 1 State: up enabled
2015-10-04 17:49:30,302|672075|NODE_INFO|node-4.domain.tld: 4 State: up enabled
2015-10-04 17:49:30,335|672107|TOTAL_VMS|Total: 5 vms
2015-10-04 17:49:30,335|672107|NODE_INFO|node-3.domain.tld: 0 State: down disabled
2015-10-04 17:49:30,335|672108|NODE_INFO|node-2.domain.tld: 1 State: up enabled
2015-10-04 17:49:30,335|672108|NODE_INFO|node-4.domain.tld: 4 State: up enabled
2015-10-04 17:49:30,335|672108|SYS_INFO|Sorting hosts overload
2015-10-04 17:49:30,335|672108|SYS_INFO|Searching for the most overloaded host
2015-10-04 17:49:30,335|672108|SYS_INFO|Skipping host node-4.domain.tld , it has migrating instances
2015-10-04 17:49:30,336|672108|SYS_INFO|Found host node-2.domain.tld
2015-10-04 17:49:30,336|672108|SYS_INFO|Found instance to migrate random 01443973497.31
2015-10-04 17:49:30,336|672108|SYS_INFO|Not available host
2015-10-04 17:49:57,723|699496|VM_INFO|Host: node-2 Name: random 11443973503.35 State: active New_task: None
2015-10-04 17:49:57,723|699496|TOTAL_VMS|Total: 5 vms
2015-10-04 17:49:57,723|699496|NODE_INFO|node-3.domain.tld: 0 State: down disabled
2015-10-04 17:49:57,723|699496|NODE_INFO|node-2.domain.tld: 1 State: up enabled
2015-10-04 17:49:57,724|699496|NODE_INFO|node-4.domain.tld: 4 State: up enabled
2015-10-04 17:49:58,532|700305|TOTAL_VMS|Total: 5 vms
2015-10-04 17:49:58,532|700305|NODE_INFO|node-3.domain.tld: 0 State: down disabled
2015-10-04 17:49:58,532|700305|NODE_INFO|node-2.domain.tld: 2 State: up enabled
2015-10-04 17:49:58,532|700305|NODE_INFO|node-4.domain.tld: 3 State: up enabled
2015-10-04 17:49:58,533|700305|SYS_INFO|Sorting hosts overload
2015-10-04 17:49:58,533|700305|SYS_INFO|Searching for the most overloaded host
2015-10-04 17:49:58,533|700305|SYS_INFO|Not available host
2015-10-04 17:50:05,430|707202|TOTAL_VMS|Total: 5 vms
2015-10-04 17:50:05,430|707203|NODE_INFO|node-3.domain.tld: 0 State: down disabled
2015-10-04 17:50:05,430|707203|NODE_INFO|node-2.domain.tld: 2 State: up enabled
2015-10-04 17:50:05,430|707203|NODE_INFO|node-4.domain.tld: 3 State: up enabled
2015-10-04 17:50:05,430|707203|SYS_INFO|Sorting hosts overload
2015-10-04 17:50:05,430|707203|SYS_INFO|Searching for the most overloaded host
2015-10-04 17:50:05,431|707203|SYS_INFO|Found host node-4.domain.tld
2015-10-04 17:50:05,431|707203|SYS_INFO|Found instance to migrate random-2, 1443973652.14
2015-10-04 17:50:05,431|707203|SYS_INFO|Migration will have no effect
2015-10-04 17:50:05,431|707203|SYS_INFO|Not available host
2015-10-04 17:50:05,433|707205|SYS_INFO|Found instance to migrate random-1, 1443973648.53
2015-10-04 17:50:05,433|707205|SYS_INFO|Migration will have no effect
2015-10-04 17:50:05,433|707205|SYS_INFO|Not available host
2015-10-04 17:50:05,433|707205|SYS_INFO|Found instance to migrate random-0, 1443973644.75
2015-10-04 17:50:05,434|707206|SYS_INFO|Migration will have no effect
2015-10-04 17:50:05,434|707206|SYS_INFO|Not available host
2015-10-04 17:52:30,164|851936|SYS_INFO|Initializing RabbitMQMessageService
2015-10-04 17:52:30,171|851943|SYS_INFO|Collecting information about compute nodes
2015-10-04 17:52:36,598|858370|SYS_INFO|Collecting information about services
2015-10-04 17:52:38,411|860184|SYS_INFO|Collecting information about VMs
2015-10-04 17:52:41,612|863384|SYS_INFO|Processing collected data
2015-10-04 17:52:41,617|863389|VM_INFO|Host: node-2 Name: random 11443973503.35 State: active New_task: None
2015-10-04 17:52:41,618|863390|TOTAL_VMS|Total: 5 vms
2015-10-04 17:52:41,618|863390|NODE_INFO|node-3.domain.tld: 0 State: down disabled
2015-10-04 17:52:41,618|863390|NODE_INFO|node-2.domain.tld: 0 State: up enabled
2015-10-04 17:52:41,618|863390|NODE_INFO|node-4.domain.tld: 0 State: up enabled
2015-10-04 17:52:41,618|863390|VM_INFO|Host: node-2 Name: random 01443973497.31 State: active New_task: None
2015-10-04 17:52:41,618|863390|TOTAL_VMS|Total: 5 vms
2015-10-04 17:52:41,618|863391|NODE_INFO|node-3.domain.tld: 0 State: down disabled
2015-10-04 17:52:41,618|863391|NODE_INFO|node-2.domain.tld: 1 State: up enabled
2015-10-04 17:52:41,618|863391|NODE_INFO|node-4.domain.tld: 0 State: up enabled
2015-10-04 17:52:41,618|863391|VM_INFO|Host: node-4 Name: random-2, 1443973652.14 State: active New_task: None
2015-10-04 17:52:41,618|863391|TOTAL_VMS|Total: 5 vms
2015-10-04 17:52:41,618|863391|NODE_INFO|node-3.domain.tld: 0 State: down disabled
2015-10-04 17:52:41,619|863391|NODE_INFO|node-2.domain.tld: 2 State: up enabled
2015-10-04 17:52:41,619|863391|NODE_INFO|node-4.domain.tld: 0 State: up enabled
2015-10-04 17:52:41,619|863391|VM_INFO|Host: node-4 Name: random-1, 1443973648.53 State: active New_task: None
2015-10-04 17:52:41,619|863391|TOTAL_VMS|Total: 5 vms
2015-10-04 17:52:41,619|863391|NODE_INFO|node-3.domain.tld: 0 State: down disabled
2015-10-04 17:52:41,619|863391|NODE_INFO|node-2.domain.tld: 2 State: up enabled
2015-10-04 17:52:41,619|863391|NODE_INFO|node-4.domain.tld: 1 State: up enabled
2015-10-04 17:52:41,621|863393|VM_INFO|Host: node-4 Name: random-0, 1443973644.75 State: active New_task: None
2015-10-04 17:52:41,621|863393|TOTAL_VMS|Total: 5 vms
2015-10-04 17:52:41,621|863393|NODE_INFO|node-3.domain.tld: 0 State: down disabled
2015-10-04 17:52:41,621|863393|NODE_INFO|node-2.domain.tld: 2 State: up enabled
2015-10-04 17:52:41,621|863393|NODE_INFO|node-4.domain.tld: 2 State: up enabled
2015-10-04 17:52:41,621|863393|TOTAL_VMS|Total: 5 vms
2015-10-04 17:52:41,621|863394|NODE_INFO|node-3.domain.tld: 0 State: down disabled
2015-10-04 17:52:41,621|863394|NODE_INFO|node-2.domain.tld: 2 State: up enabled
2015-10-04 17:52:41,621|863394|NODE_INFO|node-4.domain.tld: 3 State: up enabled
2015-10-04 17:52:41,622|863394|SYS_INFO|Sorting hosts overload
2015-10-04 17:52:41,624|863396|SYS_INFO|Searching for the most overloaded host
2015-10-04 17:52:41,625|863397|SYS_INFO|Scheduled periodic check for 180 sec
2015-10-04 17:52:41,625|863397|SYS_INFO|Found host node-4.domain.tld
2015-10-04 17:52:41,625|863397|SYS_INFO|Found instance to migrate random-2, 1443973652.14
2015-10-04 17:52:41,625|863398|SYS_INFO|Migration will have no effect
2015-10-04 17:52:41,625|863398|SYS_INFO|Not available host
2015-10-04 17:52:41,625|863398|SYS_INFO|Found instance to migrate random-1, 1443973648.53
2015-10-04 17:52:41,627|863399|SYS_INFO|Migration will have no effect
2015-10-04 17:52:41,627|863399|SYS_INFO|Not available host
2015-10-04 17:52:41,627|863399|SYS_INFO|Found instance to migrate random-0, 1443973644.75
2015-10-04 17:52:41,628|863400|SYS_INFO|Migration will have no effect
2015-10-04 17:52:41,628|863400|SYS_INFO|Not available host
2015-10-04 17:52:53,670|875442|SYS_INFO|Connection closed
