2015-10-06 01:33:32,346|1183|SYS_INFO|Initializing RabbitMQMessageService
2015-10-06 01:33:32,469|1305|SYS_INFO|Collecting information about compute nodes
2015-10-06 01:33:33,608|2444|SYS_INFO|Collecting information about services
2015-10-06 01:33:34,770|3607|SYS_INFO|Collecting information about VMs
2015-10-06 01:33:36,859|5696|SYS_INFO|Processing collected data
2015-10-06 01:33:36,861|5697|SYS_INFO|node-3.domain.tld MW: 330.231621349 MWMI: 330.231621349
2015-10-06 01:33:36,861|5697|SYS_INFO|node-2.domain.tld MW: 144.451158107 MWMI: 144.451158107
2015-10-06 01:33:36,861|5698|SYS_INFO|node-4.domain.tld MW: 237.341389728 MWMI: 237.341389728
2015-10-06 01:33:49,562|18398|VM_INFO|Host: node-2 Name: random-1, 1444087220.04 State: active New_task: None
2015-10-06 01:33:49,562|18399|VM_INFO|Host: node-2 Name: random 01444075822.89 State: active New_task: None
2015-10-06 01:33:49,562|18399|VM_INFO|Host: node-4 Name: random-0, 1444087211.36 State: active New_task: None
2015-10-06 01:33:49,562|18399|VM_INFO|Host: node-4 Name: random-2, 1444087226.55 State: active New_task: None
2015-10-06 01:33:49,562|18399|VM_INFO|Host: node-4 Name: random 11444075826.74 State: active New_task: None
2015-10-06 01:33:49,562|18399|VM_INFO|Host: node-4 Name: random 01444086873.36 State: active New_task: None
2015-10-06 01:33:49,562|18399|TOTAL_VMS|Total: 6 vms
2015-10-06 01:33:49,563|18400|NODE_INFO|node-3.domain.tld: 0 State: down disabled
2015-10-06 01:33:49,563|18400|NODE_INFO|node-2.domain.tld: 2 State: up enabled
2015-10-06 01:33:49,563|18400|NODE_INFO|node-4.domain.tld: 4 State: up enabled
2015-10-06 01:33:49,563|18400|SYS_INFO|Sorting hosts overload
2015-10-06 01:33:49,563|18400|SYS_INFO|node-2.domain.tld MW: 144.451158107 MWMI: 144.451158107
2015-10-06 01:33:49,565|18401|SYS_INFO|Searching for the most overloaded host
2015-10-06 01:33:49,565|18401|SYS_INFO|Found host node-4.domain.tld
2015-10-06 01:33:49,565|18401|SYS_INFO|Found instance to migrate random 01444086873.36
2015-10-06 01:33:49,565|18401|SYS_INFO|Found instance to migrate random-0, 1444087211.36
2015-10-06 01:33:49,565|18401|SYS_INFO|Found instance to migrate random-2, 1444087226.55
2015-10-06 01:33:49,565|18402|SYS_INFO|Found instance to migrate random 11444075826.74
2015-10-06 01:33:49,565|18402|SYS_INFO|Scheduled periodic check for 180 sec
2015-10-06 01:36:49,565|198402|SYS_INFO|Initializing RabbitMQMessageService
2015-10-06 01:36:49,572|198409|SYS_INFO|Collecting information about compute nodes
2015-10-06 01:36:54,552|203389|SYS_INFO|Collecting information about services
2015-10-06 01:36:56,408|205245|SYS_INFO|Collecting information about VMs
2015-10-06 01:36:58,651|207488|SYS_INFO|Processing collected data
2015-10-06 01:36:58,653|207490|SYS_INFO|node-3.domain.tld MW: 330.231621349 MWMI: 330.231621349
2015-10-06 01:36:58,654|207490|SYS_INFO|node-2.domain.tld MW: 144.451158107 MWMI: 144.451158107
2015-10-06 01:36:58,654|207491|SYS_INFO|node-4.domain.tld MW: 237.341389728 MWMI: 237.341389728
2015-10-06 01:36:58,658|207495|VM_INFO|Host: node-2 Name: random-1, 1444087220.04 State: active New_task: None
2015-10-06 01:36:58,658|207495|VM_INFO|Host: node-2 Name: random 01444075822.89 State: active New_task: None
2015-10-06 01:36:58,660|207496|VM_INFO|Host: node-4 Name: random-0, 1444087211.36 State: active New_task: None
2015-10-06 01:36:58,660|207496|VM_INFO|Host: node-4 Name: random-2, 1444087226.55 State: active New_task: None
2015-10-06 01:36:58,660|207496|VM_INFO|Host: node-4 Name: random 11444075826.74 State: active New_task: None
2015-10-06 01:36:58,660|207496|VM_INFO|Host: node-4 Name: random 01444086873.36 State: active New_task: None
2015-10-06 01:36:58,660|207496|TOTAL_VMS|Total: 6 vms
2015-10-06 01:36:58,660|207496|NODE_INFO|node-3.domain.tld: 0 State: down disabled
2015-10-06 01:36:58,661|207497|NODE_INFO|node-2.domain.tld: 2 State: up enabled
2015-10-06 01:36:58,661|207497|NODE_INFO|node-4.domain.tld: 4 State: up enabled
2015-10-06 01:36:58,661|207498|SYS_INFO|Sorting hosts overload
2015-10-06 01:36:58,663|207500|SYS_INFO|Scheduled periodic check for 180 sec
2015-10-06 01:36:58,663|207500|SYS_INFO|node-2.domain.tld MW: 144.451158107 MWMI: 144.451158107
2015-10-06 01:36:58,664|207500|SYS_INFO|Searching for the most overloaded host
2015-10-06 01:36:58,664|207500|SYS_INFO|Found host node-4.domain.tld
2015-10-06 01:36:58,664|207500|SYS_INFO|Found instance to migrate random 01444086873.36
2015-10-06 01:36:58,664|207501|SYS_INFO|Found instance to migrate random-0, 1444087211.36
2015-10-06 01:36:58,664|207501|SYS_INFO|Found instance to migrate random-2, 1444087226.55
2015-10-06 01:36:58,664|207501|SYS_INFO|Found instance to migrate random 11444075826.74
2015-10-06 01:37:39,986|248823|SYS_INFO|Connection closed
