2015-10-06 01:08:07,227|1424|SYS_INFO|Initializing RabbitMQMessageService
2015-10-06 01:08:07,346|1543|SYS_INFO|Collecting information about compute nodes
2015-10-06 01:08:08,072|2269|SYS_INFO|Collecting information about services
2015-10-06 01:08:08,934|3131|SYS_INFO|Collecting information about VMs
2015-10-06 01:08:09,779|3976|SYS_INFO|Processing collected data
2015-10-06 01:08:09,780|3977|SYS_INFO|node-3.domain.tld MW: 330.231621349 MWMI: 330.231621349
2015-10-06 01:08:09,780|3977|SYS_INFO|node-2.domain.tld MW: 98.0060422961 MWMI: 98.0060422961
2015-10-06 01:08:09,780|3977|SYS_INFO|node-4.domain.tld MW: 98.0060422961 MWMI: 98.0060422961
2015-10-06 01:08:20,512|14709|VM_INFO|Host: node-2 Name: random 01444075822.89 State: active New_task: None
2015-10-06 01:08:20,512|14709|TOTAL_VMS|Total: 2 vms
2015-10-06 01:08:20,512|14709|NODE_INFO|node-3.domain.tld: 0 State: down disabled
2015-10-06 01:08:20,513|14710|NODE_INFO|node-2.domain.tld: 0 State: up enabled
2015-10-06 01:08:20,513|14710|NODE_INFO|node-4.domain.tld: 0 State: up enabled
2015-10-06 01:08:20,513|14710|VM_INFO|Host: node-4 Name: random 11444075826.74 State: active New_task: None
2015-10-06 01:08:20,513|14710|TOTAL_VMS|Total: 2 vms
2015-10-06 01:08:20,513|14710|NODE_INFO|node-3.domain.tld: 0 State: down disabled
2015-10-06 01:08:20,513|14710|NODE_INFO|node-2.domain.tld: 1 State: up enabled
2015-10-06 01:08:20,513|14710|NODE_INFO|node-4.domain.tld: 0 State: up enabled
2015-10-06 01:08:20,513|14710|TOTAL_VMS|Total: 2 vms
2015-10-06 01:08:20,513|14710|NODE_INFO|node-3.domain.tld: 0 State: down disabled
2015-10-06 01:08:20,513|14710|NODE_INFO|node-2.domain.tld: 1 State: up enabled
2015-10-06 01:08:20,515|14712|NODE_INFO|node-4.domain.tld: 1 State: up enabled
2015-10-06 01:08:20,515|14712|SYS_INFO|Sorting hosts overload
2015-10-06 01:08:20,515|14712|SYS_INFO|Searching for the most overloaded host
2015-10-06 01:08:20,515|14712|SYS_INFO|Not available host
2015-10-06 01:08:20,516|14713|SYS_INFO|Scheduled periodic check for 180 sec
2015-10-06 01:11:20,516|194713|SYS_INFO|Initializing RabbitMQMessageService
2015-10-06 01:11:20,525|194722|SYS_INFO|Collecting information about compute nodes
2015-10-06 01:11:21,181|195378|SYS_INFO|Collecting information about services
2015-10-06 01:11:21,816|196013|SYS_INFO|Collecting information about VMs
2015-10-06 01:11:22,686|196883|SYS_INFO|Processing collected data
2015-10-06 01:11:22,686|196883|SYS_INFO|node-3.domain.tld MW: 330.231621349 MWMI: 330.231621349
2015-10-06 01:11:22,687|196884|SYS_INFO|node-2.domain.tld MW: 98.0060422961 MWMI: 98.0060422961
2015-10-06 01:11:22,687|196884|SYS_INFO|node-4.domain.tld MW: 98.0060422961 MWMI: 98.0060422961
2015-10-06 01:11:22,687|196884|VM_INFO|Host: node-2 Name: random 01444075822.89 State: active New_task: None
2015-10-06 01:11:22,688|196885|TOTAL_VMS|Total: 2 vms
2015-10-06 01:11:22,688|196885|NODE_INFO|node-3.domain.tld: 0 State: down disabled
2015-10-06 01:11:22,688|196885|NODE_INFO|node-2.domain.tld: 0 State: up enabled
2015-10-06 01:11:22,688|196885|NODE_INFO|node-4.domain.tld: 0 State: up enabled
2015-10-06 01:11:22,688|196885|VM_INFO|Host: node-4 Name: random 11444075826.74 State: active New_task: None
2015-10-06 01:11:22,690|196887|TOTAL_VMS|Total: 2 vms
2015-10-06 01:11:22,690|196887|NODE_INFO|node-3.domain.tld: 0 State: down disabled
2015-10-06 01:11:22,690|196887|NODE_INFO|node-2.domain.tld: 1 State: up enabled
2015-10-06 01:11:22,690|196887|NODE_INFO|node-4.domain.tld: 0 State: up enabled
2015-10-06 01:11:22,690|196888|TOTAL_VMS|Total: 2 vms
2015-10-06 01:11:22,690|196888|NODE_INFO|node-3.domain.tld: 0 State: down disabled
2015-10-06 01:11:22,690|196888|NODE_INFO|node-2.domain.tld: 1 State: up enabled
2015-10-06 01:11:22,690|196888|NODE_INFO|node-4.domain.tld: 1 State: up enabled
2015-10-06 01:11:22,691|196888|SYS_INFO|Scheduled periodic check for 180 sec
2015-10-06 01:11:24,538|198735|SYS_INFO|Sorting hosts overload
2015-10-06 01:11:24,538|198735|SYS_INFO|Searching for the most overloaded host
2015-10-06 01:11:24,538|198735|SYS_INFO|Not available host
2015-10-06 01:14:22,691|376888|SYS_INFO|Initializing RabbitMQMessageService
2015-10-06 01:14:22,698|376895|SYS_INFO|Collecting information about compute nodes
2015-10-06 01:14:23,469|377666|SYS_INFO|Collecting information about services
2015-10-06 01:14:24,398|378595|SYS_INFO|Collecting information about VMs
2015-10-06 01:14:25,325|379523|SYS_INFO|Processing collected data
2015-10-06 01:14:25,326|379523|SYS_INFO|node-3.domain.tld MW: 330.231621349 MWMI: 330.231621349
2015-10-06 01:14:25,328|379525|SYS_INFO|node-2.domain.tld MW: 98.0060422961 MWMI: 98.0060422961
2015-10-06 01:14:25,328|379525|SYS_INFO|node-4.domain.tld MW: 98.0060422961 MWMI: 98.0060422961
2015-10-06 01:14:25,328|379526|VM_INFO|Host: node-2 Name: random 01444075822.89 State: active New_task: None
2015-10-06 01:14:25,329|379526|TOTAL_VMS|Total: 2 vms
2015-10-06 01:14:25,329|379526|NODE_INFO|node-3.domain.tld: 0 State: down disabled
2015-10-06 01:14:25,329|379526|NODE_INFO|node-2.domain.tld: 0 State: up enabled
2015-10-06 01:14:25,329|379526|NODE_INFO|node-4.domain.tld: 0 State: up enabled
2015-10-06 01:14:25,329|379526|VM_INFO|Host: node-4 Name: random 11444075826.74 State: active New_task: None
2015-10-06 01:14:25,331|379528|TOTAL_VMS|Total: 2 vms
2015-10-06 01:14:25,331|379528|NODE_INFO|node-3.domain.tld: 0 State: down disabled
2015-10-06 01:14:25,331|379528|NODE_INFO|node-2.domain.tld: 1 State: up enabled
2015-10-06 01:14:25,331|379528|NODE_INFO|node-4.domain.tld: 0 State: up enabled
2015-10-06 01:14:25,331|379528|TOTAL_VMS|Total: 2 vms
2015-10-06 01:14:25,332|379529|NODE_INFO|node-3.domain.tld: 0 State: down disabled
2015-10-06 01:14:25,332|379529|NODE_INFO|node-2.domain.tld: 1 State: up enabled
2015-10-06 01:14:25,332|379529|NODE_INFO|node-4.domain.tld: 1 State: up enabled
2015-10-06 01:14:25,334|379531|SYS_INFO|Scheduled periodic check for 180 sec
2015-10-06 01:14:27,940|382138|SYS_INFO|Sorting hosts overload
2015-10-06 01:14:27,940|382138|SYS_INFO|Searching for the most overloaded host
2015-10-06 01:14:27,940|382138|SYS_INFO|Not available host
2015-10-06 01:14:36,595|390792|VM_INFO|Host: None Name: random 01444086873.36 State: building New_task: scheduling
2015-10-06 01:14:36,595|390792|TOTAL_VMS|Total: 3 vms
2015-10-06 01:14:36,595|390792|NODE_INFO|node-3.domain.tld: 0 State: down disabled
2015-10-06 01:14:36,595|390792|NODE_INFO|node-2.domain.tld: 1 State: up enabled
2015-10-06 01:14:36,595|390792|NODE_INFO|node-4.domain.tld: 1 State: up enabled
2015-10-06 01:14:38,841|393038|VM_INFO|Host: None Name: random 01444086873.36 State: building New_task: None
2015-10-06 01:14:38,841|393038|TOTAL_VMS|Total: 3 vms
2015-10-06 01:14:38,841|393038|NODE_INFO|node-3.domain.tld: 0 State: down disabled
2015-10-06 01:14:38,842|393039|NODE_INFO|node-2.domain.tld: 1 State: up enabled
2015-10-06 01:14:38,842|393039|NODE_INFO|node-4.domain.tld: 1 State: up enabled
2015-10-06 01:14:39,115|393312|VM_INFO|Host: node-2 Name: random 01444086873.36 State: building New_task: None
2015-10-06 01:14:39,115|393312|TOTAL_VMS|Total: 3 vms
2015-10-06 01:14:39,115|393312|NODE_INFO|node-3.domain.tld: 0 State: down disabled
2015-10-06 01:14:39,115|393312|NODE_INFO|node-2.domain.tld: 1 State: up enabled
2015-10-06 01:14:39,115|393312|NODE_INFO|node-4.domain.tld: 1 State: up enabled
2015-10-06 01:14:39,187|393384|SYS_INFO|node-2.domain.tld MW: 144.451158107 MWMI: 144.451158107
2015-10-06 01:14:39,187|393384|TOTAL_VMS|Total: 3 vms
2015-10-06 01:14:39,188|393385|NODE_INFO|node-3.domain.tld: 0 State: down disabled
2015-10-06 01:14:39,188|393385|NODE_INFO|node-2.domain.tld: 2 State: up enabled
2015-10-06 01:14:39,188|393385|NODE_INFO|node-4.domain.tld: 1 State: up enabled
2015-10-06 01:14:39,188|393385|SYS_INFO|Sorting hosts overload
2015-10-06 01:14:39,188|393385|SYS_INFO|Searching for the most overloaded host
2015-10-06 01:14:39,190|393387|SYS_INFO|Found host node-2.domain.tld
2015-10-06 01:14:39,190|393387|SYS_INFO|Found instance to migrate random 01444075822.89
2015-10-06 01:14:39,450|393648|VM_INFO|Host: node-2 Name: random 01444086873.36 State: building New_task: networking
2015-10-06 01:14:39,450|393648|TOTAL_VMS|Total: 3 vms
2015-10-06 01:14:39,450|393648|NODE_INFO|node-3.domain.tld: 0 State: down disabled
2015-10-06 01:14:39,451|393648|NODE_INFO|node-2.domain.tld: 2 State: up enabled
2015-10-06 01:14:39,451|393648|NODE_INFO|node-4.domain.tld: 1 State: up enabled
2015-10-06 01:14:39,516|393713|SYS_INFO|node-2.domain.tld MW: 144.451158107 MWMI: 144.451158107
2015-10-06 01:14:39,516|393713|TOTAL_VMS|Total: 3 vms
2015-10-06 01:14:39,516|393713|NODE_INFO|node-3.domain.tld: 0 State: down disabled
2015-10-06 01:14:39,516|393713|NODE_INFO|node-2.domain.tld: 2 State: up enabled
2015-10-06 01:14:39,516|393713|NODE_INFO|node-4.domain.tld: 1 State: up enabled
2015-10-06 01:14:39,516|393713|SYS_INFO|Sorting hosts overload
2015-10-06 01:14:39,516|393713|SYS_INFO|Searching for the most overloaded host
2015-10-06 01:14:39,516|393713|SYS_INFO|Found host node-2.domain.tld
2015-10-06 01:14:39,516|393713|SYS_INFO|Found instance to migrate random 01444075822.89
2015-10-06 01:14:40,158|394355|VM_INFO|Host: node-2 Name: random 01444086873.36 State: building New_task: networking
2015-10-06 01:14:40,158|394355|TOTAL_VMS|Total: 3 vms
2015-10-06 01:14:40,158|394355|NODE_INFO|node-3.domain.tld: 0 State: down disabled
2015-10-06 01:14:40,158|394355|NODE_INFO|node-2.domain.tld: 2 State: up enabled
2015-10-06 01:14:40,158|394355|NODE_INFO|node-4.domain.tld: 1 State: up enabled
2015-10-06 01:14:40,532|394729|VM_INFO|Host: node-2 Name: random 01444086873.36 State: building New_task: block_device_mapping
2015-10-06 01:14:40,532|394730|TOTAL_VMS|Total: 3 vms
2015-10-06 01:14:40,532|394730|NODE_INFO|node-3.domain.tld: 0 State: down disabled
2015-10-06 01:14:40,532|394730|NODE_INFO|node-2.domain.tld: 2 State: up enabled
2015-10-06 01:14:40,532|394730|NODE_INFO|node-4.domain.tld: 1 State: up enabled
2015-10-06 01:14:40,799|394996|VM_INFO|Host: node-2 Name: random 01444086873.36 State: building New_task: spawning
2015-10-06 01:14:40,799|394996|TOTAL_VMS|Total: 3 vms
2015-10-06 01:14:40,799|394996|NODE_INFO|node-3.domain.tld: 0 State: down disabled
2015-10-06 01:14:40,799|394996|NODE_INFO|node-2.domain.tld: 2 State: up enabled
2015-10-06 01:14:40,799|394996|NODE_INFO|node-4.domain.tld: 1 State: up enabled
2015-10-06 01:14:49,062|403259|VM_INFO|Host: node-2 Name: random 01444086873.36 State: building New_task: spawning
2015-10-06 01:14:49,062|403259|TOTAL_VMS|Total: 3 vms
2015-10-06 01:14:49,062|403259|NODE_INFO|node-3.domain.tld: 0 State: down disabled
2015-10-06 01:14:49,062|403259|NODE_INFO|node-2.domain.tld: 2 State: up enabled
2015-10-06 01:14:49,062|403259|NODE_INFO|node-4.domain.tld: 1 State: up enabled
2015-10-06 01:14:49,336|403533|SYS_INFO|node-2.domain.tld MW: 144.451158107 MWMI: 144.451158107
2015-10-06 01:14:49,336|403533|TOTAL_VMS|Total: 3 vms
2015-10-06 01:14:49,336|403533|NODE_INFO|node-3.domain.tld: 0 State: down disabled
2015-10-06 01:14:49,336|403533|NODE_INFO|node-2.domain.tld: 2 State: up enabled
2015-10-06 01:14:49,338|403535|NODE_INFO|node-4.domain.tld: 1 State: up enabled
2015-10-06 01:14:49,338|403535|SYS_INFO|Sorting hosts overload
2015-10-06 01:14:49,338|403535|SYS_INFO|Searching for the most overloaded host
2015-10-06 01:14:49,338|403535|SYS_INFO|Found host node-2.domain.tld
2015-10-06 01:14:49,338|403535|SYS_INFO|Found instance to migrate random 01444075822.89
2015-10-06 01:15:16,022|430219|VM_INFO|Host: node-2 Name: random 01444086873.36 State: active New_task: None
2015-10-06 01:15:16,023|430220|TOTAL_VMS|Total: 3 vms
2015-10-06 01:15:16,023|430220|NODE_INFO|node-3.domain.tld: 0 State: down disabled
2015-10-06 01:15:16,023|430220|NODE_INFO|node-2.domain.tld: 2 State: up enabled
2015-10-06 01:15:16,023|430220|NODE_INFO|node-4.domain.tld: 1 State: up enabled
2015-10-06 01:15:36,480|450677|SYS_INFO|node-2.domain.tld MW: 144.451158107 MWMI: 144.451158107
2015-10-06 01:15:36,480|450677|TOTAL_VMS|Total: 3 vms
2015-10-06 01:15:36,480|450677|NODE_INFO|node-3.domain.tld: 0 State: down disabled
2015-10-06 01:15:36,480|450677|NODE_INFO|node-2.domain.tld: 2 State: up enabled
2015-10-06 01:15:36,480|450677|NODE_INFO|node-4.domain.tld: 1 State: up enabled
2015-10-06 01:15:36,482|450679|SYS_INFO|Sorting hosts overload
2015-10-06 01:15:36,482|450679|SYS_INFO|Searching for the most overloaded host
2015-10-06 01:15:36,482|450679|SYS_INFO|Found host node-2.domain.tld
2015-10-06 01:15:36,482|450679|SYS_INFO|Found instance to migrate random 01444075822.89
2015-10-06 01:15:36,482|450679|SYS_INFO|Found instance to migrate random 01444086873.36
2015-10-06 01:17:25,334|559531|SYS_INFO|Initializing RabbitMQMessageService
2015-10-06 01:17:25,341|559538|SYS_INFO|Collecting information about compute nodes
2015-10-06 01:17:34,757|568954|SYS_INFO|Collecting information about services
2015-10-06 01:17:36,957|571154|SYS_INFO|Collecting information about VMs
2015-10-06 01:17:43,331|577528|SYS_INFO|Processing collected data
2015-10-06 01:17:43,332|577529|SYS_INFO|node-3.domain.tld MW: 330.231621349 MWMI: 330.231621349
2015-10-06 01:17:43,332|577529|SYS_INFO|node-2.domain.tld MW: 144.451158107 MWMI: 144.451158107
2015-10-06 01:17:43,334|577531|SYS_INFO|node-4.domain.tld MW: 98.0060422961 MWMI: 98.0060422961
2015-10-06 01:17:43,335|577532|VM_INFO|Host: node-2 Name: random 01444086873.36 State: active New_task: None
2015-10-06 01:17:43,335|577532|TOTAL_VMS|Total: 3 vms
2015-10-06 01:17:43,335|577532|NODE_INFO|node-3.domain.tld: 0 State: down disabled
2015-10-06 01:17:43,335|577532|NODE_INFO|node-2.domain.tld: 0 State: up enabled
2015-10-06 01:17:43,335|577532|NODE_INFO|node-4.domain.tld: 0 State: up enabled
2015-10-06 01:17:43,335|577532|VM_INFO|Host: node-2 Name: random 01444075822.89 State: active New_task: None
2015-10-06 01:17:43,335|577532|TOTAL_VMS|Total: 3 vms
2015-10-06 01:17:43,336|577533|NODE_INFO|node-3.domain.tld: 0 State: down disabled
2015-10-06 01:17:43,336|577533|NODE_INFO|node-2.domain.tld: 1 State: up enabled
2015-10-06 01:17:43,336|577533|NODE_INFO|node-4.domain.tld: 0 State: up enabled
2015-10-06 01:17:43,336|577533|VM_INFO|Host: node-4 Name: random 11444075826.74 State: active New_task: None
2015-10-06 01:17:43,336|577533|TOTAL_VMS|Total: 3 vms
2015-10-06 01:17:43,336|577533|NODE_INFO|node-3.domain.tld: 0 State: down disabled
2015-10-06 01:17:43,338|577535|NODE_INFO|node-2.domain.tld: 2 State: up enabled
2015-10-06 01:17:43,338|577535|NODE_INFO|node-4.domain.tld: 0 State: up enabled
2015-10-06 01:17:43,338|577535|TOTAL_VMS|Total: 3 vms
2015-10-06 01:17:43,338|577535|NODE_INFO|node-3.domain.tld: 0 State: down disabled
2015-10-06 01:17:43,338|577536|NODE_INFO|node-2.domain.tld: 2 State: up enabled
2015-10-06 01:17:43,338|577536|NODE_INFO|node-4.domain.tld: 1 State: up enabled
2015-10-06 01:17:43,339|577536|SYS_INFO|Sorting hosts overload
2015-10-06 01:17:43,339|577536|SYS_INFO|Searching for the most overloaded host
2015-10-06 01:17:43,341|577538|SYS_INFO|Found host node-2.domain.tld
2015-10-06 01:17:43,341|577538|SYS_INFO|Found instance to migrate random 01444086873.36
2015-10-06 01:17:43,341|577538|SYS_INFO|Found instance to migrate random 01444075822.89
2015-10-06 01:17:43,342|577539|SYS_INFO|Scheduled periodic check for 180 sec
2015-10-06 01:18:12,937|607134|VM_INFO|Host: None Name: random 01444087089.48 State: building New_task: scheduling
2015-10-06 01:18:12,937|607134|TOTAL_VMS|Total: 4 vms
2015-10-06 01:18:12,938|607135|NODE_INFO|node-3.domain.tld: 0 State: down disabled
2015-10-06 01:18:12,938|607135|NODE_INFO|node-2.domain.tld: 2 State: up enabled
2015-10-06 01:18:12,938|607135|NODE_INFO|node-4.domain.tld: 1 State: up enabled
2015-10-06 01:18:15,717|609914|VM_INFO|Host: None Name: random 01444087089.48 State: building New_task: None
2015-10-06 01:18:15,717|609914|TOTAL_VMS|Total: 4 vms
2015-10-06 01:18:15,717|609914|NODE_INFO|node-3.domain.tld: 0 State: down disabled
2015-10-06 01:18:15,719|609916|NODE_INFO|node-2.domain.tld: 2 State: up enabled
2015-10-06 01:18:15,719|609916|NODE_INFO|node-4.domain.tld: 1 State: up enabled
2015-10-06 01:18:15,986|610183|VM_INFO|Host: node-2 Name: random 01444087089.48 State: building New_task: None
2015-10-06 01:18:15,986|610183|TOTAL_VMS|Total: 4 vms
2015-10-06 01:18:15,986|610183|NODE_INFO|node-3.domain.tld: 0 State: down disabled
2015-10-06 01:18:15,986|610184|NODE_INFO|node-2.domain.tld: 2 State: up enabled
2015-10-06 01:18:15,986|610184|NODE_INFO|node-4.domain.tld: 1 State: up enabled
2015-10-06 01:18:16,063|610260|SYS_INFO|node-2.domain.tld MW: 190.896273917 MWMI: 190.896273917
2015-10-06 01:18:16,065|610262|TOTAL_VMS|Total: 4 vms
2015-10-06 01:18:16,065|610262|NODE_INFO|node-3.domain.tld: 0 State: down disabled
2015-10-06 01:18:16,065|610262|NODE_INFO|node-2.domain.tld: 3 State: up enabled
2015-10-06 01:18:16,065|610262|NODE_INFO|node-4.domain.tld: 1 State: up enabled
2015-10-06 01:18:16,065|610263|SYS_INFO|Sorting hosts overload
2015-10-06 01:18:16,065|610263|SYS_INFO|Searching for the most overloaded host
2015-10-06 01:18:16,065|610263|SYS_INFO|Found host node-2.domain.tld
2015-10-06 01:18:16,065|610263|SYS_INFO|Found instance to migrate random 01444086873.36
2015-10-06 01:18:16,993|611190|VM_INFO|Host: node-2 Name: random 01444087089.48 State: building New_task: networking
2015-10-06 01:18:16,993|611190|TOTAL_VMS|Total: 4 vms
2015-10-06 01:18:16,993|611190|NODE_INFO|node-3.domain.tld: 0 State: down disabled
2015-10-06 01:18:16,993|611190|NODE_INFO|node-2.domain.tld: 3 State: up enabled
2015-10-06 01:18:16,993|611190|NODE_INFO|node-4.domain.tld: 1 State: up enabled
2015-10-06 01:18:17,137|611334|SYS_INFO|node-2.domain.tld MW: 190.896273917 MWMI: 190.896273917
2015-10-06 01:18:17,138|611335|TOTAL_VMS|Total: 4 vms
2015-10-06 01:18:17,138|611335|NODE_INFO|node-3.domain.tld: 0 State: down disabled
2015-10-06 01:18:17,138|611335|NODE_INFO|node-2.domain.tld: 3 State: up enabled
2015-10-06 01:18:17,138|611335|NODE_INFO|node-4.domain.tld: 1 State: up enabled
2015-10-06 01:18:17,138|611335|SYS_INFO|Sorting hosts overload
2015-10-06 01:18:17,138|611335|SYS_INFO|Searching for the most overloaded host
2015-10-06 01:18:17,138|611335|SYS_INFO|Found host node-2.domain.tld
2015-10-06 01:18:17,138|611335|SYS_INFO|Found instance to migrate random 01444086873.36
2015-10-06 01:18:17,140|611337|SYS_INFO|Found instance to migrate random 01444075822.89
2015-10-06 01:18:17,914|612111|VM_INFO|Host: node-2 Name: random 01444087089.48 State: building New_task: networking
2015-10-06 01:18:17,914|612111|TOTAL_VMS|Total: 4 vms
2015-10-06 01:18:17,914|612111|NODE_INFO|node-3.domain.tld: 0 State: down disabled
2015-10-06 01:18:17,915|612112|NODE_INFO|node-2.domain.tld: 3 State: up enabled
2015-10-06 01:18:17,915|612112|NODE_INFO|node-4.domain.tld: 1 State: up enabled
2015-10-06 01:18:18,802|612999|VM_INFO|Host: node-2 Name: random 01444087089.48 State: building New_task: block_device_mapping
2015-10-06 01:18:18,802|612999|TOTAL_VMS|Total: 4 vms
2015-10-06 01:18:18,802|612999|NODE_INFO|node-3.domain.tld: 0 State: down disabled
2015-10-06 01:18:18,802|612999|NODE_INFO|node-2.domain.tld: 3 State: up enabled
2015-10-06 01:18:18,802|613000|NODE_INFO|node-4.domain.tld: 1 State: up enabled
2015-10-06 01:18:19,690|613888|VM_INFO|Host: node-2 Name: random 01444087089.48 State: building New_task: spawning
2015-10-06 01:18:19,691|613888|TOTAL_VMS|Total: 4 vms
2015-10-06 01:18:19,691|613888|NODE_INFO|node-3.domain.tld: 0 State: down disabled
2015-10-06 01:18:19,691|613888|NODE_INFO|node-2.domain.tld: 3 State: up enabled
2015-10-06 01:18:19,691|613888|NODE_INFO|node-4.domain.tld: 1 State: up enabled
2015-10-06 01:18:24,673|618870|VM_INFO|Host: node-2 Name: random 01444086873.36 State: active New_task: migrating
2015-10-06 01:18:24,673|618870|TOTAL_VMS|Total: 4 vms
2015-10-06 01:18:24,674|618871|NODE_INFO|node-3.domain.tld: 0 State: down disabled
2015-10-06 01:18:24,674|618871|NODE_INFO|node-2.domain.tld: 3 State: up enabled
2015-10-06 01:18:24,674|618871|NODE_INFO|node-4.domain.tld: 1 State: up enabled
2015-10-06 01:18:25,765|619962|SYS_INFO|Scheduled live migration of server random 01444086873.36 ID: dac2ac85-d795-473f-be00-2729275ad91f
2015-10-06 01:18:35,384|629581|VM_INFO|Host: node-2 Name: random 01444087089.48 State: building New_task: spawning
2015-10-06 01:18:35,384|629581|TOTAL_VMS|Total: 4 vms
2015-10-06 01:18:35,384|629582|NODE_INFO|node-3.domain.tld: 0 State: down disabled
2015-10-06 01:18:35,384|629582|NODE_INFO|node-2.domain.tld: 3 State: up enabled
2015-10-06 01:18:35,384|629582|NODE_INFO|node-4.domain.tld: 1 State: up enabled
2015-10-06 01:18:35,884|630081|SYS_INFO|node-2.domain.tld MW: 190.896273917 MWMI: 190.896273917
2015-10-06 01:18:35,885|630082|TOTAL_VMS|Total: 4 vms
2015-10-06 01:18:35,885|630082|NODE_INFO|node-3.domain.tld: 0 State: down disabled
2015-10-06 01:18:35,887|630084|NODE_INFO|node-2.domain.tld: 3 State: up enabled
2015-10-06 01:18:35,887|630084|NODE_INFO|node-4.domain.tld: 1 State: up enabled
2015-10-06 01:18:35,887|630084|SYS_INFO|Sorting hosts overload
2015-10-06 01:18:35,887|630084|SYS_INFO|Searching for the most overloaded host
2015-10-06 01:18:35,887|630084|SYS_INFO|Skipping host node-2.domain.tld , it has migrating instances
2015-10-06 01:18:35,888|630085|SYS_INFO|Not available host
2015-10-06 01:18:43,677|637875|VM_INFO|Host: node-2 Name: random 01444086873.36 State: active New_task: migrating
2015-10-06 01:18:43,677|637875|TOTAL_VMS|Total: 4 vms
2015-10-06 01:18:43,677|637875|NODE_INFO|node-3.domain.tld: 0 State: down disabled
2015-10-06 01:18:43,678|637875|NODE_INFO|node-2.domain.tld: 3 State: up enabled
2015-10-06 01:18:43,678|637875|NODE_INFO|node-4.domain.tld: 1 State: up enabled
2015-10-06 01:18:47,792|641989|SYS_INFO|node-2.domain.tld MW: 190.896273917 MWMI: 190.896273917
2015-10-06 01:18:47,792|641990|TOTAL_VMS|Total: 4 vms
2015-10-06 01:18:47,792|641990|NODE_INFO|node-3.domain.tld: 0 State: down disabled
2015-10-06 01:18:47,792|641990|NODE_INFO|node-2.domain.tld: 3 State: up enabled
2015-10-06 01:18:47,792|641990|NODE_INFO|node-4.domain.tld: 1 State: up enabled
2015-10-06 01:18:47,792|641990|SYS_INFO|Sorting hosts overload
2015-10-06 01:18:47,792|641990|SYS_INFO|Searching for the most overloaded host
2015-10-06 01:18:47,793|641990|SYS_INFO|Skipping host node-2.domain.tld , it has migrating instances
2015-10-06 01:18:47,793|641990|SYS_INFO|Not available host
2015-10-06 01:18:53,828|648026|VM_INFO|Host: node-4 Name: random 01444086873.36 State: active New_task: None
2015-10-06 01:18:53,828|648026|TOTAL_VMS|Total: 4 vms
2015-10-06 01:18:53,828|648026|NODE_INFO|node-3.domain.tld: 0 State: down disabled
2015-10-06 01:18:53,829|648026|NODE_INFO|node-2.domain.tld: 3 State: up enabled
2015-10-06 01:18:53,829|648026|NODE_INFO|node-4.domain.tld: 1 State: up enabled
