2015-10-06 00:49:20,252|1113|SYS_INFO|Initializing RabbitMQMessageService
2015-10-06 00:49:20,335|1197|SYS_INFO|Collecting information about compute nodes
2015-10-06 00:49:21,104|1965|SYS_INFO|Collecting information about services
2015-10-06 00:49:21,845|2707|SYS_INFO|Collecting information about VMs
2015-10-06 00:49:23,256|4117|SYS_INFO|Processing collected data
2015-10-06 00:49:23,257|4118|SYS_INFO|node-3.domain.tld MW: 330.231621349 MWMI: 330.231621349
2015-10-06 00:49:23,257|4118|SYS_INFO|node-2.domain.tld MW: 51.5609264854 MWMI: 51.5609264854
2015-10-06 00:49:23,257|4118|SYS_INFO|node-4.domain.tld MW: 144.451158107 MWMI: 144.451158107
2015-10-06 00:49:27,743|8605|VM_INFO|Host: node-4 Name: random 01444075822.89 State: active New_task: None
2015-10-06 00:49:27,744|8605|TOTAL_VMS|Total: 2 vms
2015-10-06 00:49:27,744|8605|NODE_INFO|node-3.domain.tld: 0 State: down disabled
2015-10-06 00:49:27,744|8605|NODE_INFO|node-2.domain.tld: 0 State: up enabled
2015-10-06 00:49:27,744|8605|NODE_INFO|node-4.domain.tld: 0 State: up enabled
2015-10-06 00:49:27,744|8605|VM_INFO|Host: node-4 Name: random 11444075826.74 State: active New_task: None
2015-10-06 00:49:27,744|8605|TOTAL_VMS|Total: 2 vms
2015-10-06 00:49:27,744|8605|NODE_INFO|node-3.domain.tld: 0 State: down disabled
2015-10-06 00:49:27,746|8607|NODE_INFO|node-2.domain.tld: 0 State: up enabled
2015-10-06 00:49:27,746|8607|NODE_INFO|node-4.domain.tld: 1 State: up enabled
2015-10-06 00:49:27,746|8607|TOTAL_VMS|Total: 2 vms
2015-10-06 00:49:27,746|8607|NODE_INFO|node-3.domain.tld: 0 State: down disabled
2015-10-06 00:49:27,746|8607|NODE_INFO|node-2.domain.tld: 0 State: up enabled
2015-10-06 00:49:27,746|8607|NODE_INFO|node-4.domain.tld: 2 State: up enabled
2015-10-06 00:49:27,746|8607|SYS_INFO|Sorting hosts overload
2015-10-06 00:49:27,746|8607|SYS_INFO|Searching for the most overloaded host
2015-10-06 00:49:27,746|8608|SYS_INFO|Found host node-4.domain.tld
2015-10-06 00:49:27,746|8608|SYS_INFO|Found instance to migrate random 01444075822.89
