2015-10-03 16:12:09,595|1009|SYS_INFO|Initializing RabbitMQMessageService
2015-10-03 16:12:09,716|1131|SYS_INFO|Collecting information about compute nodes
2015-10-03 16:12:10,989|2404|SYS_INFO|Collecting information about services
2015-10-03 16:12:11,997|3412|SYS_INFO|Collecting information about VMs
2015-10-03 16:12:28,832|20247|SYS_INFO|Processing collected data
2015-10-03 16:12:46,953|38368|VM_INFO|Host: node-4 Name: random-1, 1443880602.31 State: active New_task: None
2015-10-03 16:12:46,953|38368|TOTAL_VMS|Total: 6 vms
2015-10-03 16:12:46,954|38369|NODE_INFO|node-3.domain.tld: 0 State: down disabled
2015-10-03 16:12:46,954|38369|NODE_INFO|node-2.domain.tld: 0 State: up enabled
2015-10-03 16:12:46,954|38369|NODE_INFO|node-4.domain.tld: 0 State: up enabled
2015-10-03 16:12:46,954|38369|VM_INFO|Host: node-2 Name: random 01443771998.4 State: active New_task: None
2015-10-03 16:12:46,956|38371|TOTAL_VMS|Total: 6 vms
2015-10-03 16:12:46,956|38371|NODE_INFO|node-3.domain.tld: 0 State: down disabled
2015-10-03 16:12:46,956|38371|NODE_INFO|node-2.domain.tld: 0 State: up enabled
2015-10-03 16:12:46,956|38371|NODE_INFO|node-4.domain.tld: 1 State: up enabled
2015-10-03 16:12:46,956|38371|VM_INFO|Host: node-2 Name: random-2, 1443880614.37 State: resized New_task: None
2015-10-03 16:12:46,957|38371|TOTAL_VMS|Total: 6 vms
2015-10-03 16:12:46,957|38371|NODE_INFO|node-3.domain.tld: 0 State: down disabled
2015-10-03 16:12:46,957|38371|NODE_INFO|node-2.domain.tld: 1 State: up enabled
2015-10-03 16:12:46,957|38371|NODE_INFO|node-4.domain.tld: 1 State: up enabled
2015-10-03 16:12:46,959|38374|VM_INFO|Host: node-4 Name: random-0, 1443878841.37 State: active New_task: None
2015-10-03 16:12:46,960|38375|TOTAL_VMS|Total: 6 vms
2015-10-03 16:12:46,960|38375|NODE_INFO|node-3.domain.tld: 0 State: down disabled
2015-10-03 16:12:46,960|38375|NODE_INFO|node-2.domain.tld: 2 State: up enabled
2015-10-03 16:12:46,961|38376|NODE_INFO|node-4.domain.tld: 1 State: up enabled
2015-10-03 16:12:46,961|38376|VM_INFO|Host: node-4 Name: random-0, 1443880584.46 State: active New_task: None
2015-10-03 16:12:46,961|38376|TOTAL_VMS|Total: 6 vms
2015-10-03 16:12:46,963|38378|NODE_INFO|node-3.domain.tld: 0 State: down disabled
2015-10-03 16:12:46,963|38378|NODE_INFO|node-2.domain.tld: 2 State: up enabled
2015-10-03 16:12:46,963|38378|NODE_INFO|node-4.domain.tld: 2 State: up enabled
2015-10-03 16:12:46,963|38378|VM_INFO|Host: node-4 Name: random-0, 1443879483.02 State: active New_task: None
2015-10-03 16:12:46,964|38379|TOTAL_VMS|Total: 6 vms
2015-10-03 16:12:46,964|38379|NODE_INFO|node-3.domain.tld: 0 State: down disabled
2015-10-03 16:12:46,964|38379|NODE_INFO|node-2.domain.tld: 2 State: up enabled
2015-10-03 16:12:46,966|38381|NODE_INFO|node-4.domain.tld: 3 State: up enabled
2015-10-03 16:12:46,967|38381|TOTAL_VMS|Total: 6 vms
2015-10-03 16:12:46,967|38381|NODE_INFO|node-3.domain.tld: 0 State: down disabled
2015-10-03 16:12:46,967|38381|NODE_INFO|node-2.domain.tld: 2 State: up enabled
2015-10-03 16:12:46,967|38381|NODE_INFO|node-4.domain.tld: 4 State: up enabled
2015-10-03 16:12:46,967|38382|SYS_INFO|Sorting hosts overload
2015-10-03 16:12:46,969|38384|SYS_INFO|Searching for the most overloaded host
2015-10-03 16:12:46,970|38384|SYS_INFO|Found host node-4.domain.tld
2015-10-03 16:12:46,970|38384|SYS_INFO|Found instance to migrate random-0, 1443880584.46
2015-10-03 16:12:46,970|38384|SYS_INFO|Weight with: 190.89627391742195 Weight without: 237.34138972809666
