2015-10-06 00:50:15,671|1076|SYS_INFO|Initializing RabbitMQMessageService
2015-10-06 00:50:15,736|1141|SYS_INFO|Collecting information about compute nodes
2015-10-06 00:50:16,329|1734|SYS_INFO|Collecting information about services
2015-10-06 00:50:16,937|2342|SYS_INFO|Collecting information about VMs
2015-10-06 00:50:17,984|3389|SYS_INFO|Processing collected data
2015-10-06 00:50:17,984|3389|SYS_INFO|node-3.domain.tld MW: 330.231621349 MWMI: 330.231621349
2015-10-06 00:50:17,986|3391|SYS_INFO|node-2.domain.tld MW: 51.5609264854 MWMI: 51.5609264854
2015-10-06 00:50:17,986|3391|SYS_INFO|node-4.domain.tld MW: 144.451158107 MWMI: 144.451158107
2015-10-06 00:50:24,698|10103|VM_INFO|Host: node-4 Name: random 01444075822.89 State: active New_task: None
2015-10-06 00:50:24,698|10103|TOTAL_VMS|Total: 2 vms
2015-10-06 00:50:24,698|10103|NODE_INFO|node-3.domain.tld: 0 State: down disabled
2015-10-06 00:50:24,698|10103|NODE_INFO|node-2.domain.tld: 0 State: up enabled
2015-10-06 00:50:24,700|10105|NODE_INFO|node-4.domain.tld: 0 State: up enabled
2015-10-06 00:50:24,700|10105|VM_INFO|Host: node-4 Name: random 11444075826.74 State: active New_task: None
2015-10-06 00:50:24,700|10105|TOTAL_VMS|Total: 2 vms
2015-10-06 00:50:24,700|10105|NODE_INFO|node-3.domain.tld: 0 State: down disabled
2015-10-06 00:50:24,700|10105|NODE_INFO|node-2.domain.tld: 0 State: up enabled
2015-10-06 00:50:24,700|10105|NODE_INFO|node-4.domain.tld: 1 State: up enabled
2015-10-06 00:50:24,700|10105|TOTAL_VMS|Total: 2 vms
2015-10-06 00:50:24,700|10105|NODE_INFO|node-3.domain.tld: 0 State: down disabled
2015-10-06 00:50:24,700|10105|NODE_INFO|node-2.domain.tld: 0 State: up enabled
2015-10-06 00:50:24,700|10105|NODE_INFO|node-4.domain.tld: 2 State: up enabled
2015-10-06 00:50:24,700|10105|SYS_INFO|Sorting hosts overload
2015-10-06 00:50:24,701|10106|SYS_INFO|Searching for the most overloaded host
2015-10-06 00:50:24,701|10106|SYS_INFO|Found host node-4.domain.tld
2015-10-06 00:50:24,701|10106|SYS_INFO|Found instance to migrate random 01444075822.89
2015-10-06 00:50:24,703|10108|SYS_INFO|Scheduled periodic check for 180 sec
2015-10-06 00:50:31,858|17263|VM_INFO|Host: node-4 Name: random 01444075822.89 State: active New_task: migrating
2015-10-06 00:50:31,858|17263|TOTAL_VMS|Total: 2 vms
2015-10-06 00:50:31,858|17263|NODE_INFO|node-3.domain.tld: 0 State: down disabled
2015-10-06 00:50:31,858|17263|NODE_INFO|node-2.domain.tld: 0 State: up enabled
2015-10-06 00:50:31,858|17263|NODE_INFO|node-4.domain.tld: 2 State: up enabled
2015-10-06 00:50:32,743|18148|SYS_INFO|Scheduled live migration of server random 01444075822.89 ID: 99af2cc9-381c-4aca-9f6f-ea9101dd2695
2015-10-06 00:50:32,743|18148|SYS_INFO|Deleted migrate task ID 99af2cc9-381c-4aca-9f6f-ea9101dd2695
2015-10-06 00:50:33,752|19157|SYS_INFO|node-4.domain.tld MW: 144.451158107 MWMI: 144.451158107
2015-10-06 00:50:33,752|19157|TOTAL_VMS|Total: 2 vms
2015-10-06 00:50:33,752|19157|NODE_INFO|node-3.domain.tld: 0 State: down disabled
2015-10-06 00:50:33,752|19157|NODE_INFO|node-2.domain.tld: 0 State: up enabled
2015-10-06 00:50:33,752|19157|NODE_INFO|node-4.domain.tld: 2 State: up enabled
2015-10-06 00:50:33,753|19157|SYS_INFO|Sorting hosts overload
2015-10-06 00:50:33,753|19157|SYS_INFO|Searching for the most overloaded host
2015-10-06 00:50:33,753|19157|SYS_INFO|Skipping host node-4.domain.tld , it has migrating instances
2015-10-06 00:50:33,753|19157|SYS_INFO|Not available host
2015-10-06 00:50:43,869|29274|SYS_INFO|node-2.domain.tld MW: 51.5609264854 MWMI: 51.5609264854
2015-10-06 00:50:43,871|29276|TOTAL_VMS|Total: 2 vms
2015-10-06 00:50:43,871|29276|NODE_INFO|node-3.domain.tld: 0 State: down disabled
2015-10-06 00:50:43,871|29276|NODE_INFO|node-2.domain.tld: 0 State: up enabled
2015-10-06 00:50:43,871|29276|NODE_INFO|node-4.domain.tld: 2 State: up enabled
2015-10-06 00:50:43,871|29276|SYS_INFO|Sorting hosts overload
2015-10-06 00:50:43,871|29276|SYS_INFO|Searching for the most overloaded host
2015-10-06 00:50:43,871|29276|SYS_INFO|Skipping host node-4.domain.tld , it has migrating instances
2015-10-06 00:50:43,871|29276|SYS_INFO|Not available host
2015-10-06 00:50:48,740|34145|VM_INFO|Host: node-4 Name: random 01444075822.89 State: active New_task: migrating
2015-10-06 00:50:48,740|34145|TOTAL_VMS|Total: 2 vms
2015-10-06 00:50:48,740|34145|NODE_INFO|node-3.domain.tld: 0 State: down disabled
2015-10-06 00:50:48,740|34145|NODE_INFO|node-2.domain.tld: 0 State: up enabled
2015-10-06 00:50:48,742|34147|NODE_INFO|node-4.domain.tld: 2 State: up enabled
2015-10-06 00:51:02,844|48249|VM_INFO|Host: node-2 Name: random 01444075822.89 State: active New_task: None
2015-10-06 00:51:02,845|48250|TOTAL_VMS|Total: 2 vms
2015-10-06 00:51:02,845|48250|NODE_INFO|node-3.domain.tld: 0 State: down disabled
2015-10-06 00:51:02,845|48250|NODE_INFO|node-2.domain.tld: 0 State: up enabled
2015-10-06 00:51:02,845|48250|NODE_INFO|node-4.domain.tld: 2 State: up enabled
2015-10-06 00:51:34,752|80157|SYS_INFO|node-4.domain.tld MW: 98.0060422961 MWMI: 98.0060422961
2015-10-06 00:51:34,753|80157|TOTAL_VMS|Total: 2 vms
2015-10-06 00:51:34,753|80157|NODE_INFO|node-3.domain.tld: 0 State: down disabled
2015-10-06 00:51:34,753|80157|NODE_INFO|node-2.domain.tld: 1 State: up enabled
2015-10-06 00:51:34,753|80157|NODE_INFO|node-4.domain.tld: 1 State: up enabled
2015-10-06 00:51:34,753|80157|SYS_INFO|Sorting hosts overload
2015-10-06 00:51:34,753|80158|SYS_INFO|Searching for the most overloaded host
2015-10-06 00:51:34,753|80158|SYS_INFO|Found host node-4.domain.tld
2015-10-06 00:51:34,753|80158|SYS_INFO|Found instance to migrate random 11444075826.74
2015-10-06 00:51:42,894|88299|SYS_INFO|node-2.domain.tld MW: 98.0060422961 MWMI: 98.0060422961
2015-10-06 00:51:42,894|88299|TOTAL_VMS|Total: 2 vms
2015-10-06 00:51:42,895|88300|NODE_INFO|node-3.domain.tld: 0 State: down disabled
2015-10-06 00:51:42,895|88300|NODE_INFO|node-2.domain.tld: 1 State: up enabled
2015-10-06 00:51:42,895|88300|NODE_INFO|node-4.domain.tld: 1 State: up enabled
2015-10-06 00:51:42,895|88300|SYS_INFO|Sorting hosts overload
2015-10-06 00:51:42,895|88300|SYS_INFO|Searching for the most overloaded host
2015-10-06 00:51:42,895|88300|SYS_INFO|Not available host
2015-10-06 00:53:24,703|190108|SYS_INFO|Initializing RabbitMQMessageService
2015-10-06 00:53:24,710|190115|SYS_INFO|Collecting information about compute nodes
2015-10-06 00:53:29,654|195059|SYS_INFO|Collecting information about services
2015-10-06 00:53:30,335|195740|SYS_INFO|Collecting information about VMs
2015-10-06 00:53:32,535|197940|SYS_INFO|Processing collected data
2015-10-06 00:53:32,536|197941|SYS_INFO|node-3.domain.tld MW: 330.231621349 MWMI: 330.231621349
2015-10-06 00:53:32,538|197943|SYS_INFO|node-2.domain.tld MW: 98.0060422961 MWMI: 98.0060422961
2015-10-06 00:53:32,538|197943|SYS_INFO|node-4.domain.tld MW: 98.0060422961 MWMI: 98.0060422961
2015-10-06 00:53:32,539|197944|VM_INFO|Host: node-2 Name: random 01444075822.89 State: active New_task: None
2015-10-06 00:53:32,539|197944|TOTAL_VMS|Total: 2 vms
2015-10-06 00:53:32,539|197944|NODE_INFO|node-3.domain.tld: 0 State: down disabled
2015-10-06 00:53:32,539|197944|NODE_INFO|node-2.domain.tld: 0 State: up enabled
2015-10-06 00:53:32,539|197944|NODE_INFO|node-4.domain.tld: 0 State: up enabled
2015-10-06 00:53:32,539|197944|VM_INFO|Host: node-4 Name: random 11444075826.74 State: active New_task: None
2015-10-06 00:53:32,539|197944|TOTAL_VMS|Total: 2 vms
2015-10-06 00:53:32,539|197944|NODE_INFO|node-3.domain.tld: 0 State: down disabled
2015-10-06 00:53:32,539|197944|NODE_INFO|node-2.domain.tld: 1 State: up enabled
2015-10-06 00:53:32,539|197944|NODE_INFO|node-4.domain.tld: 0 State: up enabled
2015-10-06 00:53:32,540|197945|TOTAL_VMS|Total: 2 vms
2015-10-06 00:53:32,540|197945|NODE_INFO|node-3.domain.tld: 0 State: down disabled
2015-10-06 00:53:32,540|197945|NODE_INFO|node-2.domain.tld: 1 State: up enabled
2015-10-06 00:53:32,540|197945|NODE_INFO|node-4.domain.tld: 1 State: up enabled
2015-10-06 00:53:32,542|197947|SYS_INFO|Sorting hosts overload
2015-10-06 00:53:32,542|197947|SYS_INFO|Scheduled periodic check for 180 sec
2015-10-06 00:53:32,542|197947|SYS_INFO|Searching for the most overloaded host
2015-10-06 00:53:32,542|197947|SYS_INFO|Not available host
2015-10-06 00:56:32,542|377947|SYS_INFO|Initializing RabbitMQMessageService
2015-10-06 00:56:32,549|377953|SYS_INFO|Collecting information about compute nodes
2015-10-06 00:56:33,165|378570|SYS_INFO|Collecting information about services
2015-10-06 00:56:34,687|380092|SYS_INFO|Collecting information about VMs
2015-10-06 00:56:36,733|382138|SYS_INFO|Processing collected data
2015-10-06 00:56:36,736|382141|SYS_INFO|node-3.domain.tld MW: 330.231621349 MWMI: 330.231621349
2015-10-06 00:56:36,736|382141|SYS_INFO|node-2.domain.tld MW: 98.0060422961 MWMI: 98.0060422961
2015-10-06 00:56:36,736|382141|SYS_INFO|node-4.domain.tld MW: 98.0060422961 MWMI: 98.0060422961
2015-10-06 00:56:36,737|382142|VM_INFO|Host: node-2 Name: random 01444075822.89 State: active New_task: None
2015-10-06 00:56:36,737|382142|TOTAL_VMS|Total: 2 vms
2015-10-06 00:56:36,737|382142|NODE_INFO|node-3.domain.tld: 0 State: down disabled
2015-10-06 00:56:36,737|382142|NODE_INFO|node-2.domain.tld: 0 State: up enabled
2015-10-06 00:56:36,737|382142|NODE_INFO|node-4.domain.tld: 0 State: up enabled
2015-10-06 00:56:36,739|382144|VM_INFO|Host: node-4 Name: random 11444075826.74 State: active New_task: None
2015-10-06 00:56:36,739|382144|TOTAL_VMS|Total: 2 vms
2015-10-06 00:56:36,739|382144|NODE_INFO|node-3.domain.tld: 0 State: down disabled
2015-10-06 00:56:36,739|382144|NODE_INFO|node-2.domain.tld: 1 State: up enabled
2015-10-06 00:56:36,739|382144|NODE_INFO|node-4.domain.tld: 0 State: up enabled
2015-10-06 00:56:36,740|382144|TOTAL_VMS|Total: 2 vms
2015-10-06 00:56:36,740|382144|NODE_INFO|node-3.domain.tld: 0 State: down disabled
2015-10-06 00:56:36,740|382144|NODE_INFO|node-2.domain.tld: 1 State: up enabled
2015-10-06 00:56:36,740|382144|NODE_INFO|node-4.domain.tld: 1 State: up enabled
2015-10-06 00:56:36,740|382145|SYS_INFO|Sorting hosts overload
2015-10-06 00:56:36,740|382145|SYS_INFO|Scheduled periodic check for 180 sec
2015-10-06 00:56:36,742|382147|SYS_INFO|Searching for the most overloaded host
2015-10-06 00:56:36,743|382148|SYS_INFO|Not available host
2015-10-06 00:59:36,742|562147|SYS_INFO|Initializing RabbitMQMessageService
2015-10-06 00:59:36,747|562152|SYS_INFO|Collecting information about compute nodes
2015-10-06 00:59:37,401|562805|SYS_INFO|Collecting information about services
2015-10-06 00:59:38,516|563921|SYS_INFO|Collecting information about VMs
2015-10-06 00:59:40,683|566088|SYS_INFO|Processing collected data
2015-10-06 00:59:40,684|566089|SYS_INFO|node-3.domain.tld MW: 330.231621349 MWMI: 330.231621349
2015-10-06 00:59:40,684|566089|SYS_INFO|node-2.domain.tld MW: 98.0060422961 MWMI: 98.0060422961
2015-10-06 00:59:40,684|566089|SYS_INFO|node-4.domain.tld MW: 98.0060422961 MWMI: 98.0060422961
2015-10-06 00:59:40,686|566091|VM_INFO|Host: node-2 Name: random 01444075822.89 State: active New_task: None
2015-10-06 00:59:40,687|566092|TOTAL_VMS|Total: 2 vms
2015-10-06 00:59:40,687|566092|NODE_INFO|node-3.domain.tld: 0 State: down disabled
2015-10-06 00:59:40,687|566092|NODE_INFO|node-2.domain.tld: 0 State: up enabled
2015-10-06 00:59:40,687|566092|NODE_INFO|node-4.domain.tld: 0 State: up enabled
2015-10-06 00:59:40,687|566092|VM_INFO|Host: node-4 Name: random 11444075826.74 State: active New_task: None
2015-10-06 00:59:40,687|566092|TOTAL_VMS|Total: 2 vms
2015-10-06 00:59:40,687|566092|NODE_INFO|node-3.domain.tld: 0 State: down disabled
2015-10-06 00:59:40,687|566092|NODE_INFO|node-2.domain.tld: 1 State: up enabled
2015-10-06 00:59:40,687|566092|NODE_INFO|node-4.domain.tld: 0 State: up enabled
2015-10-06 00:59:40,687|566092|TOTAL_VMS|Total: 2 vms
2015-10-06 00:59:40,687|566092|NODE_INFO|node-3.domain.tld: 0 State: down disabled
2015-10-06 00:59:40,688|566093|NODE_INFO|node-2.domain.tld: 1 State: up enabled
2015-10-06 00:59:40,688|566093|NODE_INFO|node-4.domain.tld: 1 State: up enabled
2015-10-06 00:59:40,690|566095|SYS_INFO|Sorting hosts overload
2015-10-06 00:59:40,690|566095|SYS_INFO|Searching for the most overloaded host
2015-10-06 00:59:40,691|566096|SYS_INFO|Not available host
2015-10-06 00:59:40,693|566098|SYS_INFO|Scheduled periodic check for 180 sec
2015-10-06 01:02:40,694|746099|SYS_INFO|Initializing RabbitMQMessageService
2015-10-06 01:02:40,703|746108|SYS_INFO|Collecting information about compute nodes
2015-10-06 01:02:41,278|746683|SYS_INFO|Collecting information about services
2015-10-06 01:02:41,920|747325|SYS_INFO|Collecting information about VMs
2015-10-06 01:02:44,026|749431|SYS_INFO|Processing collected data
2015-10-06 01:02:44,029|749434|SYS_INFO|node-3.domain.tld MW: 330.231621349 MWMI: 330.231621349
2015-10-06 01:02:44,029|749434|SYS_INFO|node-2.domain.tld MW: 98.0060422961 MWMI: 98.0060422961
2015-10-06 01:02:44,029|749434|SYS_INFO|node-4.domain.tld MW: 98.0060422961 MWMI: 98.0060422961
2015-10-06 01:02:44,030|749435|VM_INFO|Host: node-2 Name: random 01444075822.89 State: active New_task: None
2015-10-06 01:02:44,032|749437|TOTAL_VMS|Total: 2 vms
2015-10-06 01:02:44,032|749437|NODE_INFO|node-3.domain.tld: 0 State: down disabled
2015-10-06 01:02:44,032|749437|NODE_INFO|node-2.domain.tld: 0 State: up enabled
2015-10-06 01:02:44,032|749437|NODE_INFO|node-4.domain.tld: 0 State: up enabled
2015-10-06 01:02:44,032|749437|VM_INFO|Host: node-4 Name: random 11444075826.74 State: active New_task: None
2015-10-06 01:02:44,032|749437|TOTAL_VMS|Total: 2 vms
2015-10-06 01:02:44,032|749437|NODE_INFO|node-3.domain.tld: 0 State: down disabled
2015-10-06 01:02:44,032|749437|NODE_INFO|node-2.domain.tld: 1 State: up enabled
2015-10-06 01:02:44,032|749437|NODE_INFO|node-4.domain.tld: 0 State: up enabled
2015-10-06 01:02:44,032|749437|TOTAL_VMS|Total: 2 vms
2015-10-06 01:02:44,033|749438|NODE_INFO|node-3.domain.tld: 0 State: down disabled
2015-10-06 01:02:44,033|749438|NODE_INFO|node-2.domain.tld: 1 State: up enabled
2015-10-06 01:02:44,033|749438|NODE_INFO|node-4.domain.tld: 1 State: up enabled
2015-10-06 01:02:44,035|749440|SYS_INFO|Sorting hosts overload
2015-10-06 01:02:44,035|749440|SYS_INFO|Searching for the most overloaded host
2015-10-06 01:02:44,035|749440|SYS_INFO|Not available host
2015-10-06 01:02:44,039|749444|SYS_INFO|Scheduled periodic check for 180 sec
2015-10-06 01:05:44,040|929445|SYS_INFO|Initializing RabbitMQMessageService
2015-10-06 01:05:44,048|929453|SYS_INFO|Collecting information about compute nodes
2015-10-06 01:05:44,792|930197|SYS_INFO|Collecting information about services
2015-10-06 01:05:45,688|931093|SYS_INFO|Collecting information about VMs
2015-10-06 01:05:46,920|932325|SYS_INFO|Processing collected data
2015-10-06 01:05:46,921|932326|SYS_INFO|node-3.domain.tld MW: 330.231621349 MWMI: 330.231621349
2015-10-06 01:05:46,921|932326|SYS_INFO|node-2.domain.tld MW: 98.0060422961 MWMI: 98.0060422961
2015-10-06 01:05:46,921|932326|SYS_INFO|node-4.domain.tld MW: 98.0060422961 MWMI: 98.0060422961
2015-10-06 01:05:46,924|932328|VM_INFO|Host: node-2 Name: random 01444075822.89 State: active New_task: None
2015-10-06 01:05:46,924|932328|TOTAL_VMS|Total: 2 vms
2015-10-06 01:05:46,924|932328|NODE_INFO|node-3.domain.tld: 0 State: down disabled
2015-10-06 01:05:46,924|932328|NODE_INFO|node-2.domain.tld: 0 State: up enabled
2015-10-06 01:05:46,924|932329|NODE_INFO|node-4.domain.tld: 0 State: up enabled
2015-10-06 01:05:46,924|932329|VM_INFO|Host: node-4 Name: random 11444075826.74 State: active New_task: None
2015-10-06 01:05:46,924|932329|TOTAL_VMS|Total: 2 vms
2015-10-06 01:05:46,924|932329|NODE_INFO|node-3.domain.tld: 0 State: down disabled
2015-10-06 01:05:46,924|932329|NODE_INFO|node-2.domain.tld: 1 State: up enabled
2015-10-06 01:05:46,926|932331|NODE_INFO|node-4.domain.tld: 0 State: up enabled
2015-10-06 01:05:46,926|932331|TOTAL_VMS|Total: 2 vms
2015-10-06 01:05:46,926|932331|NODE_INFO|node-3.domain.tld: 0 State: down disabled
2015-10-06 01:05:46,926|932331|NODE_INFO|node-2.domain.tld: 1 State: up enabled
2015-10-06 01:05:46,926|932331|NODE_INFO|node-4.domain.tld: 1 State: up enabled
2015-10-06 01:05:46,927|932332|SYS_INFO|Sorting hosts overload
2015-10-06 01:05:46,927|932332|SYS_INFO|Searching for the most overloaded host
2015-10-06 01:05:46,928|932333|SYS_INFO|Not available host
2015-10-06 01:05:46,928|932333|SYS_INFO|Scheduled periodic check for 180 sec
2015-10-06 01:07:17,617|1023022|SYS_INFO|Connection closed
