2015-10-06 00:48:16,088|1180|SYS_INFO|Initializing RabbitMQMessageService
2015-10-06 00:48:16,194|1286|SYS_INFO|Collecting information about compute nodes
2015-10-06 00:48:28,667|13758|SYS_INFO|Collecting information about services
2015-10-06 00:48:31,848|16939|SYS_INFO|Collecting information about VMs
2015-10-06 00:48:37,279|22370|SYS_INFO|Processing collected data
2015-10-06 00:48:37,279|22371|SYS_INFO|node-3.domain.tld MW: 330.231621349 MWMI: 330.231621349
2015-10-06 00:48:37,280|22371|SYS_INFO|node-2.domain.tld MW: 51.5609264854 MWMI: 51.5609264854
2015-10-06 00:48:37,280|22371|SYS_INFO|node-4.domain.tld MW: 144.451158107 MWMI: 144.451158107
2015-10-06 00:48:52,555|37647|VM_INFO|Host: node-4 Name: random 01444075822.89 State: active New_task: None
2015-10-06 00:48:52,555|37647|TOTAL_VMS|Total: 2 vms
2015-10-06 00:48:52,555|37647|NODE_INFO|node-3.domain.tld: 0 State: down disabled
2015-10-06 00:48:52,555|37647|NODE_INFO|node-2.domain.tld: 0 State: up enabled
2015-10-06 00:48:52,555|37647|NODE_INFO|node-4.domain.tld: 0 State: up enabled
2015-10-06 00:48:52,556|37648|VM_INFO|Host: node-4 Name: random 11444075826.74 State: active New_task: None
2015-10-06 00:48:52,556|37648|TOTAL_VMS|Total: 2 vms
2015-10-06 00:48:52,556|37648|NODE_INFO|node-3.domain.tld: 0 State: down disabled
2015-10-06 00:48:52,556|37648|NODE_INFO|node-2.domain.tld: 0 State: up enabled
2015-10-06 00:48:52,556|37648|NODE_INFO|node-4.domain.tld: 1 State: up enabled
2015-10-06 00:48:52,556|37648|TOTAL_VMS|Total: 2 vms
2015-10-06 00:48:52,558|37649|NODE_INFO|node-3.domain.tld: 0 State: down disabled
2015-10-06 00:48:52,558|37649|NODE_INFO|node-2.domain.tld: 0 State: up enabled
2015-10-06 00:48:52,558|37649|NODE_INFO|node-4.domain.tld: 2 State: up enabled
2015-10-06 00:48:52,558|37649|SYS_INFO|Sorting hosts overload
2015-10-06 00:48:52,559|37650|SYS_INFO|Searching for the most overloaded host
2015-10-06 00:48:52,559|37650|SYS_INFO|Found host node-4.domain.tld
2015-10-06 00:48:52,559|37650|SYS_INFO|Found instance to migrate random 01444075822.89
