2015-10-03 16:08:24,342|1473|SYS_INFO|Initializing RabbitMQMessageService
2015-10-03 16:08:24,532|1663|SYS_INFO|Collecting information about compute nodes
2015-10-03 16:08:29,539|6670|SYS_INFO|Collecting information about services
2015-10-03 16:08:31,085|8215|SYS_INFO|Collecting information about VMs
2015-10-03 16:08:33,688|10819|SYS_INFO|Processing collected data
2015-10-03 16:08:58,921|36052|VM_INFO|Host: node-4 Name: random-1, 1443880602.31 State: active New_task: None
2015-10-03 16:08:58,923|36053|TOTAL_VMS|Total: 6 vms
2015-10-03 16:08:58,924|36054|NODE_INFO|node-3.domain.tld: 0 State: down disabled
2015-10-03 16:08:58,924|36054|NODE_INFO|node-2.domain.tld: 0 State: up enabled
2015-10-03 16:08:58,924|36055|NODE_INFO|node-4.domain.tld: 0 State: up enabled
2015-10-03 16:08:58,924|36055|VM_INFO|Host: node-2 Name: random 01443771998.4 State: active New_task: None
2015-10-03 16:08:58,926|36056|TOTAL_VMS|Total: 6 vms
2015-10-03 16:08:58,926|36056|NODE_INFO|node-3.domain.tld: 0 State: down disabled
2015-10-03 16:08:58,926|36056|NODE_INFO|node-2.domain.tld: 0 State: up enabled
2015-10-03 16:08:58,927|36057|NODE_INFO|node-4.domain.tld: 1 State: up enabled
2015-10-03 16:08:58,927|36057|VM_INFO|Host: node-2 Name: random-2, 1443880614.37 State: resized New_task: None
2015-10-03 16:08:58,927|36057|TOTAL_VMS|Total: 6 vms
2015-10-03 16:08:58,927|36058|NODE_INFO|node-3.domain.tld: 0 State: down disabled
2015-10-03 16:08:58,927|36058|NODE_INFO|node-2.domain.tld: 1 State: up enabled
2015-10-03 16:08:58,927|36058|NODE_INFO|node-4.domain.tld: 1 State: up enabled
2015-10-03 16:08:58,928|36059|VM_INFO|Host: node-4 Name: random-0, 1443878841.37 State: active New_task: None
2015-10-03 16:08:58,930|36060|TOTAL_VMS|Total: 6 vms
2015-10-03 16:08:58,930|36061|NODE_INFO|node-3.domain.tld: 0 State: down disabled
2015-10-03 16:08:58,931|36062|NODE_INFO|node-2.domain.tld: 2 State: up enabled
2015-10-03 16:08:58,931|36062|NODE_INFO|node-4.domain.tld: 1 State: up enabled
2015-10-03 16:08:58,933|36063|VM_INFO|Host: node-4 Name: random-0, 1443880584.46 State: active New_task: None
2015-10-03 16:08:58,933|36063|TOTAL_VMS|Total: 6 vms
2015-10-03 16:08:58,934|36064|NODE_INFO|node-3.domain.tld: 0 State: down disabled
2015-10-03 16:08:58,934|36064|NODE_INFO|node-2.domain.tld: 2 State: up enabled
2015-10-03 16:08:58,934|36065|NODE_INFO|node-4.domain.tld: 2 State: up enabled
2015-10-03 16:08:58,936|36066|VM_INFO|Host: node-4 Name: random-0, 1443879483.02 State: active New_task: None
2015-10-03 16:08:58,936|36066|TOTAL_VMS|Total: 6 vms
2015-10-03 16:08:58,937|36067|NODE_INFO|node-3.domain.tld: 0 State: down disabled
2015-10-03 16:08:58,937|36067|NODE_INFO|node-2.domain.tld: 2 State: up enabled
2015-10-03 16:08:58,937|36067|NODE_INFO|node-4.domain.tld: 3 State: up enabled
2015-10-03 16:08:58,938|36069|TOTAL_VMS|Total: 6 vms
2015-10-03 16:08:58,938|36069|NODE_INFO|node-3.domain.tld: 0 State: down disabled
2015-10-03 16:08:58,940|36070|NODE_INFO|node-2.domain.tld: 2 State: up enabled
2015-10-03 16:08:58,940|36070|NODE_INFO|node-4.domain.tld: 4 State: up enabled
2015-10-03 16:08:58,941|36072|SYS_INFO|Scheduled periodic check for 180 sec
2015-10-03 16:09:01,144|38274|SYS_INFO|Sorting hosts overload
2015-10-03 16:09:01,144|38274|SYS_INFO|Searching for the most overloaded host
2015-10-03 16:09:01,144|38275|SYS_INFO|Found host node-4.domain.tld
2015-10-03 16:09:01,144|38275|SYS_INFO|Found instance to migrate random-0, 1443880584.46
2015-10-03 16:09:01,144|38275|SYS_INFO|Weight with: 190.89627391742195 Weight without: 237.34138972809666
