2015-09-29 20:38:00,339|INFO| Initializing RabbitMQMessageService
2015-09-29 20:38:00,354|INFO| Collecting information about compute nodes
2015-09-29 20:38:03,352|INFO| Collecting information about services
2015-09-29 20:38:04,076|INFO| Collecting information about VMs
2015-09-29 20:38:04,575|INFO| Processing collected data
2015-09-29 20:38:04,578|INFO| Scheduled periodic check for 180 min
2015-09-29 20:38:04,733|DEBUG| Sorting hosts overload
2015-09-29 20:38:04,733|DEBUG| Searching for the most overloaded host
2015-09-29 20:38:04,733|DEBUG| Found host node-5.domain.tld
2015-09-29 20:38:04,733|INFO| Total vms: 0
2015-09-29 20:38:04,733|INFO| Node node-5.domain.tld: 0 State: up, enabled
2015-09-29 20:38:04,733|INFO| Node node-4.domain.tld: 0 State: up, enabled
2015-09-29 20:38:05,736|INFO| Total vms: 0
2015-09-29 20:38:05,736|INFO| Node node-5.domain.tld: 0 State: up, enabled
2015-09-29 20:38:05,736|INFO| Node node-4.domain.tld: 0 State: up, enabled
2015-09-29 20:38:07,940|INFO| Total vms: 0
2015-09-29 20:38:07,940|INFO| Node node-5.domain.tld: 0 State: up, enabled
2015-09-29 20:38:07,940|INFO| Node node-4.domain.tld: 0 State: up, enabled
2015-09-29 20:38:08,809|INFO| Total vms: 0
2015-09-29 20:38:08,811|INFO| Node node-5.domain.tld: 0 State: up, enabled
2015-09-29 20:38:08,811|INFO| Node node-4.domain.tld: 0 State: up, enabled
2015-09-29 20:38:10,944|INFO| Total vms: 0
2015-09-29 20:38:10,944|INFO| Node node-5.domain.tld: 0 State: up, enabled
2015-09-29 20:38:10,944|INFO| Node node-4.domain.tld: 0 State: up, enabled
2015-09-29 20:38:10,982|INFO| Total vms: 0
2015-09-29 20:38:10,982|INFO| Node node-5.domain.tld: 0 State: up, enabled
2015-09-29 20:38:10,983|INFO| Node node-4.domain.tld: 0 State: up, enabled
2015-09-29 20:38:11,088|INFO| Total vms: 0
2015-09-29 20:38:11,088|INFO| Node node-5.domain.tld: 0 State: up, enabled
2015-09-29 20:38:11,088|INFO| Node node-4.domain.tld: 0 State: up, enabled
2015-09-29 20:38:11,174|INFO| Total vms: 0
2015-09-29 20:38:11,174|INFO| Node node-5.domain.tld: 0 State: up, enabled
2015-09-29 20:38:11,174|INFO| Node node-4.domain.tld: 0 State: up, enabled
2015-09-29 20:38:13,505|INFO| Total vms: 0
2015-09-29 20:38:13,506|INFO| Node node-5.domain.tld: 0 State: up, enabled
2015-09-29 20:38:13,506|INFO| Node node-4.domain.tld: 0 State: up, enabled
2015-09-29 20:38:14,161|INFO| Total vms: 0
2015-09-29 20:38:14,163|INFO| Node node-5.domain.tld: 0 State: up, enabled
2015-09-29 20:38:14,163|INFO| Node node-4.domain.tld: 0 State: up, enabled
2015-09-29 20:38:18,184|INFO| Total vms: 0
2015-09-29 20:38:18,184|INFO| Node node-5.domain.tld: 0 State: up, enabled
2015-09-29 20:38:18,184|INFO| Node node-4.domain.tld: 0 State: up, enabled
2015-09-29 20:38:18,255|INFO| Total vms: 0
2015-09-29 20:38:18,256|INFO| Node node-5.domain.tld: 0 State: up, enabled
2015-09-29 20:38:18,256|INFO| Node node-4.domain.tld: 0 State: up, enabled
2015-09-29 20:38:19,424|INFO| Total vms: 0
2015-09-29 20:38:19,426|INFO| Node node-5.domain.tld: 0 State: up, enabled
2015-09-29 20:38:19,426|INFO| Node node-4.domain.tld: 0 State: up, enabled
2015-09-29 20:38:20,378|INFO| Total vms: 0
2015-09-29 20:38:20,378|INFO| Node node-5.domain.tld: 0 State: up, enabled
2015-09-29 20:38:20,378|INFO| Node node-4.domain.tld: 0 State: up, enabled
2015-09-29 20:38:20,423|INFO| Total vms: 0
2015-09-29 20:38:20,424|INFO| Node node-5.domain.tld: 0 State: up, enabled
2015-09-29 20:38:20,424|INFO| Node node-4.domain.tld: 0 State: up, enabled
2015-09-29 20:38:20,536|INFO| Total vms: 0
2015-09-29 20:38:20,536|INFO| Node node-5.domain.tld: 0 State: up, enabled
2015-09-29 20:38:20,538|INFO| Node node-4.domain.tld: 0 State: up, enabled
2015-09-29 20:38:20,634|INFO| Total vms: 0
2015-09-29 20:38:20,634|INFO| Node node-5.domain.tld: 0 State: up, enabled
2015-09-29 20:38:20,634|INFO| Node node-4.domain.tld: 0 State: up, enabled
2015-09-29 20:38:23,752|INFO| Total vms: 0
2015-09-29 20:38:23,752|INFO| Node node-5.domain.tld: 0 State: up, enabled
2015-09-29 20:38:23,752|INFO| Node node-4.domain.tld: 0 State: up, enabled
2015-09-29 20:38:28,427|INFO| Total vms: 0
2015-09-29 20:38:28,427|INFO| Node node-5.domain.tld: 0 State: up, enabled
2015-09-29 20:38:28,427|INFO| Node node-4.domain.tld: 0 State: up, enabled
2015-09-29 20:38:34,039|INFO| Total vms: 0
2015-09-29 20:38:34,039|INFO| Node node-5.domain.tld: 0 State: up, enabled
2015-09-29 20:38:34,039|INFO| Node node-4.domain.tld: 0 State: up, enabled
2015-09-29 20:38:38,671|INFO| Total vms: 0
2015-09-29 20:38:38,671|INFO| Node node-5.domain.tld: 0 State: up, enabled
2015-09-29 20:38:38,671|INFO| Node node-4.domain.tld: 0 State: up, enabled
2015-09-29 20:38:44,243|INFO| Total vms: 0
2015-09-29 20:38:44,243|INFO| Node node-5.domain.tld: 0 State: up, enabled
2015-09-29 20:38:44,243|INFO| Node node-4.domain.tld: 0 State: up, enabled
2015-09-29 20:38:48,911|INFO| Total vms: 0
2015-09-29 20:38:48,911|INFO| Node node-5.domain.tld: 0 State: up, enabled
2015-09-29 20:38:48,911|INFO| Node node-4.domain.tld: 0 State: up, enabled
2015-09-29 20:38:54,490|INFO| Total vms: 0
2015-09-29 20:38:54,490|INFO| Node node-5.domain.tld: 0 State: up, enabled
2015-09-29 20:38:54,492|INFO| Node node-4.domain.tld: 0 State: up, enabled
2015-09-29 20:38:59,154|INFO| Total vms: 0
2015-09-29 20:38:59,154|INFO| Node node-5.domain.tld: 0 State: up, enabled
2015-09-29 20:38:59,154|INFO| Node node-4.domain.tld: 0 State: up, enabled
2015-09-29 20:39:01,378|INFO| Connection closed
