2015-10-03 16:13:16,078|1032|SYS_INFO|Initializing RabbitMQMessageService
2015-10-03 16:13:16,178|1132|SYS_INFO|Collecting information about compute nodes
2015-10-03 16:13:22,144|7098|SYS_INFO|Collecting information about services
2015-10-03 16:13:23,884|8838|SYS_INFO|Collecting information about VMs
2015-10-03 16:13:25,605|10559|SYS_INFO|Processing collected data
2015-10-03 16:13:43,673|28627|VM_INFO|Host: node-4 Name: random-1, 1443880602.31 State: active New_task: None
2015-10-03 16:13:43,674|28628|TOTAL_VMS|Total: 6 vms
2015-10-03 16:13:43,674|28628|NODE_INFO|node-3.domain.tld: 0 State: down disabled
2015-10-03 16:13:43,674|28628|NODE_INFO|node-2.domain.tld: 0 State: up enabled
2015-10-03 16:13:43,674|28628|NODE_INFO|node-4.domain.tld: 0 State: up enabled
2015-10-03 16:13:43,674|28628|VM_INFO|Host: node-2 Name: random 01443771998.4 State: active New_task: None
2015-10-03 16:13:43,676|28630|TOTAL_VMS|Total: 6 vms
2015-10-03 16:13:43,676|28630|NODE_INFO|node-3.domain.tld: 0 State: down disabled
2015-10-03 16:13:43,676|28630|NODE_INFO|node-2.domain.tld: 0 State: up enabled
2015-10-03 16:13:43,676|28630|NODE_INFO|node-4.domain.tld: 1 State: up enabled
2015-10-03 16:13:43,676|28630|VM_INFO|Host: node-2 Name: random-2, 1443880614.37 State: resized New_task: None
2015-10-03 16:13:43,676|28630|TOTAL_VMS|Total: 6 vms
2015-10-03 16:13:43,677|28631|NODE_INFO|node-3.domain.tld: 0 State: down disabled
2015-10-03 16:13:43,677|28631|NODE_INFO|node-2.domain.tld: 1 State: up enabled
2015-10-03 16:13:43,677|28631|NODE_INFO|node-4.domain.tld: 1 State: up enabled
2015-10-03 16:13:43,677|28631|VM_INFO|Host: node-4 Name: random-0, 1443878841.37 State: active New_task: None
2015-10-03 16:13:43,677|28631|TOTAL_VMS|Total: 6 vms
2015-10-03 16:13:43,678|28632|NODE_INFO|node-3.domain.tld: 0 State: down disabled
2015-10-03 16:13:43,678|28632|NODE_INFO|node-2.domain.tld: 2 State: up enabled
2015-10-03 16:13:43,678|28632|NODE_INFO|node-4.domain.tld: 1 State: up enabled
2015-10-03 16:13:43,678|28632|VM_INFO|Host: node-4 Name: random-0, 1443880584.46 State: active New_task: None
2015-10-03 16:13:43,678|28632|TOTAL_VMS|Total: 6 vms
2015-10-03 16:13:43,680|28634|NODE_INFO|node-3.domain.tld: 0 State: down disabled
2015-10-03 16:13:43,680|28634|NODE_INFO|node-2.domain.tld: 2 State: up enabled
2015-10-03 16:13:43,680|28634|NODE_INFO|node-4.domain.tld: 2 State: up enabled
2015-10-03 16:13:43,680|28634|VM_INFO|Host: node-4 Name: random-0, 1443879483.02 State: active New_task: None
2015-10-03 16:13:43,681|28635|TOTAL_VMS|Total: 6 vms
2015-10-03 16:13:43,681|28635|NODE_INFO|node-3.domain.tld: 0 State: down disabled
2015-10-03 16:13:43,681|28635|NODE_INFO|node-2.domain.tld: 2 State: up enabled
2015-10-03 16:13:43,681|28635|NODE_INFO|node-4.domain.tld: 3 State: up enabled
2015-10-03 16:13:43,683|28637|TOTAL_VMS|Total: 6 vms
2015-10-03 16:13:43,683|28637|NODE_INFO|node-3.domain.tld: 0 State: down disabled
2015-10-03 16:13:43,683|28637|NODE_INFO|node-2.domain.tld: 2 State: up enabled
2015-10-03 16:13:43,684|28638|NODE_INFO|node-4.domain.tld: 4 State: up enabled
2015-10-03 16:13:43,684|28638|SYS_INFO|Sorting hosts overload
2015-10-03 16:13:43,684|28638|SYS_INFO|Searching for the most overloaded host
2015-10-03 16:13:43,684|28638|SYS_INFO|Found host node-4.domain.tld
2015-10-03 16:13:43,686|28640|SYS_INFO|Found instance to migrate random-0, 1443880584.46
2015-10-03 16:13:43,686|28640|SYS_INFO|Weight with: 190.89627391742195 Weight without: 237.34138972809666
2015-10-03 16:13:43,687|28641|SYS_INFO|Scheduled migrate to node-2.domain.tld
2015-10-03 16:13:43,690|28644|SYS_INFO|Scheduled periodic check for 180 sec
2015-10-03 16:13:48,282|33236|SYS_INFO|Confirmed migration of server random-2, 1443880614.37 ID: 8d0a89ae-737f-4b41-99d5-1de1645fb5e5
2015-10-03 16:13:49,250|34203|SYS_INFO|Failed live migration of server ID: f708eef5-78f9-4bff-b5e4-75867e0fced5
2015-10-03 16:13:49,250|34203|SYS_INFO|live_migrate() takes exactly 5 arguments (4 given)
Traceback (most recent call last):
  File "C:\ETF\DIPLOMSKI\workspace\OpenStack Project\src\services\migrate_service.py", line 129, in run
    novaclient.servers.live_migrate(server = server, host = self.__host, block_migration = True)
TypeError: live_migrate() takes exactly 5 arguments (4 given)
2015-10-03 16:13:49,252|34206|SYS_INFO|Deleted migrate task ID f708eef5-78f9-4bff-b5e4-75867e0fced5
2015-10-03 16:13:49,469|34423|VM_INFO|Host: node-2 Name: random-2, 1443880614.37 State: resized New_task: None
2015-10-03 16:13:49,469|34423|TOTAL_VMS|Total: 6 vms
2015-10-03 16:13:49,470|34424|NODE_INFO|node-3.domain.tld: 0 State: down disabled
2015-10-03 16:13:49,470|34424|NODE_INFO|node-2.domain.tld: 2 State: up enabled
2015-10-03 16:13:49,470|34424|NODE_INFO|node-4.domain.tld: 4 State: up enabled
2015-10-03 16:13:51,292|36246|TOTAL_VMS|Total: 6 vms
2015-10-03 16:13:51,293|36247|NODE_INFO|node-3.domain.tld: 0 State: down disabled
2015-10-03 16:13:51,293|36247|NODE_INFO|node-2.domain.tld: 2 State: up enabled
2015-10-03 16:13:51,293|36247|NODE_INFO|node-4.domain.tld: 4 State: up enabled
2015-10-03 16:13:51,293|36247|SYS_INFO|Sorting hosts overload
2015-10-03 16:13:51,293|36247|SYS_INFO|Searching for the most overloaded host
2015-10-03 16:13:51,293|36247|SYS_INFO|Found host node-4.domain.tld
2015-10-03 16:13:51,295|36249|SYS_INFO|Found instance to migrate random-0, 1443880584.46
2015-10-03 16:13:51,295|36249|SYS_INFO|Weight with: 190.89627391742195 Weight without: 190.89627391742195
2015-10-03 16:13:51,296|36250|SYS_INFO|Scheduled migrate to node-2.domain.tld
2015-10-03 16:13:52,151|37105|VM_INFO|Host: node-2 Name: random-2, 1443880614.37 State: active New_task: None
2015-10-03 16:13:52,151|37105|TOTAL_VMS|Total: 6 vms
2015-10-03 16:13:52,151|37105|NODE_INFO|node-3.domain.tld: 0 State: down disabled
2015-10-03 16:13:52,151|37105|NODE_INFO|node-2.domain.tld: 2 State: up enabled
2015-10-03 16:13:52,151|37105|NODE_INFO|node-4.domain.tld: 4 State: up enabled
2015-10-03 16:13:52,151|37105|MIGRATION_CONFIRMED|Host: node-2 Instance: random-2, 1443880614.37
2015-10-03 16:13:52,153|37107|SYS_INFO|Deleted confirm task ID 8d0a89ae-737f-4b41-99d5-1de1645fb5e5
2015-10-03 16:13:54,651|39605|SYS_INFO|Failed live migration of server ID: f708eef5-78f9-4bff-b5e4-75867e0fced5
2015-10-03 16:13:54,651|39605|SYS_INFO|live_migrate() takes exactly 5 arguments (4 given)
Traceback (most recent call last):
  File "C:\ETF\DIPLOMSKI\workspace\OpenStack Project\src\services\migrate_service.py", line 129, in run
    novaclient.servers.live_migrate(server = server, host = self.__host, block_migration = True)
TypeError: live_migrate() takes exactly 5 arguments (4 given)
2015-10-03 16:13:54,653|39607|SYS_INFO|Deleted migrate task ID f708eef5-78f9-4bff-b5e4-75867e0fced5
2015-10-03 16:13:55,931|40885|TOTAL_VMS|Total: 6 vms
2015-10-03 16:13:55,931|40885|NODE_INFO|node-3.domain.tld: 0 State: down disabled
2015-10-03 16:13:55,933|40887|NODE_INFO|node-2.domain.tld: 2 State: up enabled
2015-10-03 16:13:55,933|40887|NODE_INFO|node-4.domain.tld: 4 State: up enabled
2015-10-03 16:13:55,933|40887|SYS_INFO|Sorting hosts overload
2015-10-03 16:13:55,933|40887|SYS_INFO|Searching for the most overloaded host
2015-10-03 16:13:55,933|40887|SYS_INFO|Found host node-4.domain.tld
2015-10-03 16:13:55,934|40888|SYS_INFO|Found instance to migrate random-0, 1443880584.46
2015-10-03 16:13:55,934|40888|SYS_INFO|Weight with: 190.89627391742195 Weight without: 190.89627391742195
2015-10-03 16:13:55,934|40888|SYS_INFO|Scheduled migrate to node-2.domain.tld
2015-10-03 16:13:57,790|42744|SYS_INFO|Failed live migration of server ID: f708eef5-78f9-4bff-b5e4-75867e0fced5
2015-10-03 16:13:57,792|42746|SYS_INFO|live_migrate() takes exactly 5 arguments (4 given)
Traceback (most recent call last):
  File "C:\ETF\DIPLOMSKI\workspace\OpenStack Project\src\services\migrate_service.py", line 129, in run
    novaclient.servers.live_migrate(server = server, host = self.__host, block_migration = True)
TypeError: live_migrate() takes exactly 5 arguments (4 given)
2015-10-03 16:13:57,792|42746|SYS_INFO|Deleted migrate task ID f708eef5-78f9-4bff-b5e4-75867e0fced5
2015-10-03 16:14:23,240|68194|TOTAL_VMS|Total: 6 vms
2015-10-03 16:14:23,240|68194|NODE_INFO|node-3.domain.tld: 0 State: down disabled
2015-10-03 16:14:23,240|68194|NODE_INFO|node-2.domain.tld: 2 State: up enabled
2015-10-03 16:14:23,240|68194|NODE_INFO|node-4.domain.tld: 4 State: up enabled
2015-10-03 16:14:23,240|68194|SYS_INFO|Sorting hosts overload
2015-10-03 16:14:23,240|68194|SYS_INFO|Searching for the most overloaded host
2015-10-03 16:14:23,240|68194|SYS_INFO|Found host node-4.domain.tld
2015-10-03 16:14:23,242|68196|SYS_INFO|Found instance to migrate random-0, 1443880584.46
2015-10-03 16:14:23,242|68196|SYS_INFO|Weight with: 190.89627391742195 Weight without: 190.89627391742195
2015-10-03 16:14:23,243|68197|SYS_INFO|Scheduled migrate to node-2.domain.tld
2015-10-03 16:14:26,686|71640|SYS_INFO|Failed live migration of server ID: f708eef5-78f9-4bff-b5e4-75867e0fced5
2015-10-03 16:14:26,686|71640|SYS_INFO|live_migrate() takes exactly 5 arguments (4 given)
Traceback (most recent call last):
  File "C:\ETF\DIPLOMSKI\workspace\OpenStack Project\src\services\migrate_service.py", line 129, in run
    novaclient.servers.live_migrate(server = server, host = self.__host, block_migration = True)
TypeError: live_migrate() takes exactly 5 arguments (4 given)
2015-10-03 16:14:26,687|71641|SYS_INFO|Deleted migrate task ID f708eef5-78f9-4bff-b5e4-75867e0fced5
2015-10-03 16:16:13,164|178118|SYS_INFO|Connection closed
