2015-10-03 16:05:50,924|1875|SYS_INFO|Initializing RabbitMQMessageService
2015-10-03 16:05:51,181|2132|SYS_INFO|Collecting information about compute nodes
2015-10-03 16:05:52,737|3688|SYS_INFO|Collecting information about services
2015-10-03 16:05:54,559|5509|SYS_INFO|Collecting information about VMs
2015-10-03 16:05:56,625|7576|SYS_INFO|Processing collected data
2015-10-03 16:06:23,813|34764|VM_INFO|Host: node-4 Name: random-1, 1443880602.31 State: active New_task: None
2015-10-03 16:06:23,815|34766|TOTAL_VMS|Total: 6 vms
2015-10-03 16:06:23,815|34766|NODE_INFO|node-3.domain.tld: 0 State: down disabled
2015-10-03 16:06:23,815|34766|NODE_INFO|node-2.domain.tld: 0 State: up enabled
2015-10-03 16:06:23,815|34766|NODE_INFO|node-4.domain.tld: 0 State: up enabled
2015-10-03 16:06:23,816|34767|VM_INFO|Host: node-2 Name: random 01443771998.4 State: active New_task: None
2015-10-03 16:06:23,816|34767|TOTAL_VMS|Total: 6 vms
2015-10-03 16:06:23,816|34767|NODE_INFO|node-3.domain.tld: 0 State: down disabled
2015-10-03 16:06:23,816|34767|NODE_INFO|node-2.domain.tld: 0 State: up enabled
2015-10-03 16:06:23,816|34767|NODE_INFO|node-4.domain.tld: 1 State: up enabled
2015-10-03 16:06:23,818|34769|VM_INFO|Host: node-4 Name: random-2, 1443880614.37 State: active New_task: None
2015-10-03 16:06:23,818|34769|TOTAL_VMS|Total: 6 vms
2015-10-03 16:06:23,818|34769|NODE_INFO|node-3.domain.tld: 0 State: down disabled
2015-10-03 16:06:23,818|34769|NODE_INFO|node-2.domain.tld: 1 State: up enabled
2015-10-03 16:06:23,818|34769|NODE_INFO|node-4.domain.tld: 1 State: up enabled
2015-10-03 16:06:23,819|34769|VM_INFO|Host: node-4 Name: random-0, 1443878841.37 State: active New_task: None
2015-10-03 16:06:23,819|34769|TOTAL_VMS|Total: 6 vms
2015-10-03 16:06:23,819|34770|NODE_INFO|node-3.domain.tld: 0 State: down disabled
2015-10-03 16:06:23,819|34770|NODE_INFO|node-2.domain.tld: 1 State: up enabled
2015-10-03 16:06:23,821|34772|NODE_INFO|node-4.domain.tld: 2 State: up enabled
2015-10-03 16:06:23,821|34772|VM_INFO|Host: node-4 Name: random-0, 1443880584.46 State: active New_task: None
2015-10-03 16:06:23,821|34772|TOTAL_VMS|Total: 6 vms
2015-10-03 16:06:23,821|34772|NODE_INFO|node-3.domain.tld: 0 State: down disabled
2015-10-03 16:06:23,821|34772|NODE_INFO|node-2.domain.tld: 1 State: up enabled
2015-10-03 16:06:23,822|34773|NODE_INFO|node-4.domain.tld: 3 State: up enabled
2015-10-03 16:06:23,822|34773|VM_INFO|Host: node-4 Name: random-0, 1443879483.02 State: active New_task: None
2015-10-03 16:06:23,822|34773|TOTAL_VMS|Total: 6 vms
2015-10-03 16:06:23,822|34773|NODE_INFO|node-3.domain.tld: 0 State: down disabled
2015-10-03 16:06:23,822|34773|NODE_INFO|node-2.domain.tld: 1 State: up enabled
2015-10-03 16:06:23,822|34773|NODE_INFO|node-4.domain.tld: 4 State: up enabled
2015-10-03 16:06:23,822|34773|TOTAL_VMS|Total: 6 vms
2015-10-03 16:06:23,822|34773|NODE_INFO|node-3.domain.tld: 0 State: down disabled
2015-10-03 16:06:23,822|34773|NODE_INFO|node-2.domain.tld: 1 State: up enabled
2015-10-03 16:06:23,822|34773|NODE_INFO|node-4.domain.tld: 5 State: up enabled
2015-10-03 16:06:23,823|34774|SYS_INFO|Scheduled periodic check for 180 sec
2015-10-03 16:06:25,237|36188|SYS_INFO|Sorting hosts overload
2015-10-03 16:06:25,237|36188|SYS_INFO|Searching for the most overloaded host
2015-10-03 16:06:25,239|36190|SYS_INFO|Found host node-4.domain.tld
2015-10-03 16:06:25,239|36190|SYS_INFO|Found instance to migrate random-2, 1443880614.37
2015-10-03 16:06:25,239|36190|SYS_INFO|Weight with: 144.45115810674724 Weight without: 237.34138972809666
2015-10-03 16:06:25,240|36191|SYS_INFO|Scheduled migrate to node-2.domain.tld
2015-10-03 16:06:30,775|41726|VM_INFO|Host: node-4 Name: random-2, 1443880614.37 State: active New_task: resize_prep
2015-10-03 16:06:30,776|41726|TOTAL_VMS|Total: 6 vms
2015-10-03 16:06:30,776|41726|NODE_INFO|node-3.domain.tld: 0 State: down disabled
2015-10-03 16:06:30,776|41726|NODE_INFO|node-2.domain.tld: 1 State: up enabled
2015-10-03 16:06:30,776|41726|NODE_INFO|node-4.domain.tld: 5 State: up enabled
2015-10-03 16:06:33,871|44822|SYS_INFO|Scheduled migration of server random-2, 1443880614.37 ID: 8d0a89ae-737f-4b41-99d5-1de1645fb5e5
2015-10-03 16:06:34,448|45399|VM_INFO|Host: node-4 Name: random-2, 1443880614.37 State: active New_task: resize_prep
2015-10-03 16:06:34,450|45401|TOTAL_VMS|Total: 6 vms
2015-10-03 16:06:34,450|45401|NODE_INFO|node-3.domain.tld: 0 State: down disabled
2015-10-03 16:06:34,450|45401|NODE_INFO|node-2.domain.tld: 1 State: up enabled
2015-10-03 16:06:34,450|45401|NODE_INFO|node-4.domain.tld: 5 State: up enabled
2015-10-03 16:06:34,733|45684|TOTAL_VMS|Total: 6 vms
2015-10-03 16:06:34,733|45684|NODE_INFO|node-3.domain.tld: 0 State: down disabled
2015-10-03 16:06:34,733|45684|NODE_INFO|node-2.domain.tld: 1 State: up enabled
2015-10-03 16:06:34,733|45684|NODE_INFO|node-4.domain.tld: 5 State: up enabled
2015-10-03 16:06:34,733|45684|SYS_INFO|Sorting hosts overload
2015-10-03 16:06:34,733|45684|SYS_INFO|Searching for the most overloaded host
2015-10-03 16:06:34,733|45684|SYS_INFO|Skipping host node-4.domain.tld , it has migrating instances
2015-10-03 16:06:34,734|45685|SYS_INFO|Found host node-2.domain.tld
2015-10-03 16:06:34,734|45685|SYS_INFO|Found instance to migrate random 01443771998.4
2015-10-03 16:06:34,734|45685|SYS_INFO|Not available host
2015-10-03 16:06:36,609|47560|VM_INFO|Host: node-4 Name: random-2, 1443880614.37 State: active New_task: resize_migrating
2015-10-03 16:06:36,611|47562|TOTAL_VMS|Total: 6 vms
2015-10-03 16:06:36,611|47562|NODE_INFO|node-3.domain.tld: 0 State: down disabled
2015-10-03 16:06:36,611|47562|NODE_INFO|node-2.domain.tld: 1 State: up enabled
2015-10-03 16:06:36,611|47562|NODE_INFO|node-4.domain.tld: 5 State: up enabled
2015-10-03 16:06:36,611|47562|MIGRATION_STARTED|Host: node-4 Instance: random-2, 1443880614.37
2015-10-03 16:06:39,792|50743|TOTAL_VMS|Total: 6 vms
2015-10-03 16:06:39,792|50743|NODE_INFO|node-3.domain.tld: 0 State: down disabled
2015-10-03 16:06:39,792|50743|NODE_INFO|node-2.domain.tld: 1 State: up enabled
2015-10-03 16:06:39,792|50743|NODE_INFO|node-4.domain.tld: 5 State: up enabled
2015-10-03 16:06:39,792|50743|SYS_INFO|Sorting hosts overload
2015-10-03 16:06:39,793|50744|SYS_INFO|Searching for the most overloaded host
2015-10-03 16:06:39,793|50744|SYS_INFO|Skipping host node-4.domain.tld , it has migrating instances
2015-10-03 16:06:39,793|50744|SYS_INFO|Found host node-2.domain.tld
2015-10-03 16:06:39,793|50744|SYS_INFO|Found instance to migrate random 01443771998.4
2015-10-03 16:06:39,795|50746|SYS_INFO|Not available host
2015-10-03 16:06:45,525|56476|VM_INFO|Host: node-2 Name: random-2, 1443880614.37 State: active New_task: resize_migrated
2015-10-03 16:06:45,526|56476|TOTAL_VMS|Total: 6 vms
2015-10-03 16:06:45,526|56476|NODE_INFO|node-3.domain.tld: 0 State: down disabled
2015-10-03 16:06:45,526|56477|NODE_INFO|node-2.domain.tld: 1 State: up enabled
2015-10-03 16:06:45,526|56477|NODE_INFO|node-4.domain.tld: 5 State: up enabled
2015-10-03 16:06:55,161|66112|VM_INFO|Host: node-2 Name: random-2, 1443880614.37 State: active New_task: resize_finish
2015-10-03 16:06:55,164|66115|TOTAL_VMS|Total: 6 vms
2015-10-03 16:06:55,165|66116|NODE_INFO|node-3.domain.tld: 0 State: down disabled
2015-10-03 16:06:55,165|66116|NODE_INFO|node-2.domain.tld: 2 State: up enabled
2015-10-03 16:06:55,165|66116|NODE_INFO|node-4.domain.tld: 4 State: up enabled
2015-10-03 16:07:01,407|72358|SYS_INFO|Connection closed
